"../../../../../../Git-Hub/ScreamJam/ScreamJam2019/Content/Enviroment/Meshes/SingleDoor/Door.uasset" 0
"../../../../../../Git-Hub/ScreamJam/ScreamJam2019/Content/Enviroment/Meshes/SingleDoor/SingleDoor__3__pCube12.uasset" 1
"../../../../../../Git-Hub/ScreamJam/ScreamJam2019/Content/Enviroment/Meshes/SingleDoor/SingleDoor__3__pCube24.uasset" 2
"../../../../../../Git-Hub/ScreamJam/ScreamJam2019/Content/Mannequin/Character/Mesh/UE4_Mannequin_Skeleton.uasset" 3
"../../../../../../Git-Hub/ScreamJam/ScreamJam2019/Content/Mannequin/Animations/ThirdPerson_Jump.uasset" 4
"../../../../../../Git-Hub/ScreamJam/ScreamJam2019/Content/Mannequin/Animations/ThirdPersonJump_Loop.uasset" 5
"../../../../../../Git-Hub/ScreamJam/ScreamJam2019/Content/Mannequin/Animations/ThirdPersonJump_Start.uasset" 6
"../../../../../../Git-Hub/ScreamJam/ScreamJam2019/Content/Mannequin/Animations/ThirdPersonIdle.uasset" 7
"../../../../../../Git-Hub/ScreamJam/ScreamJam2019/Content/Mannequin/Animations/ThirdPersonRun.uasset" 8
"../../../../../../Git-Hub/ScreamJam/ScreamJam2019/Content/Mannequin/Animations/ThirdPersonWalk.uasset" 9
"../../../../../../Git-Hub/ScreamJam/ScreamJam2019/Content/Mannequin/Animations/ThirdPerson_IdleRun_2D.uasset" 10
"../../../Engine/Content/EditorBlueprintResources/StandardMacros.uasset" 11
"../../../../../../Git-Hub/ScreamJam/ScreamJam2019/Content/Mannequin/Animations/ThirdPerson_AnimBP.uasset" 12
"../../../Engine/Content/EditorBlueprintResources/ActorMacros.uasset" 13
"../../../../../../Git-Hub/ScreamJam/ScreamJam2019/Content/Framework/Blueprints/BP_Interact.uasset" 14
"../../../../../../Git-Hub/ScreamJam/ScreamJam2019/Content/Framework/Multiplayer/Blueprints/GS_PS.uasset" 15
"../../../../../../Git-Hub/ScreamJam/ScreamJam2019/Content/Framework/Multiplayer/Fonts/HallowenInline.uasset" 16
"../../../../../../Git-Hub/ScreamJam/ScreamJam2019/Content/Framework/Multiplayer/Fonts/HallowenInline_Font.uasset" 17
"../../../../../../Git-Hub/ScreamJam/ScreamJam2019/Content/Framework/Multiplayer/Widgets/W_playerlistrow.uasset" 18
"../../../../../../Git-Hub/ScreamJam/ScreamJam2019/Content/Framework/Multiplayer/Widgets/W_MPHUD.uasset" 19
"../../../Engine/Content/Functions/Engine_MaterialFunctions02/Utility/BlendAngleCorrectedNormals.uasset" 20
"../../../Engine/Content/Functions/MaterialLayerFunctions/MatLayerBlend_NormalBlend.uasset" 21
"../../../Engine/Content/Functions/MaterialLayerFunctions/MatLayerBlend_Simple.uasset" 22
"../../../../../../Git-Hub/ScreamJam/ScreamJam2019/Content/Mannequin/Character/Materials/MaterialLayers/T_ML_Rubber_Blue_01_D.uasset" 23
"../../../../../../Git-Hub/ScreamJam/ScreamJam2019/Content/Mannequin/Character/Materials/MaterialLayers/T_ML_Rubber_Blue_01_N.uasset" 24
"../../../../../../Git-Hub/ScreamJam/ScreamJam2019/Content/Mannequin/Character/Materials/MaterialLayers/ML_GlossyBlack_Latex_UE4.uasset" 25
"../../../../../../Git-Hub/ScreamJam/ScreamJam2019/Content/Mannequin/Character/Materials/MaterialLayers/ML_Plastic_Shiny_Beige.uasset" 26
"../../../../../../Git-Hub/ScreamJam/ScreamJam2019/Content/Mannequin/Character/Textures/UE4_LOGO_CARD.uasset" 27
"../../../../../../Git-Hub/ScreamJam/ScreamJam2019/Content/Mannequin/Character/Materials/MaterialLayers/ML_Plastic_Shiny_Beige_LOGO.uasset" 28
"../../../../../../Git-Hub/ScreamJam/ScreamJam2019/Content/Mannequin/Character/Materials/MaterialLayers/T_ML_Aluminum01.uasset" 29
"../../../../../../Git-Hub/ScreamJam/ScreamJam2019/Content/Mannequin/Character/Materials/MaterialLayers/T_ML_Aluminum01_N.uasset" 30
"../../../../../../Git-Hub/ScreamJam/ScreamJam2019/Content/Mannequin/Character/Materials/MaterialLayers/ML_SoftMetal_UE4.uasset" 31
"../../../../../../Git-Hub/ScreamJam/ScreamJam2019/Content/Mannequin/Character/Textures/UE4_Mannequin__normals.uasset" 32
"../../../../../../Git-Hub/ScreamJam/ScreamJam2019/Content/Mannequin/Character/Textures/UE4_Mannequin_MAT_MASKA.uasset" 33
"../../../../../../Git-Hub/ScreamJam/ScreamJam2019/Content/Mannequin/Character/Materials/M_UE4Man_Body.uasset" 34
"../../../../../../Git-Hub/ScreamJam/ScreamJam2019/Content/Mannequin/Character/Textures/UE4Man_Logo_N.uasset" 35
"../../../../../../Git-Hub/ScreamJam/ScreamJam2019/Content/Mannequin/Character/Materials/M_UE4Man_ChestLogo.uasset" 36
"../../../../../../Git-Hub/ScreamJam/ScreamJam2019/Content/Mannequin/Character/Mesh/SK_Mannequin_PhysicsAsset.uasset" 37
"../../../../../../Git-Hub/ScreamJam/ScreamJam2019/Content/Mannequin/Character/Mesh/SK_Mannequin.uasset" 38
"../../../../../../Git-Hub/ScreamJam/ScreamJam2019/Content/Framework/Blueprints/bp_char_master.uasset" 39
"../../../../../../Git-Hub/ScreamJam/ScreamJam2019/Content/Geometry/Meshes/CubeMaterial.uasset" 40
"../../../../../../Git-Hub/ScreamJam/ScreamJam2019/Content/Geometry/Meshes/1M_Cube.uasset" 41
"../../../../../../Git-Hub/ScreamJam/ScreamJam2019/Content/Framework/Blueprints/Master/BP_Interactable_Master.uasset" 42
"../../../../../../Git-Hub/ScreamJam/ScreamJam2019/Content/StarterContent/Materials/M_Basic_Wall.uasset" 43
"../../../../../../Git-Hub/ScreamJam/ScreamJam2019/Content/StarterContent/Shapes/Shape_Cylinder.uasset" 44
"../../../../../../Git-Hub/ScreamJam/ScreamJam2019/Content/Framework/Blueprints/Child/BP_Interactable_Health_Can.uasset" 45
"../../../../../../Git-Hub/ScreamJam/ScreamJam2019/Content/Framework/Blueprints/Child/BP_Interactable_VendingMachine.uasset" 46
"../../../../../../Git-Hub/ScreamJam/ScreamJam2019/Content/Mannequin/Animations/ThirdPersonJump_End.uasset" 47
"../../../../../../Git-Hub/ScreamJam/ScreamJam2019/Content/StarterContent/Architecture/Pillar_50x500.uasset" 48
"../../../../../../Git-Hub/ScreamJam/ScreamJam2019/Content/StarterContent/Architecture/Wall_400x300.uasset" 49
"../../../../../../Git-Hub/ScreamJam/ScreamJam2019/Content/StarterContent/Architecture/Wall_400x400.uasset" 50
"../../../../../../Git-Hub/ScreamJam/ScreamJam2019/Content/StarterContent/Architecture/Wall_500x500.uasset" 51
"../../../../../../Git-Hub/ScreamJam/ScreamJam2019/Content/StarterContent/Architecture/Wall_Door_400x400.uasset" 52
"../../../../../../Git-Hub/ScreamJam/ScreamJam2019/Content/StarterContent/Architecture/Wall_Window_400x400.uasset" 53
"../../../../../../Git-Hub/ScreamJam/ScreamJam2019/Content/StarterContent/Audio/Collapse01.uasset" 54
"../../../../../../Git-Hub/ScreamJam/ScreamJam2019/Content/StarterContent/Audio/Collapse02.uasset" 55
"../../../../../../Git-Hub/ScreamJam/ScreamJam2019/Content/StarterContent/Audio/Explosion01.uasset" 56
"../../../../../../Git-Hub/ScreamJam/ScreamJam2019/Content/StarterContent/Audio/Explosion02.uasset" 57
"../../../../../../Git-Hub/ScreamJam/ScreamJam2019/Content/StarterContent/Audio/Fire01.uasset" 58
"../../../../../../Git-Hub/ScreamJam/ScreamJam2019/Content/StarterContent/Audio/Fire_Sparks01.uasset" 59
"../../../../../../Git-Hub/ScreamJam/ScreamJam2019/Content/StarterContent/Audio/Light01.uasset" 60
"../../../../../../Git-Hub/ScreamJam/ScreamJam2019/Content/StarterContent/Audio/Light01_Cue.uasset" 61
"../../../../../../Git-Hub/ScreamJam/ScreamJam2019/Content/StarterContent/Audio/Light02.uasset" 62
"../../../../../../Git-Hub/ScreamJam/ScreamJam2019/Content/StarterContent/Audio/Light02_Cue.uasset" 63
"../../../../../../Git-Hub/ScreamJam/ScreamJam2019/Content/StarterContent/Audio/Smoke01.uasset" 64
"../../../../../../Git-Hub/ScreamJam/ScreamJam2019/Content/StarterContent/Audio/Starter_Birds01.uasset" 65
"../../../../../../Git-Hub/ScreamJam/ScreamJam2019/Content/StarterContent/Audio/Starter_Music01.uasset" 66
"../../../../../../Git-Hub/ScreamJam/ScreamJam2019/Content/StarterContent/Audio/Starter_Wind05.uasset" 67
"../../../../../../Git-Hub/ScreamJam/ScreamJam2019/Content/StarterContent/Audio/Starter_Wind06.uasset" 68
"../../../../../../Git-Hub/ScreamJam/ScreamJam2019/Content/StarterContent/Audio/Steam01.uasset" 69
"../../../../../../Git-Hub/ScreamJam/ScreamJam2019/Content/StarterContent/Audio/Explosion_Cue.uasset" 70
"../../../../../../Git-Hub/ScreamJam/ScreamJam2019/Content/StarterContent/Textures/T_Burst_M.uasset" 71
"../../../../../../Git-Hub/ScreamJam/ScreamJam2019/Content/StarterContent/Particles/Materials/M_Burst.uasset" 72
"../../../../../../Git-Hub/ScreamJam/ScreamJam2019/Content/StarterContent/Textures/T_Explosion_SubUV.uasset" 73
"../../../../../../Git-Hub/ScreamJam/ScreamJam2019/Content/StarterContent/Particles/Materials/M_explosion_subUV.uasset" 74
"../../../../../../Git-Hub/ScreamJam/ScreamJam2019/Content/StarterContent/Particles/Materials/m_flare_01.uasset" 75
"../../../Engine/Content/Functions/Engine_MaterialFunctions01/Gradient/RadialGradient.uasset" 76
"../../../../../../Git-Hub/ScreamJam/ScreamJam2019/Content/StarterContent/Particles/Materials/M_radial_ramp.uasset" 77
"../../../../../../Git-Hub/ScreamJam/ScreamJam2019/Content/StarterContent/Textures/T_Smoke_SubUV.uasset" 78
"../../../../../../Git-Hub/ScreamJam/ScreamJam2019/Content/StarterContent/Textures/T_Smoke_Tiled_D.uasset" 79
"../../../../../../Git-Hub/ScreamJam/ScreamJam2019/Content/StarterContent/Particles/Materials/M_smoke_subUV.uasset" 80
"../../../../../../Git-Hub/ScreamJam/ScreamJam2019/Content/StarterContent/Particles/P_Explosion.uasset" 81
"../../../../../../Git-Hub/ScreamJam/ScreamJam2019/Content/StarterContent/Blueprints/Blueprint_Effect_Explosion.uasset" 82
"../../../Engine/Content/EditorMeshes/ColorCalibrator/T_ColorGrid.uasset" 83
"../../../../../../Git-Hub/ScreamJam/ScreamJam2019/Content/StarterContent/Materials/M_ColorGrid_LowSpec.uasset" 84
"../../../../../../Git-Hub/ScreamJam/ScreamJam2019/Content/StarterContent/Textures/T_Bush_D.uasset" 85
"../../../../../../Git-Hub/ScreamJam/ScreamJam2019/Content/StarterContent/Textures/T_Bush_N.uasset" 86
"../../../../../../Git-Hub/ScreamJam/ScreamJam2019/Content/StarterContent/Props/Materials/M_Bush.uasset" 87
"../../../../../../Git-Hub/ScreamJam/ScreamJam2019/Content/StarterContent/Props/SM_Bush.uasset" 88
"../../../../../../Git-Hub/ScreamJam/ScreamJam2019/Content/StarterContent/Textures/T_Chair_M.uasset" 89
"../../../../../../Git-Hub/ScreamJam/ScreamJam2019/Content/StarterContent/Textures/T_Chair_N.uasset" 90
"../../../../../../Git-Hub/ScreamJam/ScreamJam2019/Content/StarterContent/Props/Materials/M_Chair.uasset" 91
"../../../../../../Git-Hub/ScreamJam/ScreamJam2019/Content/StarterContent/Props/SM_Couch.uasset" 92
"../../../../../../Git-Hub/ScreamJam/ScreamJam2019/Content/StarterContent/Materials/M_Glass.uasset" 93
"../../../../../../Git-Hub/ScreamJam/ScreamJam2019/Content/StarterContent/Textures/T_Door_M.uasset" 94
"../../../../../../Git-Hub/ScreamJam/ScreamJam2019/Content/StarterContent/Textures/T_Door_N.uasset" 95
"../../../../../../Git-Hub/ScreamJam/ScreamJam2019/Content/StarterContent/Props/Materials/M_Door.uasset" 96
"../../../../../../Git-Hub/ScreamJam/ScreamJam2019/Content/StarterContent/Props/SM_Door.uasset" 97
"../../../../../../Git-Hub/ScreamJam/ScreamJam2019/Content/StarterContent/Props/Materials/M_MaterialSphere.uasset" 98
"../../../../../../Git-Hub/ScreamJam/ScreamJam2019/Content/StarterContent/Props/Materials/M_MaterialSphere_Plain.uasset" 99
"../../../../../../Git-Hub/ScreamJam/ScreamJam2019/Content/StarterContent/Props/SM_MatPreviewMesh_02.uasset" 100
"../../../../../../Git-Hub/ScreamJam/ScreamJam2019/Content/StarterContent/Textures/T_Detail_Rocky_N.uasset" 101
"../../../../../../Git-Hub/ScreamJam/ScreamJam2019/Content/StarterContent/Textures/T_Rock_Basalt_D.uasset" 102
"../../../../../../Git-Hub/ScreamJam/ScreamJam2019/Content/StarterContent/Textures/T_RockMesh_M.uasset" 103
"../../../../../../Git-Hub/ScreamJam/ScreamJam2019/Content/StarterContent/Textures/T_RockMesh_N.uasset" 104
"../../../../../../Git-Hub/ScreamJam/ScreamJam2019/Content/StarterContent/Props/Materials/M_Rock.uasset" 105
"../../../../../../Git-Hub/ScreamJam/ScreamJam2019/Content/StarterContent/Props/SM_Rock.uasset" 106
"../../../../../../Git-Hub/ScreamJam/ScreamJam2019/Content/StarterContent/Textures/T_Shelf_M.uasset" 107
"../../../../../../Git-Hub/ScreamJam/ScreamJam2019/Content/StarterContent/Textures/T_Shelf_N.uasset" 108
"../../../../../../Git-Hub/ScreamJam/ScreamJam2019/Content/StarterContent/Props/Materials/M_Shelf.uasset" 109
"../../../../../../Git-Hub/ScreamJam/ScreamJam2019/Content/StarterContent/Props/SM_Shelf.uasset" 110
"../../../../../../Git-Hub/ScreamJam/ScreamJam2019/Content/StarterContent/Materials/M_Basic_Floor.uasset" 111
"../../../../../../Git-Hub/ScreamJam/ScreamJam2019/Content/StarterContent/Props/SM_Stairs.uasset" 112
"../../../../../../Git-Hub/ScreamJam/ScreamJam2019/Content/StarterContent/Shapes/Shape_Cone.uasset" 113
"../../../../../../Git-Hub/ScreamJam/ScreamJam2019/Content/StarterContent/Shapes/Shape_NarrowCapsule.uasset" 114
"../../../../../../Git-Hub/ScreamJam/ScreamJam2019/Content/StarterContent/Shapes/Shape_Pipe.uasset" 115
"../../../../../../Git-Hub/ScreamJam/ScreamJam2019/Content/StarterContent/Shapes/Shape_Pipe_180.uasset" 116
"../../../../../../Git-Hub/ScreamJam/ScreamJam2019/Content/StarterContent/Shapes/Shape_Pipe_90.uasset" 117
"../../../../../../Git-Hub/ScreamJam/ScreamJam2019/Content/StarterContent/Shapes/Shape_Plane.uasset" 118
"../../../../../../Git-Hub/ScreamJam/ScreamJam2019/Content/StarterContent/Shapes/Shape_Torus.uasset" 119
"../../../../../../Git-Hub/ScreamJam/ScreamJam2019/Content/StarterContent/Shapes/Shape_Trim.uasset" 120
"../../../../../../Git-Hub/ScreamJam/ScreamJam2019/Content/StarterContent/Shapes/Shape_Trim_90_In.uasset" 121
"../../../../../../Git-Hub/ScreamJam/ScreamJam2019/Content/StarterContent/Shapes/Shape_Trim_90_Out.uasset" 122
"../../../../../../Git-Hub/ScreamJam/ScreamJam2019/Content/StarterContent/Shapes/Shape_TriPyramid.uasset" 123
"../../../../../../Git-Hub/ScreamJam/ScreamJam2019/Content/StarterContent/Shapes/Shape_Tube.uasset" 124
"../../../../../../Git-Hub/ScreamJam/ScreamJam2019/Content/StarterContent/Shapes/Shape_Wedge_A.uasset" 125
"../../../../../../Git-Hub/ScreamJam/ScreamJam2019/Content/StarterContent/Shapes/Shape_Wedge_B.uasset" 126
"../../../../../../Git-Hub/ScreamJam/ScreamJam2019/Content/StarterContent/Shapes/Shape_WideCapsule.uasset" 127
"../../../Engine/Content/Animation/DefaultAnimCurveCompressionSettings.uasset" 128
"../../../Engine/Content/Functions/Engine_MaterialFunctions01/Opacity/CameraDepthFade.uasset" 129
"../../../Engine/Content/EngineMaterials/T_Default_Material_Grid_M.uasset" 130
"../../../Engine/Content/EngineMaterials/T_Default_Material_Grid_N.uasset" 131
"../../../Engine/Content/EngineMaterials/WorldGridMaterial.uasset" 132
"../../../Engine/Content/ArtTools/RenderToTexture/Meshes/S_1_Unit_Plane.uasset" 133
"../../../Engine/Content/EngineMaterials/DefaultMaterial.uasset" 134
"../../../Engine/Content/BasicShapes/Cone.uasset" 135
"../../../Engine/Content/BasicShapes/Cube.uasset" 136
"../../../Engine/Content/BasicShapes/Cylinder.uasset" 137
"../../../Engine/Content/BasicShapes/Plane.uasset" 138
"../../../Engine/Content/BasicShapes/Sphere.uasset" 139
"../../../Engine/Content/EditorLandscapeResources/DataLayer.uasset" 140
"../../../Engine/Content/EditorMaterials/GizmoMaterial.uasset" 141
"../../../Engine/Content/EditorMaterials/MAT_Groups_Toggle.uasset" 142
"../../../Engine/Content/EditorMaterials/MAT_Groups_Visibility.uasset" 143
"../../../Engine/Content/EditorMaterials/PreviewShadowIndicator.uasset" 144
"../../../Engine/Content/EditorMaterials/PreviewShadowIndicatorMaterial.uasset" 145
"../../../Engine/Content/EditorMaterials/MatineeGroups/MAT_ColorTrack.uasset" 146
"../../../Engine/Content/EditorMaterials/MatineeGroups/MAT_Groups_Anim.uasset" 147
"../../../Engine/Content/EditorMaterials/MatineeGroups/MAT_Groups_AudioMaster.uasset" 148
"../../../Engine/Content/EditorMaterials/MatineeGroups/MAT_Groups_Director.uasset" 149
"../../../Engine/Content/EditorMaterials/MatineeGroups/MAT_Groups_Event.uasset" 150
"../../../Engine/Content/EditorMaterials/MatineeGroups/MAT_Groups_Fade.uasset" 151
"../../../Engine/Content/EditorMaterials/MatineeGroups/MAT_Groups_Float.uasset" 152
"../../../Engine/Content/EditorMaterials/MatineeGroups/MAT_Groups_Move.uasset" 153
"../../../Engine/Content/EditorMaterials/MatineeGroups/MAT_Groups_Slomo.uasset" 154
"../../../Engine/Content/EditorMaterials/MatineeGroups/MAT_Groups_Sound.uasset" 155
"../../../Engine/Content/EditorMaterials/MatineeGroups/MAT_Groups_Vector.uasset" 156
"../../../Engine/Content/EditorMaterials/ParticleSystems/PSysThumbnail_NoImage.uasset" 157
"../../../Engine/Content/EditorMaterials/ParticleSystems/PSysThumbnail_OOD.uasset" 158
"../../../Engine/Content/EditorMaterials/Camera/CineMat.uasset" 159
"../../../Engine/Content/EditorMaterials/Camera/MI_CineMat_Rig.uasset" 160
"../../../Engine/Content/EditorMeshes/Camera/SM_CraneRig_Arm.uasset" 161
"../../../Engine/Content/EditorMeshes/Camera/SM_CraneRig_Base.uasset" 162
"../../../Engine/Content/EditorMeshes/Camera/SM_CraneRig_Body.uasset" 163
"../../../Engine/Content/EditorMeshes/Camera/SM_CraneRig_Mount.uasset" 164
"../../../Engine/Content/EditorMeshes/Camera/SM_RailRig_Mount.uasset" 165
"../../../Engine/Content/EditorMeshes/Camera/SM_RailRig_Track.uasset" 166
"../../../Engine/Content/EditorResources/BSPVertex.uasset" 167
"../../../Engine/Content/EditorResources/EmptyActor.uasset" 168
"../../../Engine/Content/EditorResources/S_Actor.uasset" 169
"../../../Engine/Content/EditorResources/S_Note.uasset" 170
"../../../Engine/Content/EditorResources/S_Trigger.uasset" 171
"../../../Engine/Content/EditorResources/AudioIcons/S_AudioComponent.uasset" 172
"../../../Engine/Content/EditorResources/AudioIcons/S_AudioComponent_AutoActivate.uasset" 173
"../../../Engine/Content/EditorResources/LightIcons/S_LightError.uasset" 174
"../../../Engine/Content/EditorResources/SequenceRecorder/Countdown.uasset" 175
"../../../Engine/Content/EditorResources/SequenceRecorder/RecordingIndicator.uasset" 176
"../../../Engine/Content/EditorSounds/Notifications/CompileFailed.uasset" 177
"../../../Engine/Content/EditorSounds/Notifications/CompileFailed_Cue.uasset" 178
"../../../Engine/Content/EditorSounds/Notifications/CompileSuccess.uasset" 179
"../../../Engine/Content/EditorSounds/Notifications/CompileStart_Cue.uasset" 180
"../../../Engine/Content/EditorSounds/Notifications/CompileSuccess_Cue.uasset" 181
"../../../Engine/Content/EngineDamageTypes/DmgTypeBP_Environmental.uasset" 182
"../../../Engine/Content/EngineDebugMaterials/HeatmapGradient.uasset" 183
"../../../Engine/Content/EngineDebugMaterials/BoneWeightMaterial.uasset" 184
"../../../Engine/Content/EngineDebugMaterials/ClothMaterial.uasset" 185
"../../../Engine/Content/EngineDebugMaterials/ClothMaterial_WF.uasset" 186
"../../../Engine/Content/EngineDebugMaterials/DebugEditorMaterial.uasset" 187
"../../../Engine/Content/EngineDebugMaterials/DebugMeshMaterial.uasset" 188
"../../../Engine/Content/EngineDebugMaterials/GeomMaterial.uasset" 189
"../../../Engine/Content/EngineDebugMaterials/M_SimpleTranslucent.uasset" 190
"../../../Engine/Content/EngineFonts/Faces/RobotoBold.uasset" 191
"../../../Engine/Content/EngineFonts/Faces/RobotoBoldItalic.uasset" 192
"../../../Engine/Content/EngineFonts/Faces/RobotoItalic.uasset" 193
"../../../Engine/Content/EngineFonts/Faces/RobotoLight.uasset" 194
"../../../Engine/Content/EngineFonts/Faces/RobotoRegular.uasset" 195
"../../../Engine/Content/EngineFonts/Roboto.uasset" 196
"../../../Engine/Content/EngineFonts/Faces/RobotoTiny.uasset" 197
"../../../Engine/Content/EngineFonts/RobotoTiny.uasset" 198
"../../../Engine/Content/EngineMaterials/BaseFlattenDiffuseMap.uasset" 199
"../../../Engine/Content/EngineMaterials/BaseFlattenEmissiveMap.uasset" 200
"../../../Engine/Content/EngineMaterials/BaseFlattenGrayscaleMap.uasset" 201
"../../../Engine/Content/EngineMaterials/BaseFlattenNormalMap.uasset" 202
"../../../Engine/Content/EngineMaterials/BaseFlattenMaterial.uasset" 203
"../../../Engine/Content/EngineMaterials/DefaultBloomKernel.uasset" 204
"../../../Engine/Content/EngineMaterials/DefaultBokeh.uasset" 205
"../../../Engine/Content/EngineMaterials/DefaultDiffuse.uasset" 206
"../../../Engine/Content/EngineMaterials/DefaultDeferredDecalMaterial.uasset" 207
"../../../Engine/Content/EngineMaterials/DefaultLightFunctionMaterial.uasset" 208
"../../../Engine/Content/EngineMaterials/DefaultPhysicalMaterial.uasset" 209
"../../../Engine/Content/Functions/Engine_MaterialFunctions02/Utility/BreakOutFloat2Components.uasset" 210
"../../../Engine/Content/EngineMaterials/DefaultPostProcessMaterial.uasset" 211
"../../../Engine/Content/EngineFonts/RobotoDistanceField.uasset" 212
"../../../Engine/Content/EngineMaterials/DefaultTextMaterialOpaque.uasset" 213
"../../../Engine/Content/EngineMaterials/DefaultWhiteGrid.uasset" 214
"../../../Engine/Content/EngineMaterials/EditorBrushMaterial.uasset" 215
"../../../Engine/Content/EngineMaterials/Good64x64TilingNoiseHighFreq.uasset" 216
"../../../Engine/Content/EngineMaterials/MiniFont.uasset" 217
"../../../Engine/Content/EngineMaterials/InvalidLightmapSettings.uasset" 218
"../../../Engine/Content/EngineMaterials/M_InvalidLightmapSettings.uasset" 219
"../../../Engine/Content/Functions/Engine_MaterialFunctions02/WorldPositionOffset/CameraOffset.uasset" 220
"../../../Engine/Content/EngineMaterials/PhAT_JointLimitMaterial.uasset" 221
"../../../Engine/Content/EngineMaterials/PreintegratedSkinBRDF.uasset" 222
"../../../Engine/Content/EngineMaterials/RemoveSurfaceMaterial.uasset" 223
"../../../Engine/Content/EngineMaterials/WeightMapPlaceholderTexture.uasset" 224
"../../../Engine/Content/EngineResources/WhiteSquareTexture.uasset" 225
"../../../Engine/Content/EngineMaterials/Widget3DPassThrough.uasset" 226
"../../../Engine/Content/EngineMaterials/Widget3DPassThrough_Masked.uasset" 227
"../../../Engine/Content/EngineMaterials/Widget3DPassThrough_Opaque.uasset" 228
"../../../Engine/Content/EngineMaterials/Widget3DPassThrough_Masked_OneSided.uasset" 229
"../../../Engine/Content/EngineMaterials/Widget3DPassThrough_Opaque_OneSided.uasset" 230
"../../../Engine/Content/EngineMaterials/Widget3DPassThrough_Translucent.uasset" 231
"../../../Engine/Content/EngineMaterials/Widget3DPassThrough_Translucent_OneSided.uasset" 232
"../../../Engine/Content/EngineMeshes/Cylinder.uasset" 233
"../../../Engine/Content/EngineMeshes/Sphere.uasset" 234
"../../../Engine/Content/EngineResources/Black.uasset" 235
"../../../Engine/Content/EngineResources/DefaultTexture.uasset" 236
"../../../Engine/Content/EngineResources/DefaultTextureCube.uasset" 237
"../../../Engine/Content/EngineResources/DefaultVolumeTexture2D.uasset" 238
"../../../Engine/Content/EngineResources/DefaultVolumeTexture.uasset" 239
"../../../Engine/Content/EngineResources/GradientTexture0.uasset" 240
"../../../Engine/Content/EngineSounds/Master.uasset" 241
"../../../Engine/Content/Functions/Engine_MaterialFunctions01/Shading/ConvertFromDiffSpec.uasset" 242
"../../../Engine/Content/Functions/Engine_MaterialFunctions01/Shading/PowerToRoughness.uasset" 243
"../../../Engine/Content/Maps/Templates/Thumbnails/Default.uasset" 244
"../../../Engine/Content/Maps/Templates/Thumbnails/VR-Basic.uasset" 245
"../../../Engine/Content/MobileResources/T_MobileControls_texture.uasset" 246
"../../../Engine/Content/MobileResources/T_MobileMenu2.uasset" 247
"../../../Engine/Content/MobileResources/HUD/AnalogHat.uasset" 248
"../../../Engine/Content/MobileResources/HUD/VirtualJoystick_Background.uasset" 249
"../../../Engine/Content/MobileResources/HUD/VirtualJoystick_Thumb.uasset" 250
"../../../Engine/Content/MobileResources/HUD/DefaultVirtualJoysticks.uasset" 251
"../../../Engine/Content/MobileResources/HUD/LeftVirtualJoystickOnly.uasset" 252
"../../../Engine/Content/MobileResources/HUD/MobileHUDButton1_off.uasset" 253
"../../../Engine/Content/MobileResources/HUD/MobileHUDButton1_on.uasset" 254
"../../../Engine/Content/MobileResources/HUD/MobileHUDButton2_off.uasset" 255
"../../../Engine/Content/MobileResources/HUD/MobileHUDButton2_on.uasset" 256
"../../../Engine/Content/MobileResources/HUD/MobileHUDButton3.uasset" 257
"../../../Engine/Content/MobileResources/HUD/MobileHUDButtonFire.uasset" 258
"../../../Engine/Content/MobileResources/HUD/MobileHUDDirectionPad.uasset" 259
"../../../Engine/Content/MobileResources/HUD/MobileHUDDirectionPad2.uasset" 260
"../../../Engine/Content/MobileResources/HUD/MobileHUDDirectionPad3.uasset" 261
"../../../Engine/Content/MobileResources/HUD/MobileHUDDirectionStick.uasset" 262
"../../../Engine/Content/MobileResources/HUD/T_Castle_ThumbstickInner.uasset" 263
"../../../Engine/Content/MobileResources/HUD/T_Castle_ThumbstickOutter.uasset" 264
"../../../Engine/Content/Tutorial/ContentIntroCurve.uasset" 265
"../../../Engine/Content/Tutorial/Basics/LevelEditorAttract.uasset" 266
"../../../Engine/Content/Tutorial/Installation/InstallingVisualStudioTutorial.uasset" 267
"../../../Engine/Content/VREditor/LaserPointer/VR_LaserPower_01.uasset" 268
"../../../Engine/Content/VREditor/TransformGizmo/TransformGizmoMaterial.uasset" 269
"../../../Engine/Content/VREditor/TransformGizmo/TranslucentTransformGizmoMaterial.uasset" 270
"../../../Engine/Content/VREditor/TransformGizmo/BoundingBoxCorner.uasset" 271
"../../../Engine/Content/VREditor/TransformGizmo/BoundingBoxEdge.uasset" 272
"../../../Engine/Content/VREditor/TransformGizmo/PlaneTranslationHandle.uasset" 273
"../../../Engine/Content/VREditor/TransformGizmo/Main.uasset" 274
"../../../Engine/Content/VREditor/TransformGizmo/Xray.uasset" 275
"../../../Engine/Content/VREditor/TransformGizmo/SM_Sequencer_Key.uasset" 276
"../../../Engine/Content/VREditor/TransformGizmo/SM_Sequencer_Node.uasset" 277
"../../Plugins/2D/Paper2D/Content/PlaceholderTextures/DummySpriteTexture.uasset" 278
"../../Plugins/2D/Paper2D/Content/DummySprite.uasset" 279
"../../Plugins/2D/Paper2D/Content/DefaultPaperTerrainMaterial.uasset" 280
"../../Plugins/2D/Paper2D/Content/DummySpriteTexture.uasset" 281
"../../Plugins/2D/Paper2D/Content/DefaultSpriteMaterial.uasset" 282
"../../Plugins/2D/Paper2D/Content/MaskedUnlitSpriteMaterial.uasset" 283
"../../Plugins/2D/Paper2D/Content/OpaqueUnlitSpriteMaterial.uasset" 284
"../../Plugins/Runtime/Oculus/OculusVR/Content/OculusMR_RenderTarget.uasset" 285
"../../../Engine/Content/Functions/Engine_MaterialFunctions02/Utility/BreakOutFloat4Components.uasset" 286
"../../../Engine/Content/Functions/Engine_MaterialFunctions02/Utility/MakeFloat2.uasset" 287
"../../../Engine/Content/Functions/Engine_MaterialFunctions02/Utility/MakeFloat3.uasset" 288
"../../Plugins/Runtime/Oculus/OculusVR/Content/Materials/OculusMR_ChromaKey.uasset" 289
"../../Plugins/Runtime/Oculus/OculusVR/Content/Materials/OculusMR_ChromaKey_Lit.uasset" 290
"../../Plugins/Runtime/Oculus/OculusVR/Content/Materials/OculusMR_OpaqueColoredMaterial.uasset" 291
"../../Plugins/Runtime/Oculus/OculusVR/Content/Materials/OculusMR_WhiteMaterial.uasset" 292
"../../Plugins/Runtime/Oculus/OculusVR/Content/Materials/PokeAHoleMaterial.uasset" 293
"../../Plugins/Runtime/Oculus/OculusVR/Content/Textures/GearVRController_AO.uasset" 294
"../../Plugins/Runtime/Oculus/OculusVR/Content/Textures/GearVRController_Color.uasset" 295
"../../Plugins/Runtime/Oculus/OculusVR/Content/Textures/GearVRController_Normal.uasset" 296
"../../Plugins/Runtime/Oculus/OculusVR/Content/Materials/GearVRControllerMaterial.uasset" 297
"../../Plugins/Runtime/Oculus/OculusVR/Content/Meshes/GearVrController.uasset" 298
"../../Plugins/Runtime/Oculus/OculusVR/Content/Textures/touchController_albedo.uasset" 299
"../../Plugins/Runtime/Oculus/OculusVR/Content/Textures/touchController_controlmap.uasset" 300
"../../Plugins/Runtime/Oculus/OculusVR/Content/Materials/touchController_mat.uasset" 301
"../../Plugins/Runtime/Oculus/OculusVR/Content/Meshes/LeftTouchController.uasset" 302
"../../Plugins/Runtime/Oculus/OculusVR/Content/Meshes/RiftHMD.uasset" 303
"../../Plugins/Runtime/Oculus/OculusVR/Content/Meshes/RightTouchController.uasset" 304
"../../../Engine/Content/EngineSky/C_Sky_Cloud_Color.uasset" 305
"../../../Engine/Content/EngineSky/C_Sky_Horizon_Color.uasset" 306
"../../../Engine/Content/EngineSky/C_Sky_Zenith_Color.uasset" 307
"../../../Engine/Content/EngineSky/T_Sky_Blue.uasset" 308
"../../../Engine/Content/EngineSky/T_Sky_Clouds_M.uasset" 309
"../../../Engine/Content/EngineSky/T_Sky_Stars.uasset" 310
"../../../Engine/Content/EngineSky/M_Sky_Panning_Clouds2.uasset" 311
"../../../Engine/Content/EngineSky/SM_SkySphere.uasset" 312
"../../../Engine/Content/EngineSky/BP_Sky_Sphere.uasset" 313
"../../../../../../Git-Hub/ScreamJam/ScreamJam2019/Content/Enviroment/Meshes/SingleDoor/SingleDoor__3__pCube29.uasset" 314
"../../../../../../Git-Hub/ScreamJam/ScreamJam2019/Content/Enviroment/Meshes/SingleDoor/SingleDoor__3__polySurface20.uasset" 315
"../../../../../../Git-Hub/ScreamJam/ScreamJam2019/Content/Enviroment/Meshes/SingleDoor/SingleDoor__3__SmallFrame3.uasset" 316
"../../../../../../Git-Hub/ScreamJam/ScreamJam2019/Content/Framework/Blueprints/Child/BP_Interactable_Door.uasset" 317
"../../../../../../Git-Hub/ScreamJam/ScreamJam2019/Content/Framework/Blueprints/Child/BP_Interactable_Note.uasset" 318
"../../../../../../Git-Hub/ScreamJam/ScreamJam2019/Content/Framework/Multiplayer/Images/01.uasset" 319
"../../../../../../Git-Hub/ScreamJam/ScreamJam2019/Content/Framework/Multiplayer/Widgets/W_mainMenu.uasset" 320
"../../../../../../Git-Hub/ScreamJam/ScreamJam2019/Content/Framework/Multiplayer/Widgets/W_serverRow.uasset" 321
"../../../../../../Git-Hub/ScreamJam/ScreamJam2019/Content/Framework/Multiplayer/Widgets/W_serverlist.uasset" 322
"../../../../../../Git-Hub/ScreamJam/ScreamJam2019/Content/Framework/Multiplayer/Blueprints/E_GameState.uasset" 323
"../../../../../../Git-Hub/ScreamJam/ScreamJam2019/Content/Framework/Multiplayer/Widgets/W_errorDia.uasset" 324
"../../../../../../Git-Hub/ScreamJam/ScreamJam2019/Content/Framework/Multiplayer/Images/2c274e2b9fd75ec030525252294d88c1-halloween-cartoon-pumpkin-by-vexels.uasset" 325
"../../../../../../Git-Hub/ScreamJam/ScreamJam2019/Content/Framework/Multiplayer/Widgets/W_loadingscreen.uasset" 326
"../../../../../../Git-Hub/ScreamJam/ScreamJam2019/Content/Framework/Multiplayer/Blueprints/GI_MP_Steam.uasset" 327
"../../../../../../Git-Hub/ScreamJam/ScreamJam2019/Content/Framework/Multiplayer/Blueprints/PC_MP.uasset" 328
"../../../../../../Git-Hub/ScreamJam/ScreamJam2019/Content/Framework/Blueprints/bp_char_Enemy.uasset" 329
"../../../../../../Git-Hub/ScreamJam/ScreamJam2019/Content/StarterContent/Textures/T_Perlin_Noise_M.uasset" 330
"../../../../../../Git-Hub/ScreamJam/ScreamJam2019/Content/StarterContent/Textures/T_Water_N.uasset" 331
"../../../../../../Git-Hub/ScreamJam/ScreamJam2019/Content/StarterContent/Materials/M_Water_Lake.uasset" 332
"../../../../../../Git-Hub/ScreamJam/ScreamJam2019/Content/Framework/Blueprints/bp_char_Patient.uasset" 333
"../../../../../../Git-Hub/ScreamJam/ScreamJam2019/Content/Framework/Blueprints/BP_Spectator.uasset" 334
"../../../../../../Git-Hub/ScreamJam/ScreamJam2019/Content/Framework/Multiplayer/Blueprints/GS_MP.uasset" 335
"../../../../../../Git-Hub/ScreamJam/ScreamJam2019/Content/Framework/Multiplayer/Blueprints/MP_GM.uasset" 336
"../../../../../../Git-Hub/ScreamJam/ScreamJam2019/Content/Framework/Multiplayer/Maps/MP_Level1_BuiltData.uasset" 337
"../../../../../../Git-Hub/ScreamJam/ScreamJam2019/Content/Geometry/Meshes/1M_Cube_Chamfer.uasset" 338
"../../../../../../Git-Hub/ScreamJam/ScreamJam2019/Content/Geometry/Meshes/TemplateFloor.uasset" 339
"../../../../../../Git-Hub/ScreamJam/ScreamJam2019/Content/ThirdPerson/Meshes/RampMaterial.uasset" 340
"../../../../../../Git-Hub/ScreamJam/ScreamJam2019/Content/ThirdPerson/Meshes/Bump_StaticMesh.uasset" 341
"../../../../../../Git-Hub/ScreamJam/ScreamJam2019/Content/ThirdPerson/Meshes/LeftArm_StaticMesh.uasset" 342
"../../../../../../Git-Hub/ScreamJam/ScreamJam2019/Content/ThirdPerson/Meshes/Linear_Stair_StaticMesh.uasset" 343
"../../../../../../Git-Hub/ScreamJam/ScreamJam2019/Content/ThirdPerson/Meshes/Ramp_StaticMesh.uasset" 344
"../../../../../../Git-Hub/ScreamJam/ScreamJam2019/Content/ThirdPerson/Meshes/RightArm_StaticMesh.uasset" 345
"../../../../../../Git-Hub/ScreamJam/ScreamJam2019/Content/Framework/Multiplayer/Maps/MP_Level1.umap" 346
"../../../../../../Git-Hub/ScreamJam/ScreamJam2019/Content/Framework/Multiplayer/Maps/MP_mainMenu.umap" 347
"../../../../../../Git-Hub/ScreamJam/ScreamJam2019/Content/StarterContent/Blueprints/Assets/FogBrightnessLUT.uasset" 348
"../../../../../../Git-Hub/ScreamJam/ScreamJam2019/Content/StarterContent/Blueprints/Assets/SunlightColorLUT.uasset" 349
"../../../../../../Git-Hub/ScreamJam/ScreamJam2019/Content/StarterContent/Blueprints/Assets/M_LightStage_Arrows.uasset" 350
"../../../Engine/Content/MapTemplates/Sky/DaylightAmbientCubemap.uasset" 351
"../../../../../../Git-Hub/ScreamJam/ScreamJam2019/Content/StarterContent/Blueprints/Assets/M_LightStage_Skybox_Master.uasset" 352
"../../../../../../Git-Hub/ScreamJam/ScreamJam2019/Content/StarterContent/Blueprints/Assets/M_LightStage_Skybox_Black.uasset" 353
"../../../../../../Git-Hub/ScreamJam/ScreamJam2019/Content/StarterContent/Blueprints/Assets/M_LightStage_Skybox_HDRI.uasset" 354
"../../../Engine/Content/EditorMaterials/Thumbnails/SkySphereMaterial.uasset" 355
"../../../../../../Git-Hub/ScreamJam/ScreamJam2019/Content/StarterContent/Blueprints/Assets/Skybox.uasset" 356
"../../../../../../Git-Hub/ScreamJam/ScreamJam2019/Content/StarterContent/Blueprints/Assets/SM_Arrows.uasset" 357
"../../../../../../Git-Hub/ScreamJam/ScreamJam2019/Content/StarterContent/HDRI/HDRI_Epic_Courtyard_Daylight.uasset" 358
"../../../../../../Git-Hub/ScreamJam/ScreamJam2019/Content/StarterContent/Blueprints/BP_LightStudio.uasset" 359
"../../../../../../Git-Hub/ScreamJam/ScreamJam2019/Content/StarterContent/Maps/Advanced_Lighting_BuiltData.uasset" 360
"../../../../../../Git-Hub/ScreamJam/ScreamJam2019/Content/StarterContent/Materials/M_AssetPlatform.uasset" 361
"../../../Engine/Content/EditorMeshes/ColorCalibrator/M_ChromeBall.uasset" 362
"../../../Engine/Content/EditorMeshes/ColorCalibrator/M_ClearCoat.uasset" 363
"../../../Engine/Content/EditorMeshes/ColorCalibrator/M_ClearCoatBlack.uasset" 364
"../../../Engine/Content/EditorMeshes/ColorCalibrator/Color_checker.uasset" 365
"../../../Engine/Content/EditorMeshes/ColorCalibrator/M_ColorGrid.uasset" 366
"../../../Engine/Content/EditorMeshes/ColorCalibrator/M_GreyBall.uasset" 367
"../../../Engine/Content/EditorMeshes/ColorCalibrator/SM_ColorCalibrator.uasset" 368
"../../../../../../Git-Hub/ScreamJam/ScreamJam2019/Content/StarterContent/Architecture/SM_AssetPlatform.uasset" 369
"../../../../../../Git-Hub/ScreamJam/ScreamJam2019/Content/StarterContent/Maps/Advanced_Lighting.umap" 370
"../../../../../../Git-Hub/ScreamJam/ScreamJam2019/Content/StarterContent/Maps/Minimal_Default_BuiltData.uasset" 371
"../../../../../../Git-Hub/ScreamJam/ScreamJam2019/Content/StarterContent/Textures/T_MacroVariation.uasset" 372
"../../../../../../Git-Hub/ScreamJam/ScreamJam2019/Content/StarterContent/Materials/M_Metal_Brushed_Nickel.uasset" 373
"../../../../../../Git-Hub/ScreamJam/ScreamJam2019/Content/StarterContent/Textures/T_Metal_Aluminum_D.uasset" 374
"../../../../../../Git-Hub/ScreamJam/ScreamJam2019/Content/StarterContent/Textures/T_Metal_Gold_N.uasset" 375
"../../../../../../Git-Hub/ScreamJam/ScreamJam2019/Content/StarterContent/Materials/M_Metal_Burnished_Steel.uasset" 376
"../../../../../../Git-Hub/ScreamJam/ScreamJam2019/Content/StarterContent/Textures/T_Metal_Copper_D.uasset" 377
"../../../../../../Git-Hub/ScreamJam/ScreamJam2019/Content/StarterContent/Materials/M_Metal_Copper.uasset" 378
"../../../../../../Git-Hub/ScreamJam/ScreamJam2019/Content/StarterContent/Textures/T_Statue_M.uasset" 379
"../../../../../../Git-Hub/ScreamJam/ScreamJam2019/Content/StarterContent/Textures/T_Statue_N.uasset" 380
"../../../../../../Git-Hub/ScreamJam/ScreamJam2019/Content/StarterContent/Props/Materials/M_StatueGlass.uasset" 381
"../../../../../../Git-Hub/ScreamJam/ScreamJam2019/Content/StarterContent/Architecture/Floor_400x400.uasset" 382
"../../../../../../Git-Hub/ScreamJam/ScreamJam2019/Content/StarterContent/Audio/Starter_Background_Cue.uasset" 383
"../../../../../../Git-Hub/ScreamJam/ScreamJam2019/Content/StarterContent/Props/SM_Chair.uasset" 384
"../../../../../../Git-Hub/ScreamJam/ScreamJam2019/Content/StarterContent/Props/Materials/M_Statue.uasset" 385
"../../../../../../Git-Hub/ScreamJam/ScreamJam2019/Content/StarterContent/Props/SM_Statue.uasset" 386
"../../../../../../Git-Hub/ScreamJam/ScreamJam2019/Content/StarterContent/Textures/T_TableRound_M.uasset" 387
"../../../../../../Git-Hub/ScreamJam/ScreamJam2019/Content/StarterContent/Textures/T_TableRound_N.uasset" 388
"../../../../../../Git-Hub/ScreamJam/ScreamJam2019/Content/StarterContent/Props/Materials/M_TableRound.uasset" 389
"../../../../../../Git-Hub/ScreamJam/ScreamJam2019/Content/StarterContent/Props/SM_TableRound.uasset" 390
"../../../../../../Git-Hub/ScreamJam/ScreamJam2019/Content/StarterContent/Maps/Minimal_Default.umap" 391
"../../../../../../Git-Hub/ScreamJam/ScreamJam2019/Content/StarterContent/Audio/Fire01_Cue.uasset" 392
"../../../../../../Git-Hub/ScreamJam/ScreamJam2019/Content/StarterContent/Textures/T_Fire_SubUV.uasset" 393
"../../../../../../Git-Hub/ScreamJam/ScreamJam2019/Content/StarterContent/Textures/T_Fire_Tiled_D.uasset" 394
"../../../../../../Git-Hub/ScreamJam/ScreamJam2019/Content/StarterContent/Particles/Materials/M_Fire_SubUV.uasset" 395
"../../../../../../Git-Hub/ScreamJam/ScreamJam2019/Content/StarterContent/Particles/Materials/M_Heat_Distortion.uasset" 396
"../../../../../../Git-Hub/ScreamJam/ScreamJam2019/Content/StarterContent/Particles/Materials/M_Radial_Gradient.uasset" 397
"../../../../../../Git-Hub/ScreamJam/ScreamJam2019/Content/StarterContent/Particles/P_Fire.uasset" 398
"../../../../../../Git-Hub/ScreamJam/ScreamJam2019/Content/StarterContent/Blueprints/Blueprint_Effect_Fire.uasset" 399
"../../../../../../Git-Hub/ScreamJam/ScreamJam2019/Content/StarterContent/Audio/Smoke01_Cue.uasset" 400
"../../../../../../Git-Hub/ScreamJam/ScreamJam2019/Content/StarterContent/Particles/P_Smoke.uasset" 401
"../../../../../../Git-Hub/ScreamJam/ScreamJam2019/Content/StarterContent/Blueprints/Blueprint_Effect_Smoke.uasset" 402
"../../../../../../Git-Hub/ScreamJam/ScreamJam2019/Content/StarterContent/Audio/Fire_Sparks01_Cue.uasset" 403
"../../../../../../Git-Hub/ScreamJam/ScreamJam2019/Content/StarterContent/Textures/T_Spark_Core.uasset" 404
"../../../../../../Git-Hub/ScreamJam/ScreamJam2019/Content/StarterContent/Particles/Materials/M_Spark.uasset" 405
"../../../../../../Git-Hub/ScreamJam/ScreamJam2019/Content/StarterContent/Particles/P_Sparks.uasset" 406
"../../../../../../Git-Hub/ScreamJam/ScreamJam2019/Content/StarterContent/Blueprints/Blueprint_Effect_Sparks.uasset" 407
"../../../../../../Git-Hub/ScreamJam/ScreamJam2019/Content/StarterContent/Audio/Steam01_Cue.uasset" 408
"../../../../../../Git-Hub/ScreamJam/ScreamJam2019/Content/StarterContent/Particles/P_Steam_Lit.uasset" 409
"../../../../../../Git-Hub/ScreamJam/ScreamJam2019/Content/StarterContent/Blueprints/Blueprint_Effect_Steam.uasset" 410
"../../../../../../Git-Hub/ScreamJam/ScreamJam2019/Content/StarterContent/Textures/T_Lamp_M.uasset" 411
"../../../../../../Git-Hub/ScreamJam/ScreamJam2019/Content/StarterContent/Textures/T_Lamp_N.uasset" 412
"../../../../../../Git-Hub/ScreamJam/ScreamJam2019/Content/StarterContent/Props/Materials/M_Lamp.uasset" 413
"../../../../../../Git-Hub/ScreamJam/ScreamJam2019/Content/StarterContent/Props/SM_Lamp_Ceiling.uasset" 414
"../../../../../../Git-Hub/ScreamJam/ScreamJam2019/Content/StarterContent/Blueprints/Blueprint_CeilingLight.uasset" 415
"../../../../../../Git-Hub/ScreamJam/ScreamJam2019/Content/StarterContent/Props/SM_Lamp_Wall.uasset" 416
"../../../../../../Git-Hub/ScreamJam/ScreamJam2019/Content/StarterContent/Blueprints/Blueprint_WallSconce.uasset" 417
"../../../../../../Git-Hub/ScreamJam/ScreamJam2019/Content/StarterContent/Maps/StarterMap_BuiltData.uasset" 418
"../../../Engine/Content/Functions/Engine_MaterialFunctions03/Procedurals/ComputeFilterWidth.uasset" 419
"../../../Engine/Content/EngineMaterials/AntiAliasedTextMaterialTranslucent.uasset" 420
"../../../../../../Git-Hub/ScreamJam/ScreamJam2019/Content/StarterContent/Textures/T_Brick_Clay_Beveled_D.uasset" 421
"../../../../../../Git-Hub/ScreamJam/ScreamJam2019/Content/StarterContent/Textures/T_Brick_Clay_Beveled_M.uasset" 422
"../../../../../../Git-Hub/ScreamJam/ScreamJam2019/Content/StarterContent/Textures/T_Brick_Clay_Beveled_N.uasset" 423
"../../../../../../Git-Hub/ScreamJam/ScreamJam2019/Content/StarterContent/Materials/M_Brick_Clay_Beveled.uasset" 424
"../../../../../../Git-Hub/ScreamJam/ScreamJam2019/Content/StarterContent/Textures/T_Brick_Clay_New_D.uasset" 425
"../../../../../../Git-Hub/ScreamJam/ScreamJam2019/Content/StarterContent/Textures/T_Brick_Clay_New_M.uasset" 426
"../../../../../../Git-Hub/ScreamJam/ScreamJam2019/Content/StarterContent/Textures/T_Brick_Clay_New_N.uasset" 427
"../../../../../../Git-Hub/ScreamJam/ScreamJam2019/Content/StarterContent/Materials/M_Brick_Clay_New.uasset" 428
"../../../../../../Git-Hub/ScreamJam/ScreamJam2019/Content/StarterContent/Textures/T_Brick_Clay_Old_D.uasset" 429
"../../../../../../Git-Hub/ScreamJam/ScreamJam2019/Content/StarterContent/Textures/T_Brick_Clay_Old_N.uasset" 430
"../../../../../../Git-Hub/ScreamJam/ScreamJam2019/Content/StarterContent/Materials/M_Brick_Clay_Old.uasset" 431
"../../../../../../Git-Hub/ScreamJam/ScreamJam2019/Content/StarterContent/Textures/T_Brick_Cut_Stone_D.uasset" 432
"../../../../../../Git-Hub/ScreamJam/ScreamJam2019/Content/StarterContent/Textures/T_Brick_Cut_Stone_N.uasset" 433
"../../../../../../Git-Hub/ScreamJam/ScreamJam2019/Content/StarterContent/Materials/M_Brick_Cut_Stone.uasset" 434
"../../../../../../Git-Hub/ScreamJam/ScreamJam2019/Content/StarterContent/Textures/T_Brick_Hewn_Stone_D.uasset" 435
"../../../../../../Git-Hub/ScreamJam/ScreamJam2019/Content/StarterContent/Textures/T_Brick_Hewn_Stone_M.uasset" 436
"../../../../../../Git-Hub/ScreamJam/ScreamJam2019/Content/StarterContent/Textures/T_Brick_Hewn_Stone_N.uasset" 437
"../../../../../../Git-Hub/ScreamJam/ScreamJam2019/Content/StarterContent/Materials/M_Brick_Hewn_Stone.uasset" 438
"../../../../../../Git-Hub/ScreamJam/ScreamJam2019/Content/StarterContent/Textures/T_Ceramic_Tile_M.uasset" 439
"../../../../../../Git-Hub/ScreamJam/ScreamJam2019/Content/StarterContent/Textures/T_Ceramic_Tile_N.uasset" 440
"../../../../../../Git-Hub/ScreamJam/ScreamJam2019/Content/StarterContent/Textures/T_Rock_Marble_Polished_D.uasset" 441
"../../../../../../Git-Hub/ScreamJam/ScreamJam2019/Content/StarterContent/Materials/M_Ceramic_Tile_Checker.uasset" 442
"../../../../../../Git-Hub/ScreamJam/ScreamJam2019/Content/StarterContent/Textures/T_CobbleStone_Pebble_D.uasset" 443
"../../../../../../Git-Hub/ScreamJam/ScreamJam2019/Content/StarterContent/Textures/T_CobbleStone_Pebble_M.uasset" 444
"../../../../../../Git-Hub/ScreamJam/ScreamJam2019/Content/StarterContent/Textures/T_CobbleStone_Pebble_N.uasset" 445
"../../../../../../Git-Hub/ScreamJam/ScreamJam2019/Content/StarterContent/Materials/M_CobbleStone_Pebble.uasset" 446
"../../../../../../Git-Hub/ScreamJam/ScreamJam2019/Content/StarterContent/Textures/T_CobbleStone_Rough_D.uasset" 447
"../../../../../../Git-Hub/ScreamJam/ScreamJam2019/Content/StarterContent/Textures/T_CobbleStone_Rough_N.uasset" 448
"../../../../../../Git-Hub/ScreamJam/ScreamJam2019/Content/StarterContent/Textures/T_Gradinet_01.uasset" 449
"../../../../../../Git-Hub/ScreamJam/ScreamJam2019/Content/StarterContent/Textures/T_Rock_Smooth_Granite_D.uasset" 450
"../../../../../../Git-Hub/ScreamJam/ScreamJam2019/Content/StarterContent/Materials/M_CobbleStone_Rough.uasset" 451
"../../../../../../Git-Hub/ScreamJam/ScreamJam2019/Content/StarterContent/Textures/T_CobbleStone_Smooth_D.uasset" 452
"../../../../../../Git-Hub/ScreamJam/ScreamJam2019/Content/StarterContent/Textures/T_CobbleStone_Smooth_M.uasset" 453
"../../../../../../Git-Hub/ScreamJam/ScreamJam2019/Content/StarterContent/Textures/T_CobbleStone_Smooth_N.uasset" 454
"../../../../../../Git-Hub/ScreamJam/ScreamJam2019/Content/StarterContent/Materials/M_CobbleStone_Smooth.uasset" 455
"../../../../../../Git-Hub/ScreamJam/ScreamJam2019/Content/StarterContent/Textures/T_Concrete_Grime_D.uasset" 456
"../../../../../../Git-Hub/ScreamJam/ScreamJam2019/Content/StarterContent/Textures/T_Metal_Rust_N.uasset" 457
"../../../../../../Git-Hub/ScreamJam/ScreamJam2019/Content/StarterContent/Materials/M_Concrete_Grime.uasset" 458
"../../../../../../Git-Hub/ScreamJam/ScreamJam2019/Content/StarterContent/Textures/T_Concrete_Panels_D.uasset" 459
"../../../../../../Git-Hub/ScreamJam/ScreamJam2019/Content/StarterContent/Textures/T_Concrete_Panels_N.uasset" 460
"../../../../../../Git-Hub/ScreamJam/ScreamJam2019/Content/StarterContent/Materials/M_Concrete_Panels.uasset" 461
"../../../../../../Git-Hub/ScreamJam/ScreamJam2019/Content/StarterContent/Textures/T_Concrete_Poured_D.uasset" 462
"../../../../../../Git-Hub/ScreamJam/ScreamJam2019/Content/StarterContent/Textures/T_Concrete_Poured_N.uasset" 463
"../../../../../../Git-Hub/ScreamJam/ScreamJam2019/Content/StarterContent/Materials/M_Concrete_Poured.uasset" 464
"../../../../../../Git-Hub/ScreamJam/ScreamJam2019/Content/StarterContent/Textures/T_Concrete_Tiles_D.uasset" 465
"../../../../../../Git-Hub/ScreamJam/ScreamJam2019/Content/StarterContent/Textures/T_Concrete_Tiles_M.uasset" 466
"../../../../../../Git-Hub/ScreamJam/ScreamJam2019/Content/StarterContent/Textures/T_Concrete_Tiles_N.uasset" 467
"../../../../../../Git-Hub/ScreamJam/ScreamJam2019/Content/StarterContent/Textures/T_Concrete_Tiles_Variation_M.uasset" 468
"../../../../../../Git-Hub/ScreamJam/ScreamJam2019/Content/StarterContent/Materials/M_Concrete_Tiles.uasset" 469
"../../../../../../Git-Hub/ScreamJam/ScreamJam2019/Content/StarterContent/Textures/T_Ground_Grass_D.uasset" 470
"../../../../../../Git-Hub/ScreamJam/ScreamJam2019/Content/StarterContent/Textures/T_Ground_Grass_N.uasset" 471
"../../../../../../Git-Hub/ScreamJam/ScreamJam2019/Content/StarterContent/Materials/M_Ground_Grass.uasset" 472
"../../../../../../Git-Hub/ScreamJam/ScreamJam2019/Content/StarterContent/Textures/T_Ground_Gravel_D.uasset" 473
"../../../../../../Git-Hub/ScreamJam/ScreamJam2019/Content/StarterContent/Textures/T_Ground_Gravel_N.uasset" 474
"../../../../../../Git-Hub/ScreamJam/ScreamJam2019/Content/StarterContent/Materials/M_Ground_Gravel.uasset" 475
"../../../../../../Git-Hub/ScreamJam/ScreamJam2019/Content/StarterContent/Textures/T_ground_Moss_D.uasset" 476
"../../../../../../Git-Hub/ScreamJam/ScreamJam2019/Content/StarterContent/Textures/T_Ground_Moss_N.uasset" 477
"../../../../../../Git-Hub/ScreamJam/ScreamJam2019/Content/StarterContent/Materials/M_Ground_Moss.uasset" 478
"../../../../../../Git-Hub/ScreamJam/ScreamJam2019/Content/StarterContent/Materials/M_Metal_Chrome.uasset" 479
"../../../../../../Git-Hub/ScreamJam/ScreamJam2019/Content/StarterContent/Textures/T_Metal_Gold_D.uasset" 480
"../../../../../../Git-Hub/ScreamJam/ScreamJam2019/Content/StarterContent/Materials/M_Metal_Gold.uasset" 481
"../../../../../../Git-Hub/ScreamJam/ScreamJam2019/Content/StarterContent/Textures/T_Metal_Rust_D.uasset" 482
"../../../../../../Git-Hub/ScreamJam/ScreamJam2019/Content/StarterContent/Materials/M_Metal_Rust.uasset" 483
"../../../../../../Git-Hub/ScreamJam/ScreamJam2019/Content/StarterContent/Textures/T_Metal_Steel_D.uasset" 484
"../../../../../../Git-Hub/ScreamJam/ScreamJam2019/Content/StarterContent/Textures/T_Metal_Steel_N.uasset" 485
"../../../../../../Git-Hub/ScreamJam/ScreamJam2019/Content/StarterContent/Materials/M_Metal_Steel.uasset" 486
"../../../../../../Git-Hub/ScreamJam/ScreamJam2019/Content/StarterContent/Textures/T_Rock_Basalt_N.uasset" 487
"../../../../../../Git-Hub/ScreamJam/ScreamJam2019/Content/StarterContent/Materials/M_Rock_Basalt.uasset" 488
"../../../../../../Git-Hub/ScreamJam/ScreamJam2019/Content/StarterContent/Materials/M_Rock_Marble_Polished.uasset" 489
"../../../../../../Git-Hub/ScreamJam/ScreamJam2019/Content/StarterContent/Textures/T_Rock_Sandstone_D.uasset" 490
"../../../../../../Git-Hub/ScreamJam/ScreamJam2019/Content/StarterContent/Textures/T_Rock_Sandstone_N.uasset" 491
"../../../../../../Git-Hub/ScreamJam/ScreamJam2019/Content/StarterContent/Materials/M_Rock_Sandstone.uasset" 492
"../../../../../../Git-Hub/ScreamJam/ScreamJam2019/Content/StarterContent/Textures/T_Rock_Slate_D.uasset" 493
"../../../../../../Git-Hub/ScreamJam/ScreamJam2019/Content/StarterContent/Textures/T_Rock_Slate_N.uasset" 494
"../../../../../../Git-Hub/ScreamJam/ScreamJam2019/Content/StarterContent/Materials/M_Rock_Slate.uasset" 495
"../../../../../../Git-Hub/ScreamJam/ScreamJam2019/Content/StarterContent/Textures/T_Checker_Noise_M.uasset" 496
"../../../../../../Git-Hub/ScreamJam/ScreamJam2019/Content/StarterContent/Textures/T_Single_Tile_N.uasset" 497
"../../../../../../Git-Hub/ScreamJam/ScreamJam2019/Content/StarterContent/Textures/T_Tech_Dot_M.uasset" 498
"../../../../../../Git-Hub/ScreamJam/ScreamJam2019/Content/StarterContent/Textures/T_Tech_Dot_N.uasset" 499
"../../../../../../Git-Hub/ScreamJam/ScreamJam2019/Content/StarterContent/Materials/M_Tech_Checker_Dot.uasset" 500
"../../../../../../Git-Hub/ScreamJam/ScreamJam2019/Content/StarterContent/Textures/T_Tech_Hex_Tile_M.uasset" 501
"../../../../../../Git-Hub/ScreamJam/ScreamJam2019/Content/StarterContent/Textures/T_Tech_Hex_Tile_N.uasset" 502
"../../../../../../Git-Hub/ScreamJam/ScreamJam2019/Content/StarterContent/Materials/M_Tech_Hex_Tile.uasset" 503
"../../../../../../Git-Hub/ScreamJam/ScreamJam2019/Content/StarterContent/Materials/M_Tech_Hex_Tile_Pulse.uasset" 504
"../../../../../../Git-Hub/ScreamJam/ScreamJam2019/Content/StarterContent/Textures/T_Tech_Panel_M.uasset" 505
"../../../../../../Git-Hub/ScreamJam/ScreamJam2019/Content/StarterContent/Textures/T_Tech_Panel_N.uasset" 506
"../../../../../../Git-Hub/ScreamJam/ScreamJam2019/Content/StarterContent/Materials/M_Tech_Panel.uasset" 507
"../../../../../../Git-Hub/ScreamJam/ScreamJam2019/Content/StarterContent/Textures/T_Water_M.uasset" 508
"../../../../../../Git-Hub/ScreamJam/ScreamJam2019/Content/StarterContent/Materials/M_Water_Ocean.uasset" 509
"../../../../../../Git-Hub/ScreamJam/ScreamJam2019/Content/StarterContent/Textures/T_Wood_Floor_Walnut_D.uasset" 510
"../../../../../../Git-Hub/ScreamJam/ScreamJam2019/Content/StarterContent/Textures/T_Wood_Floor_Walnut_M.uasset" 511
"../../../../../../Git-Hub/ScreamJam/ScreamJam2019/Content/StarterContent/Textures/T_Wood_Floor_Walnut_N.uasset" 512
"../../../../../../Git-Hub/ScreamJam/ScreamJam2019/Content/StarterContent/Materials/M_Wood_Floor_Walnut_Polished.uasset" 513
"../../../Engine/Content/Functions/Engine_MaterialFunctions01/Opacity/AlphaOffset.uasset" 514
"../../../../../../Git-Hub/ScreamJam/ScreamJam2019/Content/StarterContent/Materials/M_Wood_Floor_Walnut_Worn.uasset" 515
"../../../../../../Git-Hub/ScreamJam/ScreamJam2019/Content/StarterContent/Textures/T_Wood_Oak_D.uasset" 516
"../../../../../../Git-Hub/ScreamJam/ScreamJam2019/Content/StarterContent/Textures/T_Wood_Oak_N.uasset" 517
"../../../../../../Git-Hub/ScreamJam/ScreamJam2019/Content/StarterContent/Materials/M_Wood_Oak.uasset" 518
"../../../../../../Git-Hub/ScreamJam/ScreamJam2019/Content/StarterContent/Textures/T_Wood_Pine_D.uasset" 519
"../../../../../../Git-Hub/ScreamJam/ScreamJam2019/Content/StarterContent/Textures/T_Wood_Pine_N.uasset" 520
"../../../../../../Git-Hub/ScreamJam/ScreamJam2019/Content/StarterContent/Materials/M_Wood_Pine.uasset" 521
"../../../../../../Git-Hub/ScreamJam/ScreamJam2019/Content/StarterContent/Textures/T_Wood_Walnut_D.uasset" 522
"../../../../../../Git-Hub/ScreamJam/ScreamJam2019/Content/StarterContent/Textures/T_Wood_Walnut_N.uasset" 523
"../../../../../../Git-Hub/ScreamJam/ScreamJam2019/Content/StarterContent/Materials/M_Wood_Walnut.uasset" 524
"../../../../../../Git-Hub/ScreamJam/ScreamJam2019/Content/StarterContent/Architecture/Wall_400x200.uasset" 525
"../../../../../../Git-Hub/ScreamJam/ScreamJam2019/Content/StarterContent/Architecture/Wall_Door_400x300.uasset" 526
"../../../../../../Git-Hub/ScreamJam/ScreamJam2019/Content/StarterContent/Architecture/Wall_Window_400x300.uasset" 527
"../../../../../../Git-Hub/ScreamJam/ScreamJam2019/Content/StarterContent/Audio/Collapse_Cue.uasset" 528
"../../../../../../Git-Hub/ScreamJam/ScreamJam2019/Content/StarterContent/Audio/Starter_Music_Cue.uasset" 529
"../../../../../../Git-Hub/ScreamJam/ScreamJam2019/Content/StarterContent/Textures/T_Dust_Particle_D.uasset" 530
"../../../../../../Git-Hub/ScreamJam/ScreamJam2019/Content/StarterContent/Particles/Materials/M_Dust_Particle.uasset" 531
"../../../../../../Git-Hub/ScreamJam/ScreamJam2019/Content/StarterContent/Particles/P_Ambient_Dust.uasset" 532
"../../../../../../Git-Hub/ScreamJam/ScreamJam2019/Content/StarterContent/Props/MaterialSphere.uasset" 533
"../../../../../../Git-Hub/ScreamJam/ScreamJam2019/Content/StarterContent/Textures/T_Frame_M.uasset" 534
"../../../../../../Git-Hub/ScreamJam/ScreamJam2019/Content/StarterContent/Textures/T_Frame_N.uasset" 535
"../../../../../../Git-Hub/ScreamJam/ScreamJam2019/Content/StarterContent/Props/Materials/M_Frame.uasset" 536
"../../../../../../Git-Hub/ScreamJam/ScreamJam2019/Content/StarterContent/Props/SM_CornerFrame.uasset" 537
"../../../../../../Git-Hub/ScreamJam/ScreamJam2019/Content/StarterContent/Props/SM_DoorFrame.uasset" 538
"../../../../../../Git-Hub/ScreamJam/ScreamJam2019/Content/StarterContent/Props/SM_GlassWindow.uasset" 539
"../../../../../../Git-Hub/ScreamJam/ScreamJam2019/Content/StarterContent/Props/SM_PillarFrame.uasset" 540
"../../../../../../Git-Hub/ScreamJam/ScreamJam2019/Content/StarterContent/Props/SM_PillarFrame300.uasset" 541
"../../../../../../Git-Hub/ScreamJam/ScreamJam2019/Content/StarterContent/Props/SM_WindowFrame.uasset" 542
"../../../../../../Git-Hub/ScreamJam/ScreamJam2019/Content/StarterContent/Shapes/Shape_Cube.uasset" 543
"../../../../../../Git-Hub/ScreamJam/ScreamJam2019/Content/StarterContent/Shapes/Shape_QuadPyramid.uasset" 544
"../../../../../../Git-Hub/ScreamJam/ScreamJam2019/Content/StarterContent/Shapes/Shape_Sphere.uasset" 545
"../../../../../../Git-Hub/ScreamJam/ScreamJam2019/Content/StarterContent/Maps/StarterMap.umap" 546
"../../../Engine/Content/Maps/Entry_BuiltData.uasset" 547
"../../../Engine/Content/Maps/Entry.umap" 548
