Log file open, 10/11/19 20:31:29
LogWindows: Failed to load 'aqProf.dll' (GetLastError=126)
LogWindows: File 'aqProf.dll' does not exist
LogWindows: Failed to load 'VtuneApi.dll' (GetLastError=126)
LogWindows: File 'VtuneApi.dll' does not exist
LogWindows: Failed to load 'VtuneApi32e.dll' (GetLastError=126)
LogWindows: File 'VtuneApi32e.dll' does not exist
LogConsoleResponse: Display: Failed to find resolution value strings in scalability ini. Falling back to default.
LogInit: Display: Running engine for game: ScreamJam2019
LogPakFile: Registered encryption key '00000000000000000000000000000000': 0 pak files mounted, 0 remain pending
LogPlatformFile: Not using cached read wrapper
LogTaskGraph: Started task graph with 5 named threads and 23 total threads with 3 sets of task threads.
LogStats: Stats thread started at 0.401452
LogD3D11RHI: Loaded GFSDK_Aftermath_Lib.x64.dll
LogICUInternationalization: ICU TimeZone Detection - Raw Offset: +0:00, Platform Override: ''
LogPluginManager: Mounting plugin Paper2D
LogPluginManager: Mounting plugin AISupport
LogPluginManager: Mounting plugin LightPropagationVolume
LogPluginManager: Mounting plugin ActorLayerUtilities
LogPluginManager: Mounting plugin AnimationSharing
LogPluginManager: Mounting plugin CLionSourceCodeAccess
LogPluginManager: Mounting plugin CodeLiteSourceCodeAccess
LogPluginManager: Mounting plugin GitSourceControl
LogPluginManager: Mounting plugin KDevelopSourceCodeAccess
LogPluginManager: Mounting plugin NullSourceCodeAccess
LogPluginManager: Mounting plugin PerforceSourceControl
LogPluginManager: Mounting plugin SubversionSourceControl
LogPluginManager: Mounting plugin UObjectPlugin
LogPluginManager: Mounting plugin VisualStudioCodeSourceCodeAccess
LogPluginManager: Mounting plugin VisualStudioSourceCodeAccess
LogPluginManager: Mounting plugin XCodeSourceCodeAccess
LogPluginManager: Mounting plugin AssetManagerEditor
LogPluginManager: Mounting plugin CryptoKeys
LogPluginManager: Mounting plugin DataValidation
LogPluginManager: Mounting plugin FacialAnimation
LogPluginManager: Mounting plugin GameplayTagsEditor
LogPluginManager: Mounting plugin MacGraphicsSwitching
LogPluginManager: Mounting plugin MaterialAnalyzer
LogPluginManager: Mounting plugin MobileLauncherProfileWizard
LogPluginManager: Mounting plugin PluginBrowser
LogPluginManager: Mounting plugin SpeedTreeImporter
LogPluginManager: Mounting plugin DatasmithContent
LogPluginManager: Mounting plugin VariantManagerContent
LogPluginManager: Mounting plugin AlembicImporter
LogPluginManager: Mounting plugin AppleImageUtils
LogPluginManager: Mounting plugin AppleVision
LogPluginManager: Mounting plugin BackChannel
LogPluginManager: Mounting plugin CharacterAI
LogPluginManager: Mounting plugin GeometryCache
LogPluginManager: Mounting plugin HTML5Networking
LogPluginManager: Mounting plugin ProxyLODPlugin
LogPluginManager: Mounting plugin SkeletalReduction
LogPluginManager: Mounting plugin MagicLeap
LogPluginManager: Mounting plugin MagicLeapMedia
LogPluginManager: Mounting plugin AndroidMedia
LogPluginManager: Mounting plugin AvfMedia
LogPluginManager: Mounting plugin ImgMedia
LogPluginManager: Mounting plugin LinearTimecode
LogPluginManager: Mounting plugin MediaCompositing
LogPluginManager: Mounting plugin MediaPlayerEditor
LogPluginManager: Mounting plugin WebMMedia
LogPluginManager: Mounting plugin WmfMedia
LogPluginManager: Mounting plugin TcpMessaging
LogPluginManager: Mounting plugin UdpMessaging
LogPluginManager: Mounting plugin ActorSequence
LogPluginManager: Mounting plugin LevelSequenceEditor
LogPluginManager: Mounting plugin MatineeToLevelSequence
LogPluginManager: Mounting plugin NetcodeUnitTest
LogPluginManager: Mounting plugin NUTUnrealEngine4
LogPluginManager: Mounting plugin OnlineSubsystemGooglePlay
LogPluginManager: Mounting plugin OnlineSubsystemIOS
LogPluginManager: Mounting plugin OnlineSubsystem
LogPluginManager: Mounting plugin OnlineSubsystemNull
LogPluginManager: Mounting plugin OnlineSubsystemUtils
LogPluginManager: Mounting plugin LauncherChunkInstaller
LogPluginManager: Mounting plugin AndroidDeviceProfileSelector
LogPluginManager: Mounting plugin AndroidMoviePlayer
LogPluginManager: Mounting plugin AndroidPermission
LogPluginManager: Mounting plugin AppleMoviePlayer
LogPluginManager: Mounting plugin ArchVisCharacter
LogPluginManager: Mounting plugin AudioCapture
LogPluginManager: Mounting plugin CableComponent
LogPluginManager: Mounting plugin CustomMeshComponent
LogPluginManager: Mounting plugin EditableMesh
LogPluginManager: Mounting plugin ExampleDeviceProfileSelector
LogPluginManager: Mounting plugin Firebase
LogPluginManager: Mounting plugin GoogleCloudMessaging
LogPluginManager: Mounting plugin IOSDeviceProfileSelector
LogPluginManager: Mounting plugin LinuxDeviceProfileSelector
LogPluginManager: Mounting plugin LocationServicesBPLibrary
LogPluginManager: Mounting plugin MobilePatchingUtils
LogPluginManager: Mounting plugin OculusVR
LogPluginManager: Mounting plugin PhysXVehicles
LogPluginManager: Mounting plugin ProceduralMeshComponent
LogPluginManager: Mounting plugin RuntimePhysXCooking
LogPluginManager: Mounting plugin SignificanceManager
LogPluginManager: Mounting plugin SteamVR
LogPluginManager: Mounting plugin WebMMoviePlayer
LogPluginManager: Mounting plugin WindowsMoviePlayer
LogInit: Using libcurl 7.55.1-DEV
LogInit:  - built for x86_64-pc-win32
LogInit:  - supports SSL with OpenSSL/1.1.1
LogInit:  - supports HTTP deflate (compression) using libz 1.2.8
LogInit:  - other features:
LogInit:      CURL_VERSION_SSL
LogInit:      CURL_VERSION_LIBZ
LogInit:      CURL_VERSION_IPV6
LogInit:      CURL_VERSION_ASYNCHDNS
LogInit:      CURL_VERSION_LARGEFILE
LogInit:      CURL_VERSION_IDN
LogInit:  CurlRequestOptions (configurable via config and command line):
LogInit:  - bVerifyPeer = true  - Libcurl will verify peer certificate
LogInit:  - bUseHttpProxy = false  - Libcurl will NOT use HTTP proxy
LogInit:  - bDontReuseConnections = false  - Libcurl will reuse connections
LogInit:  - MaxHostConnections = 16  - Libcurl will limit the number of connections to a host
LogInit:  - LocalHostAddr = Default
LogInit:  - BufferSize = 65536
LogInit: WinSock: version 1.1 (2.2), MaxSocks=32767, MaxUdp=65467
LogInit: Build: ++UE4+Release-4.22-CL-7053642
LogInit: Engine Version: 4.22.3-7053642+++UE4+Release-4.22
LogInit: Compatible Engine Version: 4.22.0-5660361+++UE4+Release-4.22
LogInit: Net CL: 5660361
LogInit: OS: Windows 10 (Release 1903) (), CPU: Intel(R) Core(TM) i7-7700 CPU @ 3.60GHz, GPU: NVIDIA GeForce GTX 1080 Ti
LogInit: Compiled (64-bit): Jun 18 2019 03:09:11
LogInit: Compiled with Visual C++: 19.16.27025.01
LogInit: Build Configuration: Development
LogInit: Branch Name: ++UE4+Release-4.22
LogInit: Command Line: 
LogInit: Base Directory: D:/Epic Games/Epic Games/UE_4.22/Engine/Binaries/Win64/
LogInit: Installed Engine Build: 1
LogDevObjectVersion: Number of dev versions registered: 23
LogDevObjectVersion:   Dev-Blueprints (B0D832E4-1F89-4F0D-ACCF-7EB736FD4AA2): 10
LogDevObjectVersion:   Dev-Build (E1C64328-A22C-4D53-A36C-8E866417BD8C): 0
LogDevObjectVersion:   Dev-Core (375EC13C-06E4-48FB-B500-84F0262A717E): 3
LogDevObjectVersion:   Dev-Editor (E4B068ED-F494-42E9-A231-DA0B2E46BB41): 30
LogDevObjectVersion:   Dev-Framework (CFFC743F-43B0-4480-9391-14DF171D2073): 35
LogDevObjectVersion:   Dev-Mobile (B02B49B5-BB20-44E9-A304-32B752E40360): 2
LogDevObjectVersion:   Dev-Networking (A4E4105C-59A1-49B5-A7C5-40C4547EDFEE): 0
LogDevObjectVersion:   Dev-Online (39C831C9-5AE6-47DC-9A44-9C173E1C8E7C): 0
LogDevObjectVersion:   Dev-Physics (78F01B33-EBEA-4F98-B9B4-84EACCB95AA2): 0
LogDevObjectVersion:   Dev-Platform (6631380F-2D4D-43E0-8009-CF276956A95A): 0
LogDevObjectVersion:   Dev-Rendering (12F88B9F-8875-4AFC-A67C-D90C383ABD29): 28
LogDevObjectVersion:   Dev-Sequencer (7B5AE74C-D270-4C10-A958-57980B212A5A): 11
LogDevObjectVersion:   Dev-VR (D7296918-1DD6-4BDD-9DE2-64A83CC13884): 2
LogDevObjectVersion:   Dev-LoadTimes (C2A15278-BFE7-4AFE-6C17-90FF531DF755): 1
LogDevObjectVersion:   Private-Geometry (6EACA3D4-40EC-4CC1-B786-8BED09428FC5): 3
LogDevObjectVersion:   Dev-AnimPhys (29E575DD-E0A3-4627-9D10-D276232CDCEA): 17
LogDevObjectVersion:   Dev-Anim (AF43A65D-7FD3-4947-9873-3E8ED9C1BB05): 2
LogDevObjectVersion:   Dev-ReflectionCapture (6B266CEC-1EC7-4B8F-A30B-E4D90942FC07): 1
LogDevObjectVersion:   Dev-Automation (0DF73D61-A23F-47EA-B727-89E90C41499A): 1
LogDevObjectVersion:   FortniteMain (601D1886-AC64-4F84-AA16-D3DE0DEAC7D6): 25
LogDevObjectVersion:   Dev-Enterprise (9DFFBCD6-494F-0158-E221-12823C92A888): 6
LogDevObjectVersion:   Dev-Niagara (F2AED0AC-9AFE-416F-8664-AA7FFA26D6FC): 1
LogDevObjectVersion:   Dev-Destruction (174F1F0B-B4C6-45A5-B13F-2EE8D0FB917D): 2
LogInit: Presizing for max 16777216 objects, including 0 objects not considered by GC, pre-allocating 0 bytes for permanent pool.
LogInit: Object subsystem initialized
LogConfig: Setting CVar [[con.DebugEarlyDefault:1]]
LogConfig: Setting CVar [[r.setres:1280x720]]
[2019.10.11-19.31.32:026][  0]LogConfig: Setting CVar [[r.VSync:0]]
[2019.10.11-19.31.32:026][  0]LogConfig: Setting CVar [[r.RHICmdBypass:0]]
[2019.10.11-19.31.32:026][  0]LogConfig: Applying CVar settings from Section [/Script/Engine.RendererSettings] File [D:/Git-Hub/ScreamJam/ScreamJam2019/Saved/Config/Windows/Engine.ini]
[2019.10.11-19.31.32:026][  0]LogConfig: Setting CVar [[r.GPUCrashDebugging:0]]
[2019.10.11-19.31.32:026][  0]LogConfig: Applying CVar settings from Section [/Script/Engine.RendererOverrideSettings] File [D:/Git-Hub/ScreamJam/ScreamJam2019/Saved/Config/Windows/Engine.ini]
[2019.10.11-19.31.32:026][  0]LogConfig: Applying CVar settings from Section [/Script/Engine.StreamingSettings] File [D:/Git-Hub/ScreamJam/ScreamJam2019/Saved/Config/Windows/Engine.ini]
[2019.10.11-19.31.32:026][  0]LogConfig: Setting CVar [[s.MinBulkDataSizeForAsyncLoading:131072]]
[2019.10.11-19.31.32:026][  0]LogConfig: Setting CVar [[s.AsyncLoadingThreadEnabled:0]]
[2019.10.11-19.31.32:026][  0]LogConfig: Setting CVar [[s.EventDrivenLoaderEnabled:1]]
[2019.10.11-19.31.32:026][  0]LogConfig: Setting CVar [[s.WarnIfTimeLimitExceeded:0]]
[2019.10.11-19.31.32:026][  0]LogConfig: Setting CVar [[s.TimeLimitExceededMultiplier:1.5]]
[2019.10.11-19.31.32:026][  0]LogConfig: Setting CVar [[s.TimeLimitExceededMinTime:0.005]]
[2019.10.11-19.31.32:026][  0]LogConfig: Setting CVar [[s.UseBackgroundLevelStreaming:1]]
[2019.10.11-19.31.32:026][  0]LogConfig: Setting CVar [[s.PriorityAsyncLoadingExtraTime:15.0]]
[2019.10.11-19.31.32:026][  0]LogConfig: Setting CVar [[s.LevelStreamingActorsUpdateTimeLimit:5.0]]
[2019.10.11-19.31.32:026][  0]LogConfig: Setting CVar [[s.PriorityLevelStreamingActorsUpdateExtraTime:5.0]]
[2019.10.11-19.31.32:027][  0]LogConfig: Setting CVar [[s.LevelStreamingComponentsRegistrationGranularity:10]]
[2019.10.11-19.31.32:027][  0]LogConfig: Setting CVar [[s.UnregisterComponentsTimeLimit:1.0]]
[2019.10.11-19.31.32:027][  0]LogConfig: Setting CVar [[s.LevelStreamingComponentsUnregistrationGranularity:5]]
[2019.10.11-19.31.32:027][  0]LogConfig: Applying CVar settings from Section [/Script/Engine.GarbageCollectionSettings] File [D:/Git-Hub/ScreamJam/ScreamJam2019/Saved/Config/Windows/Engine.ini]
[2019.10.11-19.31.32:027][  0]LogConfig: Setting CVar [[gc.MaxObjectsNotConsideredByGC:1]]
[2019.10.11-19.31.32:027][  0]LogConfig: Setting CVar [[gc.SizeOfPermanentObjectPool:0]]
[2019.10.11-19.31.32:027][  0]LogConfig: Setting CVar [[gc.FlushStreamingOnGC:0]]
[2019.10.11-19.31.32:027][  0]LogConfig: Setting CVar [[gc.NumRetriesBeforeForcingGC:10]]
[2019.10.11-19.31.32:027][  0]LogConfig: Setting CVar [[gc.AllowParallelGC:1]]
[2019.10.11-19.31.32:027][  0]LogConfig: Setting CVar [[gc.TimeBetweenPurgingPendingKillObjects:61.1]]
[2019.10.11-19.31.32:027][  0]LogConfig: Setting CVar [[gc.MaxObjectsInEditor:16777216]]
[2019.10.11-19.31.32:027][  0]LogConfig: Setting CVar [[gc.IncrementalBeginDestroyEnabled:1]]
[2019.10.11-19.31.32:027][  0]LogConfig: Setting CVar [[gc.CreateGCClusters:1]]
[2019.10.11-19.31.32:027][  0]LogConfig: Setting CVar [[gc.MinGCClusterSize:5]]
[2019.10.11-19.31.32:027][  0]LogConfig: Setting CVar [[gc.ActorClusteringEnabled:0]]
[2019.10.11-19.31.32:027][  0]LogConfig: Setting CVar [[gc.BlueprintClusteringEnabled:0]]
[2019.10.11-19.31.32:027][  0]LogConfig: Setting CVar [[gc.UseDisregardForGCOnDedicatedServers:0]]
[2019.10.11-19.31.32:027][  0]LogConfig: Applying CVar settings from Section [/Script/Engine.NetworkSettings] File [D:/Git-Hub/ScreamJam/ScreamJam2019/Saved/Config/Windows/Engine.ini]
[2019.10.11-19.31.32:027][  0]LogConfig: Applying CVar settings from Section [/Script/UnrealEd.CookerSettings] File [D:/Git-Hub/ScreamJam/ScreamJam2019/Saved/Config/Windows/Engine.ini]
[2019.10.11-19.31.32:222][  0]LogConfig: Applying CVar settings from Section [ViewDistanceQuality@3] File [D:/Git-Hub/ScreamJam/ScreamJam2019/Saved/Config/Windows/Scalability.ini]
[2019.10.11-19.31.32:222][  0]LogConfig: Setting CVar [[r.SkeletalMeshLODBias:0]]
[2019.10.11-19.31.32:222][  0]LogConfig: Setting CVar [[r.ViewDistanceScale:1.0]]
[2019.10.11-19.31.32:222][  0]LogConfig: Applying CVar settings from Section [AntiAliasingQuality@3] File [D:/Git-Hub/ScreamJam/ScreamJam2019/Saved/Config/Windows/Scalability.ini]
[2019.10.11-19.31.32:222][  0]LogConfig: Setting CVar [[r.PostProcessAAQuality:4]]
[2019.10.11-19.31.32:222][  0]LogConfig: Applying CVar settings from Section [ShadowQuality@3] File [D:/Git-Hub/ScreamJam/ScreamJam2019/Saved/Config/Windows/Scalability.ini]
[2019.10.11-19.31.32:222][  0]LogConfig: Setting CVar [[r.LightFunctionQuality:1]]
[2019.10.11-19.31.32:222][  0]LogConfig: Setting CVar [[r.ShadowQuality:5]]
[2019.10.11-19.31.32:222][  0]LogConfig: Setting CVar [[r.Shadow.CSM.MaxCascades:10]]
[2019.10.11-19.31.32:222][  0]LogConfig: Setting CVar [[r.Shadow.MaxResolution:2048]]
[2019.10.11-19.31.32:222][  0]LogConfig: Setting CVar [[r.Shadow.MaxCSMResolution:2048]]
[2019.10.11-19.31.32:222][  0]LogConfig: Setting CVar [[r.Shadow.RadiusThreshold:0.01]]
[2019.10.11-19.31.32:222][  0]LogConfig: Setting CVar [[r.Shadow.DistanceScale:1.0]]
[2019.10.11-19.31.32:222][  0]LogConfig: Setting CVar [[r.Shadow.CSM.TransitionScale:1.0]]
[2019.10.11-19.31.32:222][  0]LogConfig: Setting CVar [[r.Shadow.PreShadowResolutionFactor:1.0]]
[2019.10.11-19.31.32:222][  0]LogConfig: Setting CVar [[r.DistanceFieldShadowing:1]]
[2019.10.11-19.31.32:223][  0]LogConfig: Setting CVar [[r.DistanceFieldAO:1]]
[2019.10.11-19.31.32:223][  0]LogConfig: Setting CVar [[r.AOQuality:2]]
[2019.10.11-19.31.32:223][  0]LogConfig: Setting CVar [[r.VolumetricFog:1]]
[2019.10.11-19.31.32:223][  0]LogConfig: Setting CVar [[r.VolumetricFog.GridPixelSize:8]]
[2019.10.11-19.31.32:223][  0]LogConfig: Setting CVar [[r.VolumetricFog.GridSizeZ:128]]
[2019.10.11-19.31.32:223][  0]LogConfig: Setting CVar [[r.VolumetricFog.HistoryMissSupersampleCount:4]]
[2019.10.11-19.31.32:223][  0]LogConfig: Setting CVar [[r.LightMaxDrawDistanceScale:1]]
[2019.10.11-19.31.32:223][  0]LogConfig: Setting CVar [[r.CapsuleShadows:1]]
[2019.10.11-19.31.32:223][  0]LogConfig: Applying CVar settings from Section [PostProcessQuality@3] File [D:/Git-Hub/ScreamJam/ScreamJam2019/Saved/Config/Windows/Scalability.ini]
[2019.10.11-19.31.32:223][  0]LogConfig: Setting CVar [[r.MotionBlurQuality:4]]
[2019.10.11-19.31.32:223][  0]LogConfig: Setting CVar [[r.AmbientOcclusionMipLevelFactor:0.4]]
[2019.10.11-19.31.32:223][  0]LogConfig: Setting CVar [[r.AmbientOcclusionMaxQuality:100]]
[2019.10.11-19.31.32:223][  0]LogConfig: Setting CVar [[r.AmbientOcclusionLevels:-1]]
[2019.10.11-19.31.32:223][  0]LogConfig: Setting CVar [[r.AmbientOcclusionRadiusScale:1.0]]
[2019.10.11-19.31.32:223][  0]LogConfig: Setting CVar [[r.DepthOfFieldQuality:2]]
[2019.10.11-19.31.32:223][  0]LogConfig: Setting CVar [[r.RenderTargetPoolMin:400]]
[2019.10.11-19.31.32:223][  0]LogConfig: Setting CVar [[r.LensFlareQuality:2]]
[2019.10.11-19.31.32:223][  0]LogConfig: Setting CVar [[r.SceneColorFringeQuality:1]]
[2019.10.11-19.31.32:223][  0]LogConfig: Setting CVar [[r.EyeAdaptationQuality:2]]
[2019.10.11-19.31.32:223][  0]LogConfig: Setting CVar [[r.BloomQuality:5]]
[2019.10.11-19.31.32:223][  0]LogConfig: Setting CVar [[r.FastBlurThreshold:100]]
[2019.10.11-19.31.32:223][  0]LogConfig: Setting CVar [[r.Upscale.Quality:3]]
[2019.10.11-19.31.32:223][  0]LogConfig: Setting CVar [[r.Tonemapper.GrainQuantization:1]]
[2019.10.11-19.31.32:223][  0]LogConfig: Setting CVar [[r.LightShaftQuality:1]]
[2019.10.11-19.31.32:223][  0]LogConfig: Setting CVar [[r.Filter.SizeScale:1]]
[2019.10.11-19.31.32:223][  0]LogConfig: Setting CVar [[r.Tonemapper.Quality:5]]
[2019.10.11-19.31.32:223][  0]LogConfig: Setting CVar [[r.DOF.Gather.AccumulatorQuality:1        ; higher gathering accumulator quality]]
[2019.10.11-19.31.32:223][  0]LogConfig: Setting CVar [[r.DOF.Gather.PostfilterMethod:1          ; Median3x3 postfilering method]]
[2019.10.11-19.31.32:223][  0]LogConfig: Setting CVar [[r.DOF.Gather.EnableBokehSettings:0       ; no bokeh simulation when gathering]]
[2019.10.11-19.31.32:223][  0]LogConfig: Setting CVar [[r.DOF.Gather.RingCount:4                 ; medium number of samples when gathering]]
[2019.10.11-19.31.32:223][  0]LogConfig: Setting CVar [[r.DOF.Scatter.ForegroundCompositing:1    ; additive foreground scattering]]
[2019.10.11-19.31.32:223][  0]LogConfig: Setting CVar [[r.DOF.Scatter.BackgroundCompositing:2    ; additive background scattering]]
[2019.10.11-19.31.32:223][  0]LogConfig: Setting CVar [[r.DOF.Scatter.EnableBokehSettings:1      ; bokeh simulation when scattering]]
[2019.10.11-19.31.32:223][  0]LogConfig: Setting CVar [[r.DOF.Scatter.MaxSpriteRatio:0.1         ; only a maximum of 10% of scattered bokeh]]
[2019.10.11-19.31.32:223][  0]LogConfig: Setting CVar [[r.DOF.Recombine.Quality:1                ; cheap slight out of focus]]
[2019.10.11-19.31.32:223][  0]LogConfig: Setting CVar [[r.DOF.Recombine.EnableBokehSettings:0    ; no bokeh simulation on slight out of focus]]
[2019.10.11-19.31.32:223][  0]LogConfig: Setting CVar [[r.DOF.TemporalAAQuality:1                ; more stable temporal accumulation]]
[2019.10.11-19.31.32:223][  0]LogConfig: Setting CVar [[r.DOF.Kernel.MaxForegroundRadius:0.025]]
[2019.10.11-19.31.32:223][  0]LogConfig: Setting CVar [[r.DOF.Kernel.MaxBackgroundRadius:0.025]]
[2019.10.11-19.31.32:223][  0]LogConfig: Applying CVar settings from Section [TextureQuality@3] File [D:/Git-Hub/ScreamJam/ScreamJam2019/Saved/Config/Windows/Scalability.ini]
[2019.10.11-19.31.32:223][  0]LogConfig: Setting CVar [[r.Streaming.MipBias:0]]
[2019.10.11-19.31.32:223][  0]LogConfig: Setting CVar [[r.Streaming.AmortizeCPUToGPUCopy:0]]
[2019.10.11-19.31.32:223][  0]LogConfig: Setting CVar [[r.Streaming.MaxNumTexturesToStreamPerFrame:0]]
[2019.10.11-19.31.32:223][  0]LogConfig: Setting CVar [[r.Streaming.Boost:1]]
[2019.10.11-19.31.32:224][  0]LogConfig: Setting CVar [[r.MaxAnisotropy:8]]
[2019.10.11-19.31.32:224][  0]LogConfig: Setting CVar [[r.Streaming.LimitPoolSizeToVRAM:0]]
[2019.10.11-19.31.32:224][  0]LogConfig: Setting CVar [[r.Streaming.PoolSize:1000]]
[2019.10.11-19.31.32:224][  0]LogConfig: Setting CVar [[r.Streaming.MaxEffectiveScreenSize:0]]
[2019.10.11-19.31.32:224][  0]LogConfig: Applying CVar settings from Section [EffectsQuality@3] File [D:/Git-Hub/ScreamJam/ScreamJam2019/Saved/Config/Windows/Scalability.ini]
[2019.10.11-19.31.32:224][  0]LogConfig: Setting CVar [[r.TranslucencyLightingVolumeDim:64]]
[2019.10.11-19.31.32:224][  0]LogConfig: Setting CVar [[r.RefractionQuality:2]]
[2019.10.11-19.31.32:224][  0]LogConfig: Setting CVar [[r.SSR.Quality:3]]
[2019.10.11-19.31.32:224][  0]LogConfig: Setting CVar [[r.SceneColorFormat:4]]
[2019.10.11-19.31.32:224][  0]LogConfig: Setting CVar [[r.DetailMode:2]]
[2019.10.11-19.31.32:224][  0]LogConfig: Setting CVar [[r.TranslucencyVolumeBlur:1]]
[2019.10.11-19.31.32:224][  0]LogConfig: Setting CVar [[r.MaterialQualityLevel:1 ; High quality]]
[2019.10.11-19.31.32:224][  0]LogConfig: Setting CVar [[r.SSS.Scale:1]]
[2019.10.11-19.31.32:224][  0]LogConfig: Setting CVar [[r.SSS.SampleSet:2]]
[2019.10.11-19.31.32:224][  0]LogConfig: Setting CVar [[r.SSS.Quality:1]]
[2019.10.11-19.31.32:224][  0]LogConfig: Setting CVar [[r.SSS.HalfRes:1]]
[2019.10.11-19.31.32:224][  0]LogConfig: Setting CVar [[r.EmitterSpawnRateScale:1.0]]
[2019.10.11-19.31.32:224][  0]LogConfig: Setting CVar [[r.ParticleLightQuality:2]]
[2019.10.11-19.31.32:224][  0]LogConfig: Applying CVar settings from Section [FoliageQuality@3] File [D:/Git-Hub/ScreamJam/ScreamJam2019/Saved/Config/Windows/Scalability.ini]
[2019.10.11-19.31.32:224][  0]LogConfig: Setting CVar [[foliage.DensityScale:1.0]]
[2019.10.11-19.31.32:224][  0]LogConfig: Setting CVar [[grass.DensityScale:1.0]]
[2019.10.11-19.31.32:252][  0]LogInit: Selected Device Profile: [Windows]
[2019.10.11-19.31.32:269][  0]LogInit: Applying CVar settings loaded from the selected device profile: [Windows]
[2019.10.11-19.31.32:517][  0]LogHAL: Display: Platform has ~ 16 GB [17066565632 / 17179869184 / 16], which maps to Larger [LargestMinGB=32, LargerMinGB=12, DefaultMinGB=8, SmallerMinGB=6, SmallestMinGB=0)
[2019.10.11-19.31.32:518][  0]LogConfig: Setting CVar [[r.Vulkan.UseRealUBs:0		; Required until we fix HLR fall-out]]
[2019.10.11-19.31.32:518][  0]LogInit: Going up to parent DeviceProfile []
[2019.10.11-19.31.32:519][  0]LogConfig: Applying CVar settings from Section [ViewDistanceQuality@Cine] File [D:/Git-Hub/ScreamJam/ScreamJam2019/Saved/Config/Windows/Scalability.ini]
[2019.10.11-19.31.32:519][  0]LogConfig: Setting CVar [[r.SkeletalMeshLODBias:0]]
[2019.10.11-19.31.32:519][  0]LogConfig: Setting CVar [[r.ViewDistanceScale:10.0]]
[2019.10.11-19.31.32:519][  0]LogConfig: Applying CVar settings from Section [AntiAliasingQuality@Cine] File [D:/Git-Hub/ScreamJam/ScreamJam2019/Saved/Config/Windows/Scalability.ini]
[2019.10.11-19.31.32:519][  0]LogConfig: Setting CVar [[r.PostProcessAAQuality:6]]
[2019.10.11-19.31.32:519][  0]LogConfig: Applying CVar settings from Section [ShadowQuality@Cine] File [D:/Git-Hub/ScreamJam/ScreamJam2019/Saved/Config/Windows/Scalability.ini]
[2019.10.11-19.31.32:519][  0]LogConfig: Setting CVar [[r.LightFunctionQuality:1]]
[2019.10.11-19.31.32:519][  0]LogConfig: Setting CVar [[r.ShadowQuality:5]]
[2019.10.11-19.31.32:519][  0]LogConfig: Setting CVar [[r.Shadow.CSM.MaxCascades:10]]
[2019.10.11-19.31.32:519][  0]LogConfig: Setting CVar [[r.Shadow.MaxResolution:4096]]
[2019.10.11-19.31.32:519][  0]LogConfig: Setting CVar [[r.Shadow.MaxCSMResolution:4096]]
[2019.10.11-19.31.32:520][  0]LogConfig: Setting CVar [[r.Shadow.RadiusThreshold:0]]
[2019.10.11-19.31.32:520][  0]LogConfig: Setting CVar [[r.Shadow.DistanceScale:1.0]]
[2019.10.11-19.31.32:520][  0]LogConfig: Setting CVar [[r.Shadow.CSM.TransitionScale:1.0]]
[2019.10.11-19.31.32:520][  0]LogConfig: Setting CVar [[r.Shadow.PreShadowResolutionFactor:1.0]]
[2019.10.11-19.31.32:520][  0]LogConfig: Setting CVar [[r.DistanceFieldShadowing:1]]
[2019.10.11-19.31.32:520][  0]LogConfig: Setting CVar [[r.DistanceFieldAO:1]]
[2019.10.11-19.31.32:520][  0]LogConfig: Setting CVar [[r.AOQuality:2]]
[2019.10.11-19.31.32:520][  0]LogConfig: Setting CVar [[r.VolumetricFog:1]]
[2019.10.11-19.31.32:520][  0]LogConfig: Setting CVar [[r.VolumetricFog.GridPixelSize:4]]
[2019.10.11-19.31.32:520][  0]LogConfig: Setting CVar [[r.VolumetricFog.GridSizeZ:128]]
[2019.10.11-19.31.32:520][  0]LogConfig: Setting CVar [[r.VolumetricFog.HistoryMissSupersampleCount:16]]
[2019.10.11-19.31.32:520][  0]LogConfig: Setting CVar [[r.LightMaxDrawDistanceScale:1]]
[2019.10.11-19.31.32:520][  0]LogConfig: Setting CVar [[r.CapsuleShadows:1]]
[2019.10.11-19.31.32:520][  0]LogConfig: Applying CVar settings from Section [PostProcessQuality@Cine] File [D:/Git-Hub/ScreamJam/ScreamJam2019/Saved/Config/Windows/Scalability.ini]
[2019.10.11-19.31.32:520][  0]LogConfig: Setting CVar [[r.MotionBlurQuality:4]]
[2019.10.11-19.31.32:520][  0]LogConfig: Setting CVar [[r.AmbientOcclusionMipLevelFactor:0.4]]
[2019.10.11-19.31.32:520][  0]LogConfig: Setting CVar [[r.AmbientOcclusionMaxQuality:100]]
[2019.10.11-19.31.32:520][  0]LogConfig: Setting CVar [[r.AmbientOcclusionLevels:-1]]
[2019.10.11-19.31.32:520][  0]LogConfig: Setting CVar [[r.AmbientOcclusionRadiusScale:1.0]]
[2019.10.11-19.31.32:520][  0]LogConfig: Setting CVar [[r.DepthOfFieldQuality:4]]
[2019.10.11-19.31.32:520][  0]LogConfig: Setting CVar [[r.RenderTargetPoolMin:1000]]
[2019.10.11-19.31.32:520][  0]LogConfig: Setting CVar [[r.LensFlareQuality:3]]
[2019.10.11-19.31.32:520][  0]LogConfig: Setting CVar [[r.SceneColorFringeQuality:1]]
[2019.10.11-19.31.32:520][  0]LogConfig: Setting CVar [[r.EyeAdaptationQuality:2]]
[2019.10.11-19.31.32:520][  0]LogConfig: Setting CVar [[r.BloomQuality:5]]
[2019.10.11-19.31.32:520][  0]LogConfig: Setting CVar [[r.FastBlurThreshold:100]]
[2019.10.11-19.31.32:520][  0]LogConfig: Setting CVar [[r.Upscale.Quality:3]]
[2019.10.11-19.31.32:520][  0]LogConfig: Setting CVar [[r.Tonemapper.GrainQuantization:1]]
[2019.10.11-19.31.32:520][  0]LogConfig: Setting CVar [[r.LightShaftQuality:1]]
[2019.10.11-19.31.32:520][  0]LogConfig: Setting CVar [[r.Filter.SizeScale:1]]
[2019.10.11-19.31.32:520][  0]LogConfig: Setting CVar [[r.Tonemapper.Quality:5]]
[2019.10.11-19.31.32:520][  0]LogConfig: Setting CVar [[r.DOF.Gather.AccumulatorQuality:1        ; higher gathering accumulator quality]]
[2019.10.11-19.31.32:520][  0]LogConfig: Setting CVar [[r.DOF.Gather.PostfilterMethod:1          ; Median3x3 postfilering method]]
[2019.10.11-19.31.32:520][  0]LogConfig: Setting CVar [[r.DOF.Gather.EnableBokehSettings:1       ; bokeh simulation when gathering]]
[2019.10.11-19.31.32:520][  0]LogConfig: Setting CVar [[r.DOF.Gather.RingCount:5                 ; high number of samples when gathering]]
[2019.10.11-19.31.32:520][  0]LogConfig: Setting CVar [[r.DOF.Scatter.ForegroundCompositing:1    ; additive foreground scattering]]
[2019.10.11-19.31.32:520][  0]LogConfig: Setting CVar [[r.DOF.Scatter.BackgroundCompositing:2    ; background scattering occlusion]]
[2019.10.11-19.31.32:520][  0]LogConfig: Setting CVar [[r.DOF.Scatter.EnableBokehSettings:1      ; no bokeh simulation when scattering]]
[2019.10.11-19.31.32:520][  0]LogConfig: Setting CVar [[r.DOF.Scatter.MaxSpriteRatio:0.1         ; only a maximum of 10% of scattered bokeh]]
[2019.10.11-19.31.32:520][  0]LogConfig: Setting CVar [[r.DOF.Recombine.Quality:2                ; highest slight out of focus]]
[2019.10.11-19.31.32:520][  0]LogConfig: Setting CVar [[r.DOF.Recombine.EnableBokehSettings:1    ; bokeh simulation on slight out of focus]]
[2019.10.11-19.31.32:520][  0]LogConfig: Setting CVar [[r.DOF.TemporalAAQuality:1                ; more stable temporal accumulation]]
[2019.10.11-19.31.32:520][  0]LogConfig: Setting CVar [[r.DOF.Kernel.MaxForegroundRadius:0.025]]
[2019.10.11-19.31.32:520][  0]LogConfig: Setting CVar [[r.DOF.Kernel.MaxBackgroundRadius:0.025]]
[2019.10.11-19.31.32:520][  0]LogConfig: Applying CVar settings from Section [TextureQuality@Cine] File [D:/Git-Hub/ScreamJam/ScreamJam2019/Saved/Config/Windows/Scalability.ini]
[2019.10.11-19.31.32:520][  0]LogConfig: Setting CVar [[r.Streaming.MipBias:0]]
[2019.10.11-19.31.32:520][  0]LogConfig: Setting CVar [[r.Streaming.AmortizeCPUToGPUCopy:0]]
[2019.10.11-19.31.32:520][  0]LogConfig: Setting CVar [[r.Streaming.MaxNumTexturesToStreamPerFrame:0]]
[2019.10.11-19.31.32:521][  0]LogConfig: Setting CVar [[r.Streaming.Boost:1]]
[2019.10.11-19.31.32:521][  0]LogConfig: Setting CVar [[r.MaxAnisotropy:8]]
[2019.10.11-19.31.32:521][  0]LogConfig: Setting CVar [[r.Streaming.LimitPoolSizeToVRAM:0]]
[2019.10.11-19.31.32:521][  0]LogConfig: Setting CVar [[r.Streaming.PoolSize:3000]]
[2019.10.11-19.31.32:521][  0]LogConfig: Setting CVar [[r.Streaming.MaxEffectiveScreenSize:0]]
[2019.10.11-19.31.32:521][  0]LogConfig: Applying CVar settings from Section [EffectsQuality@Cine] File [D:/Git-Hub/ScreamJam/ScreamJam2019/Saved/Config/Windows/Scalability.ini]
[2019.10.11-19.31.32:521][  0]LogConfig: Setting CVar [[r.TranslucencyLightingVolumeDim:64]]
[2019.10.11-19.31.32:521][  0]LogConfig: Setting CVar [[r.RefractionQuality:2]]
[2019.10.11-19.31.32:521][  0]LogConfig: Setting CVar [[r.SSR.Quality:4]]
[2019.10.11-19.31.32:521][  0]LogConfig: Setting CVar [[r.SceneColorFormat:4]]
[2019.10.11-19.31.32:521][  0]LogConfig: Setting CVar [[r.DetailMode:2]]
[2019.10.11-19.31.32:521][  0]LogConfig: Setting CVar [[r.TranslucencyVolumeBlur:1]]
[2019.10.11-19.31.32:521][  0]LogConfig: Setting CVar [[r.MaterialQualityLevel:1 ; High quality]]
[2019.10.11-19.31.32:521][  0]LogConfig: Setting CVar [[r.SSS.Scale:1]]
[2019.10.11-19.31.32:521][  0]LogConfig: Setting CVar [[r.SSS.SampleSet:2]]
[2019.10.11-19.31.32:521][  0]LogConfig: Setting CVar [[r.SSS.Quality:1]]
[2019.10.11-19.31.32:521][  0]LogConfig: Setting CVar [[r.SSS.HalfRes:0]]
[2019.10.11-19.31.32:521][  0]LogConfig: Setting CVar [[r.EmitterSpawnRateScale:1.0]]
[2019.10.11-19.31.32:521][  0]LogConfig: Setting CVar [[r.ParticleLightQuality:2]]
[2019.10.11-19.31.32:521][  0]LogConfig: Applying CVar settings from Section [FoliageQuality@Cine] File [D:/Git-Hub/ScreamJam/ScreamJam2019/Saved/Config/Windows/Scalability.ini]
[2019.10.11-19.31.32:521][  0]LogConfig: Setting CVar [[foliage.DensityScale:1.0]]
[2019.10.11-19.31.32:521][  0]LogConfig: Setting CVar [[grass.DensityScale:1.0]]
[2019.10.11-19.31.32:521][  0]LogConfig: Applying CVar settings from Section [Startup] File [../../../Engine/Config/ConsoleVariables.ini]
[2019.10.11-19.31.32:522][  0]LogConfig: Setting CVar [[net.UseAdaptiveNetUpdateFrequency:0]]
[2019.10.11-19.31.32:522][  0]LogConfig: Setting CVar [[p.chaos.AllowCreatePhysxBodies:1]]
[2019.10.11-19.31.32:522][  0]LogConfig: Applying CVar settings from Section [ConsoleVariables] File [D:/Git-Hub/ScreamJam/ScreamJam2019/Saved/Config/Windows/Engine.ini]
[2019.10.11-19.31.32:561][  0]LogInit: Computer: USERCUS-L1S4TLS
[2019.10.11-19.31.32:561][  0]LogInit: User: Will
[2019.10.11-19.31.32:561][  0]LogInit: CPU Page size=4096, Cores=4
[2019.10.11-19.31.32:561][  0]LogInit: High frequency timer resolution =10.000000 MHz
[2019.10.11-19.31.32:571][  0]LogMemory: Memory total: Physical=15.9GB (16GB approx)
[2019.10.11-19.31.32:571][  0]LogMemory: Platform Memory Stats for Windows
[2019.10.11-19.31.32:571][  0]LogMemory: Process Physical Memory: 97.27 MB used, 97.27 MB peak
[2019.10.11-19.31.32:571][  0]LogMemory: Process Virtual Memory: 89.30 MB used, 89.30 MB peak
[2019.10.11-19.31.32:571][  0]LogMemory: Physical Memory: 10986.81 MB used,  5289.13 MB free, 16275.95 MB total
[2019.10.11-19.31.32:571][  0]LogMemory: Virtual Memory: 4627.91 MB used,  134213096.00 MB free, 134217728.00 MB total
[2019.10.11-19.31.34:218][  0]LogInit: Using OS detected language (en-GB).
[2019.10.11-19.31.34:218][  0]LogInit: Using OS detected locale (en-GB).
[2019.10.11-19.31.34:331][  0]LogTextLocalizationManager: No specific localization for 'en-GB' exists, so the 'en' localization will be used.
[2019.10.11-19.31.35:227][  0]LogInit: Setting process to per monitor DPI aware
[2019.10.11-19.31.35:902][  0]LogSlate: New Slate User Created.  User Index 0, Is Virtual User: 0
[2019.10.11-19.31.35:902][  0]LogSlate: Slate User Registered.  User Index 0, Is Virtual User: 0
[2019.10.11-19.31.37:064][  0]LogHMD: Failed to initialize OpenVR with code 110
[2019.10.11-19.31.37:065][  0]LogD3D11RHI: D3D11 adapters:
[2019.10.11-19.31.37:380][  0]LogD3D11RHI:    0. 'NVIDIA GeForce GTX 1080 Ti' (Feature Level 11_0)
[2019.10.11-19.31.37:380][  0]LogD3D11RHI:       11127/0/8137 MB DedicatedVideo/DedicatedSystem/SharedSystem, Outputs:1, VendorId:0x10de
[2019.10.11-19.31.37:516][  0]LogD3D11RHI:    1. 'Intel(R) HD Graphics 630' (Feature Level 11_0)
[2019.10.11-19.31.37:516][  0]LogD3D11RHI:       128/0/8137 MB DedicatedVideo/DedicatedSystem/SharedSystem, Outputs:1, VendorId:0x8086
[2019.10.11-19.31.37:590][  0]LogD3D11RHI:    2. 'Microsoft Basic Render Driver' (Feature Level 11_0)
[2019.10.11-19.31.37:591][  0]LogD3D11RHI:       0/0/8137 MB DedicatedVideo/DedicatedSystem/SharedSystem, Outputs:0, VendorId:0x1414
[2019.10.11-19.31.37:591][  0]LogD3D11RHI: Chosen D3D11 Adapter: 0
[2019.10.11-19.31.37:610][  0]LogD3D11RHI: Creating new Direct3DDevice
[2019.10.11-19.31.37:610][  0]LogD3D11RHI:     GPU DeviceId: 0x1b06 (for the marketing name, search the web for "GPU Device Id")
[2019.10.11-19.31.37:610][  0]LogWindows: EnumDisplayDevices:
[2019.10.11-19.31.37:610][  0]LogWindows:    0. 'NVIDIA GeForce GTX 1080 Ti' (P:1 D:1)
[2019.10.11-19.31.37:611][  0]LogWindows:    1. 'NVIDIA GeForce GTX 1080 Ti' (P:0 D:0)
[2019.10.11-19.31.37:611][  0]LogWindows:    2. 'NVIDIA GeForce GTX 1080 Ti' (P:0 D:0)
[2019.10.11-19.31.37:612][  0]LogWindows:    3. 'NVIDIA GeForce GTX 1080 Ti' (P:0 D:0)
[2019.10.11-19.31.37:612][  0]LogWindows:    4. 'Intel(R) HD Graphics 630' (P:0 D:1)
[2019.10.11-19.31.37:613][  0]LogWindows:    5. 'Intel(R) HD Graphics 630' (P:0 D:0)
[2019.10.11-19.31.37:613][  0]LogWindows: DebugString: PrimaryIsNotTheChoosenAdapter PrimaryIsNotTheChoosenAdapter FoundDriverCount:4 
[2019.10.11-19.31.37:613][  0]LogD3D11RHI:     Adapter Name: NVIDIA GeForce GTX 1080 Ti
[2019.10.11-19.31.37:613][  0]LogD3D11RHI:   Driver Version: 436.30 (internal:26.21.14.3630, unified:436.30)
[2019.10.11-19.31.37:613][  0]LogD3D11RHI:      Driver Date: 9-5-2019
[2019.10.11-19.31.37:613][  0]LogRHI: Texture pool is 7788 MB (70% of 11127 MB)
[2019.10.11-19.31.37:747][  0]LogD3D11RHI: Async texture creation enabled
[2019.10.11-19.31.38:134][  0]LogRendererCore: FGlobalReadBuffer::InitRHI
[2019.10.11-19.31.38:148][  0]LogRendererCore: FGlobalReadBuffer::InitRHI
[2019.10.11-19.31.38:148][  0]LogRendererCore: FGlobalReadBuffer::InitRHI
[2019.10.11-19.31.38:172][  0]LogD3D11RHI: GPU Timing Frequency: 1000.000000 (Debug: 2 0)
[2019.10.11-19.31.39:537][  0]LogTemp: Display: Module 'AllDesktopTargetPlatform' loaded TargetPlatform 'AllDesktop'
[2019.10.11-19.31.39:612][  0]LogTemp: Display: Module 'MacClientTargetPlatform' loaded TargetPlatform 'MacClient'
[2019.10.11-19.31.39:640][  0]LogTemp: Display: Module 'MacNoEditorTargetPlatform' loaded TargetPlatform 'MacNoEditor'
[2019.10.11-19.31.39:693][  0]LogTemp: Display: Module 'MacServerTargetPlatform' loaded TargetPlatform 'MacServer'
[2019.10.11-19.31.39:750][  0]LogTemp: Display: Module 'MacTargetPlatform' loaded TargetPlatform 'Mac'
[2019.10.11-19.31.39:807][  0]LogTemp: Display: Module 'WindowsClientTargetPlatform' loaded TargetPlatform 'WindowsClient'
[2019.10.11-19.31.39:850][  0]LogTemp: Display: Module 'WindowsNoEditorTargetPlatform' loaded TargetPlatform 'WindowsNoEditor'
[2019.10.11-19.31.39:888][  0]LogTemp: Display: Module 'WindowsServerTargetPlatform' loaded TargetPlatform 'WindowsServer'
[2019.10.11-19.31.39:913][  0]LogTemp: Display: Module 'WindowsTargetPlatform' loaded TargetPlatform 'Windows'
[2019.10.11-19.31.40:100][  0]LogTemp: Display: Module 'AndroidTargetPlatform' loaded TargetPlatform 'Android'
[2019.10.11-19.31.40:100][  0]LogTemp: Display: Module 'AndroidTargetPlatform' loaded TargetPlatform 'Android_ASTC'
[2019.10.11-19.31.40:100][  0]LogTemp: Display: Module 'AndroidTargetPlatform' loaded TargetPlatform 'Android_ATC'
[2019.10.11-19.31.40:100][  0]LogTemp: Display: Module 'AndroidTargetPlatform' loaded TargetPlatform 'Android_DXT'
[2019.10.11-19.31.40:100][  0]LogTemp: Display: Module 'AndroidTargetPlatform' loaded TargetPlatform 'Android_ETC1'
[2019.10.11-19.31.40:100][  0]LogTemp: Display: Module 'AndroidTargetPlatform' loaded TargetPlatform 'Android_ETC1a'
[2019.10.11-19.31.40:100][  0]LogTemp: Display: Module 'AndroidTargetPlatform' loaded TargetPlatform 'Android_ETC2'
[2019.10.11-19.31.40:100][  0]LogTemp: Display: Module 'AndroidTargetPlatform' loaded TargetPlatform 'Android_PVRTC'
[2019.10.11-19.31.40:100][  0]LogTemp: Display: Module 'AndroidTargetPlatform' loaded TargetPlatform 'AndroidClient'
[2019.10.11-19.31.40:100][  0]LogTemp: Display: Module 'AndroidTargetPlatform' loaded TargetPlatform 'Android_ASTCClient'
[2019.10.11-19.31.40:100][  0]LogTemp: Display: Module 'AndroidTargetPlatform' loaded TargetPlatform 'Android_ATCClient'
[2019.10.11-19.31.40:101][  0]LogTemp: Display: Module 'AndroidTargetPlatform' loaded TargetPlatform 'Android_DXTClient'
[2019.10.11-19.31.40:101][  0]LogTemp: Display: Module 'AndroidTargetPlatform' loaded TargetPlatform 'Android_ETC1Client'
[2019.10.11-19.31.40:101][  0]LogTemp: Display: Module 'AndroidTargetPlatform' loaded TargetPlatform 'Android_ETC1aClient'
[2019.10.11-19.31.40:101][  0]LogTemp: Display: Module 'AndroidTargetPlatform' loaded TargetPlatform 'Android_ETC2Client'
[2019.10.11-19.31.40:101][  0]LogTemp: Display: Module 'AndroidTargetPlatform' loaded TargetPlatform 'Android_PVRTCClient'
[2019.10.11-19.31.40:101][  0]LogTemp: Display: Module 'AndroidTargetPlatform' loaded TargetPlatform 'Android_Multi'
[2019.10.11-19.31.40:101][  0]LogTemp: Display: Module 'AndroidTargetPlatform' loaded TargetPlatform 'Android_MultiClient'
[2019.10.11-19.31.40:109][  0]LogTemp: Display: Module 'HTML5TargetPlatform' loaded TargetPlatform 'HTML5'
[2019.10.11-19.31.40:328][  0]LogTemp: Display: Module 'IOSTargetPlatform' loaded TargetPlatform 'IOSClient'
[2019.10.11-19.31.40:328][  0]LogTemp: Display: Module 'IOSTargetPlatform' loaded TargetPlatform 'IOS'
[2019.10.11-19.31.40:402][  0]LogTemp: Display: Module 'TVOSTargetPlatform' loaded TargetPlatform 'TVOSClient'
[2019.10.11-19.31.40:402][  0]LogTemp: Display: Module 'TVOSTargetPlatform' loaded TargetPlatform 'TVOS'
[2019.10.11-19.31.40:459][  0]LogTemp: Display: Module 'LinuxClientTargetPlatform' loaded TargetPlatform 'LinuxClient'
[2019.10.11-19.31.40:500][  0]LogTemp: Display: Module 'LinuxNoEditorTargetPlatform' loaded TargetPlatform 'LinuxNoEditor'
[2019.10.11-19.31.40:536][  0]LogTemp: Display: Module 'LinuxServerTargetPlatform' loaded TargetPlatform 'LinuxServer'
[2019.10.11-19.31.40:586][  0]LogTemp: Display: Module 'LinuxTargetPlatform' loaded TargetPlatform 'Linux'
[2019.10.11-19.31.40:719][  0]LogTemp: Display: Module 'LuminTargetPlatform' loaded TargetPlatform 'Lumin'
[2019.10.11-19.31.40:719][  0]LogTemp: Display: Module 'LuminTargetPlatform' loaded TargetPlatform 'LuminClient'
[2019.10.11-19.31.40:719][  0]LogTargetPlatformManager: Display: Building Assets For Windows
[2019.10.11-19.31.40:917][  0]LogAudioDebug: Display: Lib vorbis DLL was dynamically loaded.
[2019.10.11-19.31.41:494][  0]LogShaderCompilers: Guid format shader working directory is -3 characters bigger than the processId version (../../../../../../Git-Hub/ScreamJam/ScreamJam2019/Intermediate/Shaders/WorkingDirectory/956/).
[2019.10.11-19.31.41:495][  0]LogShaderCompilers: Cleaned the shader compiler working directory 'C:/Users/Will/AppData/Local/Temp/UnrealShaderWorkingDir/836976BD4C4A3D4D8C2FE7AA6DAFA2D0/'.
[2019.10.11-19.31.41:503][  0]LogXGEController: Cannot use XGE Controller as Incredibuild is not installed on this machine.
[2019.10.11-19.31.41:504][  0]LogShaderCompilers: Cannot use XGE Shader Compiler as Incredibuild is not installed on this machine.
[2019.10.11-19.31.41:504][  0]LogShaderCompilers: Display: Using Local Shader Compiler.
[2019.10.11-19.31.44:103][  0]LogDerivedDataCache: Display: Max Cache Size: 512 MB
[2019.10.11-19.31.44:605][  0]LogDerivedDataCache: Loaded boot cache 0.50s 71MB C:/Users/Will/AppData/Local/UnrealEngine/4.22/DerivedDataCache/Boot.ddc.
[2019.10.11-19.31.44:605][  0]LogDerivedDataCache: Display: Loaded Boot cache: C:/Users/Will/AppData/Local/UnrealEngine/4.22/DerivedDataCache/Boot.ddc
[2019.10.11-19.31.44:606][  0]LogDerivedDataCache: FDerivedDataBackendGraph:  Pak pak cache file ../../../../../../Git-Hub/ScreamJam/ScreamJam2019/DerivedDataCache/DDC.ddp not found, will not use a pak cache.
[2019.10.11-19.31.44:606][  0]LogDerivedDataCache: Unable to find inner node Pak for hierarchical cache Hierarchy.
[2019.10.11-19.31.44:606][  0]LogDerivedDataCache: FDerivedDataBackendGraph:  CompressedPak pak cache file ../../../../../../Git-Hub/ScreamJam/ScreamJam2019/DerivedDataCache/Compressed.ddp not found, will not use a pak cache.
[2019.10.11-19.31.44:606][  0]LogDerivedDataCache: Unable to find inner node CompressedPak for hierarchical cache Hierarchy.
[2019.10.11-19.31.44:671][  0]LogDerivedDataCache: Display: Pak cache opened for reading ../../../Engine/DerivedDataCache/Compressed.ddp.
[2019.10.11-19.31.44:671][  0]LogDerivedDataCache: FDerivedDataBackendGraph:  EnterprisePak pak cache file ../../../Enterprise/DerivedDataCache/Compressed.ddp not found, will not use a pak cache.
[2019.10.11-19.31.44:671][  0]LogDerivedDataCache: Unable to find inner node EnterprisePak for hierarchical cache Hierarchy.
[2019.10.11-19.31.44:685][  0]LogDerivedDataCache: Using Local data cache path C:/Users/Will/AppData/Local/UnrealEngine/Common/DerivedDataCache: Writable
[2019.10.11-19.31.44:685][  0]LogDerivedDataCache: Shared data cache path not found in *engine.ini, will not use an Shared cache.
[2019.10.11-19.31.44:685][  0]LogDerivedDataCache: Unable to find inner node Shared for hierarchical cache Hierarchy.
[2019.10.11-19.31.44:777][  0]LogMaterial: Verifying Global Shaders for PCD3D_SM5
[2019.10.11-19.31.44:863][  0]LogSlate: Using FreeType 2.6.0
[2019.10.11-19.31.44:934][  0]LogSlate: SlateFontServices - WITH_FREETYPE: 1, WITH_HARFBUZZ: 1
[2019.10.11-19.31.45:744][  0]LogAssetRegistry: FAssetRegistry took 0.0874 seconds to start up
[2019.10.11-19.31.50:818][  0]LogInit: Selected Device Profile: [Windows]
[2019.10.11-19.31.55:721][  0]LogAssetRegistry: Error: Failed to open file for write ../../../../../../Git-Hub/ScreamJam/ScreamJam2019/Intermediate/CachedAssetRegistry.bin
[2019.10.11-19.31.55:721][  0]LogMeshReduction: Using QuadricMeshReduction for automatic static mesh reduction
[2019.10.11-19.31.55:721][  0]LogMeshReduction: Using SimplygonMeshReduction for automatic skeletal mesh reduction
[2019.10.11-19.31.55:721][  0]LogMeshReduction: Using ProxyLODMeshReduction for automatic mesh merging
[2019.10.11-19.31.55:721][  0]LogMeshReduction: No distributed automatic mesh merging module available
[2019.10.11-19.31.55:721][  0]LogMeshMerging: No distributed automatic mesh merging module available
[2019.10.11-19.31.56:496][  0]LogNetVersion: ScreamJam2019 1.0.0, NetCL: 5660361, EngineNetVer: 10, GameNetVer: 0 (Checksum: 1139381630)
[2019.10.11-19.32.04:170][  0]LogPackageLocalizationCache: Processed 10 localized package path(s) for 1 prioritized culture(s) in 0.473054 seconds
[2019.10.11-19.32.04:216][  0]LogUObjectArray: 42205 objects as part of root set at end of initial load.
[2019.10.11-19.32.04:217][  0]LogUObjectAllocator: 7325032 out of 0 bytes used by permanent object pool.
[2019.10.11-19.32.04:217][  0]LogUObjectArray: CloseDisregardForGC: 0/0 objects in disregard for GC pool
[2019.10.11-19.32.13:340][  0]LogTcpMessaging: Initializing TcpMessaging bridge
[2019.10.11-19.32.13:494][  0]LogUdpMessaging: Initializing bridge on interface 0.0.0.0:0 to multicast group 230.0.0.1:6666.
[2019.10.11-19.32.14:526][  0]SourceControl: Source control is disabled
[2019.10.11-19.32.14:527][  0]SourceControl: Source control is disabled
[2019.10.11-19.32.14:734][  0]SourceControl: Source control is disabled
[2019.10.11-19.32.14:745][  0]SourceControl: Source control is disabled
[2019.10.11-19.32.16:174][  0]LogAndroidPermission: UAndroidPermissionCallbackProxy::GetInstance
[2019.10.11-19.32.17:708][  0]LogOcInput: OculusInput pre-init called
[2019.10.11-19.32.20:919][  0]LogEngine: Initializing Engine...
[2019.10.11-19.32.20:943][  0]LogHMD: Failed to initialize OpenVR with code 110
[2019.10.11-19.32.20:980][  0]LogStats: UGameplayTagsManager::InitializeManager -  0.009 s
[2019.10.11-19.32.21:770][  0]LogInit: Initializing FReadOnlyCVARCache
[2019.10.11-19.32.22:314][  0]LogAIModule: Creating AISystem for world Untitled
[2019.10.11-19.32.22:785][  0]LogInit: XAudio2 using 'Speakers (USB Audio Device)' : 2 channels at 48 kHz using 16 bits per sample (channel mask 0x3)
[2019.10.11-19.32.22:860][  0]LogInit: FAudioDevice initialized.
[2019.10.11-19.32.22:861][  0]LogNetVersion: Set ProjectVersion to 1.0.0.0. Version Checksum will be recalculated on next use.
[2019.10.11-19.32.23:720][  0]LogDerivedDataCache: Saved boot cache 0.86s 71MB C:/Users/Will/AppData/Local/UnrealEngine/4.22/DerivedDataCache/Boot.ddc.
[2019.10.11-19.32.23:733][  0]LogInit: Texture streaming: Enabled
[2019.10.11-19.32.23:780][  0]LogEngineSessionManager: EngineSessionManager initialized
[2019.10.11-19.32.23:835][  0]LogInit: Transaction tracking system initialized
[2019.10.11-19.32.23:888][  0]BlueprintLog: New page: Editor Load
[2019.10.11-19.32.25:502][  0]LocalizationService: Localization service is disabled
[2019.10.11-19.32.29:572][  0]LogFileCache: Scanning file cache for directory 'D:/Git-Hub/ScreamJam/ScreamJam2019/Content/' took 0.05s
[2019.10.11-19.32.29:572][  0]LogCook: Display: Max memory allowance for cook 16384mb min free memory 0mb
[2019.10.11-19.32.29:573][  0]LogCook: Display: Mobile HDR setting 1
[2019.10.11-19.32.36:354][  0]SourceControl: Source control is disabled
[2019.10.11-19.32.36:401][  0]Cmd: MAP LOAD FILE="../../../../../../Git-Hub/ScreamJam/ScreamJam2019/Content/ThirdPersonBP/Maps/ThirdPersonExampleMap.umap" TEMPLATE=0 SHOWPROGRESS=1 FEATURELEVEL=3
[2019.10.11-19.32.36:401][  0]LogEditorServer: Warning: Can't find file '../../../../../../Git-Hub/ScreamJam/ScreamJam2019/Content/ThirdPersonBP/Maps/ThirdPersonExampleMap.umap'
[2019.10.11-19.32.36:462][  0]Cmd: MAP CHECKDEP NOCLEARLOG
[2019.10.11-19.32.36:500][  0]MapCheck: Map check complete: 0 Error(s), 0 Warning(s), took 34.079ms to complete.
[2019.10.11-19.32.36:500][  0]LogFileHelpers: Loading map 'ThirdPersonExampleMap' took 0.132
[2019.10.11-19.32.38:873][  0]LogSlate: Updating window title bar state: overlay mode, drag disabled, window buttons hidden, title bar hidden
[2019.10.11-19.32.38:897][  0]LogSlate: Updating window title bar state: overlay mode, drag disabled, window buttons hidden, title bar hidden
[2019.10.11-19.32.38:916][  0]LogSlate: Updating window title bar state: overlay mode, drag disabled, window buttons hidden, title bar hidden
[2019.10.11-19.32.38:934][  0]LogSlate: Updating window title bar state: overlay mode, drag disabled, window buttons hidden, title bar hidden
[2019.10.11-19.32.39:133][  0]LogCollectionManager: Loaded 0 collections in 0.003246 seconds
[2019.10.11-19.32.39:380][  0]LogFileCache: Scanning file cache for directory 'D:/Git-Hub/ScreamJam/ScreamJam2019/Saved/Collections/' took 0.01s
[2019.10.11-19.32.39:380][  0]LogFileCache: Scanning file cache for directory 'D:/Git-Hub/ScreamJam/ScreamJam2019/Content/Developers/Will/Collections/' took 0.01s
[2019.10.11-19.32.39:380][  0]LogFileCache: Scanning file cache for directory 'D:/Git-Hub/ScreamJam/ScreamJam2019/Content/Collections/' took 0.01s
[2019.10.11-19.32.39:380][  0]LogCollectionManager: Rebuilt the GUID cache for 0 collections in 0.000001 seconds
[2019.10.11-19.32.39:398][  0]LogContentBrowser: Native class hierarchy populated in 0.0179 seconds. Added 2732 classes and 659 folders.
[2019.10.11-19.32.39:689][  0]LogContentBrowser: Native class hierarchy updated for 'WidgetCarousel' in 0.0005 seconds. Added 0 classes and 0 folders.
[2019.10.11-19.32.39:759][  0]LogPakFile: Registered encryption key '00000000000000000000000000000000': 0 pak files mounted, 0 remain pending
[2019.10.11-19.32.39:820][  0]LogPakFile: Registered encryption key '00000000000000000000000000000000': 0 pak files mounted, 0 remain pending
[2019.10.11-19.32.39:891][  0]LogPakFile: Registered encryption key '00000000000000000000000000000000': 0 pak files mounted, 0 remain pending
[2019.10.11-19.32.39:984][  0]LogPakFile: Registered encryption key '00000000000000000000000000000000': 0 pak files mounted, 0 remain pending
[2019.10.11-19.32.39:989][  0]LogPakFile: Registered encryption key '00000000000000000000000000000000': 0 pak files mounted, 0 remain pending
[2019.10.11-19.32.39:991][  0]LogPakFile: Registered encryption key '00000000000000000000000000000000': 0 pak files mounted, 0 remain pending
[2019.10.11-19.32.39:994][  0]LogPakFile: Registered encryption key '00000000000000000000000000000000': 0 pak files mounted, 0 remain pending
[2019.10.11-19.32.39:996][  0]LogPakFile: Registered encryption key '00000000000000000000000000000000': 0 pak files mounted, 0 remain pending
[2019.10.11-19.32.39:999][  0]LogPakFile: Registered encryption key '00000000000000000000000000000000': 0 pak files mounted, 0 remain pending
[2019.10.11-19.32.40:002][  0]LogPakFile: Registered encryption key '00000000000000000000000000000000': 0 pak files mounted, 0 remain pending
[2019.10.11-19.32.40:004][  0]LogPakFile: Registered encryption key '00000000000000000000000000000000': 0 pak files mounted, 0 remain pending
[2019.10.11-19.32.40:022][  0]LogPakFile: Registered encryption key '00000000000000000000000000000000': 0 pak files mounted, 0 remain pending
[2019.10.11-19.32.40:025][  0]LogPakFile: Registered encryption key '00000000000000000000000000000000': 0 pak files mounted, 0 remain pending
[2019.10.11-19.32.40:028][  0]LogPakFile: Registered encryption key '00000000000000000000000000000000': 0 pak files mounted, 0 remain pending
[2019.10.11-19.32.40:042][  0]LogPakFile: Registered encryption key '00000000000000000000000000000000': 0 pak files mounted, 0 remain pending
[2019.10.11-19.32.40:045][  0]LogPakFile: Registered encryption key '00000000000000000000000000000000': 0 pak files mounted, 0 remain pending
[2019.10.11-19.32.40:048][  0]LogPakFile: Registered encryption key '00000000000000000000000000000000': 0 pak files mounted, 0 remain pending
[2019.10.11-19.32.40:051][  0]LogPakFile: Registered encryption key '00000000000000000000000000000000': 0 pak files mounted, 0 remain pending
[2019.10.11-19.32.40:055][  0]LogPakFile: Registered encryption key '00000000000000000000000000000000': 0 pak files mounted, 0 remain pending
[2019.10.11-19.32.40:058][  0]LogPakFile: Registered encryption key '00000000000000000000000000000000': 0 pak files mounted, 0 remain pending
[2019.10.11-19.32.40:060][  0]LogPakFile: Registered encryption key '00000000000000000000000000000000': 0 pak files mounted, 0 remain pending
[2019.10.11-19.32.40:063][  0]LogPakFile: Registered encryption key '00000000000000000000000000000000': 0 pak files mounted, 0 remain pending
[2019.10.11-19.32.40:066][  0]LogPakFile: Registered encryption key '00000000000000000000000000000000': 0 pak files mounted, 0 remain pending
[2019.10.11-19.32.40:073][  0]LogPakFile: Registered encryption key '00000000000000000000000000000000': 0 pak files mounted, 0 remain pending
[2019.10.11-19.32.40:076][  0]LogPakFile: Registered encryption key '00000000000000000000000000000000': 0 pak files mounted, 0 remain pending
[2019.10.11-19.32.40:079][  0]LogPakFile: Registered encryption key '00000000000000000000000000000000': 0 pak files mounted, 0 remain pending
[2019.10.11-19.32.41:209][  0]LogContentBrowser: Native class hierarchy updated for 'AddContentDialog' in 0.0008 seconds. Added 0 classes and 0 folders.
[2019.10.11-19.32.41:490][  0]LogContentBrowser: Native class hierarchy updated for 'SceneOutliner' in 0.0014 seconds. Added 1 classes and 2 folders.
[2019.10.11-19.32.42:715][  0]LogContentBrowser: Native class hierarchy updated for 'HierarchicalLODOutliner' in 0.0009 seconds. Added 0 classes and 0 folders.
[2019.10.11-19.32.42:715][  0]LogLoad: (Engine Initialization) Total time: 90.35 seconds
[2019.10.11-19.32.42:715][  0]LogLoad: (Engine Initialization) Total Blueprint compile time: 0.00 seconds
[2019.10.11-19.32.43:023][  0]LogContentStreaming: Texture pool size now 3000 MB
[2019.10.11-19.32.43:131][  0]LogSlate: Took 0.011726 seconds to synchronously load lazily loaded font '../../../Engine/Content/Slate/Fonts/Roboto-Regular.ttf' (155K)
[2019.10.11-19.32.43:186][  0]LogSlate: Took 0.008142 seconds to synchronously load lazily loaded font '../../../Engine/Content/Slate/Fonts/Roboto-Bold.ttf' (160K)
[2019.10.11-19.32.43:251][  0]LogSlate: Took 0.019409 seconds to synchronously load lazily loaded font '../../../Engine/Content/Editor/Slate/Fonts/FontAwesome.ttf' (139K)
[2019.10.11-19.32.43:996][  0]LogSlate: Took 0.013799 seconds to synchronously load lazily loaded font '../../../Engine/Content/Slate/Fonts/Roboto-Light.ttf' (167K)
[2019.10.11-19.32.44:298][  0]LogRenderer: Reallocating scene render targets to support 836x436 Format 10 NumSamples 1 (Frame:1).
[2019.10.11-19.32.44:842][  2]LogAssetRegistry: Asset discovery search completed in 59.1623 seconds
[2019.10.11-19.32.44:849][  2]LogCollectionManager: Rebuilt the object cache for 0 collections in 0.000001 seconds (found 0 objects)
[2019.10.11-19.32.44:849][  2]LogCollectionManager: Fixed up redirectors for 0 collections in 0.000121 seconds (updated 0 objects)
[2019.10.11-19.32.44:876][  2]LogSlate: Took 0.000520 seconds to synchronously load lazily loaded font '../../../Engine/Content/Slate/Fonts/Roboto-Light.ttf' (167K)
[2019.10.11-19.43.00:267][832]LogUObjectHash: Compacting FUObjectHashTables data took  12.20ms
[2019.10.11-19.43.00:625][832]LogSlate: Window 'ScreamJam2019 - Unreal Editor' being destroyed
[2019.10.11-19.43.00:634][832]LogWindowsTextInputMethodSystem: Display: IME system now deactivated.
[2019.10.11-19.43.01:545][833]Cmd: QUIT_EDITOR
[2019.10.11-19.43.02:059][833]LogExit: Preparing to exit.
[2019.10.11-19.43.03:658][833]LogExit: Editor shut down
[2019.10.11-19.43.03:845][833]LogExit: Transaction tracking system shut down
[2019.10.11-19.43.05:830][833]LogExit: Object subsystem successfully closed.
[2019.10.11-19.43.06:214][833]LogShaderCompilers: Display: Shaders left to compile 0
[2019.10.11-19.43.06:239][833]LogD3D11RHI: Shutdown
[2019.10.11-19.43.06:239][833]LogD3D11RHI: CleanupD3DDevice
[2019.10.11-19.43.06:243][833]LogRendererCore: FGlobalReadBuffer::ReleaseRHI
[2019.10.11-19.43.06:243][833]LogRendererCore: FGlobalDynamicReadBuffer::Cleanup()
[2019.10.11-19.43.06:277][833]LogRendererCore: FGlobalReadBuffer::ReleaseRHI
[2019.10.11-19.43.06:277][833]LogRendererCore: FGlobalDynamicReadBuffer::Cleanup()
[2019.10.11-19.43.06:277][833]LogRendererCore: FGlobalReadBuffer::ReleaseRHI
[2019.10.11-19.43.06:278][833]LogRendererCore: FGlobalDynamicReadBuffer::Cleanup()
[2019.10.11-19.43.06:438][833]LogD3D11RHI: ~FD3D11DynamicRHI
[2019.10.11-19.43.07:727][833]LogModuleManager: Shutting down and abandoning module HierarchicalLODOutliner (640)
[2019.10.11-19.43.07:728][833]LogModuleManager: Shutting down and abandoning module SceneOutliner (638)
[2019.10.11-19.43.07:728][833]LogModuleManager: Shutting down and abandoning module AddContentDialog (636)
[2019.10.11-19.43.07:740][833]LogModuleManager: Shutting down and abandoning module WidgetCarousel (635)
[2019.10.11-19.43.07:740][833]LogModuleManager: Shutting down and abandoning module EditorWidgets (632)
[2019.10.11-19.43.07:740][833]LogModuleManager: Shutting down and abandoning module CollectionManager (630)
[2019.10.11-19.43.07:748][833]LogModuleManager: Shutting down and abandoning module FoliageEdit (628)
[2019.10.11-19.43.07:753][833]LogModuleManager: Shutting down and abandoning module LandscapeEditor (626)
[2019.10.11-19.43.07:767][833]LogModuleManager: Shutting down and abandoning module MeshPaintMode (624)
[2019.10.11-19.43.07:776][833]LogModuleManager: Shutting down and abandoning module SceneDepthPickerMode (622)
[2019.10.11-19.43.07:776][833]LogModuleManager: Shutting down and abandoning module ActorPickerMode (620)
[2019.10.11-19.43.07:776][833]LogModuleManager: Shutting down and abandoning module GeometryMode (618)
[2019.10.11-19.43.07:776][833]LogModuleManager: Shutting down and abandoning module TextureAlignMode (616)
[2019.10.11-19.43.07:776][833]LogModuleManager: Shutting down and abandoning module BspMode (614)
[2019.10.11-19.43.07:776][833]LogModuleManager: Shutting down and abandoning module PIEPreviewDeviceProfileSelector (612)
[2019.10.11-19.43.07:784][833]LogModuleManager: Shutting down and abandoning module SequenceRecorderSections (610)
[2019.10.11-19.43.07:793][833]LogModuleManager: Shutting down and abandoning module AutomationWorker (608)
[2019.10.11-19.43.07:800][833]LogModuleManager: Shutting down and abandoning module OculusMR (606)
[2019.10.11-19.43.07:800][833]LogModuleManager: Shutting down and abandoning module AudioCaptureEditor (604)
[2019.10.11-19.43.07:810][833]LogModuleManager: Shutting down and abandoning module MatineeToLevelSequence (602)
[2019.10.11-19.43.07:830][833]LogModuleManager: Shutting down and abandoning module LevelSequenceEditor (600)
[2019.10.11-19.43.07:855][833]LogModuleManager: Shutting down and abandoning module PlacementMode (599)
[2019.10.11-19.43.07:855][833]LogModuleManager: Shutting down and abandoning module MaterialEditor (598)
[2019.10.11-19.43.07:905][833]LogModuleManager: Shutting down and abandoning module ActorSequenceEditor (594)
[2019.10.11-19.43.07:942][833]LogModuleManager: Shutting down and abandoning module WmfMediaFactory (592)
[2019.10.11-19.43.07:942][833]LogModuleManager: Shutting down and abandoning module WmfMediaEditor (590)
[2019.10.11-19.43.07:942][833]LogModuleManager: Shutting down and abandoning module WebMMediaFactory (588)
[2019.10.11-19.43.07:942][833]LogModuleManager: Shutting down and abandoning module WebMMediaEditor (586)
[2019.10.11-19.43.07:942][833]LogModuleManager: Shutting down and abandoning module WebMMedia (584)
[2019.10.11-19.43.08:001][833]LogModuleManager: Shutting down and abandoning module MediaPlayerEditor (582)
[2019.10.11-19.43.08:011][833]LogModuleManager: Shutting down and abandoning module MediaCompositingEditor (580)
[2019.10.11-19.43.08:028][833]LogModuleManager: Shutting down and abandoning module SequenceRecorder (579)
[2019.10.11-19.43.08:030][833]LogModuleManager: Shutting down and abandoning module OpenExrWrapper (576)
[2019.10.11-19.43.08:030][833]LogModuleManager: Shutting down and abandoning module ImgMediaFactory (574)
[2019.10.11-19.43.08:030][833]LogModuleManager: Shutting down and abandoning module ImgMediaEditor (572)
[2019.10.11-19.43.08:030][833]LogModuleManager: Shutting down and abandoning module AvfMediaFactory (570)
[2019.10.11-19.43.08:030][833]LogModuleManager: Shutting down and abandoning module AvfMediaEditor (568)
[2019.10.11-19.43.08:030][833]LogModuleManager: Shutting down and abandoning module AndroidMediaFactory (566)
[2019.10.11-19.43.08:030][833]LogModuleManager: Shutting down and abandoning module AndroidMediaEditor (564)
[2019.10.11-19.43.08:030][833]LogModuleManager: Shutting down and abandoning module MagicLeapCameraPreviewFactory (562)
[2019.10.11-19.43.08:030][833]LogModuleManager: Shutting down and abandoning module MagicLeapMediaCodecFactory (560)
[2019.10.11-19.43.08:030][833]LogModuleManager: Shutting down and abandoning module MagicLeapMediaFactory (558)
[2019.10.11-19.43.08:030][833]LogModuleManager: Shutting down and abandoning module MagicLeapMediaEditor (556)
[2019.10.11-19.43.08:030][833]LogModuleManager: Shutting down and abandoning module CharacterAI (554)
[2019.10.11-19.43.08:030][833]LogModuleManager: Shutting down and abandoning module SmartSnapping (552)
[2019.10.11-19.43.08:030][833]LogModuleManager: Shutting down and abandoning module SessionServices (550)
[2019.10.11-19.43.08:030][833]LogModuleManager: Shutting down and abandoning module MeshPaint (548)
[2019.10.11-19.43.08:039][833]LogModuleManager: Shutting down and abandoning module ViewportSnapping (546)
[2019.10.11-19.43.08:039][833]LogModuleManager: Shutting down and abandoning module ViewportInteraction (544)
[2019.10.11-19.43.08:039][833]LogModuleManager: Shutting down and abandoning module ClothPainter (542)
[2019.10.11-19.43.08:057][833]LogModuleManager: Shutting down and abandoning module SkeletalMeshEditor (541)
[2019.10.11-19.43.08:065][833]LogModuleManager: Shutting down and abandoning module LogVisualizer (538)
[2019.10.11-19.43.08:082][833]LogModuleManager: Shutting down and abandoning module IntroTutorials (536)
[2019.10.11-19.43.08:107][833]LogModuleManager: Shutting down and abandoning module GameProjectGeneration (535)
[2019.10.11-19.43.08:124][833]LogModuleManager: Shutting down and abandoning module LuminPlatformEditor (532)
[2019.10.11-19.43.08:124][833]LogModuleManager: Shutting down and abandoning module IOSPlatformEditor (530)
[2019.10.11-19.43.08:124][833]LogModuleManager: Shutting down and abandoning module HTML5PlatformEditor (528)
[2019.10.11-19.43.08:125][833]LogModuleManager: Shutting down and abandoning module AndroidPlatformEditor (526)
[2019.10.11-19.43.08:143][833]LogModuleManager: Shutting down and abandoning module AndroidDeviceDetection (525)
[2019.10.11-19.43.08:760][833]LogModuleManager: Shutting down and abandoning module WindowsPlatformEditor (522)
[2019.10.11-19.43.08:760][833]LogModuleManager: Shutting down and abandoning module LuminRuntimeSettings (520)
[2019.10.11-19.43.08:760][833]LogModuleManager: Shutting down and abandoning module IOSRuntimeSettings (518)
[2019.10.11-19.43.08:760][833]LogModuleManager: Shutting down and abandoning module AndroidRuntimeSettings (516)
[2019.10.11-19.43.08:760][833]LogModuleManager: Shutting down and abandoning module TimeManagementEditor (514)
[2019.10.11-19.43.08:760][833]LogModuleManager: Shutting down and abandoning module InputBindingEditor (512)
[2019.10.11-19.43.08:773][833]LogModuleManager: Shutting down and abandoning module MergeActors (510)
[2019.10.11-19.43.08:783][833]LogModuleManager: Shutting down and abandoning module LocalizationDashboard (508)
[2019.10.11-19.43.08:799][833]LogModuleManager: Shutting down and abandoning module LocalizationService (507)
[2019.10.11-19.43.08:802][833]LogModuleManager: Shutting down and abandoning module HardwareTargeting (504)
[2019.10.11-19.43.08:802][833]LogModuleManager: Shutting down and abandoning module DeviceProfileEditor (502)
[2019.10.11-19.43.08:810][833]LogModuleManager: Shutting down and abandoning module UndoHistory (500)
[2019.10.11-19.43.08:819][833]LogModuleManager: Shutting down and abandoning module XmlParser (498)
[2019.10.11-19.43.08:821][833]LogModuleManager: Shutting down and abandoning module Blutility (496)
[2019.10.11-19.43.08:830][833]LogModuleManager: Shutting down and abandoning module ProjectSettingsViewer (494)
[2019.10.11-19.43.08:830][833]LogModuleManager: Shutting down and abandoning module ProjectTargetPlatformEditor (493)
[2019.10.11-19.43.08:830][833]LogModuleManager: Shutting down and abandoning module EditorSettingsViewer (490)
[2019.10.11-19.43.08:830][833]LogModuleManager: Shutting down and abandoning module SettingsEditor (488)
[2019.10.11-19.43.08:883][833]LogModuleManager: Shutting down and abandoning module ProjectLauncher (486)
[2019.10.11-19.43.08:896][833]LogModuleManager: Shutting down and abandoning module SessionFrontend (484)
[2019.10.11-19.43.08:899][833]LogModuleManager: Shutting down and abandoning module ProfilerClient (482)
[2019.10.11-19.43.08:906][833]LogModuleManager: Shutting down and abandoning module DeviceManager (480)
[2019.10.11-19.43.08:913][833]LogModuleManager: Shutting down and abandoning module TargetDeviceServices (479)
[2019.10.11-19.43.08:967][833]LogModuleManager: Shutting down and abandoning module AutomationController (476)
[2019.10.11-19.43.08:974][833]LogModuleManager: Shutting down and abandoning module AutomationWindow (474)
[2019.10.11-19.43.08:984][833]LogModuleManager: Shutting down and abandoning module Layers (472)
[2019.10.11-19.43.08:991][833]LogModuleManager: Shutting down and abandoning module ComponentVisualizers (470)
[2019.10.11-19.43.08:991][833]LogModuleManager: Shutting down and abandoning module DetailCustomizations (468)
[2019.10.11-19.43.09:002][833]LogModuleManager: Shutting down and abandoning module PackagesDialog (466)
[2019.10.11-19.43.09:007][833]LogModuleManager: Shutting down and abandoning module AnimationBlueprintEditor (464)
[2019.10.11-19.43.09:019][833]LogModuleManager: Shutting down and abandoning module Persona (462)
[2019.10.11-19.43.09:039][833]LogModuleManager: Shutting down and abandoning module AdvancedPreviewScene (461)
[2019.10.11-19.43.09:039][833]LogModuleManager: Shutting down and abandoning module AnimGraph (459)
[2019.10.11-19.43.09:039][833]LogModuleManager: Shutting down and abandoning module Kismet (456)
[2019.10.11-19.43.09:062][833]LogModuleManager: Shutting down and abandoning module GraphEditor (454)
[2019.10.11-19.43.09:132][833]LogModuleManager: Shutting down and abandoning module ClassViewer (452)
[2019.10.11-19.43.09:132][833]LogModuleManager: Shutting down and abandoning module Toolbox (450)
[2019.10.11-19.43.09:132][833]LogModuleManager: Shutting down and abandoning module ModuleUI (448)
[2019.10.11-19.43.09:139][833]LogModuleManager: Shutting down and abandoning module MovieSceneTools (446)
[2019.10.11-19.43.09:187][833]LogModuleManager: Shutting down and abandoning module OutputLog (444)
[2019.10.11-19.43.09:188][833]LogModuleManager: Shutting down and abandoning module GammaUI (442)
[2019.10.11-19.43.09:188][833]LogModuleManager: Shutting down and abandoning module Documentation (440)
[2019.10.11-19.43.09:188][833]LogModuleManager: Shutting down and abandoning module LiveCoding (438)
[2019.10.11-19.43.09:198][833]LogModuleManager: Shutting down and abandoning module LevelSequence (436)
[2019.10.11-19.43.09:198][833]LogModuleManager: Shutting down and abandoning module MovieSceneTracks (434)
[2019.10.11-19.43.09:198][833]LogModuleManager: Shutting down and abandoning module MovieScene (432)
[2019.10.11-19.43.09:205][833]LogModuleManager: Shutting down and abandoning module StreamingPauseRendering (430)
[2019.10.11-19.43.09:210][833]LogModuleManager: Shutting down and abandoning module LauncherPlatform (428)
[2019.10.11-19.43.09:211][833]LogModuleManager: Shutting down and abandoning module AnalyticsET (426)
[2019.10.11-19.43.09:211][833]LogModuleManager: Shutting down and abandoning module PortalServices (424)
[2019.10.11-19.43.09:211][833]LogModuleManager: Shutting down and abandoning module PortalRpc (422)
[2019.10.11-19.43.09:211][833]LogModuleManager: Shutting down and abandoning module MessagingRpc (420)
[2019.10.11-19.43.09:211][833]LogModuleManager: Shutting down and abandoning module AIModule (418)
[2019.10.11-19.43.09:232][833]LogModuleManager: Shutting down and abandoning module GameplayDebugger (417)
[2019.10.11-19.43.09:233][833]LogModuleManager: Shutting down and abandoning module AITestSuite (415)
[2019.10.11-19.43.09:236][833]LogModuleManager: Shutting down and abandoning module NavigationSystem (413)
[2019.10.11-19.43.09:241][833]LogModuleManager: Shutting down and abandoning module DesktopPlatform (410)
[2019.10.11-19.43.09:241][833]LogModuleManager: Shutting down and abandoning module ImageWriteQueue (408)
[2019.10.11-19.43.09:250][833]LogModuleManager: Shutting down and abandoning module ProfilerService (406)
[2019.10.11-19.43.09:411][833]LogModuleManager: Shutting down and abandoning module TaskGraph (404)
[2019.10.11-19.43.09:435][833]LogModuleManager: Shutting down and abandoning module SteamVRController (402)
[2019.10.11-19.43.09:435][833]LogModuleManager: Shutting down and abandoning module ProceduralMeshComponentEditor (400)
[2019.10.11-19.43.09:457][833]LogModuleManager: Shutting down and abandoning module ProceduralMeshComponent (398)
[2019.10.11-19.43.09:462][833]LogModuleManager: Shutting down and abandoning module OculusEditor (396)
[2019.10.11-19.43.09:467][833]LogModuleManager: Shutting down and abandoning module OculusInput (394)
[2019.10.11-19.43.09:467][833]LogModuleManager: Shutting down and abandoning module MobilePatchingUtils (392)
[2019.10.11-19.43.09:467][833]LogModuleManager: Shutting down and abandoning module EditableMesh (390)
[2019.10.11-19.43.09:474][833]LogModuleManager: Shutting down and abandoning module CustomMeshComponent (388)
[2019.10.11-19.43.09:474][833]LogModuleManager: Shutting down and abandoning module CableComponent (386)
[2019.10.11-19.43.09:480][833]LogModuleManager: Shutting down and abandoning module AudioCapture (384)
[2019.10.11-19.43.09:480][833]LogModuleManager: Shutting down and abandoning module ArchVisCharacter (382)
[2019.10.11-19.43.09:480][833]LogModuleManager: Shutting down and abandoning module AndroidPermission (380)
[2019.10.11-19.43.09:480][833]LogModuleManager: Shutting down and abandoning module NUTUnrealEngine4 (378)
[2019.10.11-19.43.09:492][833]LogModuleManager: Shutting down and abandoning module NetcodeUnitTest (376)
[2019.10.11-19.43.09:501][833]LogModuleManager: Shutting down and abandoning module MediaCompositing (374)
[2019.10.11-19.43.09:501][833]LogModuleManager: Shutting down and abandoning module LinearTimecode (372)
[2019.10.11-19.43.09:501][833]LogModuleManager: Shutting down and abandoning module ImgMedia (370)
[2019.10.11-19.43.09:501][833]LogModuleManager: Shutting down and abandoning module MagicLeapHelperVulkan (368)
[2019.10.11-19.43.09:501][833]LogModuleManager: Shutting down and abandoning module MagicLeapHelperOpenGL (366)
[2019.10.11-19.43.09:515][833]LogModuleManager: Shutting down and abandoning module MagicLeapAudio (364)
[2019.10.11-19.43.09:551][833]LogModuleManager: Shutting down and abandoning module HTML5Networking (362)
[2019.10.11-19.43.09:551][833]LogModuleManager: Shutting down and abandoning module GeometryCacheTracks (360)
[2019.10.11-19.43.09:551][833]LogModuleManager: Shutting down and abandoning module GeometryCacheSequencer (358)
[2019.10.11-19.43.09:551][833]LogModuleManager: Shutting down and abandoning module BackChannel (356)
[2019.10.11-19.43.09:577][833]LogModuleManager: Shutting down and abandoning module AppleVision (354)
[2019.10.11-19.43.09:577][833]LogModuleManager: Shutting down and abandoning module AppleImageUtilsBlueprintSupport (352)
[2019.10.11-19.43.09:578][833]LogModuleManager: Shutting down and abandoning module AppleImageUtils (350)
[2019.10.11-19.43.09:578][833]LogModuleManager: Shutting down and abandoning module AlembicImporter (348)
[2019.10.11-19.43.09:578][833]LogModuleManager: Shutting down and abandoning module AlembicLibrary (347)
[2019.10.11-19.43.09:578][833]LogModuleManager: Shutting down and abandoning module GeometryCache (346)
[2019.10.11-19.43.09:578][833]LogModuleManager: Shutting down and abandoning module GeometryCacheEd (345)
[2019.10.11-19.43.09:578][833]LogModuleManager: Shutting down and abandoning module VariantManagerContent (340)
[2019.10.11-19.43.09:578][833]LogModuleManager: Shutting down and abandoning module DatasmithContentEditor (338)
[2019.10.11-19.43.09:620][833]LogModuleManager: Shutting down and abandoning module SpeedTreeImporter (336)
[2019.10.11-19.43.09:620][833]LogModuleManager: Shutting down and abandoning module PluginBrowser (334)
[2019.10.11-19.43.09:632][833]LogModuleManager: Shutting down and abandoning module MobileLauncherProfileWizard (332)
[2019.10.11-19.43.09:636][833]LogModuleManager: Shutting down and abandoning module MaterialAnalyzer (330)
[2019.10.11-19.43.09:642][833]LogModuleManager: Shutting down and abandoning module CryptoKeysOpenSSL (328)
[2019.10.11-19.43.09:643][833]LogModuleManager: Shutting down and abandoning module CryptoKeys (326)
[2019.10.11-19.43.09:643][833]LogModuleManager: Shutting down and abandoning module VisualStudioSourceCodeAccess (324)
[2019.10.11-19.43.09:649][833]LogModuleManager: Shutting down and abandoning module VisualStudioCodeSourceCodeAccess (322)
[2019.10.11-19.43.09:649][833]LogModuleManager: Shutting down and abandoning module UObjectPlugin (320)
[2019.10.11-19.43.09:649][833]LogModuleManager: Shutting down and abandoning module SubversionSourceControl (318)
[2019.10.11-19.43.09:652][833]LogModuleManager: Shutting down and abandoning module PerforceSourceControl (316)
[2019.10.11-19.43.09:659][833]LogModuleManager: Shutting down and abandoning module GitSourceControl (314)
[2019.10.11-19.43.09:666][833]LogModuleManager: Shutting down and abandoning module SourceControl (313)
[2019.10.11-19.43.09:675][833]LogModuleManager: Shutting down and abandoning module CLionSourceCodeAccess (310)
[2019.10.11-19.43.09:675][833]LogModuleManager: Shutting down and abandoning module AnimationSharingEd (308)
[2019.10.11-19.43.09:675][833]LogModuleManager: Shutting down and abandoning module ActorLayerUtilitiesEditor (306)
[2019.10.11-19.43.09:675][833]LogModuleManager: Shutting down and abandoning module ActorLayerUtilities (304)
[2019.10.11-19.43.09:675][833]LogModuleManager: Shutting down and abandoning module LightPropagationVolumeEditor (302)
[2019.10.11-19.43.09:675][833]LogModuleManager: Shutting down and abandoning module PaperTiledImporter (300)
[2019.10.11-19.43.09:675][833]LogModuleManager: Shutting down and abandoning module PaperSpriteSheetImporter (298)
[2019.10.11-19.43.09:675][833]LogModuleManager: Shutting down and abandoning module Paper2DEditor (296)
[2019.10.11-19.43.09:686][833]LogModuleManager: Shutting down and abandoning module SignificanceManager (294)
[2019.10.11-19.43.09:686][833]LogModuleManager: Shutting down and abandoning module RuntimePhysXCooking (292)
[2019.10.11-19.43.09:686][833]LogModuleManager: Shutting down and abandoning module PhysXVehiclesEditor (290)
[2019.10.11-19.43.09:686][833]LogModuleManager: Shutting down and abandoning module PhysXVehicles (288)
[2019.10.11-19.43.09:686][833]LogModuleManager: Shutting down and abandoning module LocationServicesBPLibrary (286)
[2019.10.11-19.43.09:686][833]LogModuleManager: Shutting down and abandoning module ActorSequence (284)
[2019.10.11-19.43.09:686][833]LogModuleManager: Shutting down and abandoning module UdpMessaging (282)
[2019.10.11-19.43.09:787][833]LogModuleManager: Shutting down and abandoning module TcpMessaging (280)
[2019.10.11-19.43.09:898][833]LogModuleManager: Shutting down and abandoning module MagicLeapIdentity (278)
[2019.10.11-19.43.09:898][833]LogModuleManager: Shutting down and abandoning module MagicLeapSecureStorage (276)
[2019.10.11-19.43.09:899][833]LogModuleManager: Shutting down and abandoning module MagicLeapHandTracking (274)
[2019.10.11-19.43.09:916][833]LogModuleManager: Shutting down and abandoning module MagicLeapEyeTracker (272)
[2019.10.11-19.43.09:917][833]LogModuleManager: Shutting down and abandoning module MagicLeapController (270)
[2019.10.11-19.43.09:932][833]LogSlate: Slate User Destroyed.  User Index 0, Is Virtual User: 0
[2019.10.11-19.43.09:933][833]LogModuleManager: Shutting down and abandoning module MagicLeapAR (268)
[2019.10.11-19.43.09:933][833]LogModuleManager: Shutting down and abandoning module AugmentedReality (267)
[2019.10.11-19.43.09:933][833]LogModuleManager: Shutting down and abandoning module GameplayTagsEditor (264)
[2019.10.11-19.43.09:938][833]LogModuleManager: Shutting down and abandoning module FacialAnimationEditor (262)
[2019.10.11-19.43.09:938][833]LogModuleManager: Shutting down and abandoning module FacialAnimation (260)
[2019.10.11-19.43.09:938][833]LogModuleManager: Shutting down and abandoning module DataValidation (258)
[2019.10.11-19.43.09:938][833]LogModuleManager: Shutting down and abandoning module AssetManagerEditor (256)
[2019.10.11-19.43.09:986][833]LogModuleManager: Shutting down and abandoning module LevelEditor (255)
[2019.10.11-19.43.09:988][833]LogModuleManager: Shutting down and abandoning module PixelInspectorModule (254)
[2019.10.11-19.43.09:994][833]LogModuleManager: Shutting down and abandoning module CommonMenuExtensions (252)
[2019.10.11-19.43.09:995][833]LogModuleManager: Shutting down and abandoning module MainFrame (250)
[2019.10.11-19.43.09:995][833]LogModuleManager: Shutting down and abandoning module HotReload (249)
[2019.10.11-19.43.10:016][833]LogModuleManager: Shutting down and abandoning module ContentBrowser (245)
[2019.10.11-19.43.10:020][833]LogModuleManager: Shutting down and abandoning module TreeMap (243)
[2019.10.11-19.43.10:022][833]LogModuleManager: Shutting down and abandoning module AnimationSharing (240)
[2019.10.11-19.43.10:022][833]LogModuleManager: Shutting down and abandoning module LightPropagationVolumeRuntime (238)
[2019.10.11-19.43.10:022][833]LogModuleManager: Shutting down and abandoning module AISupportModule (236)
[2019.10.11-19.43.10:022][833]LogModuleManager: Shutting down and abandoning module Paper2D (234)
[2019.10.11-19.43.10:031][833]LogModuleManager: Shutting down and abandoning module WindowsMoviePlayer (232)
[2019.10.11-19.43.10:053][833]LogModuleManager: Shutting down and abandoning module WebMMoviePlayer (230)
[2019.10.11-19.43.10:125][833]LogModuleManager: Shutting down and abandoning module PacketHandler (228)
[2019.10.11-19.43.10:125][833]LogModuleManager: Shutting down and abandoning module ClothingSystemEditor (226)
[2019.10.11-19.43.10:125][833]LogModuleManager: Shutting down and abandoning module ClothingSystemRuntime (224)
[2019.10.11-19.43.10:161][833]LogModuleManager: Shutting down and abandoning module MediaAssets (222)
[2019.10.11-19.43.10:161][833]LogModuleManager: Shutting down and abandoning module Overlay (220)
[2019.10.11-19.43.10:161][833]LogModuleManager: Shutting down and abandoning module OverlayEditor (219)
[2019.10.11-19.43.10:161][833]LogModuleManager: Shutting down and abandoning module VREditor (216)
[2019.10.11-19.43.10:172][833]LogModuleManager: Shutting down and abandoning module StringTableEditor (214)
[2019.10.11-19.43.10:179][833]LogModuleManager: Shutting down and abandoning module GameplayTasksEditor (212)
[2019.10.11-19.43.10:179][833]LogModuleManager: Shutting down and abandoning module BehaviorTreeEditor (210)
[2019.10.11-19.43.10:199][833]LogModuleManager: Shutting down and abandoning module FunctionalTesting (208)
[2019.10.11-19.43.10:210][833]LogModuleManager: Shutting down and abandoning module CollisionAnalyzer (206)
[2019.10.11-19.43.10:225][833]LogModuleManager: Shutting down and abandoning module WorkspaceMenuStructure (205)
[2019.10.11-19.43.10:230][833]LogModuleManager: Shutting down and abandoning module UMG (202)
[2019.10.11-19.43.10:237][833]LogModuleManager: Shutting down and abandoning module UMGEditor (201)
[2019.10.11-19.43.10:248][833]LogModuleManager: Shutting down and abandoning module Sequencer (200)
[2019.10.11-19.43.10:275][833]LogModuleManager: Shutting down and abandoning module MessageLog (197)
[2019.10.11-19.43.10:283][833]LogModuleManager: Shutting down and abandoning module SlateReflector (192)
[2019.10.11-19.43.10:336][833]LogModuleManager: Shutting down and abandoning module Slate (190)
[2019.10.11-19.43.10:337][833]LogModuleManager: Shutting down and abandoning module EditorStyle (188)
[2019.10.11-19.43.10:340][833]LogModuleManager: Shutting down and abandoning module UnrealEd (186)
[2019.10.11-19.43.10:349][833]LogModuleManager: Shutting down and abandoning module MRMesh (184)
[2019.10.11-19.43.10:349][833]LogModuleManager: Shutting down and abandoning module SourceCodeAccess (182)
[2019.10.11-19.43.10:349][833]LogModuleManager: Shutting down and abandoning module HeadMountedDisplay (180)
[2019.10.11-19.43.10:349][833]LogModuleManager: Shutting down and abandoning module XAudio2 (178)
[2019.10.11-19.43.10:349][833]LogModuleManager: Shutting down and abandoning module Networking (176)
[2019.10.11-19.43.10:349][833]LogModuleManager: Shutting down and abandoning module Core (174)
[2019.10.11-19.43.10:349][833]LogModuleManager: Shutting down and abandoning module KismetCompiler (172)
[2019.10.11-19.43.10:355][833]LogModuleManager: Shutting down and abandoning module MeshUtilities (170)
[2019.10.11-19.43.10:367][833]LogModuleManager: Shutting down and abandoning module MeshMergeUtilities (169)
[2019.10.11-19.43.10:369][833]LogModuleManager: Shutting down and abandoning module MeshReductionInterface (168)
[2019.10.11-19.43.10:369][833]LogModuleManager: Shutting down and abandoning module SkeletalMeshReduction (167)
[2019.10.11-19.43.10:384][833]LogModuleManager: Shutting down and abandoning module ProxyLODMeshReduction (165)
[2019.10.11-19.43.10:408][833]LogModuleManager: Shutting down and abandoning module QuadricMeshReduction (163)
[2019.10.11-19.43.10:425][833]LogModuleManager: Shutting down and abandoning module MaterialBaking (159)
[2019.10.11-19.43.10:434][833]LogModuleManager: Shutting down and abandoning module DerivedDataCache (154)
[2019.10.11-19.43.10:504][833]LogDerivedDataCache: Shutdown
[2019.10.11-19.43.10:504][833]LogModuleManager: Shutting down and abandoning module XGEController (152)
[2019.10.11-19.43.10:512][833]LogModuleManager: Shutting down and abandoning module TargetPlatform (150)
[2019.10.11-19.43.10:516][833]LogModuleManager: Shutting down and abandoning module VulkanShaderFormat (149)
[2019.10.11-19.43.10:523][833]LogModuleManager: Shutting down and abandoning module ShaderFormatVectorVM (147)
[2019.10.11-19.43.10:576][833]LogModuleManager: Shutting down and abandoning module ShaderFormatOpenGL (145)
[2019.10.11-19.43.10:580][833]LogModuleManager: Shutting down and abandoning module ShaderFormatD3D (143)
[2019.10.11-19.43.10:580][833]LogModuleManager: Shutting down and abandoning module MetalShaderFormat (141)
[2019.10.11-19.43.10:591][833]LogModuleManager: Shutting down and abandoning module TextureFormatUncompressed (139)
[2019.10.11-19.43.10:591][833]LogModuleManager: Shutting down and abandoning module TextureFormatPVR (137)
[2019.10.11-19.43.10:592][833]LogModuleManager: Shutting down and abandoning module TextureFormatDXT (135)
[2019.10.11-19.43.10:619][833]LogModuleManager: Shutting down and abandoning module TextureFormatIntelISPCTexComp (133)
[2019.10.11-19.43.10:620][833]LogModuleManager: Shutting down and abandoning module TextureFormatASTC (131)
[2019.10.11-19.43.10:620][833]LogModuleManager: Shutting down and abandoning module ImageWrapper (130)
[2019.10.11-19.43.10:620][833]LogModuleManager: Shutting down and abandoning module TextureFormatAndroid (127)
[2019.10.11-19.43.10:620][833]LogModuleManager: Shutting down and abandoning module AudioFormatOpus (125)
[2019.10.11-19.43.10:625][833]LogModuleManager: Shutting down and abandoning module AudioFormatOgg (123)
[2019.10.11-19.43.10:625][833]LogModuleManager: Shutting down and abandoning module AudioFormatADPCM (121)
[2019.10.11-19.43.10:656][833]LogModuleManager: Shutting down and abandoning module LuminTargetPlatform (119)
[2019.10.11-19.43.10:680][833]LogModuleManager: Shutting down and abandoning module LinuxTargetPlatform (117)
[2019.10.11-19.43.10:680][833]LogModuleManager: Shutting down and abandoning module LinuxServerTargetPlatform (115)
[2019.10.11-19.43.10:686][833]LogModuleManager: Shutting down and abandoning module LinuxNoEditorTargetPlatform (113)
[2019.10.11-19.43.10:687][833]LogModuleManager: Shutting down and abandoning module LinuxClientTargetPlatform (111)
[2019.10.11-19.43.10:701][833]LogModuleManager: Shutting down and abandoning module TVOSTargetPlatform (109)
[2019.10.11-19.43.10:704][833]LogModuleManager: Shutting down and abandoning module Messaging (107)
[2019.10.11-19.43.10:704][833]LogModuleManager: Shutting down and abandoning module IOSTargetPlatform (105)
[2019.10.11-19.43.10:706][833]LogModuleManager: Shutting down and abandoning module HTML5TargetPlatform (103)
[2019.10.11-19.43.10:706][833]LogModuleManager: Shutting down and abandoning module AndroidTargetPlatform (101)
[2019.10.11-19.43.10:733][833]LogModuleManager: Shutting down and abandoning module WindowsTargetPlatform (99)
[2019.10.11-19.43.10:733][833]LogModuleManager: Shutting down and abandoning module WindowsServerTargetPlatform (97)
[2019.10.11-19.43.10:734][833]LogModuleManager: Shutting down and abandoning module WindowsNoEditorTargetPlatform (95)
[2019.10.11-19.43.10:734][833]LogModuleManager: Shutting down and abandoning module WindowsClientTargetPlatform (93)
[2019.10.11-19.43.10:734][833]LogModuleManager: Shutting down and abandoning module MacTargetPlatform (91)
[2019.10.11-19.43.10:734][833]LogModuleManager: Shutting down and abandoning module MacServerTargetPlatform (89)
[2019.10.11-19.43.10:734][833]LogModuleManager: Shutting down and abandoning module MacNoEditorTargetPlatform (87)
[2019.10.11-19.43.10:734][833]LogModuleManager: Shutting down and abandoning module MacClientTargetPlatform (85)
[2019.10.11-19.43.10:734][833]LogModuleManager: Shutting down and abandoning module AllDesktopTargetPlatform (83)
[2019.10.11-19.43.10:734][833]LogModuleManager: Shutting down and abandoning module InputCore (80)
[2019.10.11-19.43.10:734][833]LogModuleManager: Shutting down and abandoning module Settings (78)
[2019.10.11-19.43.10:734][833]LogModuleManager: Shutting down and abandoning module DirectoryWatcher (76)
[2019.10.11-19.43.10:734][833]LogModuleManager: Shutting down and abandoning module PhysXCooking (74)
[2019.10.11-19.43.10:734][833]LogModuleManager: Shutting down and abandoning module SteamVR (72)
[2019.10.11-19.43.10:749][833]LogHMD: Freeing OpenVRDLLHandle.
[2019.10.11-19.43.10:750][833]LogModuleManager: Shutting down and abandoning module OculusHMD (70)
[2019.10.11-19.43.10:823][833]LogModuleManager: Shutting down and abandoning module ExampleDeviceProfileSelector (68)
[2019.10.11-19.43.10:823][833]LogModuleManager: Shutting down and abandoning module LauncherChunkInstaller (66)
[2019.10.11-19.43.10:823][833]LogModuleManager: Shutting down and abandoning module OnlineBlueprintSupport (64)
[2019.10.11-19.43.10:823][833]LogModuleManager: Shutting down and abandoning module OnlineSubsystem (60)
[2019.10.11-19.43.10:897][833]LogModuleManager: Shutting down and abandoning module XMPP (55)
[2019.10.11-19.43.10:917][833]LogModuleManager: Shutting down and abandoning module WebSockets (54)
[2019.10.11-19.43.10:959][833]LogModuleManager: Shutting down and abandoning module HTTP (51)
[2019.10.11-19.43.10:959][833]LogHttp: Display: Http module shutting down, but needs to wait on 1 outstanding Http requests:
[2019.10.11-19.43.10:959][833]LogHttp: Display: 	verb=[POST] url=[https://datarouter.ol.epicgames.com/datarouter/api/v1/public/data?SessionID=%7BC145540D-41E0-8391-6861-ED926167F707%7D&AppID=UEEditor.Rocket.Release&AppVersion=4.22.3-7053642%2B%2B%2BUE4%2BRelease-4.22&UserID=268e1dfc4d3bac564a222e81bbd22931%7C604ee953090e4cb481313c028240bfbe%7Cd4ed50f6-45af-4707-ada8-eb64e37c3025&AppEnvironment=datacollector-binary&UploadType=eteventstream] status=Processing
[2019.10.11-19.43.10:975][833]LogModuleManager: Shutting down and abandoning module SSL (50)
[2019.10.11-19.43.10:980][833]LogModuleManager: Shutting down and abandoning module WmfMedia (46)
[2019.10.11-19.43.10:995][833]LogModuleManager: Shutting down and abandoning module Media (45)
[2019.10.11-19.43.11:003][833]LogModuleManager: Shutting down and abandoning module MagicLeap (42)
[2019.10.11-19.43.11:023][833]LogModuleManager: Shutting down and abandoning module DatasmithContent (40)
[2019.10.11-19.43.11:024][833]LogModuleManager: Shutting down and abandoning module AnimationModifiers (38)
[2019.10.11-19.43.11:066][833]LogModuleManager: Shutting down and abandoning module PropertyEditor (37)
[2019.10.11-19.43.11:096][833]LogModuleManager: Shutting down and abandoning module AudioEditor (34)
[2019.10.11-19.43.11:117][833]LogModuleManager: Shutting down and abandoning module TextureCompressor (32)
[2019.10.11-19.43.11:122][833]LogModuleManager: Shutting down and abandoning module RenderCore (30)
[2019.10.11-19.43.11:123][833]LogModuleManager: Shutting down and abandoning module Landscape (28)
[2019.10.11-19.43.11:123][833]LogModuleManager: Shutting down and abandoning module SlateRHIRenderer (26)
[2019.10.11-19.43.11:133][833]LogModuleManager: Shutting down and abandoning module OpenGLDrv (24)
[2019.10.11-19.43.11:140][833]LogModuleManager: Shutting down and abandoning module D3D11RHI (22)
[2019.10.11-19.43.11:140][833]LogModuleManager: Shutting down and abandoning module AnimGraphRuntime (20)
[2019.10.11-19.43.11:150][833]LogModuleManager: Shutting down and abandoning module Renderer (18)
[2019.10.11-19.43.11:160][833]LogModuleManager: Shutting down and abandoning module Engine (16)
[2019.10.11-19.43.11:160][833]LogModuleManager: Shutting down and abandoning module CoreUObject (14)
[2019.10.11-19.43.11:160][833]LogModuleManager: Shutting down and abandoning module NetworkFile (12)
[2019.10.11-19.43.11:166][833]LogModuleManager: Shutting down and abandoning module CookedIterativeFile (10)
[2019.10.11-19.43.11:166][833]LogModuleManager: Shutting down and abandoning module StreamingFile (8)
[2019.10.11-19.43.11:176][833]LogModuleManager: Shutting down and abandoning module SandboxFile (6)
[2019.10.11-19.43.11:176][833]LogModuleManager: Shutting down and abandoning module PakFile (4)
[2019.10.11-19.43.11:186][833]LogModuleManager: Shutting down and abandoning module RSA (3)
[2019.10.11-19.43.11:226][833]LogExit: Exiting.
[2019.10.11-19.43.11:267][833]Log file closed, 10/11/19 20:43:11
