Log file open, 10/14/19 01:01:50
LogWindows: Failed to load 'aqProf.dll' (GetLastError=126)
LogWindows: File 'aqProf.dll' does not exist
LogWindows: Failed to load 'VtuneApi.dll' (GetLastError=126)
LogWindows: File 'VtuneApi.dll' does not exist
LogWindows: Failed to load 'VtuneApi32e.dll' (GetLastError=126)
LogWindows: File 'VtuneApi32e.dll' does not exist
LogConsoleResponse: Display: Failed to find resolution value strings in scalability ini. Falling back to default.
LogInit: Display: Running engine for game: ScreamJam2019
LogPlatformFile: Not using cached read wrapper
LogTaskGraph: Started task graph with 5 named threads and 23 total threads with 3 sets of task threads.
LogStats: Stats thread started at 0.126868
LogD3D11RHI: Loaded GFSDK_Aftermath_Lib.x64.dll
LogICUInternationalization: ICU TimeZone Detection - Raw Offset: +0:00, Platform Override: ''
LogPluginManager: Mounting plugin Paper2D
LogPluginManager: Mounting plugin AISupport
LogPluginManager: Mounting plugin LightPropagationVolume
LogPluginManager: Mounting plugin ActorLayerUtilities
LogPluginManager: Mounting plugin AnimationSharing
LogPluginManager: Mounting plugin CLionSourceCodeAccess
LogPluginManager: Mounting plugin CodeLiteSourceCodeAccess
LogPluginManager: Mounting plugin GitSourceControl
LogPluginManager: Mounting plugin KDevelopSourceCodeAccess
LogPluginManager: Mounting plugin NullSourceCodeAccess
LogPluginManager: Mounting plugin PerforceSourceControl
LogPluginManager: Mounting plugin SubversionSourceControl
LogPluginManager: Mounting plugin UObjectPlugin
LogPluginManager: Mounting plugin VisualStudioCodeSourceCodeAccess
LogPluginManager: Mounting plugin VisualStudioSourceCodeAccess
LogPluginManager: Mounting plugin XCodeSourceCodeAccess
LogPluginManager: Mounting plugin AssetManagerEditor
LogPluginManager: Mounting plugin CryptoKeys
LogPluginManager: Mounting plugin CurveEditorTools
LogPluginManager: Mounting plugin DataValidation
LogPluginManager: Mounting plugin FacialAnimation
LogPluginManager: Mounting plugin GameplayTagsEditor
LogPluginManager: Mounting plugin MacGraphicsSwitching
LogPluginManager: Mounting plugin MaterialAnalyzer
LogPluginManager: Mounting plugin MobileLauncherProfileWizard
LogPluginManager: Mounting plugin PluginBrowser
LogPluginManager: Mounting plugin SpeedTreeImporter
LogPluginManager: Mounting plugin DatasmithContent
LogPluginManager: Mounting plugin VariantManagerContent
LogPluginManager: Mounting plugin AlembicImporter
LogPluginManager: Mounting plugin AutomationUtils
LogPluginManager: Mounting plugin BackChannel
LogPluginManager: Mounting plugin CharacterAI
LogPluginManager: Mounting plugin GeometryCache
LogPluginManager: Mounting plugin HTML5Networking
LogPluginManager: Mounting plugin PlatformCrypto
LogPluginManager: Mounting plugin ProxyLODPlugin
LogPluginManager: Mounting plugin SkeletalReduction
LogPluginManager: Mounting plugin MagicLeap
LogPluginManager: Mounting plugin MagicLeapMedia
LogPluginManager: Mounting plugin AndroidMedia
LogPluginManager: Mounting plugin AvfMedia
LogPluginManager: Mounting plugin ImgMedia
LogPluginManager: Mounting plugin MediaCompositing
LogPluginManager: Mounting plugin MediaPlayerEditor
LogPluginManager: Mounting plugin WebMMedia
LogPluginManager: Mounting plugin WmfMedia
LogPluginManager: Mounting plugin TcpMessaging
LogPluginManager: Mounting plugin UdpMessaging
LogPluginManager: Mounting plugin ActorSequence
LogPluginManager: Mounting plugin LevelSequenceEditor
LogPluginManager: Mounting plugin MatineeToLevelSequence
LogPluginManager: Mounting plugin NetcodeUnitTest
LogPluginManager: Mounting plugin NUTUnrealEngine4
LogPluginManager: Mounting plugin OnlineSubsystemGooglePlay
LogPluginManager: Mounting plugin OnlineSubsystemIOS
LogPluginManager: Mounting plugin OnlineSubsystem
LogPluginManager: Mounting plugin OnlineSubsystemNull
LogPluginManager: Mounting plugin OnlineSubsystemSteam
LogPluginManager: Mounting plugin OnlineSubsystemUtils
LogPluginManager: Mounting plugin VivoxVoiceChat
LogPluginManager: Mounting plugin LauncherChunkInstaller
LogPluginManager: Mounting plugin AndroidDeviceProfileSelector
LogPluginManager: Mounting plugin AndroidMoviePlayer
LogPluginManager: Mounting plugin AndroidPermission
LogPluginManager: Mounting plugin AppleImageUtils
LogPluginManager: Mounting plugin AppleMoviePlayer
LogPluginManager: Mounting plugin ArchVisCharacter
LogPluginManager: Mounting plugin AudioCapture
LogPluginManager: Mounting plugin CableComponent
LogPluginManager: Mounting plugin CustomMeshComponent
LogPluginManager: Mounting plugin EditableMesh
LogPluginManager: Mounting plugin ExampleDeviceProfileSelector
LogPluginManager: Mounting plugin GoogleCloudMessaging
LogPluginManager: Mounting plugin IOSDeviceProfileSelector
LogPluginManager: Mounting plugin LinuxDeviceProfileSelector
LogPluginManager: Mounting plugin LocationServicesBPLibrary
LogPluginManager: Mounting plugin MobilePatchingUtils
LogPluginManager: Mounting plugin OculusVR
LogPluginManager: Mounting plugin PhysXVehicles
LogPluginManager: Mounting plugin ProceduralMeshComponent
LogPluginManager: Mounting plugin RuntimePhysXCooking
LogPluginManager: Mounting plugin SignificanceManager
LogPluginManager: Mounting plugin SteamVR
LogPluginManager: Mounting plugin WebMMoviePlayer
LogPluginManager: Mounting plugin WindowsMoviePlayer
LogPluginManager: Mounting plugin ScreenshotTools
LogInit: Using libcurl 7.55.1-DEV
LogInit:  - built for x86_64-pc-win32
LogInit:  - supports SSL with OpenSSL/1.1.1
LogInit:  - supports HTTP deflate (compression) using libz 1.2.8
LogInit:  - other features:
LogInit:      CURL_VERSION_SSL
LogInit:      CURL_VERSION_LIBZ
LogInit:      CURL_VERSION_IPV6
LogInit:      CURL_VERSION_ASYNCHDNS
LogInit:      CURL_VERSION_LARGEFILE
LogInit:      CURL_VERSION_IDN
LogInit:  CurlRequestOptions (configurable via config and command line):
LogInit:  - bVerifyPeer = true  - Libcurl will verify peer certificate
LogInit:  - bUseHttpProxy = false  - Libcurl will NOT use HTTP proxy
LogInit:  - bDontReuseConnections = false  - Libcurl will reuse connections
LogInit:  - MaxHostConnections = 16  - Libcurl will limit the number of connections to a host
LogInit:  - LocalHostAddr = Default
LogInit:  - BufferSize = 65536
LogOnline: Display: STEAM: Loading Steam SDK 1.42
LogOnline: OSS: Creating online subsystem instance for: Steam
LogOnline: Display: STEAM: OnlineSubsystemSteam::Shutdown()
LogOnline: OSS: Unable to create OnlineSubsystem module Steam
LogOnline: OSS: Creating online subsystem instance for: NULL
LogInit: WinSock: version 1.1 (2.2), MaxSocks=32767, MaxUdp=65467
LogInit: Build: ++UE4+Release-4.23-CL-8386587
LogInit: Engine Version: 4.23.0-8386587+++UE4+Release-4.23
LogInit: Compatible Engine Version: 4.23.0-8386587+++UE4+Release-4.23
LogInit: Net CL: 8386587
LogInit: OS: Windows 10 (Release 1903) (), CPU: Intel(R) Core(TM) i7-7700 CPU @ 3.60GHz, GPU: NVIDIA GeForce GTX 1080 Ti
LogInit: Compiled (64-bit): Aug 31 2019 02:04:44
LogInit: Compiled with Visual C++: 19.16.27030.01
LogInit: Build Configuration: Development
LogInit: Branch Name: ++UE4+Release-4.23
LogInit: Command Line: 
LogInit: Base Directory: D:/UE4/UE_4.23/Engine/Binaries/Win64/
LogInit: Installed Engine Build: 1
LogDevObjectVersion: Number of dev versions registered: 23
LogDevObjectVersion:   Dev-Blueprints (B0D832E4-1F89-4F0D-ACCF-7EB736FD4AA2): 10
LogDevObjectVersion:   Dev-Build (E1C64328-A22C-4D53-A36C-8E866417BD8C): 0
LogDevObjectVersion:   Dev-Core (375EC13C-06E4-48FB-B500-84F0262A717E): 3
LogDevObjectVersion:   Dev-Editor (E4B068ED-F494-42E9-A231-DA0B2E46BB41): 34
LogDevObjectVersion:   Dev-Framework (CFFC743F-43B0-4480-9391-14DF171D2073): 35
LogDevObjectVersion:   Dev-Mobile (B02B49B5-BB20-44E9-A304-32B752E40360): 2
LogDevObjectVersion:   Dev-Networking (A4E4105C-59A1-49B5-A7C5-40C4547EDFEE): 0
LogDevObjectVersion:   Dev-Online (39C831C9-5AE6-47DC-9A44-9C173E1C8E7C): 0
LogDevObjectVersion:   Dev-Physics (78F01B33-EBEA-4F98-B9B4-84EACCB95AA2): 0
LogDevObjectVersion:   Dev-Platform (6631380F-2D4D-43E0-8009-CF276956A95A): 0
LogDevObjectVersion:   Dev-Rendering (12F88B9F-8875-4AFC-A67C-D90C383ABD29): 31
LogDevObjectVersion:   Dev-Sequencer (7B5AE74C-D270-4C10-A958-57980B212A5A): 11
LogDevObjectVersion:   Dev-VR (D7296918-1DD6-4BDD-9DE2-64A83CC13884): 2
LogDevObjectVersion:   Dev-LoadTimes (C2A15278-BFE7-4AFE-6C17-90FF531DF755): 1
LogDevObjectVersion:   Private-Geometry (6EACA3D4-40EC-4CC1-B786-8BED09428FC5): 3
LogDevObjectVersion:   Dev-AnimPhys (29E575DD-E0A3-4627-9D10-D276232CDCEA): 17
LogDevObjectVersion:   Dev-Anim (AF43A65D-7FD3-4947-9873-3E8ED9C1BB05): 2
LogDevObjectVersion:   Dev-ReflectionCapture (6B266CEC-1EC7-4B8F-A30B-E4D90942FC07): 1
LogDevObjectVersion:   Dev-Automation (0DF73D61-A23F-47EA-B727-89E90C41499A): 1
LogDevObjectVersion:   FortniteMain (601D1886-AC64-4F84-AA16-D3DE0DEAC7D6): 27
LogDevObjectVersion:   Dev-Enterprise (9DFFBCD6-494F-0158-E221-12823C92A888): 6
LogDevObjectVersion:   Dev-Niagara (F2AED0AC-9AFE-416F-8664-AA7FFA26D6FC): 1
LogDevObjectVersion:   Dev-Destruction (174F1F0B-B4C6-45A5-B13F-2EE8D0FB917D): 9
LogInit: Presizing for max 16777216 objects, including 0 objects not considered by GC, pre-allocating 0 bytes for permanent pool.
LogInit: Object subsystem initialized
LogConfig: Setting CVar [[con.DebugEarlyDefault:1]]
LogConfig: Setting CVar [[r.setres:1280x720]]
[2019.10.14-00.02.09:265][  0]LogConfig: Setting CVar [[r.VSync:0]]
[2019.10.14-00.02.09:265][  0]LogConfig: Setting CVar [[r.RHICmdBypass:0]]
[2019.10.14-00.02.09:265][  0]LogConfig: Applying CVar settings from Section [/Script/Engine.RendererSettings] File [D:/Git-Hub/ScreamJam/ScreamJam2019/Saved/Config/Windows/Engine.ini]
[2019.10.14-00.02.09:265][  0]LogConfig: Setting CVar [[r.GPUCrashDebugging:0]]
[2019.10.14-00.02.09:265][  0]LogConfig: Applying CVar settings from Section [/Script/Engine.RendererOverrideSettings] File [D:/Git-Hub/ScreamJam/ScreamJam2019/Saved/Config/Windows/Engine.ini]
[2019.10.14-00.02.09:265][  0]LogConfig: Applying CVar settings from Section [/Script/Engine.StreamingSettings] File [D:/Git-Hub/ScreamJam/ScreamJam2019/Saved/Config/Windows/Engine.ini]
[2019.10.14-00.02.09:265][  0]LogConfig: Setting CVar [[s.MinBulkDataSizeForAsyncLoading:131072]]
[2019.10.14-00.02.09:265][  0]LogConfig: Setting CVar [[s.AsyncLoadingThreadEnabled:0]]
[2019.10.14-00.02.09:265][  0]LogConfig: Setting CVar [[s.EventDrivenLoaderEnabled:1]]
[2019.10.14-00.02.09:265][  0]LogConfig: Setting CVar [[s.WarnIfTimeLimitExceeded:0]]
[2019.10.14-00.02.09:265][  0]LogConfig: Setting CVar [[s.TimeLimitExceededMultiplier:1.5]]
[2019.10.14-00.02.09:265][  0]LogConfig: Setting CVar [[s.TimeLimitExceededMinTime:0.005]]
[2019.10.14-00.02.09:265][  0]LogConfig: Setting CVar [[s.UseBackgroundLevelStreaming:1]]
[2019.10.14-00.02.09:265][  0]LogConfig: Setting CVar [[s.PriorityAsyncLoadingExtraTime:15.0]]
[2019.10.14-00.02.09:265][  0]LogConfig: Setting CVar [[s.LevelStreamingActorsUpdateTimeLimit:5.0]]
[2019.10.14-00.02.09:265][  0]LogConfig: Setting CVar [[s.PriorityLevelStreamingActorsUpdateExtraTime:5.0]]
[2019.10.14-00.02.09:265][  0]LogConfig: Setting CVar [[s.LevelStreamingComponentsRegistrationGranularity:10]]
[2019.10.14-00.02.09:265][  0]LogConfig: Setting CVar [[s.UnregisterComponentsTimeLimit:1.0]]
[2019.10.14-00.02.09:265][  0]LogConfig: Setting CVar [[s.LevelStreamingComponentsUnregistrationGranularity:5]]
[2019.10.14-00.02.09:265][  0]LogConfig: Applying CVar settings from Section [/Script/Engine.GarbageCollectionSettings] File [D:/Git-Hub/ScreamJam/ScreamJam2019/Saved/Config/Windows/Engine.ini]
[2019.10.14-00.02.09:265][  0]LogConfig: Setting CVar [[gc.MaxObjectsNotConsideredByGC:1]]
[2019.10.14-00.02.09:265][  0]LogConfig: Setting CVar [[gc.SizeOfPermanentObjectPool:0]]
[2019.10.14-00.02.09:265][  0]LogConfig: Setting CVar [[gc.FlushStreamingOnGC:0]]
[2019.10.14-00.02.09:265][  0]LogConfig: Setting CVar [[gc.NumRetriesBeforeForcingGC:10]]
[2019.10.14-00.02.09:265][  0]LogConfig: Setting CVar [[gc.AllowParallelGC:1]]
[2019.10.14-00.02.09:265][  0]LogConfig: Setting CVar [[gc.TimeBetweenPurgingPendingKillObjects:61.1]]
[2019.10.14-00.02.09:265][  0]LogConfig: Setting CVar [[gc.MaxObjectsInEditor:16777216]]
[2019.10.14-00.02.09:265][  0]LogConfig: Setting CVar [[gc.IncrementalBeginDestroyEnabled:1]]
[2019.10.14-00.02.09:265][  0]LogConfig: Setting CVar [[gc.CreateGCClusters:1]]
[2019.10.14-00.02.09:265][  0]LogConfig: Setting CVar [[gc.MinGCClusterSize:5]]
[2019.10.14-00.02.09:266][  0]LogConfig: Setting CVar [[gc.ActorClusteringEnabled:0]]
[2019.10.14-00.02.09:266][  0]LogConfig: Setting CVar [[gc.BlueprintClusteringEnabled:0]]
[2019.10.14-00.02.09:266][  0]LogConfig: Setting CVar [[gc.UseDisregardForGCOnDedicatedServers:0]]
[2019.10.14-00.02.09:266][  0]LogConfig: Applying CVar settings from Section [/Script/Engine.NetworkSettings] File [D:/Git-Hub/ScreamJam/ScreamJam2019/Saved/Config/Windows/Engine.ini]
[2019.10.14-00.02.09:266][  0]LogConfig: Applying CVar settings from Section [/Script/UnrealEd.CookerSettings] File [D:/Git-Hub/ScreamJam/ScreamJam2019/Saved/Config/Windows/Engine.ini]
[2019.10.14-00.02.09:280][  0]LogConfig: Applying CVar settings from Section [ViewDistanceQuality@3] File [D:/Git-Hub/ScreamJam/ScreamJam2019/Saved/Config/Windows/Scalability.ini]
[2019.10.14-00.02.09:281][  0]LogConfig: Setting CVar [[r.SkeletalMeshLODBias:0]]
[2019.10.14-00.02.09:281][  0]LogConfig: Setting CVar [[r.ViewDistanceScale:1.0]]
[2019.10.14-00.02.09:281][  0]LogConfig: Applying CVar settings from Section [AntiAliasingQuality@3] File [D:/Git-Hub/ScreamJam/ScreamJam2019/Saved/Config/Windows/Scalability.ini]
[2019.10.14-00.02.09:281][  0]LogConfig: Setting CVar [[r.PostProcessAAQuality:4]]
[2019.10.14-00.02.09:281][  0]LogConfig: Applying CVar settings from Section [ShadowQuality@3] File [D:/Git-Hub/ScreamJam/ScreamJam2019/Saved/Config/Windows/Scalability.ini]
[2019.10.14-00.02.09:281][  0]LogConfig: Setting CVar [[r.LightFunctionQuality:1]]
[2019.10.14-00.02.09:281][  0]LogConfig: Setting CVar [[r.ShadowQuality:5]]
[2019.10.14-00.02.09:281][  0]LogConfig: Setting CVar [[r.Shadow.CSM.MaxCascades:10]]
[2019.10.14-00.02.09:281][  0]LogConfig: Setting CVar [[r.Shadow.MaxResolution:2048]]
[2019.10.14-00.02.09:281][  0]LogConfig: Setting CVar [[r.Shadow.MaxCSMResolution:2048]]
[2019.10.14-00.02.09:281][  0]LogConfig: Setting CVar [[r.Shadow.RadiusThreshold:0.01]]
[2019.10.14-00.02.09:281][  0]LogConfig: Setting CVar [[r.Shadow.DistanceScale:1.0]]
[2019.10.14-00.02.09:281][  0]LogConfig: Setting CVar [[r.Shadow.CSM.TransitionScale:1.0]]
[2019.10.14-00.02.09:281][  0]LogConfig: Setting CVar [[r.Shadow.PreShadowResolutionFactor:1.0]]
[2019.10.14-00.02.09:281][  0]LogConfig: Setting CVar [[r.DistanceFieldShadowing:1]]
[2019.10.14-00.02.09:281][  0]LogConfig: Setting CVar [[r.DistanceFieldAO:1]]
[2019.10.14-00.02.09:281][  0]LogConfig: Setting CVar [[r.AOQuality:2]]
[2019.10.14-00.02.09:281][  0]LogConfig: Setting CVar [[r.VolumetricFog:1]]
[2019.10.14-00.02.09:281][  0]LogConfig: Setting CVar [[r.VolumetricFog.GridPixelSize:8]]
[2019.10.14-00.02.09:281][  0]LogConfig: Setting CVar [[r.VolumetricFog.GridSizeZ:128]]
[2019.10.14-00.02.09:281][  0]LogConfig: Setting CVar [[r.VolumetricFog.HistoryMissSupersampleCount:4]]
[2019.10.14-00.02.09:281][  0]LogConfig: Setting CVar [[r.LightMaxDrawDistanceScale:1]]
[2019.10.14-00.02.09:281][  0]LogConfig: Setting CVar [[r.CapsuleShadows:1]]
[2019.10.14-00.02.09:282][  0]LogConfig: Applying CVar settings from Section [PostProcessQuality@3] File [D:/Git-Hub/ScreamJam/ScreamJam2019/Saved/Config/Windows/Scalability.ini]
[2019.10.14-00.02.09:282][  0]LogConfig: Setting CVar [[r.MotionBlurQuality:4]]
[2019.10.14-00.02.09:282][  0]LogConfig: Setting CVar [[r.AmbientOcclusionMipLevelFactor:0.4]]
[2019.10.14-00.02.09:282][  0]LogConfig: Setting CVar [[r.AmbientOcclusionMaxQuality:100]]
[2019.10.14-00.02.09:282][  0]LogConfig: Setting CVar [[r.AmbientOcclusionLevels:-1]]
[2019.10.14-00.02.09:282][  0]LogConfig: Setting CVar [[r.AmbientOcclusionRadiusScale:1.0]]
[2019.10.14-00.02.09:282][  0]LogConfig: Setting CVar [[r.DepthOfFieldQuality:2]]
[2019.10.14-00.02.09:282][  0]LogConfig: Setting CVar [[r.RenderTargetPoolMin:400]]
[2019.10.14-00.02.09:282][  0]LogConfig: Setting CVar [[r.LensFlareQuality:2]]
[2019.10.14-00.02.09:282][  0]LogConfig: Setting CVar [[r.SceneColorFringeQuality:1]]
[2019.10.14-00.02.09:282][  0]LogConfig: Setting CVar [[r.EyeAdaptationQuality:2]]
[2019.10.14-00.02.09:282][  0]LogConfig: Setting CVar [[r.BloomQuality:5]]
[2019.10.14-00.02.09:282][  0]LogConfig: Setting CVar [[r.FastBlurThreshold:100]]
[2019.10.14-00.02.09:283][  0]LogConfig: Setting CVar [[r.Upscale.Quality:3]]
[2019.10.14-00.02.09:283][  0]LogConfig: Setting CVar [[r.Tonemapper.GrainQuantization:1]]
[2019.10.14-00.02.09:283][  0]LogConfig: Setting CVar [[r.LightShaftQuality:1]]
[2019.10.14-00.02.09:283][  0]LogConfig: Setting CVar [[r.Filter.SizeScale:1]]
[2019.10.14-00.02.09:283][  0]LogConfig: Setting CVar [[r.Tonemapper.Quality:5]]
[2019.10.14-00.02.09:283][  0]LogConfig: Setting CVar [[r.DOF.Gather.AccumulatorQuality:1        ; higher gathering accumulator quality]]
[2019.10.14-00.02.09:283][  0]LogConfig: Setting CVar [[r.DOF.Gather.PostfilterMethod:1          ; Median3x3 postfilering method]]
[2019.10.14-00.02.09:283][  0]LogConfig: Setting CVar [[r.DOF.Gather.EnableBokehSettings:0       ; no bokeh simulation when gathering]]
[2019.10.14-00.02.09:283][  0]LogConfig: Setting CVar [[r.DOF.Gather.RingCount:4                 ; medium number of samples when gathering]]
[2019.10.14-00.02.09:283][  0]LogConfig: Setting CVar [[r.DOF.Scatter.ForegroundCompositing:1    ; additive foreground scattering]]
[2019.10.14-00.02.09:283][  0]LogConfig: Setting CVar [[r.DOF.Scatter.BackgroundCompositing:2    ; additive background scattering]]
[2019.10.14-00.02.09:283][  0]LogConfig: Setting CVar [[r.DOF.Scatter.EnableBokehSettings:1      ; bokeh simulation when scattering]]
[2019.10.14-00.02.09:283][  0]LogConfig: Setting CVar [[r.DOF.Scatter.MaxSpriteRatio:0.1         ; only a maximum of 10% of scattered bokeh]]
[2019.10.14-00.02.09:283][  0]LogConfig: Setting CVar [[r.DOF.Recombine.Quality:1                ; cheap slight out of focus]]
[2019.10.14-00.02.09:283][  0]LogConfig: Setting CVar [[r.DOF.Recombine.EnableBokehSettings:0    ; no bokeh simulation on slight out of focus]]
[2019.10.14-00.02.09:283][  0]LogConfig: Setting CVar [[r.DOF.TemporalAAQuality:1                ; more stable temporal accumulation]]
[2019.10.14-00.02.09:283][  0]LogConfig: Setting CVar [[r.DOF.Kernel.MaxForegroundRadius:0.025]]
[2019.10.14-00.02.09:283][  0]LogConfig: Setting CVar [[r.DOF.Kernel.MaxBackgroundRadius:0.025]]
[2019.10.14-00.02.09:283][  0]LogConfig: Applying CVar settings from Section [TextureQuality@3] File [D:/Git-Hub/ScreamJam/ScreamJam2019/Saved/Config/Windows/Scalability.ini]
[2019.10.14-00.02.09:283][  0]LogConfig: Setting CVar [[r.Streaming.MipBias:0]]
[2019.10.14-00.02.09:283][  0]LogConfig: Setting CVar [[r.Streaming.AmortizeCPUToGPUCopy:0]]
[2019.10.14-00.02.09:283][  0]LogConfig: Setting CVar [[r.Streaming.MaxNumTexturesToStreamPerFrame:0]]
[2019.10.14-00.02.09:283][  0]LogConfig: Setting CVar [[r.Streaming.Boost:1]]
[2019.10.14-00.02.09:284][  0]LogConfig: Setting CVar [[r.MaxAnisotropy:8]]
[2019.10.14-00.02.09:284][  0]LogConfig: Setting CVar [[r.Streaming.LimitPoolSizeToVRAM:0]]
[2019.10.14-00.02.09:284][  0]LogConfig: Setting CVar [[r.Streaming.PoolSize:1000]]
[2019.10.14-00.02.09:284][  0]LogConfig: Setting CVar [[r.Streaming.MaxEffectiveScreenSize:0]]
[2019.10.14-00.02.09:284][  0]LogConfig: Applying CVar settings from Section [EffectsQuality@3] File [D:/Git-Hub/ScreamJam/ScreamJam2019/Saved/Config/Windows/Scalability.ini]
[2019.10.14-00.02.09:284][  0]LogConfig: Setting CVar [[r.TranslucencyLightingVolumeDim:64]]
[2019.10.14-00.02.09:284][  0]LogConfig: Setting CVar [[r.RefractionQuality:2]]
[2019.10.14-00.02.09:284][  0]LogConfig: Setting CVar [[r.SSR.Quality:3]]
[2019.10.14-00.02.09:284][  0]LogConfig: Setting CVar [[r.SceneColorFormat:4]]
[2019.10.14-00.02.09:284][  0]LogConfig: Setting CVar [[r.DetailMode:2]]
[2019.10.14-00.02.09:284][  0]LogConfig: Setting CVar [[r.TranslucencyVolumeBlur:1]]
[2019.10.14-00.02.09:284][  0]LogConfig: Setting CVar [[r.MaterialQualityLevel:1 ; High quality]]
[2019.10.14-00.02.09:284][  0]LogConfig: Setting CVar [[r.SSS.Scale:1]]
[2019.10.14-00.02.09:284][  0]LogConfig: Setting CVar [[r.SSS.SampleSet:2]]
[2019.10.14-00.02.09:284][  0]LogConfig: Setting CVar [[r.SSS.Quality:1]]
[2019.10.14-00.02.09:284][  0]LogConfig: Setting CVar [[r.SSS.HalfRes:1]]
[2019.10.14-00.02.09:284][  0]LogConfig: Setting CVar [[r.EmitterSpawnRateScale:1.0]]
[2019.10.14-00.02.09:284][  0]LogConfig: Setting CVar [[r.ParticleLightQuality:2]]
[2019.10.14-00.02.09:284][  0]LogConfig: Applying CVar settings from Section [FoliageQuality@3] File [D:/Git-Hub/ScreamJam/ScreamJam2019/Saved/Config/Windows/Scalability.ini]
[2019.10.14-00.02.09:284][  0]LogConfig: Setting CVar [[foliage.DensityScale:1.0]]
[2019.10.14-00.02.09:284][  0]LogConfig: Setting CVar [[grass.DensityScale:1.0]]
[2019.10.14-00.02.09:284][  0]LogInit: Selected Device Profile: [Windows]
[2019.10.14-00.02.09:284][  0]LogInit: Applying CVar settings loaded from the selected device profile: [Windows]
[2019.10.14-00.02.10:088][  0]LogHAL: Display: Platform has ~ 16 GB [17066565632 / 17179869184 / 16], which maps to Larger [LargestMinGB=32, LargerMinGB=12, DefaultMinGB=8, SmallerMinGB=6, SmallestMinGB=0)
[2019.10.14-00.02.10:088][  0]LogInit: Going up to parent DeviceProfile []
[2019.10.14-00.02.10:088][  0]LogConfig: Applying CVar settings from Section [ViewDistanceQuality@Cine] File [D:/Git-Hub/ScreamJam/ScreamJam2019/Saved/Config/Windows/Scalability.ini]
[2019.10.14-00.02.10:088][  0]LogConfig: Setting CVar [[r.SkeletalMeshLODBias:0]]
[2019.10.14-00.02.10:088][  0]LogConfig: Setting CVar [[r.ViewDistanceScale:10.0]]
[2019.10.14-00.02.10:088][  0]LogConfig: Applying CVar settings from Section [AntiAliasingQuality@Cine] File [D:/Git-Hub/ScreamJam/ScreamJam2019/Saved/Config/Windows/Scalability.ini]
[2019.10.14-00.02.10:088][  0]LogConfig: Setting CVar [[r.PostProcessAAQuality:6]]
[2019.10.14-00.02.10:088][  0]LogConfig: Applying CVar settings from Section [ShadowQuality@Cine] File [D:/Git-Hub/ScreamJam/ScreamJam2019/Saved/Config/Windows/Scalability.ini]
[2019.10.14-00.02.10:088][  0]LogConfig: Setting CVar [[r.LightFunctionQuality:1]]
[2019.10.14-00.02.10:088][  0]LogConfig: Setting CVar [[r.ShadowQuality:5]]
[2019.10.14-00.02.10:088][  0]LogConfig: Setting CVar [[r.Shadow.CSM.MaxCascades:10]]
[2019.10.14-00.02.10:088][  0]LogConfig: Setting CVar [[r.Shadow.MaxResolution:4096]]
[2019.10.14-00.02.10:088][  0]LogConfig: Setting CVar [[r.Shadow.MaxCSMResolution:4096]]
[2019.10.14-00.02.10:088][  0]LogConfig: Setting CVar [[r.Shadow.RadiusThreshold:0]]
[2019.10.14-00.02.10:088][  0]LogConfig: Setting CVar [[r.Shadow.DistanceScale:1.0]]
[2019.10.14-00.02.10:088][  0]LogConfig: Setting CVar [[r.Shadow.CSM.TransitionScale:1.0]]
[2019.10.14-00.02.10:088][  0]LogConfig: Setting CVar [[r.Shadow.PreShadowResolutionFactor:1.0]]
[2019.10.14-00.02.10:088][  0]LogConfig: Setting CVar [[r.DistanceFieldShadowing:1]]
[2019.10.14-00.02.10:089][  0]LogConfig: Setting CVar [[r.DistanceFieldAO:1]]
[2019.10.14-00.02.10:089][  0]LogConfig: Setting CVar [[r.AOQuality:2]]
[2019.10.14-00.02.10:089][  0]LogConfig: Setting CVar [[r.VolumetricFog:1]]
[2019.10.14-00.02.10:089][  0]LogConfig: Setting CVar [[r.VolumetricFog.GridPixelSize:4]]
[2019.10.14-00.02.10:089][  0]LogConfig: Setting CVar [[r.VolumetricFog.GridSizeZ:128]]
[2019.10.14-00.02.10:089][  0]LogConfig: Setting CVar [[r.VolumetricFog.HistoryMissSupersampleCount:16]]
[2019.10.14-00.02.10:089][  0]LogConfig: Setting CVar [[r.LightMaxDrawDistanceScale:1]]
[2019.10.14-00.02.10:089][  0]LogConfig: Setting CVar [[r.CapsuleShadows:1]]
[2019.10.14-00.02.10:089][  0]LogConfig: Applying CVar settings from Section [PostProcessQuality@Cine] File [D:/Git-Hub/ScreamJam/ScreamJam2019/Saved/Config/Windows/Scalability.ini]
[2019.10.14-00.02.10:089][  0]LogConfig: Setting CVar [[r.MotionBlurQuality:4]]
[2019.10.14-00.02.10:089][  0]LogConfig: Setting CVar [[r.AmbientOcclusionMipLevelFactor:0.4]]
[2019.10.14-00.02.10:089][  0]LogConfig: Setting CVar [[r.AmbientOcclusionMaxQuality:100]]
[2019.10.14-00.02.10:089][  0]LogConfig: Setting CVar [[r.AmbientOcclusionLevels:-1]]
[2019.10.14-00.02.10:089][  0]LogConfig: Setting CVar [[r.AmbientOcclusionRadiusScale:1.0]]
[2019.10.14-00.02.10:089][  0]LogConfig: Setting CVar [[r.DepthOfFieldQuality:4]]
[2019.10.14-00.02.10:089][  0]LogConfig: Setting CVar [[r.RenderTargetPoolMin:1000]]
[2019.10.14-00.02.10:089][  0]LogConfig: Setting CVar [[r.LensFlareQuality:3]]
[2019.10.14-00.02.10:089][  0]LogConfig: Setting CVar [[r.SceneColorFringeQuality:1]]
[2019.10.14-00.02.10:089][  0]LogConfig: Setting CVar [[r.EyeAdaptationQuality:2]]
[2019.10.14-00.02.10:089][  0]LogConfig: Setting CVar [[r.BloomQuality:5]]
[2019.10.14-00.02.10:089][  0]LogConfig: Setting CVar [[r.FastBlurThreshold:100]]
[2019.10.14-00.02.10:089][  0]LogConfig: Setting CVar [[r.Upscale.Quality:3]]
[2019.10.14-00.02.10:089][  0]LogConfig: Setting CVar [[r.Tonemapper.GrainQuantization:1]]
[2019.10.14-00.02.10:089][  0]LogConfig: Setting CVar [[r.LightShaftQuality:1]]
[2019.10.14-00.02.10:089][  0]LogConfig: Setting CVar [[r.Filter.SizeScale:1]]
[2019.10.14-00.02.10:089][  0]LogConfig: Setting CVar [[r.Tonemapper.Quality:5]]
[2019.10.14-00.02.10:089][  0]LogConfig: Setting CVar [[r.DOF.Gather.AccumulatorQuality:1        ; higher gathering accumulator quality]]
[2019.10.14-00.02.10:090][  0]LogConfig: Setting CVar [[r.DOF.Gather.PostfilterMethod:1          ; Median3x3 postfilering method]]
[2019.10.14-00.02.10:090][  0]LogConfig: Setting CVar [[r.DOF.Gather.EnableBokehSettings:1       ; bokeh simulation when gathering]]
[2019.10.14-00.02.10:090][  0]LogConfig: Setting CVar [[r.DOF.Gather.RingCount:5                 ; high number of samples when gathering]]
[2019.10.14-00.02.10:090][  0]LogConfig: Setting CVar [[r.DOF.Scatter.ForegroundCompositing:1    ; additive foreground scattering]]
[2019.10.14-00.02.10:090][  0]LogConfig: Setting CVar [[r.DOF.Scatter.BackgroundCompositing:2    ; background scattering occlusion]]
[2019.10.14-00.02.10:090][  0]LogConfig: Setting CVar [[r.DOF.Scatter.EnableBokehSettings:1      ; no bokeh simulation when scattering]]
[2019.10.14-00.02.10:090][  0]LogConfig: Setting CVar [[r.DOF.Scatter.MaxSpriteRatio:0.25        ; only a maximum of 10% of scattered bokeh]]
[2019.10.14-00.02.10:090][  0]LogConfig: Setting CVar [[r.DOF.Recombine.Quality:2                ; highest slight out of focus]]
[2019.10.14-00.02.10:090][  0]LogConfig: Setting CVar [[r.DOF.Recombine.EnableBokehSettings:1    ; bokeh simulation on slight out of focus]]
[2019.10.14-00.02.10:091][  0]LogConfig: Setting CVar [[r.DOF.TemporalAAQuality:1                ; more stable temporal accumulation]]
[2019.10.14-00.02.10:091][  0]LogConfig: Setting CVar [[r.DOF.Kernel.MaxForegroundRadius:0.025]]
[2019.10.14-00.02.10:091][  0]LogConfig: Setting CVar [[r.DOF.Kernel.MaxBackgroundRadius:0.025]]
[2019.10.14-00.02.10:091][  0]LogConfig: Applying CVar settings from Section [TextureQuality@Cine] File [D:/Git-Hub/ScreamJam/ScreamJam2019/Saved/Config/Windows/Scalability.ini]
[2019.10.14-00.02.10:091][  0]LogConfig: Setting CVar [[r.Streaming.MipBias:0]]
[2019.10.14-00.02.10:091][  0]LogConfig: Setting CVar [[r.Streaming.AmortizeCPUToGPUCopy:0]]
[2019.10.14-00.02.10:091][  0]LogConfig: Setting CVar [[r.Streaming.MaxNumTexturesToStreamPerFrame:0]]
[2019.10.14-00.02.10:091][  0]LogConfig: Setting CVar [[r.Streaming.Boost:1]]
[2019.10.14-00.02.10:091][  0]LogConfig: Setting CVar [[r.MaxAnisotropy:8]]
[2019.10.14-00.02.10:091][  0]LogConfig: Setting CVar [[r.Streaming.LimitPoolSizeToVRAM:0]]
[2019.10.14-00.02.10:091][  0]LogConfig: Setting CVar [[r.Streaming.PoolSize:3000]]
[2019.10.14-00.02.10:092][  0]LogConfig: Setting CVar [[r.Streaming.MaxEffectiveScreenSize:0]]
[2019.10.14-00.02.10:092][  0]LogConfig: Applying CVar settings from Section [EffectsQuality@Cine] File [D:/Git-Hub/ScreamJam/ScreamJam2019/Saved/Config/Windows/Scalability.ini]
[2019.10.14-00.02.10:092][  0]LogConfig: Setting CVar [[r.TranslucencyLightingVolumeDim:64]]
[2019.10.14-00.02.10:092][  0]LogConfig: Setting CVar [[r.RefractionQuality:2]]
[2019.10.14-00.02.10:092][  0]LogConfig: Setting CVar [[r.SSR.Quality:4]]
[2019.10.14-00.02.10:092][  0]LogConfig: Setting CVar [[r.SceneColorFormat:4]]
[2019.10.14-00.02.10:092][  0]LogConfig: Setting CVar [[r.DetailMode:2]]
[2019.10.14-00.02.10:092][  0]LogConfig: Setting CVar [[r.TranslucencyVolumeBlur:1]]
[2019.10.14-00.02.10:092][  0]LogConfig: Setting CVar [[r.MaterialQualityLevel:1 ; High quality]]
[2019.10.14-00.02.10:092][  0]LogConfig: Setting CVar [[r.SSS.Scale:1]]
[2019.10.14-00.02.10:092][  0]LogConfig: Setting CVar [[r.SSS.SampleSet:2]]
[2019.10.14-00.02.10:092][  0]LogConfig: Setting CVar [[r.SSS.Quality:1]]
[2019.10.14-00.02.10:092][  0]LogConfig: Setting CVar [[r.SSS.HalfRes:0]]
[2019.10.14-00.02.10:092][  0]LogConfig: Setting CVar [[r.EmitterSpawnRateScale:1.0]]
[2019.10.14-00.02.10:092][  0]LogConfig: Setting CVar [[r.ParticleLightQuality:2]]
[2019.10.14-00.02.10:092][  0]LogConfig: Applying CVar settings from Section [FoliageQuality@Cine] File [D:/Git-Hub/ScreamJam/ScreamJam2019/Saved/Config/Windows/Scalability.ini]
[2019.10.14-00.02.10:092][  0]LogConfig: Setting CVar [[foliage.DensityScale:1.0]]
[2019.10.14-00.02.10:092][  0]LogConfig: Setting CVar [[grass.DensityScale:1.0]]
[2019.10.14-00.02.10:092][  0]LogConfig: Applying CVar settings from Section [Startup] File [../../../Engine/Config/ConsoleVariables.ini]
[2019.10.14-00.02.10:282][  0]LogConfig: Setting CVar [[net.UseAdaptiveNetUpdateFrequency:0]]
[2019.10.14-00.02.10:282][  0]LogConfig: Setting CVar [[p.chaos.AllowCreatePhysxBodies:1]]
[2019.10.14-00.02.10:282][  0]LogConfig: Applying CVar settings from Section [ConsoleVariables] File [D:/Git-Hub/ScreamJam/ScreamJam2019/Saved/Config/Windows/Engine.ini]
[2019.10.14-00.02.10:282][  0]LogInit: Computer: USERCUS-L1S4TLS
[2019.10.14-00.02.10:282][  0]LogInit: User: Will
[2019.10.14-00.02.10:282][  0]LogInit: CPU Page size=4096, Cores=4
[2019.10.14-00.02.10:282][  0]LogInit: High frequency timer resolution =10.000000 MHz
[2019.10.14-00.02.10:282][  0]LogMemory: Memory total: Physical=15.9GB (16GB approx)
[2019.10.14-00.02.10:282][  0]LogMemory: Platform Memory Stats for Windows
[2019.10.14-00.02.10:282][  0]LogMemory: Process Physical Memory: 99.95 MB used, 99.95 MB peak
[2019.10.14-00.02.10:282][  0]LogMemory: Process Virtual Memory: 88.79 MB used, 88.79 MB peak
[2019.10.14-00.02.10:282][  0]LogMemory: Physical Memory: 7740.82 MB used,  8535.12 MB free, 16275.95 MB total
[2019.10.14-00.02.10:282][  0]LogMemory: Virtual Memory: 4643.29 MB used,  134213088.00 MB free, 134217728.00 MB total
[2019.10.14-00.02.10:291][  0]LogWindows: WindowsPlatformFeatures enabled
[2019.10.14-00.02.17:493][  0]LogInit: Using OS detected language (en-GB).
[2019.10.14-00.02.17:493][  0]LogInit: Using OS detected locale (en-GB).
[2019.10.14-00.02.19:040][  0]LogTextLocalizationManager: No specific localization for 'en-GB' exists, so the 'en' localization will be used.
[2019.10.14-00.02.31:389][  0]LogInit: Setting process to per monitor DPI aware
[2019.10.14-00.02.35:475][  0]LogSlate: New Slate User Created.  User Index 0, Is Virtual User: 0
[2019.10.14-00.02.35:475][  0]LogSlate: Slate User Registered.  User Index 0, Is Virtual User: 0
[2019.10.14-00.03.58:601][  0]LogHMD: Failed to initialize OpenVR with code 110
[2019.10.14-00.03.58:601][  0]LogD3D11RHI: D3D11 adapters:
[2019.10.14-00.03.58:742][  0]LogD3D11RHI:    0. 'NVIDIA GeForce GTX 1080 Ti' (Feature Level 11_0)
[2019.10.14-00.03.58:742][  0]LogD3D11RHI:       11127/0/8137 MB DedicatedVideo/DedicatedSystem/SharedSystem, Outputs:1, VendorId:0x10de
[2019.10.14-00.03.58:764][  0]LogD3D11RHI:    1. 'Intel(R) HD Graphics 630' (Feature Level 11_0)
[2019.10.14-00.03.58:764][  0]LogD3D11RHI:       128/0/8137 MB DedicatedVideo/DedicatedSystem/SharedSystem, Outputs:1, VendorId:0x8086
[2019.10.14-00.03.58:770][  0]LogD3D11RHI:    2. 'Microsoft Basic Render Driver' (Feature Level 11_0)
[2019.10.14-00.03.58:770][  0]LogD3D11RHI:       0/0/8137 MB DedicatedVideo/DedicatedSystem/SharedSystem, Outputs:0, VendorId:0x1414
[2019.10.14-00.03.58:770][  0]LogD3D11RHI: Chosen D3D11 Adapter: 0
[2019.10.14-00.03.58:782][  0]LogD3D11RHI: Creating new Direct3DDevice
[2019.10.14-00.03.58:782][  0]LogD3D11RHI:     GPU DeviceId: 0x1b06 (for the marketing name, search the web for "GPU Device Id")
[2019.10.14-00.03.58:782][  0]LogWindows: EnumDisplayDevices:
[2019.10.14-00.03.58:782][  0]LogWindows:    0. 'NVIDIA GeForce GTX 1080 Ti' (P:1 D:1)
[2019.10.14-00.03.58:783][  0]LogWindows:    1. 'NVIDIA GeForce GTX 1080 Ti' (P:0 D:0)
[2019.10.14-00.03.58:784][  0]LogWindows:    2. 'NVIDIA GeForce GTX 1080 Ti' (P:0 D:0)
[2019.10.14-00.03.58:784][  0]LogWindows:    3. 'NVIDIA GeForce GTX 1080 Ti' (P:0 D:0)
[2019.10.14-00.03.58:785][  0]LogWindows:    4. 'Intel(R) HD Graphics 630' (P:0 D:1)
[2019.10.14-00.03.58:785][  0]LogWindows:    5. 'Intel(R) HD Graphics 630' (P:0 D:0)
[2019.10.14-00.03.58:786][  0]LogWindows: DebugString: PrimaryIsNotTheChoosenAdapter PrimaryIsNotTheChoosenAdapter FoundDriverCount:4 
[2019.10.14-00.03.58:786][  0]LogD3D11RHI:     Adapter Name: NVIDIA GeForce GTX 1080 Ti
[2019.10.14-00.03.58:786][  0]LogD3D11RHI:   Driver Version: 436.30 (internal:26.21.14.3630, unified:436.30)
[2019.10.14-00.03.58:786][  0]LogD3D11RHI:      Driver Date: 9-5-2019
[2019.10.14-00.03.58:786][  0]LogRHI: Texture pool is 7788 MB (70% of 11127 MB)
[2019.10.14-00.03.58:951][  0]LogD3D11RHI: Async texture creation enabled
[2019.10.14-00.03.58:974][  0]LogD3D11RHI: GPU Timing Frequency: 1000.000000 (Debug: 2 1)
[2019.10.14-00.04.03:159][  0]LogTemp: Display: Module 'AllDesktopTargetPlatform' loaded TargetPlatform 'AllDesktop'
[2019.10.14-00.04.03:625][  0]LogTemp: Display: Module 'MacClientTargetPlatform' loaded TargetPlatform 'MacClient'
[2019.10.14-00.04.03:788][  0]LogTemp: Display: Module 'MacNoEditorTargetPlatform' loaded TargetPlatform 'MacNoEditor'
[2019.10.14-00.04.03:976][  0]LogTemp: Display: Module 'MacServerTargetPlatform' loaded TargetPlatform 'MacServer'
[2019.10.14-00.04.04:546][  0]LogTemp: Display: Module 'MacTargetPlatform' loaded TargetPlatform 'Mac'
[2019.10.14-00.04.04:909][  0]LogTemp: Display: Module 'WindowsClientTargetPlatform' loaded TargetPlatform 'WindowsClient'
[2019.10.14-00.04.05:277][  0]LogTemp: Display: Module 'WindowsNoEditorTargetPlatform' loaded TargetPlatform 'WindowsNoEditor'
[2019.10.14-00.04.05:322][  0]LogTemp: Display: Module 'WindowsServerTargetPlatform' loaded TargetPlatform 'WindowsServer'
[2019.10.14-00.04.05:622][  0]LogTemp: Display: Module 'WindowsTargetPlatform' loaded TargetPlatform 'Windows'
[2019.10.14-00.04.06:511][  0]LogTemp: Display: Module 'AndroidTargetPlatform' loaded TargetPlatform 'Android'
[2019.10.14-00.04.06:511][  0]LogTemp: Display: Module 'AndroidTargetPlatform' loaded TargetPlatform 'Android_ASTC'
[2019.10.14-00.04.06:511][  0]LogTemp: Display: Module 'AndroidTargetPlatform' loaded TargetPlatform 'Android_ATC'
[2019.10.14-00.04.06:511][  0]LogTemp: Display: Module 'AndroidTargetPlatform' loaded TargetPlatform 'Android_DXT'
[2019.10.14-00.04.06:511][  0]LogTemp: Display: Module 'AndroidTargetPlatform' loaded TargetPlatform 'Android_ETC1'
[2019.10.14-00.04.06:511][  0]LogTemp: Display: Module 'AndroidTargetPlatform' loaded TargetPlatform 'Android_ETC1a'
[2019.10.14-00.04.06:511][  0]LogTemp: Display: Module 'AndroidTargetPlatform' loaded TargetPlatform 'Android_ETC2'
[2019.10.14-00.04.06:511][  0]LogTemp: Display: Module 'AndroidTargetPlatform' loaded TargetPlatform 'Android_PVRTC'
[2019.10.14-00.04.06:511][  0]LogTemp: Display: Module 'AndroidTargetPlatform' loaded TargetPlatform 'AndroidClient'
[2019.10.14-00.04.06:511][  0]LogTemp: Display: Module 'AndroidTargetPlatform' loaded TargetPlatform 'Android_ASTCClient'
[2019.10.14-00.04.06:511][  0]LogTemp: Display: Module 'AndroidTargetPlatform' loaded TargetPlatform 'Android_ATCClient'
[2019.10.14-00.04.06:511][  0]LogTemp: Display: Module 'AndroidTargetPlatform' loaded TargetPlatform 'Android_DXTClient'
[2019.10.14-00.04.06:511][  0]LogTemp: Display: Module 'AndroidTargetPlatform' loaded TargetPlatform 'Android_ETC1Client'
[2019.10.14-00.04.06:511][  0]LogTemp: Display: Module 'AndroidTargetPlatform' loaded TargetPlatform 'Android_ETC1aClient'
[2019.10.14-00.04.06:511][  0]LogTemp: Display: Module 'AndroidTargetPlatform' loaded TargetPlatform 'Android_ETC2Client'
[2019.10.14-00.04.06:511][  0]LogTemp: Display: Module 'AndroidTargetPlatform' loaded TargetPlatform 'Android_PVRTCClient'
[2019.10.14-00.04.06:511][  0]LogTemp: Display: Module 'AndroidTargetPlatform' loaded TargetPlatform 'Android_Multi'
[2019.10.14-00.04.06:511][  0]LogTemp: Display: Module 'AndroidTargetPlatform' loaded TargetPlatform 'Android_MultiClient'
[2019.10.14-00.04.06:976][  0]LogTemp: Display: Module 'HTML5TargetPlatform' loaded TargetPlatform 'HTML5'
[2019.10.14-00.04.09:270][  0]LogTemp: Display: Module 'IOSTargetPlatform' loaded TargetPlatform 'IOSClient'
[2019.10.14-00.04.09:270][  0]LogTemp: Display: Module 'IOSTargetPlatform' loaded TargetPlatform 'IOS'
[2019.10.14-00.04.09:324][  0]LogTemp: Display: Module 'TVOSTargetPlatform' loaded TargetPlatform 'TVOSClient'
[2019.10.14-00.04.09:324][  0]LogTemp: Display: Module 'TVOSTargetPlatform' loaded TargetPlatform 'TVOS'
[2019.10.14-00.04.09:744][  0]LogTemp: Display: Module 'LinuxClientTargetPlatform' loaded TargetPlatform 'LinuxClient'
[2019.10.14-00.04.10:706][  0]LogTemp: Display: Module 'LinuxNoEditorTargetPlatform' loaded TargetPlatform 'LinuxNoEditor'
[2019.10.14-00.04.10:965][  0]LogTemp: Display: Module 'LinuxServerTargetPlatform' loaded TargetPlatform 'LinuxServer'
[2019.10.14-00.04.11:499][  0]LogTemp: Display: Module 'LinuxTargetPlatform' loaded TargetPlatform 'Linux'
[2019.10.14-00.04.11:854][  0]LogTemp: Display: Module 'LuminTargetPlatform' loaded TargetPlatform 'Lumin'
[2019.10.14-00.04.11:854][  0]LogTemp: Display: Module 'LuminTargetPlatform' loaded TargetPlatform 'LuminClient'
[2019.10.14-00.04.11:854][  0]LogTargetPlatformManager: Display: Building Assets For Windows
[2019.10.14-00.04.13:807][  0]LogAudioDebug: Display: Lib vorbis DLL was dynamically loaded.
[2019.10.14-00.04.23:434][  0]LogShaderCompilers: Guid format shader working directory is -2 characters bigger than the processId version (../../../../../Git-Hub/ScreamJam/ScreamJam2019/Intermediate/Shaders/WorkingDirectory/11012/).
[2019.10.14-00.04.23:434][  0]LogShaderCompilers: Cleaned the shader compiler working directory 'C:/Users/Will/AppData/Local/Temp/UnrealShaderWorkingDir/364377334ECE0A8BF5BA70982CD04778/'.
[2019.10.14-00.04.23:557][  0]LogXGEController: Cannot use XGE Controller as Incredibuild is not installed on this machine.
[2019.10.14-00.04.23:557][  0]LogShaderCompilers: Cannot use XGE Shader Compiler as Incredibuild is not installed on this machine.
[2019.10.14-00.04.23:557][  0]LogShaderCompilers: Display: Using Local Shader Compiler.
[2019.10.14-00.05.20:254][  0]LogDerivedDataCache: Display: Max Cache Size: 512 MB
[2019.10.14-00.05.20:755][  0]LogDerivedDataCache: Loaded boot cache 0.50s 73MB C:/Users/Will/AppData/Local/UnrealEngine/4.23/DerivedDataCache/Boot.ddc.
[2019.10.14-00.05.20:755][  0]LogDerivedDataCache: Display: Loaded Boot cache: C:/Users/Will/AppData/Local/UnrealEngine/4.23/DerivedDataCache/Boot.ddc
[2019.10.14-00.05.20:755][  0]LogDerivedDataCache: FDerivedDataBackendGraph:  Pak pak cache file ../../../../../Git-Hub/ScreamJam/ScreamJam2019/DerivedDataCache/DDC.ddp not found, will not use a pak cache.
[2019.10.14-00.05.20:755][  0]LogDerivedDataCache: Unable to find inner node Pak for hierarchical cache Hierarchy.
[2019.10.14-00.05.20:755][  0]LogDerivedDataCache: FDerivedDataBackendGraph:  CompressedPak pak cache file ../../../../../Git-Hub/ScreamJam/ScreamJam2019/DerivedDataCache/Compressed.ddp not found, will not use a pak cache.
[2019.10.14-00.05.20:755][  0]LogDerivedDataCache: Unable to find inner node CompressedPak for hierarchical cache Hierarchy.
[2019.10.14-00.05.20:946][  0]LogDerivedDataCache: Display: Pak cache opened for reading ../../../Engine/DerivedDataCache/Compressed.ddp.
[2019.10.14-00.05.20:946][  0]LogDerivedDataCache: FDerivedDataBackendGraph:  EnterprisePak pak cache file ../../../Enterprise/DerivedDataCache/Compressed.ddp not found, will not use a pak cache.
[2019.10.14-00.05.20:946][  0]LogDerivedDataCache: Unable to find inner node EnterprisePak for hierarchical cache Hierarchy.
[2019.10.14-00.05.20:948][  0]LogDerivedDataCache: Using Local data cache path C:/Users/Will/AppData/Local/UnrealEngine/Common/DerivedDataCache: Writable
[2019.10.14-00.05.20:948][  0]LogDerivedDataCache: Shared data cache path not found in *engine.ini, will not use an Shared cache.
[2019.10.14-00.05.20:948][  0]LogDerivedDataCache: Unable to find inner node Shared for hierarchical cache Hierarchy.
[2019.10.14-00.05.21:100][  0]LogMaterial: Verifying Global Shaders for PCD3D_SM5
[2019.10.14-00.05.21:104][  0]LogSlate: Using FreeType 2.6.0
[2019.10.14-00.05.21:774][  0]LogSlate: SlateFontServices - WITH_FREETYPE: 1, WITH_HARFBUZZ: 1
[2019.10.14-00.06.02:803][  0]LogAssetRegistry: FAssetRegistry took 0.0036 seconds to start up
[2019.10.14-00.06.06:074][  0]LogInit: Selected Device Profile: [Windows]
[2019.10.14-00.06.10:622][  0]LogMeshReduction: Using QuadricMeshReduction for automatic static mesh reduction
[2019.10.14-00.06.10:622][  0]LogMeshReduction: Using SimplygonMeshReduction for automatic skeletal mesh reduction
[2019.10.14-00.06.10:622][  0]LogMeshReduction: Using ProxyLODMeshReduction for automatic mesh merging
[2019.10.14-00.06.10:622][  0]LogMeshReduction: No distributed automatic mesh merging module available
[2019.10.14-00.06.10:622][  0]LogMeshMerging: No distributed automatic mesh merging module available
[2019.10.14-00.06.10:756][  0]LogNetVersion: ScreamJam2019 1.0.0, NetCL: 8386587, EngineNetVer: 11, GameNetVer: 0 (Checksum: 1232775713)
[2019.10.14-00.06.13:784][  0]LogFileManager: Warning: MoveFile was unable to move '../../../../../Git-Hub/ScreamJam/ScreamJam2019/Intermediate/AssetRegistryCache/50a675f9.bin.tmp' to '../../../../../Git-Hub/ScreamJam/ScreamJam2019/Intermediate/AssetRegistryCache/50a675f9.bin', retrying in .5s...
[2019.10.14-00.06.14:286][  0]LogFileManager: Warning: MoveFile was unable to move '../../../../../Git-Hub/ScreamJam/ScreamJam2019/Intermediate/AssetRegistryCache/50a675f9.bin.tmp' to '../../../../../Git-Hub/ScreamJam/ScreamJam2019/Intermediate/AssetRegistryCache/50a675f9.bin', retrying in .5s...
[2019.10.14-00.06.14:787][  0]LogFileManager: Warning: MoveFile was unable to move '../../../../../Git-Hub/ScreamJam/ScreamJam2019/Intermediate/AssetRegistryCache/50a675f9.bin.tmp' to '../../../../../Git-Hub/ScreamJam/ScreamJam2019/Intermediate/AssetRegistryCache/50a675f9.bin', retrying in .5s...
[2019.10.14-00.06.15:288][  0]LogFileManager: Warning: MoveFile was unable to move '../../../../../Git-Hub/ScreamJam/ScreamJam2019/Intermediate/AssetRegistryCache/50a675f9.bin.tmp' to '../../../../../Git-Hub/ScreamJam/ScreamJam2019/Intermediate/AssetRegistryCache/50a675f9.bin', retrying in .5s...
[2019.10.14-00.06.15:788][  0]LogFileManager: Warning: MoveFile was unable to move '../../../../../Git-Hub/ScreamJam/ScreamJam2019/Intermediate/AssetRegistryCache/50a675f9.bin.tmp' to '../../../../../Git-Hub/ScreamJam/ScreamJam2019/Intermediate/AssetRegistryCache/50a675f9.bin', retrying in .5s...
[2019.10.14-00.06.16:290][  0]LogFileManager: Warning: MoveFile was unable to move '../../../../../Git-Hub/ScreamJam/ScreamJam2019/Intermediate/AssetRegistryCache/50a675f9.bin.tmp' to '../../../../../Git-Hub/ScreamJam/ScreamJam2019/Intermediate/AssetRegistryCache/50a675f9.bin', retrying in .5s...
[2019.10.14-00.06.16:791][  0]LogFileManager: Warning: MoveFile was unable to move '../../../../../Git-Hub/ScreamJam/ScreamJam2019/Intermediate/AssetRegistryCache/50a675f9.bin.tmp' to '../../../../../Git-Hub/ScreamJam/ScreamJam2019/Intermediate/AssetRegistryCache/50a675f9.bin', retrying in .5s...
[2019.10.14-00.06.17:292][  0]LogFileManager: Warning: MoveFile was unable to move '../../../../../Git-Hub/ScreamJam/ScreamJam2019/Intermediate/AssetRegistryCache/50a675f9.bin.tmp' to '../../../../../Git-Hub/ScreamJam/ScreamJam2019/Intermediate/AssetRegistryCache/50a675f9.bin', retrying in .5s...
[2019.10.14-00.06.17:793][  0]LogFileManager: Warning: MoveFile was unable to move '../../../../../Git-Hub/ScreamJam/ScreamJam2019/Intermediate/AssetRegistryCache/50a675f9.bin.tmp' to '../../../../../Git-Hub/ScreamJam/ScreamJam2019/Intermediate/AssetRegistryCache/50a675f9.bin', retrying in .5s...
[2019.10.14-00.06.18:295][  0]LogFileManager: Warning: MoveFile was unable to move '../../../../../Git-Hub/ScreamJam/ScreamJam2019/Intermediate/AssetRegistryCache/50a675f9.bin.tmp' to '../../../../../Git-Hub/ScreamJam/ScreamJam2019/Intermediate/AssetRegistryCache/50a675f9.bin', retrying in .5s...
[2019.10.14-00.06.18:795][  0]LogFileManager: Error: Error moving file '../../../../../Git-Hub/ScreamJam/ScreamJam2019/Intermediate/AssetRegistryCache/50a675f9.bin.tmp' to '../../../../../Git-Hub/ScreamJam/ScreamJam2019/Intermediate/AssetRegistryCache/50a675f9.bin'.
[2019.10.14-00.06.18:855][  0]LogPackageLocalizationCache: Processed 12 localized package path(s) for 1 prioritized culture(s) in 5.122175 seconds
[2019.10.14-00.06.18:875][  0]LogUObjectArray: 43453 objects as part of root set at end of initial load.
[2019.10.14-00.06.18:875][  0]LogUObjectAllocator: 7559736 out of 0 bytes used by permanent object pool.
[2019.10.14-00.06.18:875][  0]LogUObjectArray: CloseDisregardForGC: 0/0 objects in disregard for GC pool
[2019.10.14-00.13.29:262][  0]LogAssetRegistry: Error: Failed to open file for write ../../../../../Git-Hub/ScreamJam/ScreamJam2019/Intermediate/CachedAssetRegistry.bin
[2019.10.14-00.14.13:029][  0]LogTcpMessaging: Initializing TcpMessaging bridge
[2019.10.14-00.14.14:154][  0]LogUdpMessaging: Initializing bridge on interface 0.0.0.0:0 to multicast group 230.0.0.1:6666.
[2019.10.14-00.14.29:163][  0]SourceControl: Source control is disabled
[2019.10.14-00.14.29:277][  0]SourceControl: Source control is disabled
[2019.10.14-00.14.31:815][  0]SourceControl: Source control is disabled
[2019.10.14-00.14.32:347][  0]SourceControl: Source control is disabled
[2019.10.14-00.15.00:226][  0]LogAndroidPermission: UAndroidPermissionCallbackProxy::GetInstance
