Log file open, 10/20/19 18:53:12
LogWindows: Failed to load 'aqProf.dll' (GetLastError=126)
LogWindows: File 'aqProf.dll' does not exist
LogWindows: Failed to load 'VtuneApi.dll' (GetLastError=126)
LogWindows: File 'VtuneApi.dll' does not exist
LogWindows: Failed to load 'VtuneApi32e.dll' (GetLastError=126)
LogWindows: File 'VtuneApi32e.dll' does not exist
LogConsoleResponse: Display: Failed to find resolution value strings in scalability ini. Falling back to default.
LogInit: Display: Running engine for game: ScreamJam2019
LogPlatformFile: Not using cached read wrapper
LogTaskGraph: Started task graph with 5 named threads and 14 total threads with 3 sets of task threads.
LogStats: Stats thread started at 0.146440
LogD3D11RHI: Loaded GFSDK_Aftermath_Lib.x64.dll
LogICUInternationalization: ICU TimeZone Detection - Raw Offset: +1:00, Platform Override: ''
LogPluginManager: Mounting plugin Paper2D
LogPluginManager: Mounting plugin AISupport
LogPluginManager: Mounting plugin LightPropagationVolume
LogPluginManager: Mounting plugin ActorLayerUtilities
LogPluginManager: Mounting plugin AnimationSharing
LogPluginManager: Mounting plugin CLionSourceCodeAccess
LogPluginManager: Mounting plugin CodeLiteSourceCodeAccess
LogPluginManager: Mounting plugin GitSourceControl
LogPluginManager: Mounting plugin KDevelopSourceCodeAccess
LogPluginManager: Mounting plugin NullSourceCodeAccess
LogPluginManager: Mounting plugin PerforceSourceControl
LogPluginManager: Mounting plugin SubversionSourceControl
LogPluginManager: Mounting plugin UObjectPlugin
LogPluginManager: Mounting plugin VisualStudioCodeSourceCodeAccess
LogPluginManager: Mounting plugin VisualStudioSourceCodeAccess
LogPluginManager: Mounting plugin XCodeSourceCodeAccess
LogPluginManager: Mounting plugin AssetManagerEditor
LogPluginManager: Mounting plugin CryptoKeys
LogPluginManager: Mounting plugin CurveEditorTools
LogPluginManager: Mounting plugin DataValidation
LogPluginManager: Mounting plugin FacialAnimation
LogPluginManager: Mounting plugin GameplayTagsEditor
LogPluginManager: Mounting plugin MacGraphicsSwitching
LogPluginManager: Mounting plugin MaterialAnalyzer
LogPluginManager: Mounting plugin MobileLauncherProfileWizard
LogPluginManager: Mounting plugin PluginBrowser
LogPluginManager: Mounting plugin SpeedTreeImporter
LogPluginManager: Mounting plugin DatasmithContent
LogPluginManager: Mounting plugin VariantManagerContent
LogPluginManager: Mounting plugin AlembicImporter
LogPluginManager: Mounting plugin AutomationUtils
LogPluginManager: Mounting plugin BackChannel
LogPluginManager: Mounting plugin CharacterAI
LogPluginManager: Mounting plugin GeometryCache
LogPluginManager: Mounting plugin HTML5Networking
LogPluginManager: Mounting plugin PlatformCrypto
LogPluginManager: Mounting plugin ProxyLODPlugin
LogPluginManager: Mounting plugin SkeletalReduction
LogPluginManager: Mounting plugin Niagara
LogPluginManager: Mounting plugin MagicLeap
LogPluginManager: Mounting plugin MagicLeapMedia
LogPluginManager: Mounting plugin AndroidMedia
LogPluginManager: Mounting plugin AvfMedia
LogPluginManager: Mounting plugin ImgMedia
LogPluginManager: Mounting plugin MediaCompositing
LogPluginManager: Mounting plugin MediaPlayerEditor
LogPluginManager: Mounting plugin WebMMedia
LogPluginManager: Mounting plugin WmfMedia
LogPluginManager: Mounting plugin TcpMessaging
LogPluginManager: Mounting plugin UdpMessaging
LogPluginManager: Mounting plugin ActorSequence
LogPluginManager: Mounting plugin LevelSequenceEditor
LogPluginManager: Mounting plugin MatineeToLevelSequence
LogPluginManager: Mounting plugin NetcodeUnitTest
LogPluginManager: Mounting plugin NUTUnrealEngine4
LogPluginManager: Mounting plugin OnlineSubsystemGooglePlay
LogPluginManager: Mounting plugin OnlineSubsystemIOS
LogPluginManager: Mounting plugin OnlineSubsystem
LogPluginManager: Mounting plugin OnlineSubsystemNull
LogPluginManager: Mounting plugin OnlineSubsystemSteam
LogPluginManager: Mounting plugin OnlineSubsystemUtils
LogPluginManager: Mounting plugin VivoxVoiceChat
LogPluginManager: Mounting plugin LauncherChunkInstaller
LogPluginManager: Mounting plugin AndroidDeviceProfileSelector
LogPluginManager: Mounting plugin AndroidMoviePlayer
LogPluginManager: Mounting plugin AndroidPermission
LogPluginManager: Mounting plugin AppleImageUtils
LogPluginManager: Mounting plugin AppleMoviePlayer
LogPluginManager: Mounting plugin ArchVisCharacter
LogPluginManager: Mounting plugin AudioCapture
LogPluginManager: Mounting plugin CableComponent
LogPluginManager: Mounting plugin CustomMeshComponent
LogPluginManager: Mounting plugin EditableMesh
LogPluginManager: Mounting plugin ExampleDeviceProfileSelector
LogPluginManager: Mounting plugin GoogleCloudMessaging
LogPluginManager: Mounting plugin IOSDeviceProfileSelector
LogPluginManager: Mounting plugin LinuxDeviceProfileSelector
LogPluginManager: Mounting plugin LocationServicesBPLibrary
LogPluginManager: Mounting plugin MobilePatchingUtils
LogPluginManager: Mounting plugin OculusVR
LogPluginManager: Mounting plugin PhysXVehicles
LogPluginManager: Mounting plugin ProceduralMeshComponent
LogPluginManager: Mounting plugin RuntimePhysXCooking
LogPluginManager: Mounting plugin SignificanceManager
LogPluginManager: Mounting plugin SteamVR
LogPluginManager: Mounting plugin WebMMoviePlayer
LogPluginManager: Mounting plugin WindowsMoviePlayer
LogPluginManager: Mounting plugin ScreenshotTools
LogInit: Using libcurl 7.55.1-DEV
LogInit:  - built for x86_64-pc-win32
LogInit:  - supports SSL with OpenSSL/1.1.1
LogInit:  - supports HTTP deflate (compression) using libz 1.2.8
LogInit:  - other features:
LogInit:      CURL_VERSION_SSL
LogInit:      CURL_VERSION_LIBZ
LogInit:      CURL_VERSION_IPV6
LogInit:      CURL_VERSION_ASYNCHDNS
LogInit:      CURL_VERSION_LARGEFILE
LogInit:      CURL_VERSION_IDN
LogInit:  CurlRequestOptions (configurable via config and command line):
LogInit:  - bVerifyPeer = true  - Libcurl will verify peer certificate
LogInit:  - bUseHttpProxy = false  - Libcurl will NOT use HTTP proxy
LogInit:  - bDontReuseConnections = false  - Libcurl will reuse connections
LogInit:  - MaxHostConnections = 16  - Libcurl will limit the number of connections to a host
LogInit:  - LocalHostAddr = Default
LogInit:  - BufferSize = 65536
LogOnline: Display: STEAM: Loading Steam SDK 1.42
LogOnline: OSS: Creating online subsystem instance for: Steam
LogOnline: Display: STEAM: OnlineSubsystemSteam::Shutdown()
LogOnline: OSS: Unable to create OnlineSubsystem module Steam
LogOnline: OSS: Creating online subsystem instance for: NULL
LogInit: WinSock: version 1.1 (2.2), MaxSocks=32767, MaxUdp=65467
LogInit: Build: ++UE4+Release-4.23-CL-8386587
LogInit: Engine Version: 4.23.0-8386587+++UE4+Release-4.23
LogInit: Compatible Engine Version: 4.23.0-8386587+++UE4+Release-4.23
LogInit: Net CL: 8386587
LogInit: OS: Windows 10 (Release 1809) (), CPU: Intel(R) Core(TM) i5-4460  CPU @ 3.20GHz, GPU: NVIDIA GeForce GTX 1060 3GB
LogInit: Compiled (64-bit): Aug 31 2019 02:04:44
LogInit: Compiled with Visual C++: 19.16.27030.01
LogInit: Build Configuration: Development
LogInit: Branch Name: ++UE4+Release-4.23
LogInit: Command Line: 
LogInit: Base Directory: C:/Program Files/Epic Games/UE_4.23/Engine/Binaries/Win64/
LogInit: Installed Engine Build: 1
LogDevObjectVersion: Number of dev versions registered: 23
LogDevObjectVersion:   Dev-Blueprints (B0D832E4-1F89-4F0D-ACCF-7EB736FD4AA2): 10
LogDevObjectVersion:   Dev-Build (E1C64328-A22C-4D53-A36C-8E866417BD8C): 0
LogDevObjectVersion:   Dev-Core (375EC13C-06E4-48FB-B500-84F0262A717E): 3
LogDevObjectVersion:   Dev-Editor (E4B068ED-F494-42E9-A231-DA0B2E46BB41): 34
LogDevObjectVersion:   Dev-Framework (CFFC743F-43B0-4480-9391-14DF171D2073): 35
LogDevObjectVersion:   Dev-Mobile (B02B49B5-BB20-44E9-A304-32B752E40360): 2
LogDevObjectVersion:   Dev-Networking (A4E4105C-59A1-49B5-A7C5-40C4547EDFEE): 0
LogDevObjectVersion:   Dev-Online (39C831C9-5AE6-47DC-9A44-9C173E1C8E7C): 0
LogDevObjectVersion:   Dev-Physics (78F01B33-EBEA-4F98-B9B4-84EACCB95AA2): 0
LogDevObjectVersion:   Dev-Platform (6631380F-2D4D-43E0-8009-CF276956A95A): 0
LogDevObjectVersion:   Dev-Rendering (12F88B9F-8875-4AFC-A67C-D90C383ABD29): 31
LogDevObjectVersion:   Dev-Sequencer (7B5AE74C-D270-4C10-A958-57980B212A5A): 11
LogDevObjectVersion:   Dev-VR (D7296918-1DD6-4BDD-9DE2-64A83CC13884): 2
LogDevObjectVersion:   Dev-LoadTimes (C2A15278-BFE7-4AFE-6C17-90FF531DF755): 1
LogDevObjectVersion:   Private-Geometry (6EACA3D4-40EC-4CC1-B786-8BED09428FC5): 3
LogDevObjectVersion:   Dev-AnimPhys (29E575DD-E0A3-4627-9D10-D276232CDCEA): 17
LogDevObjectVersion:   Dev-Anim (AF43A65D-7FD3-4947-9873-3E8ED9C1BB05): 2
LogDevObjectVersion:   Dev-ReflectionCapture (6B266CEC-1EC7-4B8F-A30B-E4D90942FC07): 1
LogDevObjectVersion:   Dev-Automation (0DF73D61-A23F-47EA-B727-89E90C41499A): 1
LogDevObjectVersion:   FortniteMain (601D1886-AC64-4F84-AA16-D3DE0DEAC7D6): 27
LogDevObjectVersion:   Dev-Enterprise (9DFFBCD6-494F-0158-E221-12823C92A888): 6
LogDevObjectVersion:   Dev-Niagara (F2AED0AC-9AFE-416F-8664-AA7FFA26D6FC): 1
LogDevObjectVersion:   Dev-Destruction (174F1F0B-B4C6-45A5-B13F-2EE8D0FB917D): 9
LogInit: Presizing for max 16777216 objects, including 0 objects not considered by GC, pre-allocating 0 bytes for permanent pool.
LogInit: Object subsystem initialized
LogConfig: Setting CVar [[con.DebugEarlyDefault:1]]
LogConfig: Setting CVar [[r.setres:1280x720]]
[2019.10.20-16.53.13:113][  0]LogConfig: Setting CVar [[r.VSync:0]]
[2019.10.20-16.53.13:113][  0]LogConfig: Setting CVar [[r.RHICmdBypass:0]]
[2019.10.20-16.53.13:114][  0]LogConfig: Applying CVar settings from Section [/Script/Engine.RendererSettings] File [D:/ScreamJam/ScreamJam2019/Saved/Config/Windows/Engine.ini]
[2019.10.20-16.53.13:114][  0]LogConfig: Setting CVar [[r.GPUCrashDebugging:0]]
[2019.10.20-16.53.13:114][  0]LogConfig: Setting CVar [[r.DefaultFeature.AntiAliasing:1]]
[2019.10.20-16.53.13:114][  0]LogConfig: Setting CVar [[r.CustomDepth:3]]
[2019.10.20-16.53.13:114][  0]LogConfig: Applying CVar settings from Section [/Script/Engine.RendererOverrideSettings] File [D:/ScreamJam/ScreamJam2019/Saved/Config/Windows/Engine.ini]
[2019.10.20-16.53.13:114][  0]LogConfig: Applying CVar settings from Section [/Script/Engine.StreamingSettings] File [D:/ScreamJam/ScreamJam2019/Saved/Config/Windows/Engine.ini]
[2019.10.20-16.53.13:114][  0]LogConfig: Setting CVar [[s.MinBulkDataSizeForAsyncLoading:131072]]
[2019.10.20-16.53.13:114][  0]LogConfig: Setting CVar [[s.AsyncLoadingThreadEnabled:0]]
[2019.10.20-16.53.13:114][  0]LogConfig: Setting CVar [[s.EventDrivenLoaderEnabled:1]]
[2019.10.20-16.53.13:114][  0]LogConfig: Setting CVar [[s.WarnIfTimeLimitExceeded:0]]
[2019.10.20-16.53.13:114][  0]LogConfig: Setting CVar [[s.TimeLimitExceededMultiplier:1.5]]
[2019.10.20-16.53.13:114][  0]LogConfig: Setting CVar [[s.TimeLimitExceededMinTime:0.005]]
[2019.10.20-16.53.13:114][  0]LogConfig: Setting CVar [[s.UseBackgroundLevelStreaming:1]]
[2019.10.20-16.53.13:114][  0]LogConfig: Setting CVar [[s.PriorityAsyncLoadingExtraTime:15.0]]
[2019.10.20-16.53.13:114][  0]LogConfig: Setting CVar [[s.LevelStreamingActorsUpdateTimeLimit:5.0]]
[2019.10.20-16.53.13:114][  0]LogConfig: Setting CVar [[s.PriorityLevelStreamingActorsUpdateExtraTime:5.0]]
[2019.10.20-16.53.13:114][  0]LogConfig: Setting CVar [[s.LevelStreamingComponentsRegistrationGranularity:10]]
[2019.10.20-16.53.13:114][  0]LogConfig: Setting CVar [[s.UnregisterComponentsTimeLimit:1.0]]
[2019.10.20-16.53.13:114][  0]LogConfig: Setting CVar [[s.LevelStreamingComponentsUnregistrationGranularity:5]]
[2019.10.20-16.53.13:114][  0]LogConfig: Applying CVar settings from Section [/Script/Engine.GarbageCollectionSettings] File [D:/ScreamJam/ScreamJam2019/Saved/Config/Windows/Engine.ini]
[2019.10.20-16.53.13:114][  0]LogConfig: Setting CVar [[gc.MaxObjectsNotConsideredByGC:1]]
[2019.10.20-16.53.13:114][  0]LogConfig: Setting CVar [[gc.SizeOfPermanentObjectPool:0]]
[2019.10.20-16.53.13:114][  0]LogConfig: Setting CVar [[gc.FlushStreamingOnGC:0]]
[2019.10.20-16.53.13:114][  0]LogConfig: Setting CVar [[gc.NumRetriesBeforeForcingGC:10]]
[2019.10.20-16.53.13:114][  0]LogConfig: Setting CVar [[gc.AllowParallelGC:1]]
[2019.10.20-16.53.13:114][  0]LogConfig: Setting CVar [[gc.TimeBetweenPurgingPendingKillObjects:61.1]]
[2019.10.20-16.53.13:114][  0]LogConfig: Setting CVar [[gc.MaxObjectsInEditor:16777216]]
[2019.10.20-16.53.13:114][  0]LogConfig: Setting CVar [[gc.IncrementalBeginDestroyEnabled:1]]
[2019.10.20-16.53.13:114][  0]LogConfig: Setting CVar [[gc.CreateGCClusters:1]]
[2019.10.20-16.53.13:114][  0]LogConfig: Setting CVar [[gc.MinGCClusterSize:5]]
[2019.10.20-16.53.13:114][  0]LogConfig: Setting CVar [[gc.ActorClusteringEnabled:0]]
[2019.10.20-16.53.13:114][  0]LogConfig: Setting CVar [[gc.BlueprintClusteringEnabled:0]]
[2019.10.20-16.53.13:114][  0]LogConfig: Setting CVar [[gc.UseDisregardForGCOnDedicatedServers:0]]
[2019.10.20-16.53.13:114][  0]LogConfig: Applying CVar settings from Section [/Script/Engine.NetworkSettings] File [D:/ScreamJam/ScreamJam2019/Saved/Config/Windows/Engine.ini]
[2019.10.20-16.53.13:114][  0]LogConfig: Applying CVar settings from Section [/Script/UnrealEd.CookerSettings] File [D:/ScreamJam/ScreamJam2019/Saved/Config/Windows/Engine.ini]
[2019.10.20-16.53.13:136][  0]LogConfig: Applying CVar settings from Section [ViewDistanceQuality@3] File [D:/ScreamJam/ScreamJam2019/Saved/Config/Windows/Scalability.ini]
[2019.10.20-16.53.13:136][  0]LogConfig: Setting CVar [[r.SkeletalMeshLODBias:0]]
[2019.10.20-16.53.13:136][  0]LogConfig: Setting CVar [[r.ViewDistanceScale:1.0]]
[2019.10.20-16.53.13:136][  0]LogConfig: Applying CVar settings from Section [AntiAliasingQuality@3] File [D:/ScreamJam/ScreamJam2019/Saved/Config/Windows/Scalability.ini]
[2019.10.20-16.53.13:136][  0]LogConfig: Setting CVar [[r.PostProcessAAQuality:4]]
[2019.10.20-16.53.13:136][  0]LogConfig: Applying CVar settings from Section [ShadowQuality@3] File [D:/ScreamJam/ScreamJam2019/Saved/Config/Windows/Scalability.ini]
[2019.10.20-16.53.13:136][  0]LogConfig: Setting CVar [[r.LightFunctionQuality:1]]
[2019.10.20-16.53.13:136][  0]LogConfig: Setting CVar [[r.ShadowQuality:5]]
[2019.10.20-16.53.13:136][  0]LogConfig: Setting CVar [[r.Shadow.CSM.MaxCascades:10]]
[2019.10.20-16.53.13:136][  0]LogConfig: Setting CVar [[r.Shadow.MaxResolution:2048]]
[2019.10.20-16.53.13:136][  0]LogConfig: Setting CVar [[r.Shadow.MaxCSMResolution:2048]]
[2019.10.20-16.53.13:136][  0]LogConfig: Setting CVar [[r.Shadow.RadiusThreshold:0.01]]
[2019.10.20-16.53.13:136][  0]LogConfig: Setting CVar [[r.Shadow.DistanceScale:1.0]]
[2019.10.20-16.53.13:136][  0]LogConfig: Setting CVar [[r.Shadow.CSM.TransitionScale:1.0]]
[2019.10.20-16.53.13:136][  0]LogConfig: Setting CVar [[r.Shadow.PreShadowResolutionFactor:1.0]]
[2019.10.20-16.53.13:136][  0]LogConfig: Setting CVar [[r.DistanceFieldShadowing:1]]
[2019.10.20-16.53.13:136][  0]LogConfig: Setting CVar [[r.DistanceFieldAO:1]]
[2019.10.20-16.53.13:137][  0]LogConfig: Setting CVar [[r.AOQuality:2]]
[2019.10.20-16.53.13:137][  0]LogConfig: Setting CVar [[r.VolumetricFog:1]]
[2019.10.20-16.53.13:137][  0]LogConfig: Setting CVar [[r.VolumetricFog.GridPixelSize:8]]
[2019.10.20-16.53.13:137][  0]LogConfig: Setting CVar [[r.VolumetricFog.GridSizeZ:128]]
[2019.10.20-16.53.13:137][  0]LogConfig: Setting CVar [[r.VolumetricFog.HistoryMissSupersampleCount:4]]
[2019.10.20-16.53.13:137][  0]LogConfig: Setting CVar [[r.LightMaxDrawDistanceScale:1]]
[2019.10.20-16.53.13:137][  0]LogConfig: Setting CVar [[r.CapsuleShadows:1]]
[2019.10.20-16.53.13:137][  0]LogConfig: Applying CVar settings from Section [PostProcessQuality@3] File [D:/ScreamJam/ScreamJam2019/Saved/Config/Windows/Scalability.ini]
[2019.10.20-16.53.13:137][  0]LogConfig: Setting CVar [[r.MotionBlurQuality:4]]
[2019.10.20-16.53.13:137][  0]LogConfig: Setting CVar [[r.AmbientOcclusionMipLevelFactor:0.4]]
[2019.10.20-16.53.13:137][  0]LogConfig: Setting CVar [[r.AmbientOcclusionMaxQuality:100]]
[2019.10.20-16.53.13:137][  0]LogConfig: Setting CVar [[r.AmbientOcclusionLevels:-1]]
[2019.10.20-16.53.13:137][  0]LogConfig: Setting CVar [[r.AmbientOcclusionRadiusScale:1.0]]
[2019.10.20-16.53.13:137][  0]LogConfig: Setting CVar [[r.DepthOfFieldQuality:2]]
[2019.10.20-16.53.13:137][  0]LogConfig: Setting CVar [[r.RenderTargetPoolMin:400]]
[2019.10.20-16.53.13:137][  0]LogConfig: Setting CVar [[r.LensFlareQuality:2]]
[2019.10.20-16.53.13:137][  0]LogConfig: Setting CVar [[r.SceneColorFringeQuality:1]]
[2019.10.20-16.53.13:137][  0]LogConfig: Setting CVar [[r.EyeAdaptationQuality:2]]
[2019.10.20-16.53.13:137][  0]LogConfig: Setting CVar [[r.BloomQuality:5]]
[2019.10.20-16.53.13:137][  0]LogConfig: Setting CVar [[r.FastBlurThreshold:100]]
[2019.10.20-16.53.13:137][  0]LogConfig: Setting CVar [[r.Upscale.Quality:3]]
[2019.10.20-16.53.13:137][  0]LogConfig: Setting CVar [[r.Tonemapper.GrainQuantization:1]]
[2019.10.20-16.53.13:137][  0]LogConfig: Setting CVar [[r.LightShaftQuality:1]]
[2019.10.20-16.53.13:137][  0]LogConfig: Setting CVar [[r.Filter.SizeScale:1]]
[2019.10.20-16.53.13:137][  0]LogConfig: Setting CVar [[r.Tonemapper.Quality:5]]
[2019.10.20-16.53.13:137][  0]LogConfig: Setting CVar [[r.DOF.Gather.AccumulatorQuality:1        ; higher gathering accumulator quality]]
[2019.10.20-16.53.13:137][  0]LogConfig: Setting CVar [[r.DOF.Gather.PostfilterMethod:1          ; Median3x3 postfilering method]]
[2019.10.20-16.53.13:137][  0]LogConfig: Setting CVar [[r.DOF.Gather.EnableBokehSettings:0       ; no bokeh simulation when gathering]]
[2019.10.20-16.53.13:137][  0]LogConfig: Setting CVar [[r.DOF.Gather.RingCount:4                 ; medium number of samples when gathering]]
[2019.10.20-16.53.13:137][  0]LogConfig: Setting CVar [[r.DOF.Scatter.ForegroundCompositing:1    ; additive foreground scattering]]
[2019.10.20-16.53.13:137][  0]LogConfig: Setting CVar [[r.DOF.Scatter.BackgroundCompositing:2    ; additive background scattering]]
[2019.10.20-16.53.13:137][  0]LogConfig: Setting CVar [[r.DOF.Scatter.EnableBokehSettings:1      ; bokeh simulation when scattering]]
[2019.10.20-16.53.13:137][  0]LogConfig: Setting CVar [[r.DOF.Scatter.MaxSpriteRatio:0.1         ; only a maximum of 10% of scattered bokeh]]
[2019.10.20-16.53.13:137][  0]LogConfig: Setting CVar [[r.DOF.Recombine.Quality:1                ; cheap slight out of focus]]
[2019.10.20-16.53.13:137][  0]LogConfig: Setting CVar [[r.DOF.Recombine.EnableBokehSettings:0    ; no bokeh simulation on slight out of focus]]
[2019.10.20-16.53.13:137][  0]LogConfig: Setting CVar [[r.DOF.TemporalAAQuality:1                ; more stable temporal accumulation]]
[2019.10.20-16.53.13:137][  0]LogConfig: Setting CVar [[r.DOF.Kernel.MaxForegroundRadius:0.025]]
[2019.10.20-16.53.13:137][  0]LogConfig: Setting CVar [[r.DOF.Kernel.MaxBackgroundRadius:0.025]]
[2019.10.20-16.53.13:137][  0]LogConfig: Applying CVar settings from Section [TextureQuality@3] File [D:/ScreamJam/ScreamJam2019/Saved/Config/Windows/Scalability.ini]
[2019.10.20-16.53.13:137][  0]LogConfig: Setting CVar [[r.Streaming.MipBias:0]]
[2019.10.20-16.53.13:137][  0]LogConfig: Setting CVar [[r.Streaming.AmortizeCPUToGPUCopy:0]]
[2019.10.20-16.53.13:137][  0]LogConfig: Setting CVar [[r.Streaming.MaxNumTexturesToStreamPerFrame:0]]
[2019.10.20-16.53.13:137][  0]LogConfig: Setting CVar [[r.Streaming.Boost:1]]
[2019.10.20-16.53.13:137][  0]LogConfig: Setting CVar [[r.MaxAnisotropy:8]]
[2019.10.20-16.53.13:137][  0]LogConfig: Setting CVar [[r.Streaming.LimitPoolSizeToVRAM:0]]
[2019.10.20-16.53.13:137][  0]LogConfig: Setting CVar [[r.Streaming.PoolSize:1000]]
[2019.10.20-16.53.13:137][  0]LogConfig: Setting CVar [[r.Streaming.MaxEffectiveScreenSize:0]]
[2019.10.20-16.53.13:137][  0]LogConfig: Applying CVar settings from Section [EffectsQuality@3] File [D:/ScreamJam/ScreamJam2019/Saved/Config/Windows/Scalability.ini]
[2019.10.20-16.53.13:137][  0]LogConfig: Setting CVar [[r.TranslucencyLightingVolumeDim:64]]
[2019.10.20-16.53.13:137][  0]LogConfig: Setting CVar [[r.RefractionQuality:2]]
[2019.10.20-16.53.13:137][  0]LogConfig: Setting CVar [[r.SSR.Quality:3]]
[2019.10.20-16.53.13:137][  0]LogConfig: Setting CVar [[r.SceneColorFormat:4]]
[2019.10.20-16.53.13:137][  0]LogConfig: Setting CVar [[r.DetailMode:2]]
[2019.10.20-16.53.13:137][  0]LogConfig: Setting CVar [[r.TranslucencyVolumeBlur:1]]
[2019.10.20-16.53.13:137][  0]LogConfig: Setting CVar [[r.MaterialQualityLevel:1 ; High quality]]
[2019.10.20-16.53.13:137][  0]LogConfig: Setting CVar [[r.SSS.Scale:1]]
[2019.10.20-16.53.13:137][  0]LogConfig: Setting CVar [[r.SSS.SampleSet:2]]
[2019.10.20-16.53.13:137][  0]LogConfig: Setting CVar [[r.SSS.Quality:1]]
[2019.10.20-16.53.13:137][  0]LogConfig: Setting CVar [[r.SSS.HalfRes:1]]
[2019.10.20-16.53.13:137][  0]LogConfig: Setting CVar [[r.EmitterSpawnRateScale:1.0]]
[2019.10.20-16.53.13:137][  0]LogConfig: Setting CVar [[r.ParticleLightQuality:2]]
[2019.10.20-16.53.13:137][  0]LogConfig: Applying CVar settings from Section [FoliageQuality@3] File [D:/ScreamJam/ScreamJam2019/Saved/Config/Windows/Scalability.ini]
[2019.10.20-16.53.13:137][  0]LogConfig: Setting CVar [[foliage.DensityScale:1.0]]
[2019.10.20-16.53.13:137][  0]LogConfig: Setting CVar [[grass.DensityScale:1.0]]
[2019.10.20-16.53.13:137][  0]LogInit: Selected Device Profile: [Windows]
[2019.10.20-16.53.13:137][  0]LogInit: Applying CVar settings loaded from the selected device profile: [Windows]
[2019.10.20-16.53.13:146][  0]LogHAL: Display: Platform has ~ 16 GB [17113849856 / 17179869184 / 16], which maps to Larger [LargestMinGB=32, LargerMinGB=12, DefaultMinGB=8, SmallerMinGB=6, SmallestMinGB=0)
[2019.10.20-16.53.13:146][  0]LogInit: Going up to parent DeviceProfile []
[2019.10.20-16.53.13:146][  0]LogConfig: Applying CVar settings from Section [ViewDistanceQuality@3] File [D:/ScreamJam/ScreamJam2019/Saved/Config/Windows/Scalability.ini]
[2019.10.20-16.53.13:146][  0]LogConfig: Setting CVar [[r.SkeletalMeshLODBias:0]]
[2019.10.20-16.53.13:146][  0]LogConfig: Setting CVar [[r.ViewDistanceScale:1.0]]
[2019.10.20-16.53.13:146][  0]LogConfig: Applying CVar settings from Section [AntiAliasingQuality@3] File [D:/ScreamJam/ScreamJam2019/Saved/Config/Windows/Scalability.ini]
[2019.10.20-16.53.13:146][  0]LogConfig: Setting CVar [[r.PostProcessAAQuality:4]]
[2019.10.20-16.53.13:146][  0]LogConfig: Applying CVar settings from Section [ShadowQuality@3] File [D:/ScreamJam/ScreamJam2019/Saved/Config/Windows/Scalability.ini]
[2019.10.20-16.53.13:146][  0]LogConfig: Setting CVar [[r.LightFunctionQuality:1]]
[2019.10.20-16.53.13:146][  0]LogConfig: Setting CVar [[r.ShadowQuality:5]]
[2019.10.20-16.53.13:146][  0]LogConfig: Setting CVar [[r.Shadow.CSM.MaxCascades:10]]
[2019.10.20-16.53.13:146][  0]LogConfig: Setting CVar [[r.Shadow.MaxResolution:2048]]
[2019.10.20-16.53.13:146][  0]LogConfig: Setting CVar [[r.Shadow.MaxCSMResolution:2048]]
[2019.10.20-16.53.13:146][  0]LogConfig: Setting CVar [[r.Shadow.RadiusThreshold:0.01]]
[2019.10.20-16.53.13:146][  0]LogConfig: Setting CVar [[r.Shadow.DistanceScale:1.0]]
[2019.10.20-16.53.13:146][  0]LogConfig: Setting CVar [[r.Shadow.CSM.TransitionScale:1.0]]
[2019.10.20-16.53.13:146][  0]LogConfig: Setting CVar [[r.Shadow.PreShadowResolutionFactor:1.0]]
[2019.10.20-16.53.13:146][  0]LogConfig: Setting CVar [[r.DistanceFieldShadowing:1]]
[2019.10.20-16.53.13:146][  0]LogConfig: Setting CVar [[r.DistanceFieldAO:1]]
[2019.10.20-16.53.13:146][  0]LogConfig: Setting CVar [[r.AOQuality:2]]
[2019.10.20-16.53.13:146][  0]LogConfig: Setting CVar [[r.VolumetricFog:1]]
[2019.10.20-16.53.13:146][  0]LogConfig: Setting CVar [[r.VolumetricFog.GridPixelSize:8]]
[2019.10.20-16.53.13:146][  0]LogConfig: Setting CVar [[r.VolumetricFog.GridSizeZ:128]]
[2019.10.20-16.53.13:146][  0]LogConfig: Setting CVar [[r.VolumetricFog.HistoryMissSupersampleCount:4]]
[2019.10.20-16.53.13:146][  0]LogConfig: Setting CVar [[r.LightMaxDrawDistanceScale:1]]
[2019.10.20-16.53.13:146][  0]LogConfig: Setting CVar [[r.CapsuleShadows:1]]
[2019.10.20-16.53.13:146][  0]LogConfig: Applying CVar settings from Section [PostProcessQuality@3] File [D:/ScreamJam/ScreamJam2019/Saved/Config/Windows/Scalability.ini]
[2019.10.20-16.53.13:146][  0]LogConfig: Setting CVar [[r.MotionBlurQuality:4]]
[2019.10.20-16.53.13:146][  0]LogConfig: Setting CVar [[r.AmbientOcclusionMipLevelFactor:0.4]]
[2019.10.20-16.53.13:146][  0]LogConfig: Setting CVar [[r.AmbientOcclusionMaxQuality:100]]
[2019.10.20-16.53.13:146][  0]LogConfig: Setting CVar [[r.AmbientOcclusionLevels:-1]]
[2019.10.20-16.53.13:146][  0]LogConfig: Setting CVar [[r.AmbientOcclusionRadiusScale:1.0]]
[2019.10.20-16.53.13:146][  0]LogConfig: Setting CVar [[r.DepthOfFieldQuality:2]]
[2019.10.20-16.53.13:146][  0]LogConfig: Setting CVar [[r.RenderTargetPoolMin:400]]
[2019.10.20-16.53.13:146][  0]LogConfig: Setting CVar [[r.LensFlareQuality:2]]
[2019.10.20-16.53.13:146][  0]LogConfig: Setting CVar [[r.SceneColorFringeQuality:1]]
[2019.10.20-16.53.13:146][  0]LogConfig: Setting CVar [[r.EyeAdaptationQuality:2]]
[2019.10.20-16.53.13:146][  0]LogConfig: Setting CVar [[r.BloomQuality:5]]
[2019.10.20-16.53.13:146][  0]LogConfig: Setting CVar [[r.FastBlurThreshold:100]]
[2019.10.20-16.53.13:146][  0]LogConfig: Setting CVar [[r.Upscale.Quality:3]]
[2019.10.20-16.53.13:147][  0]LogConfig: Setting CVar [[r.Tonemapper.GrainQuantization:1]]
[2019.10.20-16.53.13:147][  0]LogConfig: Setting CVar [[r.LightShaftQuality:1]]
[2019.10.20-16.53.13:147][  0]LogConfig: Setting CVar [[r.Filter.SizeScale:1]]
[2019.10.20-16.53.13:147][  0]LogConfig: Setting CVar [[r.Tonemapper.Quality:5]]
[2019.10.20-16.53.13:147][  0]LogConfig: Setting CVar [[r.DOF.Gather.AccumulatorQuality:1        ; higher gathering accumulator quality]]
[2019.10.20-16.53.13:147][  0]LogConfig: Setting CVar [[r.DOF.Gather.PostfilterMethod:1          ; Median3x3 postfilering method]]
[2019.10.20-16.53.13:147][  0]LogConfig: Setting CVar [[r.DOF.Gather.EnableBokehSettings:0       ; no bokeh simulation when gathering]]
[2019.10.20-16.53.13:147][  0]LogConfig: Setting CVar [[r.DOF.Gather.RingCount:4                 ; medium number of samples when gathering]]
[2019.10.20-16.53.13:147][  0]LogConfig: Setting CVar [[r.DOF.Scatter.ForegroundCompositing:1    ; additive foreground scattering]]
[2019.10.20-16.53.13:147][  0]LogConfig: Setting CVar [[r.DOF.Scatter.BackgroundCompositing:2    ; additive background scattering]]
[2019.10.20-16.53.13:147][  0]LogConfig: Setting CVar [[r.DOF.Scatter.EnableBokehSettings:1      ; bokeh simulation when scattering]]
[2019.10.20-16.53.13:147][  0]LogConfig: Setting CVar [[r.DOF.Scatter.MaxSpriteRatio:0.1         ; only a maximum of 10% of scattered bokeh]]
[2019.10.20-16.53.13:147][  0]LogConfig: Setting CVar [[r.DOF.Recombine.Quality:1                ; cheap slight out of focus]]
[2019.10.20-16.53.13:147][  0]LogConfig: Setting CVar [[r.DOF.Recombine.EnableBokehSettings:0    ; no bokeh simulation on slight out of focus]]
[2019.10.20-16.53.13:147][  0]LogConfig: Setting CVar [[r.DOF.TemporalAAQuality:1                ; more stable temporal accumulation]]
[2019.10.20-16.53.13:147][  0]LogConfig: Setting CVar [[r.DOF.Kernel.MaxForegroundRadius:0.025]]
[2019.10.20-16.53.13:147][  0]LogConfig: Setting CVar [[r.DOF.Kernel.MaxBackgroundRadius:0.025]]
[2019.10.20-16.53.13:147][  0]LogConfig: Applying CVar settings from Section [TextureQuality@3] File [D:/ScreamJam/ScreamJam2019/Saved/Config/Windows/Scalability.ini]
[2019.10.20-16.53.13:147][  0]LogConfig: Setting CVar [[r.Streaming.MipBias:0]]
[2019.10.20-16.53.13:147][  0]LogConfig: Setting CVar [[r.Streaming.AmortizeCPUToGPUCopy:0]]
[2019.10.20-16.53.13:147][  0]LogConfig: Setting CVar [[r.Streaming.MaxNumTexturesToStreamPerFrame:0]]
[2019.10.20-16.53.13:147][  0]LogConfig: Setting CVar [[r.Streaming.Boost:1]]
[2019.10.20-16.53.13:147][  0]LogConfig: Setting CVar [[r.MaxAnisotropy:8]]
[2019.10.20-16.53.13:147][  0]LogConfig: Setting CVar [[r.Streaming.LimitPoolSizeToVRAM:0]]
[2019.10.20-16.53.13:147][  0]LogConfig: Setting CVar [[r.Streaming.PoolSize:1000]]
[2019.10.20-16.53.13:147][  0]LogConfig: Setting CVar [[r.Streaming.MaxEffectiveScreenSize:0]]
[2019.10.20-16.53.13:147][  0]LogConfig: Applying CVar settings from Section [EffectsQuality@3] File [D:/ScreamJam/ScreamJam2019/Saved/Config/Windows/Scalability.ini]
[2019.10.20-16.53.13:147][  0]LogConfig: Setting CVar [[r.TranslucencyLightingVolumeDim:64]]
[2019.10.20-16.53.13:147][  0]LogConfig: Setting CVar [[r.RefractionQuality:2]]
[2019.10.20-16.53.13:147][  0]LogConfig: Setting CVar [[r.SSR.Quality:3]]
[2019.10.20-16.53.13:147][  0]LogConfig: Setting CVar [[r.SceneColorFormat:4]]
[2019.10.20-16.53.13:147][  0]LogConfig: Setting CVar [[r.DetailMode:2]]
[2019.10.20-16.53.13:147][  0]LogConfig: Setting CVar [[r.TranslucencyVolumeBlur:1]]
[2019.10.20-16.53.13:147][  0]LogConfig: Setting CVar [[r.MaterialQualityLevel:1 ; High quality]]
[2019.10.20-16.53.13:147][  0]LogConfig: Setting CVar [[r.SSS.Scale:1]]
[2019.10.20-16.53.13:147][  0]LogConfig: Setting CVar [[r.SSS.SampleSet:2]]
[2019.10.20-16.53.13:147][  0]LogConfig: Setting CVar [[r.SSS.Quality:1]]
[2019.10.20-16.53.13:147][  0]LogConfig: Setting CVar [[r.SSS.HalfRes:1]]
[2019.10.20-16.53.13:147][  0]LogConfig: Setting CVar [[r.EmitterSpawnRateScale:1.0]]
[2019.10.20-16.53.13:147][  0]LogConfig: Setting CVar [[r.ParticleLightQuality:2]]
[2019.10.20-16.53.13:147][  0]LogConfig: Applying CVar settings from Section [FoliageQuality@3] File [D:/ScreamJam/ScreamJam2019/Saved/Config/Windows/Scalability.ini]
[2019.10.20-16.53.13:147][  0]LogConfig: Setting CVar [[foliage.DensityScale:1.0]]
[2019.10.20-16.53.13:147][  0]LogConfig: Setting CVar [[grass.DensityScale:1.0]]
[2019.10.20-16.53.13:147][  0]LogConfig: Applying CVar settings from Section [Startup] File [../../../Engine/Config/ConsoleVariables.ini]
[2019.10.20-16.53.13:152][  0]LogConfig: Setting CVar [[net.UseAdaptiveNetUpdateFrequency:0]]
[2019.10.20-16.53.13:152][  0]LogConfig: Setting CVar [[p.chaos.AllowCreatePhysxBodies:1]]
[2019.10.20-16.53.13:152][  0]LogConfig: Setting CVar [[fx.SkipVectorVMBackendOptimizations:1]]
[2019.10.20-16.53.13:152][  0]LogConfig: Applying CVar settings from Section [ConsoleVariables] File [D:/ScreamJam/ScreamJam2019/Saved/Config/Windows/Engine.ini]
[2019.10.20-16.53.13:152][  0]LogInit: Computer: DESKTOP-PSTRMSE
[2019.10.20-16.53.13:152][  0]LogInit: User: divIT
[2019.10.20-16.53.13:152][  0]LogInit: CPU Page size=4096, Cores=4
[2019.10.20-16.53.13:153][  0]LogInit: High frequency timer resolution =10.000000 MHz
[2019.10.20-16.53.13:153][  0]LogMemory: Memory total: Physical=15.9GB (16GB approx)
[2019.10.20-16.53.13:153][  0]LogMemory: Platform Memory Stats for Windows
[2019.10.20-16.53.13:153][  0]LogMemory: Process Physical Memory: 100.91 MB used, 100.92 MB peak
[2019.10.20-16.53.13:153][  0]LogMemory: Process Virtual Memory: 88.32 MB used, 88.32 MB peak
[2019.10.20-16.53.13:153][  0]LogMemory: Physical Memory: 5414.97 MB used,  10906.07 MB free, 16321.04 MB total
[2019.10.20-16.53.13:153][  0]LogMemory: Virtual Memory: 4660.05 MB used,  134213064.00 MB free, 134217728.00 MB total
[2019.10.20-16.53.13:155][  0]LogWindows: WindowsPlatformFeatures enabled
[2019.10.20-16.53.13:300][  0]LogInit: Using OS detected language (en-US).
[2019.10.20-16.53.13:300][  0]LogInit: Using OS detected locale (en-US).
[2019.10.20-16.53.13:301][  0]LogTextLocalizationManager: No specific localization for 'en-US' exists, so the 'en' localization will be used.
[2019.10.20-16.53.13:573][  0]LogInit: Setting process to per monitor DPI aware
[2019.10.20-16.53.13:670][  0]LogSlate: New Slate User Created.  User Index 0, Is Virtual User: 0
[2019.10.20-16.53.13:670][  0]LogSlate: Slate User Registered.  User Index 0, Is Virtual User: 0
[2019.10.20-16.53.16:290][  0]LogHMD: Failed to initialize OpenVR with code 110
[2019.10.20-16.53.16:290][  0]LogD3D11RHI: D3D11 adapters:
[2019.10.20-16.53.16:598][  0]LogD3D11RHI:    0. 'NVIDIA GeForce GTX 1060 3GB' (Feature Level 11_0)
[2019.10.20-16.53.16:598][  0]LogD3D11RHI:       2988/0/8160 MB DedicatedVideo/DedicatedSystem/SharedSystem, Outputs:3, VendorId:0x10de
[2019.10.20-16.53.16:600][  0]LogD3D11RHI:    1. 'Microsoft Basic Render Driver' (Feature Level 11_0)
[2019.10.20-16.53.16:600][  0]LogD3D11RHI:       0/0/8160 MB DedicatedVideo/DedicatedSystem/SharedSystem, Outputs:0, VendorId:0x1414
[2019.10.20-16.53.16:600][  0]LogD3D11RHI: Chosen D3D11 Adapter: 0
[2019.10.20-16.53.16:607][  0]LogD3D11RHI: Creating new Direct3DDevice
[2019.10.20-16.53.16:607][  0]LogD3D11RHI:     GPU DeviceId: 0x1c02 (for the marketing name, search the web for "GPU Device Id")
[2019.10.20-16.53.16:607][  0]LogWindows: EnumDisplayDevices:
[2019.10.20-16.53.16:607][  0]LogWindows:    0. 'NVIDIA GeForce GTX 1060 3GB' (P:1 D:1)
[2019.10.20-16.53.16:607][  0]LogWindows:    1. 'NVIDIA GeForce GTX 1060 3GB' (P:0 D:1)
[2019.10.20-16.53.16:608][  0]LogWindows:    2. 'NVIDIA GeForce GTX 1060 3GB' (P:0 D:1)
[2019.10.20-16.53.16:608][  0]LogWindows:    3. 'NVIDIA GeForce GTX 1060 3GB' (P:0 D:0)
[2019.10.20-16.53.16:608][  0]LogWindows: DebugString: FoundDriverCount:4 
[2019.10.20-16.53.16:608][  0]LogD3D11RHI:     Adapter Name: NVIDIA GeForce GTX 1060 3GB
[2019.10.20-16.53.16:608][  0]LogD3D11RHI:   Driver Version: 431.86 (internal:26.21.14.3186, unified:431.86)
[2019.10.20-16.53.16:608][  0]LogD3D11RHI:      Driver Date: 8-27-2019
[2019.10.20-16.53.16:608][  0]LogRHI: Texture pool is 2091 MB (70% of 2988 MB)
[2019.10.20-16.53.16:657][  0]LogD3D11RHI: Async texture creation enabled
[2019.10.20-16.53.16:672][  0]LogD3D11RHI: GPU Timing Frequency: 1000.000000 (Debug: 2 1)
[2019.10.20-16.53.17:152][  0]LogTemp: Display: Module 'AllDesktopTargetPlatform' loaded TargetPlatform 'AllDesktop'
[2019.10.20-16.53.17:162][  0]LogTemp: Display: Module 'MacClientTargetPlatform' loaded TargetPlatform 'MacClient'
[2019.10.20-16.53.17:171][  0]LogTemp: Display: Module 'MacNoEditorTargetPlatform' loaded TargetPlatform 'MacNoEditor'
[2019.10.20-16.53.17:181][  0]LogTemp: Display: Module 'MacServerTargetPlatform' loaded TargetPlatform 'MacServer'
[2019.10.20-16.53.17:196][  0]LogTemp: Display: Module 'MacTargetPlatform' loaded TargetPlatform 'Mac'
[2019.10.20-16.53.17:205][  0]LogTemp: Display: Module 'WindowsClientTargetPlatform' loaded TargetPlatform 'WindowsClient'
[2019.10.20-16.53.17:215][  0]LogTemp: Display: Module 'WindowsNoEditorTargetPlatform' loaded TargetPlatform 'WindowsNoEditor'
[2019.10.20-16.53.17:225][  0]LogTemp: Display: Module 'WindowsServerTargetPlatform' loaded TargetPlatform 'WindowsServer'
[2019.10.20-16.53.17:231][  0]LogTemp: Display: Module 'WindowsTargetPlatform' loaded TargetPlatform 'Windows'
[2019.10.20-16.53.17:274][  0]LogTemp: Display: Module 'AndroidTargetPlatform' loaded TargetPlatform 'Android'
[2019.10.20-16.53.17:274][  0]LogTemp: Display: Module 'AndroidTargetPlatform' loaded TargetPlatform 'Android_ASTC'
[2019.10.20-16.53.17:274][  0]LogTemp: Display: Module 'AndroidTargetPlatform' loaded TargetPlatform 'Android_ATC'
[2019.10.20-16.53.17:274][  0]LogTemp: Display: Module 'AndroidTargetPlatform' loaded TargetPlatform 'Android_DXT'
[2019.10.20-16.53.17:274][  0]LogTemp: Display: Module 'AndroidTargetPlatform' loaded TargetPlatform 'Android_ETC1'
[2019.10.20-16.53.17:274][  0]LogTemp: Display: Module 'AndroidTargetPlatform' loaded TargetPlatform 'Android_ETC1a'
[2019.10.20-16.53.17:274][  0]LogTemp: Display: Module 'AndroidTargetPlatform' loaded TargetPlatform 'Android_ETC2'
[2019.10.20-16.53.17:274][  0]LogTemp: Display: Module 'AndroidTargetPlatform' loaded TargetPlatform 'Android_PVRTC'
[2019.10.20-16.53.17:274][  0]LogTemp: Display: Module 'AndroidTargetPlatform' loaded TargetPlatform 'AndroidClient'
[2019.10.20-16.53.17:274][  0]LogTemp: Display: Module 'AndroidTargetPlatform' loaded TargetPlatform 'Android_ASTCClient'
[2019.10.20-16.53.17:274][  0]LogTemp: Display: Module 'AndroidTargetPlatform' loaded TargetPlatform 'Android_ATCClient'
[2019.10.20-16.53.17:274][  0]LogTemp: Display: Module 'AndroidTargetPlatform' loaded TargetPlatform 'Android_DXTClient'
[2019.10.20-16.53.17:274][  0]LogTemp: Display: Module 'AndroidTargetPlatform' loaded TargetPlatform 'Android_ETC1Client'
[2019.10.20-16.53.17:274][  0]LogTemp: Display: Module 'AndroidTargetPlatform' loaded TargetPlatform 'Android_ETC1aClient'
[2019.10.20-16.53.17:274][  0]LogTemp: Display: Module 'AndroidTargetPlatform' loaded TargetPlatform 'Android_ETC2Client'
[2019.10.20-16.53.17:274][  0]LogTemp: Display: Module 'AndroidTargetPlatform' loaded TargetPlatform 'Android_PVRTCClient'
[2019.10.20-16.53.17:274][  0]LogTemp: Display: Module 'AndroidTargetPlatform' loaded TargetPlatform 'Android_Multi'
[2019.10.20-16.53.17:274][  0]LogTemp: Display: Module 'AndroidTargetPlatform' loaded TargetPlatform 'Android_MultiClient'
[2019.10.20-16.53.17:275][  0]LogTemp: Display: Module 'HTML5TargetPlatform' loaded TargetPlatform 'HTML5'
[2019.10.20-16.53.17:303][  0]LogTemp: Display: Module 'IOSTargetPlatform' loaded TargetPlatform 'IOSClient'
[2019.10.20-16.53.17:303][  0]LogTemp: Display: Module 'IOSTargetPlatform' loaded TargetPlatform 'IOS'
[2019.10.20-16.53.17:318][  0]LogTemp: Display: Module 'TVOSTargetPlatform' loaded TargetPlatform 'TVOSClient'
[2019.10.20-16.53.17:318][  0]LogTemp: Display: Module 'TVOSTargetPlatform' loaded TargetPlatform 'TVOS'
[2019.10.20-16.53.17:326][  0]LogTemp: Display: Module 'LinuxClientTargetPlatform' loaded TargetPlatform 'LinuxClient'
[2019.10.20-16.53.17:334][  0]LogTemp: Display: Module 'LinuxNoEditorTargetPlatform' loaded TargetPlatform 'LinuxNoEditor'
[2019.10.20-16.53.17:342][  0]LogTemp: Display: Module 'LinuxServerTargetPlatform' loaded TargetPlatform 'LinuxServer'
[2019.10.20-16.53.17:358][  0]LogTemp: Display: Module 'LinuxTargetPlatform' loaded TargetPlatform 'Linux'
[2019.10.20-16.53.17:391][  0]LogTemp: Display: Module 'LuminTargetPlatform' loaded TargetPlatform 'Lumin'
[2019.10.20-16.53.17:391][  0]LogTemp: Display: Module 'LuminTargetPlatform' loaded TargetPlatform 'LuminClient'
[2019.10.20-16.53.17:391][  0]LogTargetPlatformManager: Display: Building Assets For Windows
[2019.10.20-16.53.17:434][  0]LogAudioDebug: Display: Lib vorbis DLL was dynamically loaded.
[2019.10.20-16.53.17:511][  0]LogShaderCompilers: Guid format shader working directory is 20 characters bigger than the processId version (D:/ScreamJam/ScreamJam2019/Intermediate/Shaders/WorkingDirectory/8528/).
[2019.10.20-16.53.17:511][  0]LogShaderCompilers: Cleaned the shader compiler working directory 'C:/Users/divIT/AppData/Local/Temp/UnrealShaderWorkingDir/5C75BC1A47F6059B16099FABCBD4CA73/'.
[2019.10.20-16.53.17:514][  0]LogXGEController: Cleaning working directory: C:/Users/divIT/AppData/Local/Temp/UnrealXGEWorkingDir/
[2019.10.20-16.53.17:514][  0]LogXGEController: Cannot use XGE Controller as Incredibuild is not installed on this machine.
[2019.10.20-16.53.17:514][  0]LogShaderCompilers: Cannot use XGE Shader Compiler as Incredibuild is not installed on this machine.
[2019.10.20-16.53.17:514][  0]LogShaderCompilers: Display: Using Local Shader Compiler.
[2019.10.20-16.53.20:131][  0]LogDerivedDataCache: Display: Max Cache Size: 512 MB
[2019.10.20-16.53.20:190][  0]LogDerivedDataCache: Loaded boot cache 0.06s 74MB C:/Users/divIT/AppData/Local/UnrealEngine/4.23/DerivedDataCache/Boot.ddc.
[2019.10.20-16.53.20:190][  0]LogDerivedDataCache: Display: Loaded Boot cache: C:/Users/divIT/AppData/Local/UnrealEngine/4.23/DerivedDataCache/Boot.ddc
[2019.10.20-16.53.20:190][  0]LogDerivedDataCache: FDerivedDataBackendGraph:  Pak pak cache file D:/ScreamJam/ScreamJam2019/DerivedDataCache/DDC.ddp not found, will not use a pak cache.
[2019.10.20-16.53.20:190][  0]LogDerivedDataCache: Unable to find inner node Pak for hierarchical cache Hierarchy.
[2019.10.20-16.53.20:190][  0]LogDerivedDataCache: FDerivedDataBackendGraph:  CompressedPak pak cache file D:/ScreamJam/ScreamJam2019/DerivedDataCache/Compressed.ddp not found, will not use a pak cache.
[2019.10.20-16.53.20:190][  0]LogDerivedDataCache: Unable to find inner node CompressedPak for hierarchical cache Hierarchy.
[2019.10.20-16.53.20:207][  0]LogDerivedDataCache: Display: Pak cache opened for reading ../../../Engine/DerivedDataCache/Compressed.ddp.
[2019.10.20-16.53.20:208][  0]LogDerivedDataCache: FDerivedDataBackendGraph:  EnterprisePak pak cache file ../../../Enterprise/DerivedDataCache/Compressed.ddp not found, will not use a pak cache.
[2019.10.20-16.53.20:208][  0]LogDerivedDataCache: Unable to find inner node EnterprisePak for hierarchical cache Hierarchy.
[2019.10.20-16.53.20:209][  0]LogDerivedDataCache: Using Local data cache path C:/Users/divIT/AppData/Local/UnrealEngine/Common/DerivedDataCache: Writable
[2019.10.20-16.53.20:209][  0]LogDerivedDataCache: Shared data cache path not found in *engine.ini, will not use an Shared cache.
[2019.10.20-16.53.20:209][  0]LogDerivedDataCache: Unable to find inner node Shared for hierarchical cache Hierarchy.
[2019.10.20-16.53.20:233][  0]LogMaterial: Verifying Global Shaders for PCD3D_SM5
[2019.10.20-16.53.20:236][  0]LogSlate: Using FreeType 2.6.0
[2019.10.20-16.53.20:251][  0]LogSlate: SlateFontServices - WITH_FREETYPE: 1, WITH_HARFBUZZ: 1
[2019.10.20-16.53.20:439][  0]LogAssetRegistry: FAssetRegistry took 0.0024 seconds to start up
[2019.10.20-16.53.20:731][  0]LogInit: Selected Device Profile: [Windows]
[2019.10.20-16.53.20:985][  0]LogMeshReduction: Using QuadricMeshReduction for automatic static mesh reduction
[2019.10.20-16.53.20:985][  0]LogMeshReduction: Using SimplygonMeshReduction for automatic skeletal mesh reduction
[2019.10.20-16.53.20:985][  0]LogMeshReduction: Using ProxyLODMeshReduction for automatic mesh merging
[2019.10.20-16.53.20:985][  0]LogMeshReduction: No distributed automatic mesh merging module available
[2019.10.20-16.53.20:985][  0]LogMeshMerging: No distributed automatic mesh merging module available
[2019.10.20-16.53.21:014][  0]LogNetVersion: ScreamJam2019 1.0.0, NetCL: 8386587, EngineNetVer: 11, GameNetVer: 0 (Checksum: 1232775713)
[2019.10.20-16.53.21:530][  0]LogClass: Warning: In asset 'None', there is an enum property of type 'EDepthOfFieldMethod' with an invalid value of '('
[2019.10.20-16.53.21:964][  0]LogPackageLocalizationCache: Processed 13 localized package path(s) for 1 prioritized culture(s) in 0.060438 seconds
[2019.10.20-16.53.21:972][  0]LogUObjectArray: 43478 objects as part of root set at end of initial load.
[2019.10.20-16.53.21:972][  0]LogUObjectAllocator: 7564504 out of 0 bytes used by permanent object pool.
[2019.10.20-16.53.21:972][  0]LogUObjectArray: CloseDisregardForGC: 0/0 objects in disregard for GC pool
[2019.10.20-16.53.24:503][  0]LogTcpMessaging: Initializing TcpMessaging bridge
[2019.10.20-16.53.24:506][  0]LogUdpMessaging: Initializing bridge on interface 0.0.0.0:0 to multicast group 230.0.0.1:6666.
[2019.10.20-16.53.24:568][  0]SourceControl: Source control is disabled
[2019.10.20-16.53.24:568][  0]SourceControl: Source control is disabled
[2019.10.20-16.53.24:570][  0]SourceControl: Source control is disabled
[2019.10.20-16.53.24:571][  0]SourceControl: Source control is disabled
[2019.10.20-16.53.24:744][  0]LogAndroidPermission: UAndroidPermissionCallbackProxy::GetInstance
[2019.10.20-16.53.24:875][  0]LogOcInput: OculusInput pre-init called
[2019.10.20-16.53.24:882][  0]LogWindows: Failed to load 'OVRPlugin.dll' (GetLastError=126)
[2019.10.20-16.53.24:882][  0]LogWindows: File 'OVRPlugin.dll' does not exist
[2019.10.20-16.53.24:965][  0]LogEngine: Initializing Engine...
[2019.10.20-16.53.24:966][  0]LogHMD: Failed to initialize OpenVR with code 110
[2019.10.20-16.53.24:967][  0]LogStats: UGameplayTagsManager::InitializeManager -  0.000 s
[2019.10.20-16.53.25:255][  0]LogInit: Initializing FReadOnlyCVARCache
[2019.10.20-16.53.25:273][  0]LogAIModule: Creating AISystem for world Untitled
[2019.10.20-16.53.25:288][  0]LogInit: XAudio2 using 'Speakers (Realtek High Definition Audio)' : 2 channels at 48 kHz using 32 bits per sample (channel mask 0x3)
[2019.10.20-16.53.25:312][  0]LogInit: FAudioDevice initialized.
[2019.10.20-16.53.25:312][  0]LogNetVersion: Set ProjectVersion to 1.0.0.0. Version Checksum will be recalculated on next use.
[2019.10.20-16.53.25:450][  0]LogDerivedDataCache: Saved boot cache 0.14s 74MB C:/Users/divIT/AppData/Local/UnrealEngine/4.23/DerivedDataCache/Boot.ddc.
[2019.10.20-16.53.25:460][  0]LogInit: Texture streaming: Enabled
[2019.10.20-16.53.25:480][  0]LogEngineSessionManager: EngineSessionManager initialized
[2019.10.20-16.53.25:553][  0]LogInit: Transaction tracking system initialized
[2019.10.20-16.53.25:588][  0]BlueprintLog: New page: Editor Load
[2019.10.20-16.53.25:680][  0]LocalizationService: Localization service is disabled
[2019.10.20-16.53.25:987][  0]LogCook: Display: Max memory allowance for cook 16384mb min free memory 0mb
[2019.10.20-16.53.25:987][  0]LogCook: Display: Mobile HDR setting 1
[2019.10.20-16.53.26:037][  0]LogFileCache: Scanning file cache for directory 'D:/ScreamJam/ScreamJam2019/Content/' took 0.02s
[2019.10.20-16.53.26:279][  0]SourceControl: Source control is disabled
[2019.10.20-16.53.26:279][  0]Cmd: MAP LOAD FILE="D:/ScreamJam/ScreamJam2019/Content/Framework/Multiplayer/Maps/MP_mainMenu.umap" TEMPLATE=0 SHOWPROGRESS=1 FEATURELEVEL=3
[2019.10.20-16.53.26:284][  0]LightingResults: New page: Lighting Build
[2019.10.20-16.53.26:287][  0]LogWorld: UWorld::CleanupWorld for Untitled, bSessionEnded=true, bCleanupResources=true
[2019.10.20-16.53.26:287][  0]MapCheck: New page: Map Check
[2019.10.20-16.53.26:287][  0]LightingResults: New page: Lighting Build
[2019.10.20-16.53.26:314][  0]LogUObjectHash: Compacting FUObjectHashTables data took   2.02ms
[2019.10.20-16.53.30:118][  0]LogTexture: Display: Building textures: SingleDoor_metallic (AutoDXT, 2048X2048)
[2019.10.20-16.53.30:118][  0]LogTexture: Display: Building textures: SingleDoor_normal (BC5, 2048X2048)
[2019.10.20-16.53.30:118][  0]LogTexture: Display: Building textures: SingleDoor_diffuseOriginal (AutoDXT, 2048X2048)
[2019.10.20-16.53.30:118][  0]LogStaticMesh: Building static mesh SingleDoor__3__SmallFrame3...
[2019.10.20-16.53.30:128][  0]LogStaticMesh: Built static mesh [0.01s] /Game/Enviroment/Meshes/SingleDoor/SingleDoor__3__SmallFrame3.SingleDoor__3__SmallFrame3
[2019.10.20-16.53.30:130][  0]LogStaticMesh: Building static mesh SingleDoor__3__polySurface20...
[2019.10.20-16.53.30:140][  0]LogStaticMesh: Built static mesh [0.01s] /Game/Enviroment/Meshes/SingleDoor/SingleDoor__3__polySurface20.SingleDoor__3__polySurface20
[2019.10.20-16.53.35:181][  0]LogTexture: Display: Building textures: SingleDoor_ao (AutoDXT, 2048X2048)
[2019.10.20-16.53.35:181][  0]LogMaterial: Display: Missing cached shader map for material Door, compiling. 
[2019.10.20-16.53.35:288][  0]LogStaticMesh: Building static mesh SingleDoor__3__pCube29...
[2019.10.20-16.53.35:289][  0]LogStaticMesh: Built static mesh [0.00s] /Game/Enviroment/Meshes/SingleDoor/SingleDoor__3__pCube29.SingleDoor__3__pCube29
[2019.10.20-16.53.35:406][  0]LogShaderCompilers: Display: Worker (1/3): shaders left to compile 22
[2019.10.20-16.53.35:406][  0]LogShaderCompilers: Display: Worker (2/3): shaders left to compile 14
[2019.10.20-16.53.35:406][  0]LogShaderCompilers: Display: Worker (3/3): shaders left to compile 6
[2019.10.20-16.53.36:412][  0]LogAIModule: Creating AISystem for world MP_mainMenu
[2019.10.20-16.53.36:412][  0]LogEditorServer: Finished looking for orphan Actors (0.000 secs)
[2019.10.20-16.53.36:953][  0]LogUObjectHash: Compacting FUObjectHashTables data took   3.74ms
[2019.10.20-16.53.36:953][  0]Cmd: MAP CHECKDEP NOCLEARLOG
[2019.10.20-16.53.36:953][  0]MapCheck: Map check complete: 0 Error(s), 0 Warning(s), took 0.083ms to complete.
[2019.10.20-16.53.36:953][  0]LogFileHelpers: Loading map 'MP_mainMenu' took 10.673
[2019.10.20-16.53.37:117][  0]LogSlate: Updating window title bar state: overlay mode, drag disabled, window buttons hidden, title bar hidden
[2019.10.20-16.53.37:125][  0]LogSlate: Updating window title bar state: overlay mode, drag disabled, window buttons hidden, title bar hidden
[2019.10.20-16.53.37:134][  0]LogSlate: Updating window title bar state: overlay mode, drag disabled, window buttons hidden, title bar hidden
[2019.10.20-16.53.37:142][  0]LogSlate: Updating window title bar state: overlay mode, drag disabled, window buttons hidden, title bar hidden
[2019.10.20-16.53.37:153][  0]LogCollectionManager: Loaded 0 collections in 0.001974 seconds
[2019.10.20-16.53.37:159][  0]LogFileCache: Scanning file cache for directory 'D:/ScreamJam/ScreamJam2019/Saved/Collections/' took 0.00s
[2019.10.20-16.53.37:159][  0]LogFileCache: Scanning file cache for directory 'D:/ScreamJam/ScreamJam2019/Content/Developers/divIT/Collections/' took 0.00s
[2019.10.20-16.53.37:159][  0]LogFileCache: Scanning file cache for directory 'D:/ScreamJam/ScreamJam2019/Content/Collections/' took 0.00s
[2019.10.20-16.53.37:159][  0]LogCollectionManager: Rebuilt the GUID cache for 0 collections in 0.000002 seconds
[2019.10.20-16.53.37:168][  0]LogContentBrowser: Native class hierarchy populated in 0.0094 seconds. Added 3002 classes and 702 folders.
[2019.10.20-16.53.37:176][  0]LogContentBrowser: Native class hierarchy updated for 'WidgetCarousel' in 0.0002 seconds. Added 0 classes and 0 folders.
[2019.10.20-16.53.37:459][  0]LogContentBrowser: Native class hierarchy updated for 'AddContentDialog' in 0.0002 seconds. Added 0 classes and 0 folders.
[2019.10.20-16.53.37:466][  0]LogContentBrowser: Native class hierarchy updated for 'SceneOutliner' in 0.0003 seconds. Added 1 classes and 2 folders.
[2019.10.20-16.53.37:593][  0]LogSlate: Took 0.009320 seconds to synchronously load lazily loaded font '../../../Engine/Content/Slate/Fonts/Roboto-Regular.ttf' (155K)
[2019.10.20-16.53.37:601][  0]LogSlate: Took 0.005689 seconds to synchronously load lazily loaded font '../../../Engine/Content/Slate/Fonts/Roboto-Bold.ttf' (160K)
[2019.10.20-16.53.37:610][  0]LogSlate: Took 0.004861 seconds to synchronously load lazily loaded font '../../../Engine/Content/Editor/Slate/Fonts/FontAwesome.ttf' (139K)
[2019.10.20-16.53.37:714][  0]LogRenderer: Reallocating scene render targets to support 1236x556 Format 10 NumSamples 1 (Frame:1).
[2019.10.20-16.53.37:832][  0]LogContentBrowser: Native class hierarchy updated for 'HierarchicalLODOutliner' in 0.0002 seconds. Added 0 classes and 0 folders.
[2019.10.20-16.53.37:832][  0]LogLoad: (Engine Initialization) Total time: 27.59 seconds
[2019.10.20-16.53.37:832][  0]LogLoad: (Engine Initialization) Total Blueprint compile time: 0.00 seconds
[2019.10.20-16.53.37:950][  0]LogContentStreaming: Texture pool size now 1000 MB
[2019.10.20-16.53.37:997][  0]LogSlate: Took 0.004610 seconds to synchronously load lazily loaded font '../../../Engine/Content/Slate/Fonts/Roboto-Light.ttf' (167K)
[2019.10.20-16.53.38:871][ 89]LogSlate: Took 0.000129 seconds to synchronously load lazily loaded font '../../../Engine/Content/Slate/Fonts/Roboto-Light.ttf' (167K)
[2019.10.20-16.53.41:412][366]LogSlate: FSceneViewport::OnFocusLost() reason 0
[2019.10.20-16.53.42:054][434]LogSlate: FSceneViewport::OnFocusLost() reason 0
[2019.10.20-16.53.42:300][460]LogCollectionManager: Rebuilt the object cache for 0 collections in 0.000003 seconds (found 0 objects)
[2019.10.20-16.54.22:232][241]LogStaticMesh: Building static mesh WallPlain...
[2019.10.20-16.54.22:234][241]LogStaticMesh: Built static mesh [0.00s] /Game/Enviroment/Architecture/WallPlain.WallPlain
[2019.10.20-16.54.22:237][241]LogStaticMesh: Building static mesh WallPlain250...
[2019.10.20-16.54.22:239][241]LogStaticMesh: Built static mesh [0.00s] /Game/Enviroment/Architecture/WallPlain250.WallPlain250
[2019.10.20-16.54.22:240][241]LogStaticMesh: Building static mesh WallDoorwayLarge...
[2019.10.20-16.54.22:243][241]LogStaticMesh: Built static mesh [0.00s] /Game/Enviroment/Architecture/WallDoorwayLarge.WallDoorwayLarge
[2019.10.20-16.54.22:243][241]LogStaticMesh: Building static mesh WallWindowLarge...
[2019.10.20-16.54.22:245][241]LogStaticMesh: Built static mesh [0.00s] /Game/Enviroment/Architecture/WallWindowLarge.WallWindowLarge
[2019.10.20-16.54.22:246][241]LogStaticMesh: Building static mesh WallPlainCorner...
[2019.10.20-16.54.22:248][241]LogStaticMesh: Built static mesh [0.00s] /Game/Enviroment/Architecture/WallPlainCorner.WallPlainCorner
[2019.10.20-16.54.22:249][241]LogStaticMesh: Building static mesh WallWindowSmall...
[2019.10.20-16.54.22:251][241]LogStaticMesh: Built static mesh [0.00s] /Game/Enviroment/Architecture/WallWindowSmall.WallWindowSmall
[2019.10.20-16.54.22:252][241]LogStaticMesh: Building static mesh WallPlainSlant...
[2019.10.20-16.54.22:254][241]LogStaticMesh: Built static mesh [0.00s] /Game/Enviroment/Architecture/WallPlainSlant.WallPlainSlant
[2019.10.20-16.54.22:312][241]LogStaticMesh: Building static mesh WallDoorwaySmall...
[2019.10.20-16.54.22:315][241]LogStaticMesh: Built static mesh [0.00s] /Game/Enviroment/Architecture/WallDoorwaySmall.WallDoorwaySmall
[2019.10.20-16.54.24:808][241]LogMaterial: Display: Missing cached shader map for material lambert4, compiling. 
[2019.10.20-16.54.25:432][241]LogShaderCompilers: Display: Worker (1/3): shaders left to compile 22
[2019.10.20-16.54.25:432][241]LogShaderCompilers: Display: Worker (2/3): shaders left to compile 14
[2019.10.20-16.54.25:432][241]LogShaderCompilers: Display: Worker (3/3): shaders left to compile 6
[2019.10.20-16.54.25:432][241]LogAIModule: Creating AISystem for world BlockOutPREV
[2019.10.20-16.54.25:659][241]LogAssetEditorManager: Opening Asset editor for World /Game/Framework/Maps/BlockOutPREV.BlockOutPREV
[2019.10.20-16.54.27:636][241]LogUObjectHash: Compacting FUObjectHashTables data took   4.56ms
[2019.10.20-16.54.27:638][241]Cmd: MAP LOAD FILE="D:/ScreamJam/ScreamJam2019/Content/Framework/Maps/BlockOutPREV.umap" TEMPLATE=0 SHOWPROGRESS=1 FEATURELEVEL=3
[2019.10.20-16.54.27:641][241]LightingResults: New page: Lighting Build
[2019.10.20-16.54.27:642][241]LoadErrors: New page: Loading map: BlockOutPREV.umap
[2019.10.20-16.54.27:642][241]LogWorld: UWorld::CleanupWorld for MP_mainMenu, bSessionEnded=true, bCleanupResources=true
[2019.10.20-16.54.27:643][241]MapCheck: New page: Map Check
[2019.10.20-16.54.27:643][241]LightingResults: New page: Lighting Build
[2019.10.20-16.54.27:692][241]LogUObjectHash: Compacting FUObjectHashTables data took   4.32ms
[2019.10.20-16.54.28:197][241]LogEditorServer: Finished looking for orphan Actors (0.001 secs)
[2019.10.20-16.54.28:392][241]LogUObjectHash: Compacting FUObjectHashTables data took   3.49ms
[2019.10.20-16.54.28:430][241]Cmd: MAP CHECKDEP NOCLEARLOG
[2019.10.20-16.54.28:430][241]MapCheck: Map check complete: 0 Error(s), 0 Warning(s), took 0.34ms to complete.
[2019.10.20-16.54.28:430][241]LogFileHelpers: Loading map 'BlockOutPREV' took 0.793
[2019.10.20-16.54.28:492][241]LogAssetRegistry: Asset discovery search completed in 68.0537 seconds
[2019.10.20-16.54.28:498][241]LogCollectionManager: Fixed up redirectors for 0 collections in 0.000006 seconds (updated 0 objects)
[2019.10.20-16.54.37:419][193]LogSlate: FSceneViewport::OnFocusLost() reason 0
[2019.10.20-16.55.12:635][509]LogSlate: FSceneViewport::OnFocusLost() reason 0
[2019.10.20-16.55.47:018][248]LogSlate: FSceneViewport::OnFocusLost() reason 0
[2019.10.20-16.56.20:763][850]Cmd: SELECT NONE
[2019.10.20-16.57.24:375][761]LogSlate: FSceneViewport::OnFocusLost() reason 5
[2019.10.20-16.57.33:812][490]LogSlate: FSceneViewport::OnFocusLost() reason 0
[2019.10.20-16.57.49:575][100]LogSlate: FSceneViewport::OnFocusLost() reason 2
[2019.10.20-16.58.04:542][ 33]LogSlate: FSceneViewport::OnFocusLost() reason 5
[2019.10.20-16.58.19:748][458]LogSlate: FSceneViewport::OnFocusLost() reason 0
[2019.10.20-16.58.25:319][ 64]LogSlate: FSceneViewport::OnFocusLost() reason 5
[2019.10.20-16.58.26:539][201]LogSlate: FSceneViewport::OnFocusLost() reason 5
[2019.10.20-16.58.27:049][261]LogSlate: FSceneViewport::OnFocusLost() reason 5
[2019.10.20-16.58.27:340][294]LogSlate: FSceneViewport::OnFocusLost() reason 5
[2019.10.20-16.58.27:490][311]LogSlate: FSceneViewport::OnFocusLost() reason 5
[2019.10.20-16.58.27:534][315]LogSlate: FSceneViewport::OnFocusLost() reason 5
[2019.10.20-16.58.28:678][450]LogSlate: FSceneViewport::OnFocusLost() reason 5
[2019.10.20-16.58.29:408][536]LogSlate: FSceneViewport::OnFocusLost() reason 5
[2019.10.20-16.58.29:478][543]LogSlate: FSceneViewport::OnFocusLost() reason 5
[2019.10.20-16.58.29:799][580]LogSlate: FSceneViewport::OnFocusLost() reason 5
[2019.10.20-16.58.30:461][657]LogSlate: FSceneViewport::OnFocusLost() reason 5
[2019.10.20-16.58.30:935][712]LogSlate: FSceneViewport::OnFocusLost() reason 5
[2019.10.20-16.58.36:606][357]LogSlate: Updating window title bar state: overlay mode, drag disabled, window buttons hidden, title bar hidden
[2019.10.20-16.58.36:613][357]LogSlate: Updating window title bar state: overlay mode, drag disabled, window buttons hidden, title bar hidden
[2019.10.20-16.58.38:156][482]LogEditorViewport: Clicking on Actor (LMB): StaticMeshActor (CardboardBox19)
[2019.10.20-16.58.38:331][488]LogSlate: FSceneViewport::OnFocusLost() reason 5
[2019.10.20-16.58.40:318][659]LogSlate: FSceneViewport::OnFocusLost() reason 5
[2019.10.20-16.58.45:596][ 60]LogSlate: FSceneViewport::OnFocusLost() reason 5
[2019.10.20-16.58.59:062][733]Cmd: SELECT NONE
[2019.10.20-16.59.05:975][994]LogSlate: FSceneViewport::OnFocusLost() reason 0
[2019.10.20-16.59.38:379][589]LogSlate: FSceneViewport::OnFocusLost() reason 0
[2019.10.20-16.59.46:992][218]LogSlate: Window 'Viewport 1' being destroyed
[2019.10.20-16.59.51:151][563]LogSlate: Updating window title bar state: overlay mode, drag disabled, window buttons hidden, title bar hidden
[2019.10.20-16.59.51:161][563]LogSlate: Updating window title bar state: overlay mode, drag disabled, window buttons hidden, title bar hidden
[2019.10.20-16.59.51:170][563]LogSlate: Updating window title bar state: overlay mode, drag disabled, window buttons hidden, title bar hidden
[2019.10.20-16.59.51:179][563]LogSlate: Updating window title bar state: overlay mode, drag disabled, window buttons hidden, title bar hidden
[2019.10.20-16.59.51:231][564]LogRenderer: Reallocating scene render targets to support 1236x564 Format 10 NumSamples 1 (Frame:13799).
[2019.10.20-16.59.54:598][694]LogRenderer: Reallocating scene render targets to support 1236x572 Format 10 NumSamples 1 (Frame:14007).
[2019.10.20-16.59.55:069][723]LogSlate: Window 'Viewport 2' being destroyed
[2019.10.20-17.00.01:085][960]LogSlate: Window 'Viewport 1' being destroyed
[2019.10.20-17.00.02:760][ 50]LogRenderer: Reallocating scene render targets to support 1236x600 Format 10 NumSamples 1 (Frame:14257).
[2019.10.20-17.00.07:668][474]LogSlate: Window 'Viewport 1' being destroyed
[2019.10.20-17.00.12:540][753]LogSlate: Window 'Viewport 1' being destroyed
[2019.10.20-17.00.12:544][753]LogSlate: Window 'Viewport 1' being destroyed
[2019.10.20-17.00.16:089][109]LogSlate: Updating window title bar state: overlay mode, drag disabled, window buttons hidden, title bar hidden
[2019.10.20-17.00.16:099][109]LogSlate: Updating window title bar state: overlay mode, drag disabled, window buttons hidden, title bar hidden
[2019.10.20-17.00.20:134][258]LogRenderer: Reallocating scene render targets to support 1236x1016 Format 10 NumSamples 1 (Frame:14914).
[2019.10.20-17.00.23:370][353]LogRenderer: Reallocating scene render targets to support 1880x1016 Format 10 NumSamples 1 (Frame:15092).
[2019.10.20-17.00.23:634][354]LogRenderer: Reallocating scene render targets to support 1916x1016 Format 10 NumSamples 1 (Frame:15093).
[2019.10.20-17.00.24:749][372]LogSlate: FSceneViewport::OnFocusLost() reason 0
[2019.10.20-17.00.36:044][ 10]LogEditorViewport: Clicking on Actor (context menu): StaticMeshActor (WallPlain10)
[2019.10.20-17.00.36:127][ 10]LogSlate: FSceneViewport::OnFocusLost() reason 5
[2019.10.20-17.00.37:539][ 89]LogSlate: FSceneViewport::OnFocusLost() reason 0
[2019.10.20-17.00.37:982][105]LogSlate: FSceneViewport::OnFocusLost() reason 0
[2019.10.20-17.00.38:459][118]LogSlate: FSceneViewport::OnFocusLost() reason 0
[2019.10.20-17.00.38:892][137]LogSlate: FSceneViewport::OnFocusLost() reason 0
[2019.10.20-17.00.39:399][150]LogSlate: FSceneViewport::OnFocusLost() reason 0
[2019.10.20-17.00.40:365][184]LogSlate: FSceneViewport::OnFocusLost() reason 0
[2019.10.20-17.00.40:503][193]LogSlate: Window 'Viewport 1' being destroyed
[2019.10.20-17.00.40:509][193]LogSlate: Window 'Viewport 1' being destroyed
[2019.10.20-17.00.42:085][315]LogUObjectHash: Compacting FUObjectHashTables data took   4.21ms
[2019.10.20-17.00.43:099][315]LogSlate: Window 'Save Content' being destroyed
[2019.10.20-17.00.43:203][315]LogSlate: Window 'Sequencer' being destroyed
[2019.10.20-17.00.43:206][315]LogSlate: Window 'Viewport 2' being destroyed
[2019.10.20-17.00.43:246][315]LogSlate: Window 'ScreamJam2019 - Unreal Editor' being destroyed
[2019.10.20-17.00.43:346][316]Cmd: QUIT_EDITOR
[2019.10.20-17.00.43:366][316]LogWindowsTextInputMethodSystem: Display: IME system now deactivated.
[2019.10.20-17.00.43:381][316]LogExit: Preparing to exit.
[2019.10.20-17.00.43:764][316]LogWorld: UWorld::CleanupWorld for World_0, bSessionEnded=true, bCleanupResources=true
[2019.10.20-17.00.43:764][316]LogWorld: UWorld::CleanupWorld for World_1, bSessionEnded=true, bCleanupResources=true
[2019.10.20-17.00.43:764][316]LogWorld: UWorld::CleanupWorld for World_2, bSessionEnded=true, bCleanupResources=true
[2019.10.20-17.00.43:764][316]LogWorld: UWorld::CleanupWorld for World_4, bSessionEnded=true, bCleanupResources=true
[2019.10.20-17.00.43:765][316]LogWorld: UWorld::CleanupWorld for World_3, bSessionEnded=true, bCleanupResources=true
[2019.10.20-17.00.43:866][316]LogDemo: Cleaned up 0 splitscreen connections with owner deletion
[2019.10.20-17.00.43:882][316]LogWorld: UWorld::CleanupWorld for None, bSessionEnded=true, bCleanupResources=true
[2019.10.20-17.00.43:883][316]LogExit: Editor shut down
[2019.10.20-17.00.43:889][316]LogExit: Transaction tracking system shut down
[2019.10.20-17.00.44:396][316]LogExit: Object subsystem successfully closed.
[2019.10.20-17.00.44:412][316]LogShaderCompilers: Display: Shaders left to compile 0
[2019.10.20-17.00.44:445][316]LogModuleManager: Shutting down and abandoning module HierarchicalLODOutliner (688)
[2019.10.20-17.00.44:445][316]LogModuleManager: Shutting down and abandoning module SceneOutliner (686)
[2019.10.20-17.00.44:445][316]LogModuleManager: Shutting down and abandoning module AddContentDialog (684)
[2019.10.20-17.00.44:446][316]LogModuleManager: Shutting down and abandoning module WidgetCarousel (683)
[2019.10.20-17.00.44:446][316]LogModuleManager: Shutting down and abandoning module EditorWidgets (680)
[2019.10.20-17.00.44:446][316]LogModuleManager: Shutting down and abandoning module CollectionManager (678)
[2019.10.20-17.00.44:447][316]LogModuleManager: Shutting down and abandoning module MeshBuilder (676)
[2019.10.20-17.00.44:447][316]LogModuleManager: Shutting down and abandoning module StatsViewer (674)
[2019.10.20-17.00.44:447][316]LogModuleManager: Shutting down and abandoning module VirtualTexturingEditor (672)
[2019.10.20-17.00.44:447][316]LogModuleManager: Shutting down and abandoning module FoliageEdit (670)
[2019.10.20-17.00.44:447][316]LogModuleManager: Shutting down and abandoning module LandscapeEditor (668)
[2019.10.20-17.00.44:447][316]LogModuleManager: Shutting down and abandoning module MeshPaintMode (666)
[2019.10.20-17.00.44:447][316]LogModuleManager: Shutting down and abandoning module SceneDepthPickerMode (664)
[2019.10.20-17.00.44:447][316]LogModuleManager: Shutting down and abandoning module ActorPickerMode (662)
[2019.10.20-17.00.44:447][316]LogModuleManager: Shutting down and abandoning module GeometryMode (660)
[2019.10.20-17.00.44:447][316]LogModuleManager: Shutting down and abandoning module TextureAlignMode (658)
[2019.10.20-17.00.44:447][316]LogModuleManager: Shutting down and abandoning module BspMode (656)
[2019.10.20-17.00.44:447][316]LogModuleManager: Shutting down and abandoning module PIEPreviewDeviceProfileSelector (654)
[2019.10.20-17.00.44:447][316]LogModuleManager: Shutting down and abandoning module SequenceRecorderSections (652)
[2019.10.20-17.00.44:447][316]LogModuleManager: Shutting down and abandoning module AutomationWorker (650)
[2019.10.20-17.00.44:447][316]LogModuleManager: Shutting down and abandoning module OculusMR (648)
[2019.10.20-17.00.44:447][316]LogModuleManager: Shutting down and abandoning module AudioCaptureEditor (646)
[2019.10.20-17.00.44:447][316]LogModuleManager: Shutting down and abandoning module MatineeToLevelSequence (644)
[2019.10.20-17.00.44:447][316]LogModuleManager: Shutting down and abandoning module LevelSequenceEditor (642)
[2019.10.20-17.00.44:447][316]LogModuleManager: Shutting down and abandoning module PlacementMode (641)
[2019.10.20-17.00.44:447][316]LogModuleManager: Shutting down and abandoning module MaterialEditor (640)
[2019.10.20-17.00.44:447][316]LogModuleManager: Shutting down and abandoning module ActorSequenceEditor (636)
[2019.10.20-17.00.44:447][316]LogModuleManager: Shutting down and abandoning module WmfMediaFactory (634)
[2019.10.20-17.00.44:447][316]LogModuleManager: Shutting down and abandoning module WmfMediaEditor (632)
[2019.10.20-17.00.44:447][316]LogModuleManager: Shutting down and abandoning module WebMMediaFactory (630)
[2019.10.20-17.00.44:447][316]LogModuleManager: Shutting down and abandoning module WebMMediaEditor (628)
[2019.10.20-17.00.44:447][316]LogModuleManager: Shutting down and abandoning module WebMMedia (626)
[2019.10.20-17.00.44:447][316]LogModuleManager: Shutting down and abandoning module MediaPlayerEditor (624)
[2019.10.20-17.00.44:448][316]LogModuleManager: Shutting down and abandoning module MediaCompositingEditor (622)
[2019.10.20-17.00.44:448][316]LogModuleManager: Shutting down and abandoning module SequenceRecorder (621)
[2019.10.20-17.00.44:448][316]LogModuleManager: Shutting down and abandoning module OpenExrWrapper (618)
[2019.10.20-17.00.44:448][316]LogModuleManager: Shutting down and abandoning module ImgMediaFactory (616)
[2019.10.20-17.00.44:448][316]LogModuleManager: Shutting down and abandoning module ImgMediaEditor (614)
[2019.10.20-17.00.44:448][316]LogModuleManager: Shutting down and abandoning module AvfMediaFactory (612)
[2019.10.20-17.00.44:448][316]LogModuleManager: Shutting down and abandoning module AvfMediaEditor (610)
[2019.10.20-17.00.44:448][316]LogModuleManager: Shutting down and abandoning module AndroidMediaFactory (608)
[2019.10.20-17.00.44:448][316]LogModuleManager: Shutting down and abandoning module AndroidMediaEditor (606)
[2019.10.20-17.00.44:448][316]LogModuleManager: Shutting down and abandoning module MagicLeapCameraPreviewFactory (604)
[2019.10.20-17.00.44:448][316]LogModuleManager: Shutting down and abandoning module MagicLeapMediaCodecFactory (602)
[2019.10.20-17.00.44:448][316]LogModuleManager: Shutting down and abandoning module MagicLeapMediaFactory (600)
[2019.10.20-17.00.44:448][316]LogModuleManager: Shutting down and abandoning module MagicLeapMediaEditor (598)
[2019.10.20-17.00.44:448][316]LogModuleManager: Shutting down and abandoning module CharacterAI (596)
[2019.10.20-17.00.44:448][316]LogModuleManager: Shutting down and abandoning module SmartSnapping (594)
[2019.10.20-17.00.44:448][316]LogModuleManager: Shutting down and abandoning module SessionServices (592)
[2019.10.20-17.00.44:448][316]LogModuleManager: Shutting down and abandoning module MeshPaint (590)
[2019.10.20-17.00.44:448][316]LogModuleManager: Shutting down and abandoning module ViewportSnapping (588)
[2019.10.20-17.00.44:448][316]LogModuleManager: Shutting down and abandoning module ViewportInteraction (586)
[2019.10.20-17.00.44:448][316]LogModuleManager: Shutting down and abandoning module ClothPainter (584)
[2019.10.20-17.00.44:448][316]LogModuleManager: Shutting down and abandoning module SkeletalMeshEditor (583)
[2019.10.20-17.00.44:448][316]LogModuleManager: Shutting down and abandoning module LogVisualizer (580)
[2019.10.20-17.00.44:448][316]LogModuleManager: Shutting down and abandoning module IntroTutorials (578)
[2019.10.20-17.00.44:448][316]LogModuleManager: Shutting down and abandoning module GameProjectGeneration (577)
[2019.10.20-17.00.44:448][316]LogModuleManager: Shutting down and abandoning module LuminPlatformEditor (574)
[2019.10.20-17.00.44:448][316]LogModuleManager: Shutting down and abandoning module IOSPlatformEditor (572)
[2019.10.20-17.00.44:448][316]LogModuleManager: Shutting down and abandoning module HTML5PlatformEditor (570)
[2019.10.20-17.00.44:448][316]LogModuleManager: Shutting down and abandoning module AndroidPlatformEditor (568)
[2019.10.20-17.00.44:448][316]LogModuleManager: Shutting down and abandoning module AndroidDeviceDetection (567)
[2019.10.20-17.00.44:990][316]LogModuleManager: Shutting down and abandoning module WindowsPlatformEditor (564)
[2019.10.20-17.00.44:991][316]LogModuleManager: Shutting down and abandoning module LuminRuntimeSettings (562)
[2019.10.20-17.00.44:991][316]LogModuleManager: Shutting down and abandoning module IOSRuntimeSettings (560)
[2019.10.20-17.00.44:991][316]LogModuleManager: Shutting down and abandoning module AndroidRuntimeSettings (558)
[2019.10.20-17.00.44:991][316]LogModuleManager: Shutting down and abandoning module TimeManagementEditor (556)
[2019.10.20-17.00.44:991][316]LogModuleManager: Shutting down and abandoning module InputBindingEditor (554)
[2019.10.20-17.00.44:991][316]LogModuleManager: Shutting down and abandoning module MergeActors (552)
[2019.10.20-17.00.44:991][316]LogModuleManager: Shutting down and abandoning module LocalizationDashboard (550)
[2019.10.20-17.00.44:991][316]LogModuleManager: Shutting down and abandoning module LocalizationService (549)
[2019.10.20-17.00.44:991][316]LogModuleManager: Shutting down and abandoning module HardwareTargeting (546)
[2019.10.20-17.00.44:991][316]LogModuleManager: Shutting down and abandoning module DeviceProfileEditor (544)
[2019.10.20-17.00.44:991][316]LogModuleManager: Shutting down and abandoning module UndoHistory (542)
[2019.10.20-17.00.44:991][316]LogModuleManager: Shutting down and abandoning module XmlParser (540)
[2019.10.20-17.00.44:991][316]LogModuleManager: Shutting down and abandoning module Blutility (538)
[2019.10.20-17.00.44:991][316]LogModuleManager: Shutting down and abandoning module ProjectSettingsViewer (536)
[2019.10.20-17.00.44:991][316]LogModuleManager: Shutting down and abandoning module ProjectTargetPlatformEditor (535)
[2019.10.20-17.00.44:991][316]LogModuleManager: Shutting down and abandoning module EditorSettingsViewer (532)
[2019.10.20-17.00.44:991][316]LogModuleManager: Shutting down and abandoning module SettingsEditor (530)
[2019.10.20-17.00.44:991][316]LogModuleManager: Shutting down and abandoning module ProjectLauncher (528)
[2019.10.20-17.00.44:991][316]LogModuleManager: Shutting down and abandoning module SessionFrontend (526)
[2019.10.20-17.00.44:991][316]LogModuleManager: Shutting down and abandoning module ProfilerClient (524)
[2019.10.20-17.00.44:991][316]LogModuleManager: Shutting down and abandoning module DeviceManager (522)
[2019.10.20-17.00.44:991][316]LogModuleManager: Shutting down and abandoning module TargetDeviceServices (521)
[2019.10.20-17.00.45:035][316]LogModuleManager: Shutting down and abandoning module AutomationController (518)
[2019.10.20-17.00.45:035][316]LogModuleManager: Shutting down and abandoning module AutomationWindow (516)
[2019.10.20-17.00.45:035][316]LogModuleManager: Shutting down and abandoning module Layers (514)
[2019.10.20-17.00.45:035][316]LogModuleManager: Shutting down and abandoning module ComponentVisualizers (512)
[2019.10.20-17.00.45:035][316]LogModuleManager: Shutting down and abandoning module DetailCustomizations (510)
[2019.10.20-17.00.45:035][316]LogModuleManager: Shutting down and abandoning module PackagesDialog (508)
[2019.10.20-17.00.45:035][316]LogModuleManager: Shutting down and abandoning module AnimationBlueprintEditor (506)
[2019.10.20-17.00.45:035][316]LogModuleManager: Shutting down and abandoning module Persona (504)
[2019.10.20-17.00.45:035][316]LogModuleManager: Shutting down and abandoning module AdvancedPreviewScene (503)
[2019.10.20-17.00.45:035][316]LogModuleManager: Shutting down and abandoning module AnimGraph (501)
[2019.10.20-17.00.45:036][316]LogModuleManager: Shutting down and abandoning module Kismet (498)
[2019.10.20-17.00.45:038][316]LogModuleManager: Shutting down and abandoning module KismetWidgets (497)
[2019.10.20-17.00.45:038][316]LogModuleManager: Shutting down and abandoning module GraphEditor (494)
[2019.10.20-17.00.45:038][316]LogModuleManager: Shutting down and abandoning module StructViewer (492)
[2019.10.20-17.00.45:038][316]LogModuleManager: Shutting down and abandoning module ClassViewer (490)
[2019.10.20-17.00.45:038][316]LogModuleManager: Shutting down and abandoning module Toolbox (488)
[2019.10.20-17.00.45:038][316]LogModuleManager: Shutting down and abandoning module ModuleUI (486)
[2019.10.20-17.00.45:038][316]LogModuleManager: Shutting down and abandoning module MovieSceneTools (484)
[2019.10.20-17.00.45:038][316]LogModuleManager: Shutting down and abandoning module OutputLog (482)
[2019.10.20-17.00.45:038][316]LogModuleManager: Shutting down and abandoning module GammaUI (480)
[2019.10.20-17.00.45:038][316]LogModuleManager: Shutting down and abandoning module Documentation (478)
[2019.10.20-17.00.45:038][316]LogModuleManager: Shutting down and abandoning module LiveCoding (476)
[2019.10.20-17.00.45:038][316]LogModuleManager: Shutting down and abandoning module LevelSequence (474)
[2019.10.20-17.00.45:038][316]LogModuleManager: Shutting down and abandoning module MovieSceneTracks (472)
[2019.10.20-17.00.45:038][316]LogModuleManager: Shutting down and abandoning module MovieScene (470)
[2019.10.20-17.00.45:038][316]LogModuleManager: Shutting down and abandoning module StreamingPauseRendering (468)
[2019.10.20-17.00.45:038][316]LogModuleManager: Shutting down and abandoning module LauncherPlatform (466)
[2019.10.20-17.00.45:038][316]LogModuleManager: Shutting down and abandoning module AnalyticsET (464)
[2019.10.20-17.00.45:038][316]LogModuleManager: Shutting down and abandoning module PortalServices (462)
[2019.10.20-17.00.45:038][316]LogModuleManager: Shutting down and abandoning module PortalRpc (460)
[2019.10.20-17.00.45:038][316]LogModuleManager: Shutting down and abandoning module MessagingRpc (458)
[2019.10.20-17.00.45:038][316]LogModuleManager: Shutting down and abandoning module AIModule (456)
[2019.10.20-17.00.45:038][316]LogModuleManager: Shutting down and abandoning module GameplayDebugger (455)
[2019.10.20-17.00.45:038][316]LogModuleManager: Shutting down and abandoning module AITestSuite (453)
[2019.10.20-17.00.45:038][316]LogModuleManager: Shutting down and abandoning module NavigationSystem (451)
[2019.10.20-17.00.45:038][316]LogModuleManager: Shutting down and abandoning module DesktopPlatform (448)
[2019.10.20-17.00.45:038][316]LogModuleManager: Shutting down and abandoning module ImageWriteQueue (446)
[2019.10.20-17.00.45:041][316]LogModuleManager: Shutting down and abandoning module ProfilerService (444)
[2019.10.20-17.00.45:238][316]LogModuleManager: Shutting down and abandoning module TaskGraph (442)
[2019.10.20-17.00.45:238][316]LogModuleManager: Shutting down and abandoning module ScreenshotTools (440)
[2019.10.20-17.00.45:238][316]LogModuleManager: Shutting down and abandoning module SteamVRController (438)
[2019.10.20-17.00.45:238][316]LogModuleManager: Shutting down and abandoning module ProceduralMeshComponentEditor (436)
[2019.10.20-17.00.45:238][316]LogModuleManager: Shutting down and abandoning module ProceduralMeshComponent (434)
[2019.10.20-17.00.45:238][316]LogModuleManager: Shutting down and abandoning module OculusEditor (432)
[2019.10.20-17.00.45:238][316]LogModuleManager: Shutting down and abandoning module OculusInput (430)
[2019.10.20-17.00.45:238][316]LogModuleManager: Shutting down and abandoning module MobilePatchingUtils (428)
[2019.10.20-17.00.45:238][316]LogModuleManager: Shutting down and abandoning module EditableMesh (426)
[2019.10.20-17.00.45:238][316]LogModuleManager: Shutting down and abandoning module CustomMeshComponent (424)
[2019.10.20-17.00.45:238][316]LogModuleManager: Shutting down and abandoning module CableComponent (422)
[2019.10.20-17.00.45:238][316]LogModuleManager: Shutting down and abandoning module AudioCapture (420)
[2019.10.20-17.00.45:238][316]LogModuleManager: Shutting down and abandoning module ArchVisCharacter (418)
[2019.10.20-17.00.45:238][316]LogModuleManager: Shutting down and abandoning module AppleImageUtilsBlueprintSupport (416)
[2019.10.20-17.00.45:238][316]LogModuleManager: Shutting down and abandoning module AppleImageUtils (414)
[2019.10.20-17.00.45:238][316]LogModuleManager: Shutting down and abandoning module AndroidPermission (412)
[2019.10.20-17.00.45:238][316]LogModuleManager: Shutting down and abandoning module VivoxVoiceChat (410)
[2019.10.20-17.00.45:238][316]LogModuleManager: Shutting down and abandoning module NUTUnrealEngine4 (408)
[2019.10.20-17.00.45:238][316]LogModuleManager: Shutting down and abandoning module NetcodeUnitTest (406)
[2019.10.20-17.00.45:238][316]LogModuleManager: Shutting down and abandoning module MediaCompositing (404)
[2019.10.20-17.00.45:238][316]LogModuleManager: Shutting down and abandoning module ImgMedia (402)
[2019.10.20-17.00.45:238][316]LogModuleManager: Shutting down and abandoning module MagicLeapHelperVulkan (400)
[2019.10.20-17.00.45:238][316]LogModuleManager: Shutting down and abandoning module MagicLeapHelperOpenGL (398)
[2019.10.20-17.00.45:239][316]LogModuleManager: Shutting down and abandoning module MagicLeapAudio (396)
[2019.10.20-17.00.45:239][316]LogModuleManager: Shutting down and abandoning module NiagaraEditorWidgets (394)
[2019.10.20-17.00.45:239][316]LogModuleManager: Shutting down and abandoning module HTML5Networking (392)
[2019.10.20-17.00.45:239][316]LogModuleManager: Shutting down and abandoning module GeometryCacheTracks (390)
[2019.10.20-17.00.45:239][316]LogModuleManager: Shutting down and abandoning module GeometryCacheSequencer (388)
[2019.10.20-17.00.45:239][316]LogModuleManager: Shutting down and abandoning module BackChannel (386)
[2019.10.20-17.00.45:239][316]LogModuleManager: Shutting down and abandoning module AutomationUtilsEditor (384)
[2019.10.20-17.00.45:239][316]LogModuleManager: Shutting down and abandoning module AutomationUtils (382)
[2019.10.20-17.00.45:239][316]LogModuleManager: Shutting down and abandoning module AlembicImporter (380)
[2019.10.20-17.00.45:239][316]LogModuleManager: Shutting down and abandoning module AlembicLibrary (379)
[2019.10.20-17.00.45:239][316]LogModuleManager: Shutting down and abandoning module GeometryCache (378)
[2019.10.20-17.00.45:239][316]LogModuleManager: Shutting down and abandoning module GeometryCacheEd (377)
[2019.10.20-17.00.45:239][316]LogModuleManager: Shutting down and abandoning module VariantManagerContent (372)
[2019.10.20-17.00.45:239][316]LogModuleManager: Shutting down and abandoning module DatasmithContentEditor (370)
[2019.10.20-17.00.45:239][316]LogModuleManager: Shutting down and abandoning module SpeedTreeImporter (368)
[2019.10.20-17.00.45:239][316]LogModuleManager: Shutting down and abandoning module PluginBrowser (366)
[2019.10.20-17.00.45:239][316]LogModuleManager: Shutting down and abandoning module MobileLauncherProfileWizard (364)
[2019.10.20-17.00.45:239][316]LogModuleManager: Shutting down and abandoning module MaterialAnalyzer (362)
[2019.10.20-17.00.45:239][316]LogModuleManager: Shutting down and abandoning module CurveEditorTools (360)
[2019.10.20-17.00.45:239][316]LogModuleManager: Shutting down and abandoning module CurveEditor (359)
[2019.10.20-17.00.45:239][316]LogModuleManager: Shutting down and abandoning module CryptoKeysOpenSSL (356)
[2019.10.20-17.00.45:239][316]LogModuleManager: Shutting down and abandoning module CryptoKeys (354)
[2019.10.20-17.00.45:239][316]LogModuleManager: Shutting down and abandoning module VisualStudioSourceCodeAccess (352)
[2019.10.20-17.00.45:239][316]LogModuleManager: Shutting down and abandoning module VisualStudioCodeSourceCodeAccess (350)
[2019.10.20-17.00.45:239][316]LogModuleManager: Shutting down and abandoning module UObjectPlugin (348)
[2019.10.20-17.00.45:239][316]LogModuleManager: Shutting down and abandoning module SubversionSourceControl (346)
[2019.10.20-17.00.45:239][316]LogModuleManager: Shutting down and abandoning module PerforceSourceControl (344)
[2019.10.20-17.00.45:239][316]LogModuleManager: Shutting down and abandoning module GitSourceControl (342)
[2019.10.20-17.00.45:239][316]LogModuleManager: Shutting down and abandoning module SourceControl (341)
[2019.10.20-17.00.45:239][316]LogModuleManager: Shutting down and abandoning module CLionSourceCodeAccess (338)
[2019.10.20-17.00.45:239][316]LogModuleManager: Shutting down and abandoning module AnimationSharingEd (336)
[2019.10.20-17.00.45:239][316]LogModuleManager: Shutting down and abandoning module ActorLayerUtilitiesEditor (334)
[2019.10.20-17.00.45:239][316]LogModuleManager: Shutting down and abandoning module ActorLayerUtilities (332)
[2019.10.20-17.00.45:239][316]LogModuleManager: Shutting down and abandoning module LightPropagationVolumeEditor (330)
[2019.10.20-17.00.45:239][316]LogModuleManager: Shutting down and abandoning module PaperTiledImporter (328)
[2019.10.20-17.00.45:239][316]LogModuleManager: Shutting down and abandoning module PaperSpriteSheetImporter (326)
[2019.10.20-17.00.45:239][316]LogModuleManager: Shutting down and abandoning module Paper2DEditor (324)
[2019.10.20-17.00.45:239][316]LogModuleManager: Shutting down and abandoning module SignificanceManager (322)
[2019.10.20-17.00.45:239][316]LogModuleManager: Shutting down and abandoning module RuntimePhysXCooking (320)
[2019.10.20-17.00.45:239][316]LogModuleManager: Shutting down and abandoning module PhysXVehiclesEditor (318)
[2019.10.20-17.00.45:240][316]LogModuleManager: Shutting down and abandoning module LocationServicesBPLibrary (314)
[2019.10.20-17.00.45:240][316]LogModuleManager: Shutting down and abandoning module ActorSequence (312)
[2019.10.20-17.00.45:240][316]LogModuleManager: Shutting down and abandoning module UdpMessaging (310)
[2019.10.20-17.00.45:341][316]LogModuleManager: Shutting down and abandoning module TcpMessaging (308)
[2019.10.20-17.00.45:441][316]LogModuleManager: Shutting down and abandoning module MagicLeapIdentity (306)
[2019.10.20-17.00.45:441][316]LogModuleManager: Shutting down and abandoning module MagicLeapSecureStorage (304)
[2019.10.20-17.00.45:441][316]LogModuleManager: Shutting down and abandoning module MagicLeapHandTracking (302)
[2019.10.20-17.00.45:441][316]LogModuleManager: Shutting down and abandoning module MagicLeapEyeTracker (300)
[2019.10.20-17.00.45:441][316]LogModuleManager: Shutting down and abandoning module MagicLeapController (298)
[2019.10.20-17.00.45:441][316]LogSlate: Slate User Destroyed.  User Index 0, Is Virtual User: 0
[2019.10.20-17.00.45:441][316]LogModuleManager: Shutting down and abandoning module MagicLeapAR (296)
[2019.10.20-17.00.45:441][316]LogModuleManager: Shutting down and abandoning module AugmentedReality (295)
[2019.10.20-17.00.45:441][316]LogModuleManager: Shutting down and abandoning module NiagaraEditor (292)
[2019.10.20-17.00.45:441][316]LogModuleManager: Shutting down and abandoning module NiagaraAnimNotifies (290)
[2019.10.20-17.00.45:441][316]LogModuleManager: Shutting down and abandoning module Niagara (288)
[2019.10.20-17.00.45:441][316]LogModuleManager: Shutting down and abandoning module NiagaraCore (286)
[2019.10.20-17.00.45:441][316]LogModuleManager: Shutting down and abandoning module GameplayTagsEditor (284)
[2019.10.20-17.00.45:441][316]LogModuleManager: Shutting down and abandoning module FacialAnimationEditor (282)
[2019.10.20-17.00.45:441][316]LogModuleManager: Shutting down and abandoning module FacialAnimation (280)
[2019.10.20-17.00.45:441][316]LogModuleManager: Shutting down and abandoning module DataValidation (278)
[2019.10.20-17.00.45:441][316]LogModuleManager: Shutting down and abandoning module AssetManagerEditor (276)
[2019.10.20-17.00.45:441][316]LogModuleManager: Shutting down and abandoning module LevelEditor (275)
[2019.10.20-17.00.45:442][316]LogModuleManager: Shutting down and abandoning module PixelInspectorModule (274)
[2019.10.20-17.00.45:443][316]LogModuleManager: Shutting down and abandoning module CommonMenuExtensions (272)
[2019.10.20-17.00.45:443][316]LogModuleManager: Shutting down and abandoning module MainFrame (270)
[2019.10.20-17.00.45:443][316]LogModuleManager: Shutting down and abandoning module HotReload (269)
[2019.10.20-17.00.45:443][316]LogModuleManager: Shutting down and abandoning module ContentBrowser (265)
[2019.10.20-17.00.45:445][316]LogModuleManager: Shutting down and abandoning module TreeMap (263)
[2019.10.20-17.00.45:445][316]LogModuleManager: Shutting down and abandoning module AnimationSharing (260)
[2019.10.20-17.00.45:445][316]LogModuleManager: Shutting down and abandoning module LightPropagationVolumeRuntime (258)
[2019.10.20-17.00.45:445][316]LogModuleManager: Shutting down and abandoning module Paper2D (256)
[2019.10.20-17.00.45:445][316]LogModuleManager: Shutting down and abandoning module WindowsMoviePlayer (254)
[2019.10.20-17.00.45:451][316]LogModuleManager: Shutting down and abandoning module WebMMoviePlayer (252)
[2019.10.20-17.00.45:451][316]LogModuleManager: Shutting down and abandoning module NetworkReplayStreaming (250)
[2019.10.20-17.00.45:451][316]LogModuleManager: Shutting down and abandoning module PacketHandler (248)
[2019.10.20-17.00.45:451][316]LogModuleManager: Shutting down and abandoning module ClothingSystemEditor (246)
[2019.10.20-17.00.45:451][316]LogModuleManager: Shutting down and abandoning module ClothingSystemRuntime (244)
[2019.10.20-17.00.45:451][316]LogModuleManager: Shutting down and abandoning module MediaAssets (242)
[2019.10.20-17.00.45:451][316]LogModuleManager: Shutting down and abandoning module Overlay (240)
[2019.10.20-17.00.45:451][316]LogModuleManager: Shutting down and abandoning module OverlayEditor (239)
[2019.10.20-17.00.45:451][316]LogModuleManager: Shutting down and abandoning module VREditor (236)
[2019.10.20-17.00.45:451][316]LogModuleManager: Shutting down and abandoning module StringTableEditor (234)
[2019.10.20-17.00.45:451][316]LogModuleManager: Shutting down and abandoning module GameplayTasksEditor (232)
[2019.10.20-17.00.45:451][316]LogModuleManager: Shutting down and abandoning module BehaviorTreeEditor (230)
[2019.10.20-17.00.45:451][316]LogModuleManager: Shutting down and abandoning module FunctionalTesting (228)
[2019.10.20-17.00.45:451][316]LogModuleManager: Shutting down and abandoning module CollisionAnalyzer (226)
[2019.10.20-17.00.45:451][316]LogModuleManager: Shutting down and abandoning module WorkspaceMenuStructure (225)
[2019.10.20-17.00.45:451][316]LogModuleManager: Shutting down and abandoning module UMG (222)
[2019.10.20-17.00.45:451][316]LogModuleManager: Shutting down and abandoning module UMGEditor (221)
[2019.10.20-17.00.45:451][316]LogModuleManager: Shutting down and abandoning module Sequencer (220)
[2019.10.20-17.00.45:451][316]LogModuleManager: Shutting down and abandoning module MessageLog (217)
[2019.10.20-17.00.45:451][316]LogModuleManager: Shutting down and abandoning module SlateReflector (212)
[2019.10.20-17.00.45:451][316]LogModuleManager: Shutting down and abandoning module Slate (210)
[2019.10.20-17.00.45:451][316]LogModuleManager: Shutting down and abandoning module LandscapeEditorUtilities (208)
[2019.10.20-17.00.45:451][316]LogModuleManager: Shutting down and abandoning module EditorStyle (206)
[2019.10.20-17.00.45:454][316]LogModuleManager: Shutting down and abandoning module UnrealEd (204)
[2019.10.20-17.00.45:454][316]LogModuleManager: Shutting down and abandoning module MRMesh (202)
[2019.10.20-17.00.45:454][316]LogModuleManager: Shutting down and abandoning module SourceCodeAccess (200)
[2019.10.20-17.00.45:454][316]LogModuleManager: Shutting down and abandoning module HeadMountedDisplay (198)
[2019.10.20-17.00.45:454][316]LogModuleManager: Shutting down and abandoning module XAudio2 (196)
[2019.10.20-17.00.45:454][316]LogModuleManager: Shutting down and abandoning module Networking (194)
[2019.10.20-17.00.45:454][316]LogModuleManager: Shutting down and abandoning module Core (192)
[2019.10.20-17.00.45:454][316]LogModuleManager: Shutting down and abandoning module KismetCompiler (190)
[2019.10.20-17.00.45:454][316]LogModuleManager: Shutting down and abandoning module MeshUtilities (188)
[2019.10.20-17.00.45:454][316]LogModuleManager: Shutting down and abandoning module MeshMergeUtilities (187)
[2019.10.20-17.00.45:454][316]LogModuleManager: Shutting down and abandoning module MeshReductionInterface (186)
[2019.10.20-17.00.45:454][316]LogModuleManager: Shutting down and abandoning module SkeletalMeshReduction (185)
[2019.10.20-17.00.45:454][316]LogModuleManager: Shutting down and abandoning module ProxyLODMeshReduction (183)
[2019.10.20-17.00.45:454][316]LogModuleManager: Shutting down and abandoning module QuadricMeshReduction (181)
[2019.10.20-17.00.45:454][316]LogModuleManager: Shutting down and abandoning module MaterialBaking (177)
[2019.10.20-17.00.45:454][316]LogModuleManager: Shutting down and abandoning module NullInstallBundleManager (172)
[2019.10.20-17.00.45:454][316]LogModuleManager: Shutting down and abandoning module DerivedDataCache (170)
[2019.10.20-17.00.45:542][316]LogDerivedDataCache: Shutdown
[2019.10.20-17.00.45:542][316]LogModuleManager: Shutting down and abandoning module XGEController (168)
[2019.10.20-17.00.45:542][316]LogXGEController: Cleaning working directory: C:/Users/divIT/AppData/Local/Temp/UnrealXGEWorkingDir/
[2019.10.20-17.00.45:542][316]LogModuleManager: Shutting down and abandoning module TargetPlatform (166)
[2019.10.20-17.00.45:542][316]LogModuleManager: Shutting down and abandoning module VulkanShaderFormat (165)
[2019.10.20-17.00.45:542][316]LogModuleManager: Shutting down and abandoning module ShaderFormatVectorVM (163)
[2019.10.20-17.00.45:542][316]LogModuleManager: Shutting down and abandoning module ShaderFormatOpenGL (161)
[2019.10.20-17.00.45:542][316]LogModuleManager: Shutting down and abandoning module ShaderFormatD3D (159)
[2019.10.20-17.00.45:542][316]LogModuleManager: Shutting down and abandoning module MetalShaderFormat (157)
[2019.10.20-17.00.45:542][316]LogModuleManager: Shutting down and abandoning module TextureFormatUncompressed (155)
[2019.10.20-17.00.45:542][316]LogModuleManager: Shutting down and abandoning module TextureFormatPVR (153)
[2019.10.20-17.00.45:542][316]LogModuleManager: Shutting down and abandoning module TextureFormatDXT (151)
[2019.10.20-17.00.45:542][316]LogModuleManager: Shutting down and abandoning module TextureFormatIntelISPCTexComp (149)
[2019.10.20-17.00.45:542][316]LogModuleManager: Shutting down and abandoning module TextureFormatASTC (147)
[2019.10.20-17.00.45:542][316]LogModuleManager: Shutting down and abandoning module ImageWrapper (146)
[2019.10.20-17.00.45:542][316]LogModuleManager: Shutting down and abandoning module TextureFormatAndroid (143)
[2019.10.20-17.00.45:542][316]LogModuleManager: Shutting down and abandoning module AudioFormatOpus (141)
[2019.10.20-17.00.45:542][316]LogModuleManager: Shutting down and abandoning module AudioFormatOgg (139)
[2019.10.20-17.00.45:542][316]LogModuleManager: Shutting down and abandoning module AudioFormatADPCM (137)
[2019.10.20-17.00.45:542][316]LogModuleManager: Shutting down and abandoning module LuminTargetPlatform (135)
[2019.10.20-17.00.45:543][316]LogModuleManager: Shutting down and abandoning module LinuxTargetPlatform (133)
[2019.10.20-17.00.45:543][316]LogModuleManager: Shutting down and abandoning module LinuxServerTargetPlatform (131)
[2019.10.20-17.00.45:543][316]LogModuleManager: Shutting down and abandoning module LinuxNoEditorTargetPlatform (129)
[2019.10.20-17.00.45:543][316]LogModuleManager: Shutting down and abandoning module LinuxClientTargetPlatform (127)
[2019.10.20-17.00.45:543][316]LogModuleManager: Shutting down and abandoning module TVOSTargetPlatform (125)
[2019.10.20-17.00.45:544][316]LogModuleManager: Shutting down and abandoning module Messaging (123)
[2019.10.20-17.00.45:544][316]LogModuleManager: Shutting down and abandoning module IOSTargetPlatform (121)
[2019.10.20-17.00.45:545][316]LogModuleManager: Shutting down and abandoning module HTML5TargetPlatform (119)
[2019.10.20-17.00.45:545][316]LogModuleManager: Shutting down and abandoning module AndroidTargetPlatform (117)
[2019.10.20-17.00.45:553][316]LogModuleManager: Shutting down and abandoning module WindowsTargetPlatform (115)
[2019.10.20-17.00.45:553][316]LogModuleManager: Shutting down and abandoning module WindowsServerTargetPlatform (113)
[2019.10.20-17.00.45:553][316]LogModuleManager: Shutting down and abandoning module WindowsNoEditorTargetPlatform (111)
[2019.10.20-17.00.45:553][316]LogModuleManager: Shutting down and abandoning module WindowsClientTargetPlatform (109)
[2019.10.20-17.00.45:553][316]LogModuleManager: Shutting down and abandoning module MacTargetPlatform (107)
[2019.10.20-17.00.45:553][316]LogModuleManager: Shutting down and abandoning module MacServerTargetPlatform (105)
[2019.10.20-17.00.45:553][316]LogModuleManager: Shutting down and abandoning module MacNoEditorTargetPlatform (103)
[2019.10.20-17.00.45:553][316]LogModuleManager: Shutting down and abandoning module MacClientTargetPlatform (101)
[2019.10.20-17.00.45:553][316]LogModuleManager: Shutting down and abandoning module AllDesktopTargetPlatform (99)
[2019.10.20-17.00.45:553][316]LogModuleManager: Shutting down and abandoning module InputCore (96)
[2019.10.20-17.00.45:553][316]LogModuleManager: Shutting down and abandoning module Settings (94)
[2019.10.20-17.00.45:553][316]LogModuleManager: Shutting down and abandoning module DirectoryWatcher (92)
[2019.10.20-17.00.45:553][316]LogModuleManager: Shutting down and abandoning module PhysXCooking (90)
[2019.10.20-17.00.45:554][316]LogModuleManager: Shutting down and abandoning module WindowsPlatformFeatures (88)
[2019.10.20-17.00.45:554][316]LogModuleManager: Shutting down and abandoning module GameplayMediaEncoder (87)
[2019.10.20-17.00.45:555][316]LogModuleManager: Shutting down and abandoning module SteamVR (84)
[2019.10.20-17.00.45:555][316]LogHMD: Freeing OpenVRDLLHandle.
[2019.10.20-17.00.45:555][316]LogModuleManager: Shutting down and abandoning module OculusHMD (82)
[2019.10.20-17.00.45:555][316]LogModuleManager: Shutting down and abandoning module ExampleDeviceProfileSelector (80)
[2019.10.20-17.00.45:555][316]LogModuleManager: Shutting down and abandoning module LauncherChunkInstaller (78)
[2019.10.20-17.00.45:555][316]LogModuleManager: Shutting down and abandoning module OnlineBlueprintSupport (76)
[2019.10.20-17.00.45:555][316]LogModuleManager: Shutting down and abandoning module OnlineSubsystem (72)
[2019.10.20-17.00.45:557][316]LogModuleManager: Shutting down and abandoning module XMPP (65)
[2019.10.20-17.00.45:557][316]LogModuleManager: Shutting down and abandoning module WebSockets (64)
[2019.10.20-17.00.45:581][316]LogModuleManager: Shutting down and abandoning module HTTP (61)
[2019.10.20-17.00.45:581][316]LogHttp: Display: Http module shutting down, but needs to wait on 1 outstanding Http requests:
[2019.10.20-17.00.45:582][316]LogHttp: Display: 	verb=[POST] url=[https://datarouter.ol.epicgames.com/datarouter/api/v1/public/data?SessionID=%7BD5E7986E-4A95-6595-048B-1D916D008FED%7D&AppID=UEEditor.Rocket.Release&AppVersion=4.23.0-8386587%2B%2B%2BUE4%2BRelease-4.23&UserID=0d6bc60c49bf6cfd094c9eb7cf68ada9%7Cc875a2d274b3412284145f5285eb8c7c%7C1ab4ab04-ef8b-4ae7-8d96-f5f5f431c9ac&AppEnvironment=datacollector-binary&UploadType=eteventstream] status=Processing
[2019.10.20-17.00.45:615][316]LogModuleManager: Shutting down and abandoning module SSL (60)
[2019.10.20-17.00.45:616][316]LogModuleManager: Shutting down and abandoning module WmfMedia (56)
[2019.10.20-17.00.45:622][316]LogModuleManager: Shutting down and abandoning module Media (55)
[2019.10.20-17.00.45:624][316]LogModuleManager: Shutting down and abandoning module MagicLeap (52)
[2019.10.20-17.00.45:624][316]LogModuleManager: Shutting down and abandoning module NiagaraVertexFactories (50)
[2019.10.20-17.00.45:624][316]LogModuleManager: Shutting down and abandoning module NiagaraShader (48)
[2019.10.20-17.00.45:624][316]LogModuleManager: Shutting down and abandoning module DatasmithContent (46)
[2019.10.20-17.00.45:624][316]LogModuleManager: Shutting down and abandoning module AISupportModule (44)
[2019.10.20-17.00.45:624][316]LogModuleManager: Shutting down and abandoning module PlatformCryptoOpenSSL (42)
[2019.10.20-17.00.45:624][316]LogModuleManager: Shutting down and abandoning module PlatformCrypto (40)
[2019.10.20-17.00.45:624][316]LogModuleManager: Shutting down and abandoning module AnimationModifiers (38)
[2019.10.20-17.00.45:625][316]LogModuleManager: Shutting down and abandoning module PropertyEditor (37)
[2019.10.20-17.00.45:625][316]LogModuleManager: Shutting down and abandoning module AudioEditor (34)
[2019.10.20-17.00.45:625][316]LogModuleManager: Shutting down and abandoning module TextureCompressor (32)
[2019.10.20-17.00.45:625][316]LogModuleManager: Shutting down and abandoning module RenderCore (30)
[2019.10.20-17.00.45:625][316]LogModuleManager: Shutting down and abandoning module Landscape (28)
[2019.10.20-17.00.45:625][316]LogModuleManager: Shutting down and abandoning module SlateRHIRenderer (26)
[2019.10.20-17.00.45:627][316]LogModuleManager: Shutting down and abandoning module OpenGLDrv (24)
[2019.10.20-17.00.45:627][316]LogModuleManager: Shutting down and abandoning module D3D11RHI (22)
[2019.10.20-17.00.45:627][316]LogModuleManager: Shutting down and abandoning module AnimGraphRuntime (20)
[2019.10.20-17.00.45:627][316]LogModuleManager: Shutting down and abandoning module Renderer (18)
[2019.10.20-17.00.45:627][316]LogModuleManager: Shutting down and abandoning module Engine (16)
[2019.10.20-17.00.45:627][316]LogModuleManager: Shutting down and abandoning module CoreUObject (14)
[2019.10.20-17.00.45:627][316]LogModuleManager: Shutting down and abandoning module NetworkFile (12)
[2019.10.20-17.00.45:627][316]LogModuleManager: Shutting down and abandoning module CookedIterativeFile (10)
[2019.10.20-17.00.45:627][316]LogModuleManager: Shutting down and abandoning module StreamingFile (8)
[2019.10.20-17.00.45:627][316]LogModuleManager: Shutting down and abandoning module SandboxFile (6)
[2019.10.20-17.00.45:627][316]LogModuleManager: Shutting down and abandoning module PakFile (4)
[2019.10.20-17.00.45:627][316]LogModuleManager: Shutting down and abandoning module RSA (3)
[2019.10.20-17.00.45:629][316]LogD3D11RHI: Shutdown
[2019.10.20-17.00.45:629][316]LogD3D11RHI: CleanupD3DDevice
[2019.10.20-17.00.45:629][316]LogRendererCore: FGlobalDynamicReadBuffer::Cleanup()
[2019.10.20-17.00.45:629][316]LogRendererCore: FGlobalDynamicReadBuffer::Cleanup()
[2019.10.20-17.00.45:629][316]LogRendererCore: FGlobalDynamicReadBuffer::Cleanup()
[2019.10.20-17.00.45:634][316]LogD3D11RHI: ~FD3D11DynamicRHI
[2019.10.20-17.00.45:642][316]LogExit: Exiting.
[2019.10.20-17.00.45:670][316]Log file closed, 10/20/19 19:00:45
