Log file open, 10/21/19 10:46:32
LogWindows: Failed to load 'aqProf.dll' (GetLastError=126)
LogWindows: File 'aqProf.dll' does not exist
LogWindows: Failed to load 'VtuneApi.dll' (GetLastError=126)
LogWindows: File 'VtuneApi.dll' does not exist
LogWindows: Failed to load 'VtuneApi32e.dll' (GetLastError=126)
LogWindows: File 'VtuneApi32e.dll' does not exist
LogConsoleResponse: Display: Failed to find resolution value strings in scalability ini. Falling back to default.
LogInit: Display: Running engine for game: ScreamJam2019
LogPlatformFile: Not using cached read wrapper
LogTaskGraph: Started task graph with 5 named threads and 14 total threads with 3 sets of task threads.
LogStats: Stats thread started at 0.082459
LogD3D11RHI: Loaded GFSDK_Aftermath_Lib.x64.dll
LogICUInternationalization: ICU TimeZone Detection - Raw Offset: +0:00, Platform Override: ''
LogPluginManager: Mounting plugin Paper2D
LogPluginManager: Mounting plugin AISupport
LogPluginManager: Mounting plugin LightPropagationVolume
LogPluginManager: Mounting plugin ActorLayerUtilities
LogPluginManager: Mounting plugin AnimationSharing
LogPluginManager: Mounting plugin CLionSourceCodeAccess
LogPluginManager: Mounting plugin CodeLiteSourceCodeAccess
LogPluginManager: Mounting plugin GitSourceControl
LogPluginManager: Mounting plugin KDevelopSourceCodeAccess
LogPluginManager: Mounting plugin NullSourceCodeAccess
LogPluginManager: Mounting plugin PerforceSourceControl
LogPluginManager: Mounting plugin SubversionSourceControl
LogPluginManager: Mounting plugin UObjectPlugin
LogPluginManager: Mounting plugin VisualStudioCodeSourceCodeAccess
LogPluginManager: Mounting plugin VisualStudioSourceCodeAccess
LogPluginManager: Mounting plugin XCodeSourceCodeAccess
LogPluginManager: Mounting plugin AssetManagerEditor
LogPluginManager: Mounting plugin CryptoKeys
LogPluginManager: Mounting plugin CurveEditorTools
LogPluginManager: Mounting plugin DataValidation
LogPluginManager: Mounting plugin FacialAnimation
LogPluginManager: Mounting plugin GameplayTagsEditor
LogPluginManager: Mounting plugin MacGraphicsSwitching
LogPluginManager: Mounting plugin MaterialAnalyzer
LogPluginManager: Mounting plugin MobileLauncherProfileWizard
LogPluginManager: Mounting plugin PluginBrowser
LogPluginManager: Mounting plugin SpeedTreeImporter
LogPluginManager: Mounting plugin DatasmithContent
LogPluginManager: Mounting plugin VariantManagerContent
LogPluginManager: Mounting plugin AlembicImporter
LogPluginManager: Mounting plugin AutomationUtils
LogPluginManager: Mounting plugin BackChannel
LogPluginManager: Mounting plugin CharacterAI
LogPluginManager: Mounting plugin GeometryCache
LogPluginManager: Mounting plugin HTML5Networking
LogPluginManager: Mounting plugin PlatformCrypto
LogPluginManager: Mounting plugin ProxyLODPlugin
LogPluginManager: Mounting plugin SkeletalReduction
LogPluginManager: Mounting plugin Niagara
LogPluginManager: Mounting plugin MagicLeap
LogPluginManager: Mounting plugin MagicLeapMedia
LogPluginManager: Mounting plugin AndroidMedia
LogPluginManager: Mounting plugin AvfMedia
LogPluginManager: Mounting plugin ImgMedia
LogPluginManager: Mounting plugin MediaCompositing
LogPluginManager: Mounting plugin MediaPlayerEditor
LogPluginManager: Mounting plugin WebMMedia
LogPluginManager: Mounting plugin WmfMedia
LogPluginManager: Mounting plugin TcpMessaging
LogPluginManager: Mounting plugin UdpMessaging
LogPluginManager: Mounting plugin ActorSequence
LogPluginManager: Mounting plugin LevelSequenceEditor
LogPluginManager: Mounting plugin MatineeToLevelSequence
LogPluginManager: Mounting plugin NetcodeUnitTest
LogPluginManager: Mounting plugin NUTUnrealEngine4
LogPluginManager: Mounting plugin OnlineSubsystemGooglePlay
LogPluginManager: Mounting plugin OnlineSubsystemIOS
LogPluginManager: Mounting plugin OnlineSubsystem
LogPluginManager: Mounting plugin OnlineSubsystemNull
LogPluginManager: Mounting plugin OnlineSubsystemSteam
LogPluginManager: Mounting plugin OnlineSubsystemUtils
LogPluginManager: Mounting plugin VivoxVoiceChat
LogPluginManager: Mounting plugin LauncherChunkInstaller
LogPluginManager: Mounting plugin AndroidDeviceProfileSelector
LogPluginManager: Mounting plugin AndroidMoviePlayer
LogPluginManager: Mounting plugin AndroidPermission
LogPluginManager: Mounting plugin AppleImageUtils
LogPluginManager: Mounting plugin AppleMoviePlayer
LogPluginManager: Mounting plugin ArchVisCharacter
LogPluginManager: Mounting plugin AudioCapture
LogPluginManager: Mounting plugin CableComponent
LogPluginManager: Mounting plugin CustomMeshComponent
LogPluginManager: Mounting plugin EditableMesh
LogPluginManager: Mounting plugin ExampleDeviceProfileSelector
LogPluginManager: Mounting plugin GoogleCloudMessaging
LogPluginManager: Mounting plugin IOSDeviceProfileSelector
LogPluginManager: Mounting plugin LinuxDeviceProfileSelector
LogPluginManager: Mounting plugin LocationServicesBPLibrary
LogPluginManager: Mounting plugin MobilePatchingUtils
LogPluginManager: Mounting plugin OculusVR
LogPluginManager: Mounting plugin PhysXVehicles
LogPluginManager: Mounting plugin ProceduralMeshComponent
LogPluginManager: Mounting plugin RuntimePhysXCooking
LogPluginManager: Mounting plugin SignificanceManager
LogPluginManager: Mounting plugin SteamVR
LogPluginManager: Mounting plugin WebMMoviePlayer
LogPluginManager: Mounting plugin WindowsMoviePlayer
LogPluginManager: Mounting plugin ScreenshotTools
LogInit: Using libcurl 7.55.1-DEV
LogInit:  - built for x86_64-pc-win32
LogInit:  - supports SSL with OpenSSL/1.1.1
LogInit:  - supports HTTP deflate (compression) using libz 1.2.8
LogInit:  - other features:
LogInit:      CURL_VERSION_SSL
LogInit:      CURL_VERSION_LIBZ
LogInit:      CURL_VERSION_IPV6
LogInit:      CURL_VERSION_ASYNCHDNS
LogInit:      CURL_VERSION_LARGEFILE
LogInit:      CURL_VERSION_IDN
LogInit:  CurlRequestOptions (configurable via config and command line):
LogInit:  - bVerifyPeer = true  - Libcurl will verify peer certificate
LogInit:  - bUseHttpProxy = false  - Libcurl will NOT use HTTP proxy
LogInit:  - bDontReuseConnections = false  - Libcurl will reuse connections
LogInit:  - MaxHostConnections = 16  - Libcurl will limit the number of connections to a host
LogInit:  - LocalHostAddr = Default
LogInit:  - BufferSize = 65536
LogOnline: Display: STEAM: Loading Steam SDK 1.42
LogOnline: OSS: Creating online subsystem instance for: Steam
LogOnline: Display: STEAM: OnlineSubsystemSteam::Shutdown()
LogOnline: OSS: Unable to create OnlineSubsystem module Steam
LogOnline: OSS: Creating online subsystem instance for: NULL
LogInit: WinSock: version 1.1 (2.2), MaxSocks=32767, MaxUdp=65467
LogInit: Build: ++UE4+Release-4.23-CL-8386587
LogInit: Engine Version: 4.23.0-8386587+++UE4+Release-4.23
LogInit: Compatible Engine Version: 4.23.0-8386587+++UE4+Release-4.23
LogInit: Net CL: 8386587
LogInit: OS: Windows 10 (Release 1903) (), CPU: Intel(R) Core(TM) i5-6500 CPU @ 3.20GHz, GPU: NVIDIA GeForce GTX 1060 6GB
LogInit: Compiled (64-bit): Aug 31 2019 02:04:44
LogInit: Compiled with Visual C++: 19.16.27030.01
LogInit: Build Configuration: Development
LogInit: Branch Name: ++UE4+Release-4.23
LogInit: Command Line: 
LogInit: Base Directory: C:/Program Files/Epic Games/UE_4.23/Engine/Binaries/Win64/
LogInit: Installed Engine Build: 1
LogDevObjectVersion: Number of dev versions registered: 23
LogDevObjectVersion:   Dev-Blueprints (B0D832E4-1F89-4F0D-ACCF-7EB736FD4AA2): 10
LogDevObjectVersion:   Dev-Build (E1C64328-A22C-4D53-A36C-8E866417BD8C): 0
LogDevObjectVersion:   Dev-Core (375EC13C-06E4-48FB-B500-84F0262A717E): 3
LogDevObjectVersion:   Dev-Editor (E4B068ED-F494-42E9-A231-DA0B2E46BB41): 34
LogDevObjectVersion:   Dev-Framework (CFFC743F-43B0-4480-9391-14DF171D2073): 35
LogDevObjectVersion:   Dev-Mobile (B02B49B5-BB20-44E9-A304-32B752E40360): 2
LogDevObjectVersion:   Dev-Networking (A4E4105C-59A1-49B5-A7C5-40C4547EDFEE): 0
LogDevObjectVersion:   Dev-Online (39C831C9-5AE6-47DC-9A44-9C173E1C8E7C): 0
LogDevObjectVersion:   Dev-Physics (78F01B33-EBEA-4F98-B9B4-84EACCB95AA2): 0
LogDevObjectVersion:   Dev-Platform (6631380F-2D4D-43E0-8009-CF276956A95A): 0
LogDevObjectVersion:   Dev-Rendering (12F88B9F-8875-4AFC-A67C-D90C383ABD29): 31
LogDevObjectVersion:   Dev-Sequencer (7B5AE74C-D270-4C10-A958-57980B212A5A): 11
LogDevObjectVersion:   Dev-VR (D7296918-1DD6-4BDD-9DE2-64A83CC13884): 2
LogDevObjectVersion:   Dev-LoadTimes (C2A15278-BFE7-4AFE-6C17-90FF531DF755): 1
LogDevObjectVersion:   Private-Geometry (6EACA3D4-40EC-4CC1-B786-8BED09428FC5): 3
LogDevObjectVersion:   Dev-AnimPhys (29E575DD-E0A3-4627-9D10-D276232CDCEA): 17
LogDevObjectVersion:   Dev-Anim (AF43A65D-7FD3-4947-9873-3E8ED9C1BB05): 2
LogDevObjectVersion:   Dev-ReflectionCapture (6B266CEC-1EC7-4B8F-A30B-E4D90942FC07): 1
LogDevObjectVersion:   Dev-Automation (0DF73D61-A23F-47EA-B727-89E90C41499A): 1
LogDevObjectVersion:   FortniteMain (601D1886-AC64-4F84-AA16-D3DE0DEAC7D6): 27
LogDevObjectVersion:   Dev-Enterprise (9DFFBCD6-494F-0158-E221-12823C92A888): 6
LogDevObjectVersion:   Dev-Niagara (F2AED0AC-9AFE-416F-8664-AA7FFA26D6FC): 1
LogDevObjectVersion:   Dev-Destruction (174F1F0B-B4C6-45A5-B13F-2EE8D0FB917D): 9
LogInit: Presizing for max 16777216 objects, including 0 objects not considered by GC, pre-allocating 0 bytes for permanent pool.
LogInit: Object subsystem initialized
LogConfig: Setting CVar [[con.DebugEarlyDefault:1]]
LogConfig: Setting CVar [[r.setres:1280x720]]
[2019.10.21-09.46.33:941][  0]LogConfig: Setting CVar [[r.VSync:0]]
[2019.10.21-09.46.33:941][  0]LogConfig: Setting CVar [[r.RHICmdBypass:0]]
[2019.10.21-09.46.33:941][  0]LogConfig: Applying CVar settings from Section [/Script/Engine.RendererSettings] File [C:/Users/Connor Minns/Documents/GitHub/ScreamJam/ScreamJam2019/Saved/Config/Windows/Engine.ini]
[2019.10.21-09.46.33:942][  0]LogConfig: Setting CVar [[r.GPUCrashDebugging:0]]
[2019.10.21-09.46.33:942][  0]LogConfig: Setting CVar [[r.DefaultFeature.AntiAliasing:1]]
[2019.10.21-09.46.33:942][  0]LogConfig: Setting CVar [[r.CustomDepth:3]]
[2019.10.21-09.46.33:942][  0]LogConfig: Applying CVar settings from Section [/Script/Engine.RendererOverrideSettings] File [C:/Users/Connor Minns/Documents/GitHub/ScreamJam/ScreamJam2019/Saved/Config/Windows/Engine.ini]
[2019.10.21-09.46.33:942][  0]LogConfig: Applying CVar settings from Section [/Script/Engine.StreamingSettings] File [C:/Users/Connor Minns/Documents/GitHub/ScreamJam/ScreamJam2019/Saved/Config/Windows/Engine.ini]
[2019.10.21-09.46.33:942][  0]LogConfig: Setting CVar [[s.MinBulkDataSizeForAsyncLoading:131072]]
[2019.10.21-09.46.33:942][  0]LogConfig: Setting CVar [[s.AsyncLoadingThreadEnabled:0]]
[2019.10.21-09.46.33:942][  0]LogConfig: Setting CVar [[s.EventDrivenLoaderEnabled:1]]
[2019.10.21-09.46.33:942][  0]LogConfig: Setting CVar [[s.WarnIfTimeLimitExceeded:0]]
[2019.10.21-09.46.33:942][  0]LogConfig: Setting CVar [[s.TimeLimitExceededMultiplier:1.5]]
[2019.10.21-09.46.33:942][  0]LogConfig: Setting CVar [[s.TimeLimitExceededMinTime:0.005]]
[2019.10.21-09.46.33:942][  0]LogConfig: Setting CVar [[s.UseBackgroundLevelStreaming:1]]
[2019.10.21-09.46.33:942][  0]LogConfig: Setting CVar [[s.PriorityAsyncLoadingExtraTime:15.0]]
[2019.10.21-09.46.33:942][  0]LogConfig: Setting CVar [[s.LevelStreamingActorsUpdateTimeLimit:5.0]]
[2019.10.21-09.46.33:942][  0]LogConfig: Setting CVar [[s.PriorityLevelStreamingActorsUpdateExtraTime:5.0]]
[2019.10.21-09.46.33:942][  0]LogConfig: Setting CVar [[s.LevelStreamingComponentsRegistrationGranularity:10]]
[2019.10.21-09.46.33:942][  0]LogConfig: Setting CVar [[s.UnregisterComponentsTimeLimit:1.0]]
[2019.10.21-09.46.33:942][  0]LogConfig: Setting CVar [[s.LevelStreamingComponentsUnregistrationGranularity:5]]
[2019.10.21-09.46.33:942][  0]LogConfig: Applying CVar settings from Section [/Script/Engine.GarbageCollectionSettings] File [C:/Users/Connor Minns/Documents/GitHub/ScreamJam/ScreamJam2019/Saved/Config/Windows/Engine.ini]
[2019.10.21-09.46.33:942][  0]LogConfig: Setting CVar [[gc.MaxObjectsNotConsideredByGC:1]]
[2019.10.21-09.46.33:942][  0]LogConfig: Setting CVar [[gc.SizeOfPermanentObjectPool:0]]
[2019.10.21-09.46.33:942][  0]LogConfig: Setting CVar [[gc.FlushStreamingOnGC:0]]
[2019.10.21-09.46.33:942][  0]LogConfig: Setting CVar [[gc.NumRetriesBeforeForcingGC:10]]
[2019.10.21-09.46.33:942][  0]LogConfig: Setting CVar [[gc.AllowParallelGC:1]]
[2019.10.21-09.46.33:942][  0]LogConfig: Setting CVar [[gc.TimeBetweenPurgingPendingKillObjects:61.1]]
[2019.10.21-09.46.33:942][  0]LogConfig: Setting CVar [[gc.MaxObjectsInEditor:16777216]]
[2019.10.21-09.46.33:942][  0]LogConfig: Setting CVar [[gc.IncrementalBeginDestroyEnabled:1]]
[2019.10.21-09.46.33:942][  0]LogConfig: Setting CVar [[gc.CreateGCClusters:1]]
[2019.10.21-09.46.33:942][  0]LogConfig: Setting CVar [[gc.MinGCClusterSize:5]]
[2019.10.21-09.46.33:942][  0]LogConfig: Setting CVar [[gc.ActorClusteringEnabled:0]]
[2019.10.21-09.46.33:942][  0]LogConfig: Setting CVar [[gc.BlueprintClusteringEnabled:0]]
[2019.10.21-09.46.33:942][  0]LogConfig: Setting CVar [[gc.UseDisregardForGCOnDedicatedServers:0]]
[2019.10.21-09.46.33:942][  0]LogConfig: Applying CVar settings from Section [/Script/Engine.NetworkSettings] File [C:/Users/Connor Minns/Documents/GitHub/ScreamJam/ScreamJam2019/Saved/Config/Windows/Engine.ini]
[2019.10.21-09.46.33:942][  0]LogConfig: Applying CVar settings from Section [/Script/UnrealEd.CookerSettings] File [C:/Users/Connor Minns/Documents/GitHub/ScreamJam/ScreamJam2019/Saved/Config/Windows/Engine.ini]
[2019.10.21-09.46.33:950][  0]LogConfig: Applying CVar settings from Section [ViewDistanceQuality@3] File [C:/Users/Connor Minns/Documents/GitHub/ScreamJam/ScreamJam2019/Saved/Config/Windows/Scalability.ini]
[2019.10.21-09.46.33:950][  0]LogConfig: Setting CVar [[r.SkeletalMeshLODBias:0]]
[2019.10.21-09.46.33:950][  0]LogConfig: Setting CVar [[r.ViewDistanceScale:1.0]]
[2019.10.21-09.46.33:950][  0]LogConfig: Applying CVar settings from Section [AntiAliasingQuality@3] File [C:/Users/Connor Minns/Documents/GitHub/ScreamJam/ScreamJam2019/Saved/Config/Windows/Scalability.ini]
[2019.10.21-09.46.33:950][  0]LogConfig: Setting CVar [[r.PostProcessAAQuality:4]]
[2019.10.21-09.46.33:950][  0]LogConfig: Applying CVar settings from Section [ShadowQuality@3] File [C:/Users/Connor Minns/Documents/GitHub/ScreamJam/ScreamJam2019/Saved/Config/Windows/Scalability.ini]
[2019.10.21-09.46.33:950][  0]LogConfig: Setting CVar [[r.LightFunctionQuality:1]]
[2019.10.21-09.46.33:950][  0]LogConfig: Setting CVar [[r.ShadowQuality:5]]
[2019.10.21-09.46.33:950][  0]LogConfig: Setting CVar [[r.Shadow.CSM.MaxCascades:10]]
[2019.10.21-09.46.33:950][  0]LogConfig: Setting CVar [[r.Shadow.MaxResolution:2048]]
[2019.10.21-09.46.33:950][  0]LogConfig: Setting CVar [[r.Shadow.MaxCSMResolution:2048]]
[2019.10.21-09.46.33:950][  0]LogConfig: Setting CVar [[r.Shadow.RadiusThreshold:0.01]]
[2019.10.21-09.46.33:950][  0]LogConfig: Setting CVar [[r.Shadow.DistanceScale:1.0]]
[2019.10.21-09.46.33:950][  0]LogConfig: Setting CVar [[r.Shadow.CSM.TransitionScale:1.0]]
[2019.10.21-09.46.33:950][  0]LogConfig: Setting CVar [[r.Shadow.PreShadowResolutionFactor:1.0]]
[2019.10.21-09.46.33:950][  0]LogConfig: Setting CVar [[r.DistanceFieldShadowing:1]]
[2019.10.21-09.46.33:950][  0]LogConfig: Setting CVar [[r.DistanceFieldAO:1]]
[2019.10.21-09.46.33:950][  0]LogConfig: Setting CVar [[r.AOQuality:2]]
[2019.10.21-09.46.33:950][  0]LogConfig: Setting CVar [[r.VolumetricFog:1]]
[2019.10.21-09.46.33:950][  0]LogConfig: Setting CVar [[r.VolumetricFog.GridPixelSize:8]]
[2019.10.21-09.46.33:950][  0]LogConfig: Setting CVar [[r.VolumetricFog.GridSizeZ:128]]
[2019.10.21-09.46.33:950][  0]LogConfig: Setting CVar [[r.VolumetricFog.HistoryMissSupersampleCount:4]]
[2019.10.21-09.46.33:950][  0]LogConfig: Setting CVar [[r.LightMaxDrawDistanceScale:1]]
[2019.10.21-09.46.33:950][  0]LogConfig: Setting CVar [[r.CapsuleShadows:1]]
[2019.10.21-09.46.33:950][  0]LogConfig: Applying CVar settings from Section [PostProcessQuality@3] File [C:/Users/Connor Minns/Documents/GitHub/ScreamJam/ScreamJam2019/Saved/Config/Windows/Scalability.ini]
[2019.10.21-09.46.33:950][  0]LogConfig: Setting CVar [[r.MotionBlurQuality:4]]
[2019.10.21-09.46.33:950][  0]LogConfig: Setting CVar [[r.AmbientOcclusionMipLevelFactor:0.4]]
[2019.10.21-09.46.33:950][  0]LogConfig: Setting CVar [[r.AmbientOcclusionMaxQuality:100]]
[2019.10.21-09.46.33:950][  0]LogConfig: Setting CVar [[r.AmbientOcclusionLevels:-1]]
[2019.10.21-09.46.33:950][  0]LogConfig: Setting CVar [[r.AmbientOcclusionRadiusScale:1.0]]
[2019.10.21-09.46.33:950][  0]LogConfig: Setting CVar [[r.DepthOfFieldQuality:2]]
[2019.10.21-09.46.33:950][  0]LogConfig: Setting CVar [[r.RenderTargetPoolMin:400]]
[2019.10.21-09.46.33:950][  0]LogConfig: Setting CVar [[r.LensFlareQuality:2]]
[2019.10.21-09.46.33:950][  0]LogConfig: Setting CVar [[r.SceneColorFringeQuality:1]]
[2019.10.21-09.46.33:950][  0]LogConfig: Setting CVar [[r.EyeAdaptationQuality:2]]
[2019.10.21-09.46.33:950][  0]LogConfig: Setting CVar [[r.BloomQuality:5]]
[2019.10.21-09.46.33:950][  0]LogConfig: Setting CVar [[r.FastBlurThreshold:100]]
[2019.10.21-09.46.33:950][  0]LogConfig: Setting CVar [[r.Upscale.Quality:3]]
[2019.10.21-09.46.33:950][  0]LogConfig: Setting CVar [[r.Tonemapper.GrainQuantization:1]]
[2019.10.21-09.46.33:950][  0]LogConfig: Setting CVar [[r.LightShaftQuality:1]]
[2019.10.21-09.46.33:950][  0]LogConfig: Setting CVar [[r.Filter.SizeScale:1]]
[2019.10.21-09.46.33:950][  0]LogConfig: Setting CVar [[r.Tonemapper.Quality:5]]
[2019.10.21-09.46.33:950][  0]LogConfig: Setting CVar [[r.DOF.Gather.AccumulatorQuality:1        ; higher gathering accumulator quality]]
[2019.10.21-09.46.33:950][  0]LogConfig: Setting CVar [[r.DOF.Gather.PostfilterMethod:1          ; Median3x3 postfilering method]]
[2019.10.21-09.46.33:950][  0]LogConfig: Setting CVar [[r.DOF.Gather.EnableBokehSettings:0       ; no bokeh simulation when gathering]]
[2019.10.21-09.46.33:950][  0]LogConfig: Setting CVar [[r.DOF.Gather.RingCount:4                 ; medium number of samples when gathering]]
[2019.10.21-09.46.33:951][  0]LogConfig: Setting CVar [[r.DOF.Scatter.ForegroundCompositing:1    ; additive foreground scattering]]
[2019.10.21-09.46.33:951][  0]LogConfig: Setting CVar [[r.DOF.Scatter.BackgroundCompositing:2    ; additive background scattering]]
[2019.10.21-09.46.33:951][  0]LogConfig: Setting CVar [[r.DOF.Scatter.EnableBokehSettings:1      ; bokeh simulation when scattering]]
[2019.10.21-09.46.33:951][  0]LogConfig: Setting CVar [[r.DOF.Scatter.MaxSpriteRatio:0.1         ; only a maximum of 10% of scattered bokeh]]
[2019.10.21-09.46.33:951][  0]LogConfig: Setting CVar [[r.DOF.Recombine.Quality:1                ; cheap slight out of focus]]
[2019.10.21-09.46.33:951][  0]LogConfig: Setting CVar [[r.DOF.Recombine.EnableBokehSettings:0    ; no bokeh simulation on slight out of focus]]
[2019.10.21-09.46.33:951][  0]LogConfig: Setting CVar [[r.DOF.TemporalAAQuality:1                ; more stable temporal accumulation]]
[2019.10.21-09.46.33:951][  0]LogConfig: Setting CVar [[r.DOF.Kernel.MaxForegroundRadius:0.025]]
[2019.10.21-09.46.33:951][  0]LogConfig: Setting CVar [[r.DOF.Kernel.MaxBackgroundRadius:0.025]]
[2019.10.21-09.46.33:951][  0]LogConfig: Applying CVar settings from Section [TextureQuality@3] File [C:/Users/Connor Minns/Documents/GitHub/ScreamJam/ScreamJam2019/Saved/Config/Windows/Scalability.ini]
[2019.10.21-09.46.33:951][  0]LogConfig: Setting CVar [[r.Streaming.MipBias:0]]
[2019.10.21-09.46.33:951][  0]LogConfig: Setting CVar [[r.Streaming.AmortizeCPUToGPUCopy:0]]
[2019.10.21-09.46.33:951][  0]LogConfig: Setting CVar [[r.Streaming.MaxNumTexturesToStreamPerFrame:0]]
[2019.10.21-09.46.33:951][  0]LogConfig: Setting CVar [[r.Streaming.Boost:1]]
[2019.10.21-09.46.33:951][  0]LogConfig: Setting CVar [[r.MaxAnisotropy:8]]
[2019.10.21-09.46.33:951][  0]LogConfig: Setting CVar [[r.Streaming.LimitPoolSizeToVRAM:0]]
[2019.10.21-09.46.33:951][  0]LogConfig: Setting CVar [[r.Streaming.PoolSize:1000]]
[2019.10.21-09.46.33:951][  0]LogConfig: Setting CVar [[r.Streaming.MaxEffectiveScreenSize:0]]
[2019.10.21-09.46.33:951][  0]LogConfig: Applying CVar settings from Section [EffectsQuality@3] File [C:/Users/Connor Minns/Documents/GitHub/ScreamJam/ScreamJam2019/Saved/Config/Windows/Scalability.ini]
[2019.10.21-09.46.33:951][  0]LogConfig: Setting CVar [[r.TranslucencyLightingVolumeDim:64]]
[2019.10.21-09.46.33:951][  0]LogConfig: Setting CVar [[r.RefractionQuality:2]]
[2019.10.21-09.46.33:951][  0]LogConfig: Setting CVar [[r.SSR.Quality:3]]
[2019.10.21-09.46.33:951][  0]LogConfig: Setting CVar [[r.SceneColorFormat:4]]
[2019.10.21-09.46.33:951][  0]LogConfig: Setting CVar [[r.DetailMode:2]]
[2019.10.21-09.46.33:951][  0]LogConfig: Setting CVar [[r.TranslucencyVolumeBlur:1]]
[2019.10.21-09.46.33:951][  0]LogConfig: Setting CVar [[r.MaterialQualityLevel:1 ; High quality]]
[2019.10.21-09.46.33:951][  0]LogConfig: Setting CVar [[r.SSS.Scale:1]]
[2019.10.21-09.46.33:951][  0]LogConfig: Setting CVar [[r.SSS.SampleSet:2]]
[2019.10.21-09.46.33:951][  0]LogConfig: Setting CVar [[r.SSS.Quality:1]]
[2019.10.21-09.46.33:951][  0]LogConfig: Setting CVar [[r.SSS.HalfRes:1]]
[2019.10.21-09.46.33:951][  0]LogConfig: Setting CVar [[r.EmitterSpawnRateScale:1.0]]
[2019.10.21-09.46.33:951][  0]LogConfig: Setting CVar [[r.ParticleLightQuality:2]]
[2019.10.21-09.46.33:951][  0]LogConfig: Applying CVar settings from Section [FoliageQuality@3] File [C:/Users/Connor Minns/Documents/GitHub/ScreamJam/ScreamJam2019/Saved/Config/Windows/Scalability.ini]
[2019.10.21-09.46.33:951][  0]LogConfig: Setting CVar [[foliage.DensityScale:1.0]]
[2019.10.21-09.46.33:951][  0]LogConfig: Setting CVar [[grass.DensityScale:1.0]]
[2019.10.21-09.46.33:951][  0]LogInit: Selected Device Profile: [Windows]
[2019.10.21-09.46.33:951][  0]LogInit: Applying CVar settings loaded from the selected device profile: [Windows]
[2019.10.21-09.46.33:970][  0]LogHAL: Display: Platform has ~ 16 GB [17144328192 / 17179869184 / 16], which maps to Larger [LargestMinGB=32, LargerMinGB=12, DefaultMinGB=8, SmallerMinGB=6, SmallestMinGB=0)
[2019.10.21-09.46.33:970][  0]LogInit: Going up to parent DeviceProfile []
[2019.10.21-09.46.33:985][  0]LogConfig: Applying CVar settings from Section [ViewDistanceQuality@Cine] File [C:/Users/Connor Minns/Documents/GitHub/ScreamJam/ScreamJam2019/Saved/Config/Windows/Scalability.ini]
[2019.10.21-09.46.33:985][  0]LogConfig: Setting CVar [[r.SkeletalMeshLODBias:0]]
[2019.10.21-09.46.33:985][  0]LogConfig: Setting CVar [[r.ViewDistanceScale:10.0]]
[2019.10.21-09.46.33:986][  0]LogConfig: Applying CVar settings from Section [AntiAliasingQuality@Cine] File [C:/Users/Connor Minns/Documents/GitHub/ScreamJam/ScreamJam2019/Saved/Config/Windows/Scalability.ini]
[2019.10.21-09.46.33:986][  0]LogConfig: Setting CVar [[r.PostProcessAAQuality:6]]
[2019.10.21-09.46.33:986][  0]LogConfig: Applying CVar settings from Section [ShadowQuality@Cine] File [C:/Users/Connor Minns/Documents/GitHub/ScreamJam/ScreamJam2019/Saved/Config/Windows/Scalability.ini]
[2019.10.21-09.46.33:986][  0]LogConfig: Setting CVar [[r.LightFunctionQuality:1]]
[2019.10.21-09.46.33:986][  0]LogConfig: Setting CVar [[r.ShadowQuality:5]]
[2019.10.21-09.46.33:986][  0]LogConfig: Setting CVar [[r.Shadow.CSM.MaxCascades:10]]
[2019.10.21-09.46.33:986][  0]LogConfig: Setting CVar [[r.Shadow.MaxResolution:4096]]
[2019.10.21-09.46.33:986][  0]LogConfig: Setting CVar [[r.Shadow.MaxCSMResolution:4096]]
[2019.10.21-09.46.33:986][  0]LogConfig: Setting CVar [[r.Shadow.RadiusThreshold:0]]
[2019.10.21-09.46.33:986][  0]LogConfig: Setting CVar [[r.Shadow.DistanceScale:1.0]]
[2019.10.21-09.46.33:986][  0]LogConfig: Setting CVar [[r.Shadow.CSM.TransitionScale:1.0]]
[2019.10.21-09.46.33:986][  0]LogConfig: Setting CVar [[r.Shadow.PreShadowResolutionFactor:1.0]]
[2019.10.21-09.46.33:986][  0]LogConfig: Setting CVar [[r.DistanceFieldShadowing:1]]
[2019.10.21-09.46.33:986][  0]LogConfig: Setting CVar [[r.DistanceFieldAO:1]]
[2019.10.21-09.46.33:986][  0]LogConfig: Setting CVar [[r.AOQuality:2]]
[2019.10.21-09.46.33:986][  0]LogConfig: Setting CVar [[r.VolumetricFog:1]]
[2019.10.21-09.46.33:986][  0]LogConfig: Setting CVar [[r.VolumetricFog.GridPixelSize:4]]
[2019.10.21-09.46.33:986][  0]LogConfig: Setting CVar [[r.VolumetricFog.GridSizeZ:128]]
[2019.10.21-09.46.33:986][  0]LogConfig: Setting CVar [[r.VolumetricFog.HistoryMissSupersampleCount:16]]
[2019.10.21-09.46.33:986][  0]LogConfig: Setting CVar [[r.LightMaxDrawDistanceScale:1]]
[2019.10.21-09.46.33:986][  0]LogConfig: Setting CVar [[r.CapsuleShadows:1]]
[2019.10.21-09.46.33:986][  0]LogConfig: Applying CVar settings from Section [PostProcessQuality@Cine] File [C:/Users/Connor Minns/Documents/GitHub/ScreamJam/ScreamJam2019/Saved/Config/Windows/Scalability.ini]
[2019.10.21-09.46.33:986][  0]LogConfig: Setting CVar [[r.MotionBlurQuality:4]]
[2019.10.21-09.46.33:986][  0]LogConfig: Setting CVar [[r.AmbientOcclusionMipLevelFactor:0.4]]
[2019.10.21-09.46.33:986][  0]LogConfig: Setting CVar [[r.AmbientOcclusionMaxQuality:100]]
[2019.10.21-09.46.33:986][  0]LogConfig: Setting CVar [[r.AmbientOcclusionLevels:-1]]
[2019.10.21-09.46.33:986][  0]LogConfig: Setting CVar [[r.AmbientOcclusionRadiusScale:1.0]]
[2019.10.21-09.46.33:986][  0]LogConfig: Setting CVar [[r.DepthOfFieldQuality:4]]
[2019.10.21-09.46.33:986][  0]LogConfig: Setting CVar [[r.RenderTargetPoolMin:1000]]
[2019.10.21-09.46.33:986][  0]LogConfig: Setting CVar [[r.LensFlareQuality:3]]
[2019.10.21-09.46.33:986][  0]LogConfig: Setting CVar [[r.SceneColorFringeQuality:1]]
[2019.10.21-09.46.33:986][  0]LogConfig: Setting CVar [[r.EyeAdaptationQuality:2]]
[2019.10.21-09.46.33:986][  0]LogConfig: Setting CVar [[r.BloomQuality:5]]
[2019.10.21-09.46.33:986][  0]LogConfig: Setting CVar [[r.FastBlurThreshold:100]]
[2019.10.21-09.46.33:986][  0]LogConfig: Setting CVar [[r.Upscale.Quality:3]]
[2019.10.21-09.46.33:986][  0]LogConfig: Setting CVar [[r.Tonemapper.GrainQuantization:1]]
[2019.10.21-09.46.33:986][  0]LogConfig: Setting CVar [[r.LightShaftQuality:1]]
[2019.10.21-09.46.33:986][  0]LogConfig: Setting CVar [[r.Filter.SizeScale:1]]
[2019.10.21-09.46.33:986][  0]LogConfig: Setting CVar [[r.Tonemapper.Quality:5]]
[2019.10.21-09.46.33:986][  0]LogConfig: Setting CVar [[r.DOF.Gather.AccumulatorQuality:1        ; higher gathering accumulator quality]]
[2019.10.21-09.46.33:986][  0]LogConfig: Setting CVar [[r.DOF.Gather.PostfilterMethod:1          ; Median3x3 postfilering method]]
[2019.10.21-09.46.33:986][  0]LogConfig: Setting CVar [[r.DOF.Gather.EnableBokehSettings:1       ; bokeh simulation when gathering]]
[2019.10.21-09.46.33:986][  0]LogConfig: Setting CVar [[r.DOF.Gather.RingCount:5                 ; high number of samples when gathering]]
[2019.10.21-09.46.33:986][  0]LogConfig: Setting CVar [[r.DOF.Scatter.ForegroundCompositing:1    ; additive foreground scattering]]
[2019.10.21-09.46.33:986][  0]LogConfig: Setting CVar [[r.DOF.Scatter.BackgroundCompositing:2    ; background scattering occlusion]]
[2019.10.21-09.46.33:986][  0]LogConfig: Setting CVar [[r.DOF.Scatter.EnableBokehSettings:1      ; no bokeh simulation when scattering]]
[2019.10.21-09.46.33:986][  0]LogConfig: Setting CVar [[r.DOF.Scatter.MaxSpriteRatio:0.25        ; only a maximum of 10% of scattered bokeh]]
[2019.10.21-09.46.33:986][  0]LogConfig: Setting CVar [[r.DOF.Recombine.Quality:2                ; highest slight out of focus]]
[2019.10.21-09.46.33:986][  0]LogConfig: Setting CVar [[r.DOF.Recombine.EnableBokehSettings:1    ; bokeh simulation on slight out of focus]]
[2019.10.21-09.46.33:986][  0]LogConfig: Setting CVar [[r.DOF.TemporalAAQuality:1                ; more stable temporal accumulation]]
[2019.10.21-09.46.33:986][  0]LogConfig: Setting CVar [[r.DOF.Kernel.MaxForegroundRadius:0.025]]
[2019.10.21-09.46.33:986][  0]LogConfig: Setting CVar [[r.DOF.Kernel.MaxBackgroundRadius:0.025]]
[2019.10.21-09.46.33:986][  0]LogConfig: Applying CVar settings from Section [TextureQuality@Cine] File [C:/Users/Connor Minns/Documents/GitHub/ScreamJam/ScreamJam2019/Saved/Config/Windows/Scalability.ini]
[2019.10.21-09.46.33:986][  0]LogConfig: Setting CVar [[r.Streaming.MipBias:0]]
[2019.10.21-09.46.33:986][  0]LogConfig: Setting CVar [[r.Streaming.AmortizeCPUToGPUCopy:0]]
[2019.10.21-09.46.33:986][  0]LogConfig: Setting CVar [[r.Streaming.MaxNumTexturesToStreamPerFrame:0]]
[2019.10.21-09.46.33:986][  0]LogConfig: Setting CVar [[r.Streaming.Boost:1]]
[2019.10.21-09.46.33:986][  0]LogConfig: Setting CVar [[r.MaxAnisotropy:8]]
[2019.10.21-09.46.33:986][  0]LogConfig: Setting CVar [[r.Streaming.LimitPoolSizeToVRAM:0]]
[2019.10.21-09.46.33:986][  0]LogConfig: Setting CVar [[r.Streaming.PoolSize:3000]]
[2019.10.21-09.46.33:986][  0]LogConfig: Setting CVar [[r.Streaming.MaxEffectiveScreenSize:0]]
[2019.10.21-09.46.33:986][  0]LogConfig: Applying CVar settings from Section [EffectsQuality@Cine] File [C:/Users/Connor Minns/Documents/GitHub/ScreamJam/ScreamJam2019/Saved/Config/Windows/Scalability.ini]
[2019.10.21-09.46.33:987][  0]LogConfig: Setting CVar [[r.TranslucencyLightingVolumeDim:64]]
[2019.10.21-09.46.33:987][  0]LogConfig: Setting CVar [[r.RefractionQuality:2]]
[2019.10.21-09.46.33:987][  0]LogConfig: Setting CVar [[r.SSR.Quality:4]]
[2019.10.21-09.46.33:987][  0]LogConfig: Setting CVar [[r.SceneColorFormat:4]]
[2019.10.21-09.46.33:987][  0]LogConfig: Setting CVar [[r.DetailMode:2]]
[2019.10.21-09.46.33:987][  0]LogConfig: Setting CVar [[r.TranslucencyVolumeBlur:1]]
[2019.10.21-09.46.33:987][  0]LogConfig: Setting CVar [[r.MaterialQualityLevel:1 ; High quality]]
[2019.10.21-09.46.33:987][  0]LogConfig: Setting CVar [[r.SSS.Scale:1]]
[2019.10.21-09.46.33:987][  0]LogConfig: Setting CVar [[r.SSS.SampleSet:2]]
[2019.10.21-09.46.33:987][  0]LogConfig: Setting CVar [[r.SSS.Quality:1]]
[2019.10.21-09.46.33:987][  0]LogConfig: Setting CVar [[r.SSS.HalfRes:0]]
[2019.10.21-09.46.33:987][  0]LogConfig: Setting CVar [[r.EmitterSpawnRateScale:1.0]]
[2019.10.21-09.46.33:987][  0]LogConfig: Setting CVar [[r.ParticleLightQuality:2]]
[2019.10.21-09.46.33:987][  0]LogConfig: Applying CVar settings from Section [FoliageQuality@Cine] File [C:/Users/Connor Minns/Documents/GitHub/ScreamJam/ScreamJam2019/Saved/Config/Windows/Scalability.ini]
[2019.10.21-09.46.33:987][  0]LogConfig: Setting CVar [[foliage.DensityScale:1.0]]
[2019.10.21-09.46.33:987][  0]LogConfig: Setting CVar [[grass.DensityScale:1.0]]
[2019.10.21-09.46.33:987][  0]LogConfig: Applying CVar settings from Section [Startup] File [../../../Engine/Config/ConsoleVariables.ini]
[2019.10.21-09.46.33:987][  0]LogConfig: Setting CVar [[net.UseAdaptiveNetUpdateFrequency:0]]
[2019.10.21-09.46.33:987][  0]LogConfig: Setting CVar [[p.chaos.AllowCreatePhysxBodies:1]]
[2019.10.21-09.46.33:987][  0]LogConfig: Setting CVar [[fx.SkipVectorVMBackendOptimizations:1]]
[2019.10.21-09.46.33:987][  0]LogConfig: Applying CVar settings from Section [ConsoleVariables] File [C:/Users/Connor Minns/Documents/GitHub/ScreamJam/ScreamJam2019/Saved/Config/Windows/Engine.ini]
[2019.10.21-09.46.33:987][  0]LogInit: Computer: COOLFOXCOMPUTER
[2019.10.21-09.46.33:987][  0]LogInit: User: ConnorMinns
[2019.10.21-09.46.33:987][  0]LogInit: CPU Page size=4096, Cores=4
[2019.10.21-09.46.33:987][  0]LogInit: High frequency timer resolution =10.000000 MHz
[2019.10.21-09.46.33:999][  0]LogMemory: Memory total: Physical=16.0GB (16GB approx)
[2019.10.21-09.46.33:999][  0]LogMemory: Platform Memory Stats for Windows
[2019.10.21-09.46.33:999][  0]LogMemory: Process Physical Memory: 102.27 MB used, 102.28 MB peak
[2019.10.21-09.46.33:999][  0]LogMemory: Process Virtual Memory: 98.86 MB used, 98.86 MB peak
[2019.10.21-09.46.33:999][  0]LogMemory: Physical Memory: 3535.89 MB used,  12814.22 MB free, 16350.11 MB total
[2019.10.21-09.46.33:999][  0]LogMemory: Virtual Memory: 4656.02 MB used,  134213072.00 MB free, 134217728.00 MB total
[2019.10.21-09.46.34:008][  0]LogWindows: WindowsPlatformFeatures enabled
[2019.10.21-09.46.34:360][  0]LogInit: Using OS detected language (en-US).
[2019.10.21-09.46.34:360][  0]LogInit: Using OS detected locale (en-GB).
[2019.10.21-09.46.34:361][  0]LogTextLocalizationManager: No specific localization for 'en-US' exists, so the 'en' localization will be used.
[2019.10.21-09.46.34:898][  0]LogInit: Setting process to per monitor DPI aware
[2019.10.21-09.46.35:335][  0]LogSlate: New Slate User Created.  User Index 0, Is Virtual User: 0
[2019.10.21-09.46.35:335][  0]LogSlate: Slate User Registered.  User Index 0, Is Virtual User: 0
[2019.10.21-09.46.38:273][  0]LogHMD: Failed to initialize OpenVR with code 110
[2019.10.21-09.46.38:273][  0]LogD3D11RHI: D3D11 adapters:
[2019.10.21-09.46.38:342][  0]LogD3D11RHI:    0. 'NVIDIA GeForce GTX 1060 6GB' (Feature Level 11_0)
[2019.10.21-09.46.38:342][  0]LogD3D11RHI:       6052/0/8175 MB DedicatedVideo/DedicatedSystem/SharedSystem, Outputs:1, VendorId:0x10de
[2019.10.21-09.46.38:345][  0]LogD3D11RHI:    1. 'Microsoft Basic Render Driver' (Feature Level 11_0)
[2019.10.21-09.46.38:345][  0]LogD3D11RHI:       0/0/8175 MB DedicatedVideo/DedicatedSystem/SharedSystem, Outputs:0, VendorId:0x1414
[2019.10.21-09.46.38:345][  0]LogD3D11RHI: Chosen D3D11 Adapter: 0
[2019.10.21-09.46.38:351][  0]LogD3D11RHI: Creating new Direct3DDevice
[2019.10.21-09.46.38:351][  0]LogD3D11RHI:     GPU DeviceId: 0x1c03 (for the marketing name, search the web for "GPU Device Id")
[2019.10.21-09.46.38:351][  0]LogWindows: EnumDisplayDevices:
[2019.10.21-09.46.38:351][  0]LogWindows:    0. 'NVIDIA GeForce GTX 1060 6GB' (P:1 D:1)
[2019.10.21-09.46.38:352][  0]LogWindows:    1. 'NVIDIA GeForce GTX 1060 6GB' (P:0 D:0)
[2019.10.21-09.46.38:352][  0]LogWindows:    2. 'NVIDIA GeForce GTX 1060 6GB' (P:0 D:0)
[2019.10.21-09.46.38:352][  0]LogWindows:    3. 'NVIDIA GeForce GTX 1060 6GB' (P:0 D:0)
[2019.10.21-09.46.38:352][  0]LogWindows: DebugString: FoundDriverCount:4 
[2019.10.21-09.46.38:352][  0]LogD3D11RHI:     Adapter Name: NVIDIA GeForce GTX 1060 6GB
[2019.10.21-09.46.38:362][  0]LogD3D11RHI:   Driver Version: 436.48 (internal:26.21.14.3648, unified:436.48)
[2019.10.21-09.46.38:362][  0]LogD3D11RHI:      Driver Date: 9-26-2019
[2019.10.21-09.46.38:362][  0]LogRHI: Texture pool is 4236 MB (70% of 6052 MB)
[2019.10.21-09.46.38:423][  0]LogD3D11RHI: Async texture creation enabled
[2019.10.21-09.46.38:491][  0]LogD3D11RHI: GPU Timing Frequency: 1000.000000 (Debug: 2 1)
[2019.10.21-09.46.39:941][  0]LogTemp: Display: Module 'AllDesktopTargetPlatform' loaded TargetPlatform 'AllDesktop'
[2019.10.21-09.46.39:964][  0]LogTemp: Display: Module 'MacClientTargetPlatform' loaded TargetPlatform 'MacClient'
[2019.10.21-09.46.39:978][  0]LogTemp: Display: Module 'MacNoEditorTargetPlatform' loaded TargetPlatform 'MacNoEditor'
[2019.10.21-09.46.39:992][  0]LogTemp: Display: Module 'MacServerTargetPlatform' loaded TargetPlatform 'MacServer'
[2019.10.21-09.46.40:024][  0]LogTemp: Display: Module 'MacTargetPlatform' loaded TargetPlatform 'Mac'
[2019.10.21-09.46.40:046][  0]LogTemp: Display: Module 'WindowsClientTargetPlatform' loaded TargetPlatform 'WindowsClient'
[2019.10.21-09.46.40:060][  0]LogTemp: Display: Module 'WindowsNoEditorTargetPlatform' loaded TargetPlatform 'WindowsNoEditor'
[2019.10.21-09.46.40:078][  0]LogTemp: Display: Module 'WindowsServerTargetPlatform' loaded TargetPlatform 'WindowsServer'
[2019.10.21-09.46.40:085][  0]LogTemp: Display: Module 'WindowsTargetPlatform' loaded TargetPlatform 'Windows'
[2019.10.21-09.46.40:220][  0]LogTemp: Display: Module 'AndroidTargetPlatform' loaded TargetPlatform 'Android'
[2019.10.21-09.46.40:220][  0]LogTemp: Display: Module 'AndroidTargetPlatform' loaded TargetPlatform 'Android_ASTC'
[2019.10.21-09.46.40:220][  0]LogTemp: Display: Module 'AndroidTargetPlatform' loaded TargetPlatform 'Android_ATC'
[2019.10.21-09.46.40:220][  0]LogTemp: Display: Module 'AndroidTargetPlatform' loaded TargetPlatform 'Android_DXT'
[2019.10.21-09.46.40:220][  0]LogTemp: Display: Module 'AndroidTargetPlatform' loaded TargetPlatform 'Android_ETC1'
[2019.10.21-09.46.40:220][  0]LogTemp: Display: Module 'AndroidTargetPlatform' loaded TargetPlatform 'Android_ETC1a'
[2019.10.21-09.46.40:220][  0]LogTemp: Display: Module 'AndroidTargetPlatform' loaded TargetPlatform 'Android_ETC2'
[2019.10.21-09.46.40:220][  0]LogTemp: Display: Module 'AndroidTargetPlatform' loaded TargetPlatform 'Android_PVRTC'
[2019.10.21-09.46.40:220][  0]LogTemp: Display: Module 'AndroidTargetPlatform' loaded TargetPlatform 'AndroidClient'
[2019.10.21-09.46.40:220][  0]LogTemp: Display: Module 'AndroidTargetPlatform' loaded TargetPlatform 'Android_ASTCClient'
[2019.10.21-09.46.40:220][  0]LogTemp: Display: Module 'AndroidTargetPlatform' loaded TargetPlatform 'Android_ATCClient'
[2019.10.21-09.46.40:220][  0]LogTemp: Display: Module 'AndroidTargetPlatform' loaded TargetPlatform 'Android_DXTClient'
[2019.10.21-09.46.40:221][  0]LogTemp: Display: Module 'AndroidTargetPlatform' loaded TargetPlatform 'Android_ETC1Client'
[2019.10.21-09.46.40:221][  0]LogTemp: Display: Module 'AndroidTargetPlatform' loaded TargetPlatform 'Android_ETC1aClient'
[2019.10.21-09.46.40:221][  0]LogTemp: Display: Module 'AndroidTargetPlatform' loaded TargetPlatform 'Android_ETC2Client'
[2019.10.21-09.46.40:221][  0]LogTemp: Display: Module 'AndroidTargetPlatform' loaded TargetPlatform 'Android_PVRTCClient'
[2019.10.21-09.46.40:221][  0]LogTemp: Display: Module 'AndroidTargetPlatform' loaded TargetPlatform 'Android_Multi'
[2019.10.21-09.46.40:221][  0]LogTemp: Display: Module 'AndroidTargetPlatform' loaded TargetPlatform 'Android_MultiClient'
[2019.10.21-09.46.40:231][  0]LogTemp: Display: Module 'HTML5TargetPlatform' loaded TargetPlatform 'HTML5'
[2019.10.21-09.46.40:283][  0]LogTemp: Display: Module 'IOSTargetPlatform' loaded TargetPlatform 'IOSClient'
[2019.10.21-09.46.40:283][  0]LogTemp: Display: Module 'IOSTargetPlatform' loaded TargetPlatform 'IOS'
[2019.10.21-09.46.40:310][  0]LogTemp: Display: Module 'TVOSTargetPlatform' loaded TargetPlatform 'TVOSClient'
[2019.10.21-09.46.40:310][  0]LogTemp: Display: Module 'TVOSTargetPlatform' loaded TargetPlatform 'TVOS'
[2019.10.21-09.46.40:322][  0]LogTemp: Display: Module 'LinuxClientTargetPlatform' loaded TargetPlatform 'LinuxClient'
[2019.10.21-09.46.40:334][  0]LogTemp: Display: Module 'LinuxNoEditorTargetPlatform' loaded TargetPlatform 'LinuxNoEditor'
[2019.10.21-09.46.40:348][  0]LogTemp: Display: Module 'LinuxServerTargetPlatform' loaded TargetPlatform 'LinuxServer'
[2019.10.21-09.46.40:368][  0]LogTemp: Display: Module 'LinuxTargetPlatform' loaded TargetPlatform 'Linux'
[2019.10.21-09.46.40:421][  0]LogTemp: Display: Module 'LuminTargetPlatform' loaded TargetPlatform 'Lumin'
[2019.10.21-09.46.40:421][  0]LogTemp: Display: Module 'LuminTargetPlatform' loaded TargetPlatform 'LuminClient'
[2019.10.21-09.46.40:422][  0]LogTargetPlatformManager: Display: Building Assets For Windows
[2019.10.21-09.46.40:497][  0]LogAudioDebug: Display: Lib vorbis DLL was dynamically loaded.
[2019.10.21-09.46.40:831][  0]LogShaderCompilers: Guid format shader working directory is -25 characters bigger than the processId version (../../../../../../Users/Connor Minns/Documents/GitHub/ScreamJam/ScreamJam2019/Intermediate/Shaders/WorkingDirectory/12448/).
[2019.10.21-09.46.40:832][  0]LogShaderCompilers: Cleaned the shader compiler working directory 'C:/Users/Connor Minns/AppData/Local/Temp/UnrealShaderWorkingDir/0B3ACF4E457E8E4725B08F90855321C3/'.
[2019.10.21-09.46.40:844][  0]LogXGEController: Cleaning working directory: C:/Users/Connor Minns/AppData/Local/Temp/UnrealXGEWorkingDir/
[2019.10.21-09.46.40:844][  0]LogXGEController: Cannot use XGE Controller as Incredibuild is not installed on this machine.
[2019.10.21-09.46.40:844][  0]LogShaderCompilers: Cannot use XGE Shader Compiler as Incredibuild is not installed on this machine.
[2019.10.21-09.46.40:844][  0]LogShaderCompilers: Display: Using Local Shader Compiler.
[2019.10.21-09.46.41:692][  0]LogDerivedDataCache: Display: Max Cache Size: 512 MB
[2019.10.21-09.46.42:357][  0]LogDerivedDataCache: Loaded boot cache 0.66s 75MB C:/Users/Connor Minns/AppData/Local/UnrealEngine/4.23/DerivedDataCache/Boot.ddc.
[2019.10.21-09.46.42:357][  0]LogDerivedDataCache: Display: Loaded Boot cache: C:/Users/Connor Minns/AppData/Local/UnrealEngine/4.23/DerivedDataCache/Boot.ddc
[2019.10.21-09.46.42:358][  0]LogDerivedDataCache: FDerivedDataBackendGraph:  Pak pak cache file ../../../../../../Users/Connor Minns/Documents/GitHub/ScreamJam/ScreamJam2019/DerivedDataCache/DDC.ddp not found, will not use a pak cache.
[2019.10.21-09.46.42:358][  0]LogDerivedDataCache: Unable to find inner node Pak for hierarchical cache Hierarchy.
[2019.10.21-09.46.42:358][  0]LogDerivedDataCache: FDerivedDataBackendGraph:  CompressedPak pak cache file ../../../../../../Users/Connor Minns/Documents/GitHub/ScreamJam/ScreamJam2019/DerivedDataCache/Compressed.ddp not found, will not use a pak cache.
[2019.10.21-09.46.42:358][  0]LogDerivedDataCache: Unable to find inner node CompressedPak for hierarchical cache Hierarchy.
[2019.10.21-09.46.42:399][  0]LogDerivedDataCache: Display: Pak cache opened for reading ../../../Engine/DerivedDataCache/Compressed.ddp.
[2019.10.21-09.46.42:399][  0]LogDerivedDataCache: FDerivedDataBackendGraph:  EnterprisePak pak cache file ../../../Enterprise/DerivedDataCache/Compressed.ddp not found, will not use a pak cache.
[2019.10.21-09.46.42:399][  0]LogDerivedDataCache: Unable to find inner node EnterprisePak for hierarchical cache Hierarchy.
[2019.10.21-09.46.42:400][  0]LogDerivedDataCache: Using Local data cache path C:/Users/Connor Minns/AppData/Local/UnrealEngine/Common/DerivedDataCache: Writable
[2019.10.21-09.46.42:400][  0]LogDerivedDataCache: Shared data cache path not found in *engine.ini, will not use an Shared cache.
[2019.10.21-09.46.42:400][  0]LogDerivedDataCache: Unable to find inner node Shared for hierarchical cache Hierarchy.
[2019.10.21-09.46.42:470][  0]LogMaterial: Verifying Global Shaders for PCD3D_SM5
[2019.10.21-09.46.42:526][  0]LogSlate: Using FreeType 2.6.0
[2019.10.21-09.46.42:575][  0]LogSlate: SlateFontServices - WITH_FREETYPE: 1, WITH_HARFBUZZ: 1
[2019.10.21-09.46.43:753][  0]LogAssetRegistry: FAssetRegistry took 0.0086 seconds to start up
[2019.10.21-09.46.46:520][  0]LogInit: Selected Device Profile: [Windows]
[2019.10.21-09.46.47:329][  0]LogMeshReduction: Using QuadricMeshReduction for automatic static mesh reduction
[2019.10.21-09.46.47:329][  0]LogMeshReduction: Using SimplygonMeshReduction for automatic skeletal mesh reduction
[2019.10.21-09.46.47:329][  0]LogMeshReduction: Using ProxyLODMeshReduction for automatic mesh merging
[2019.10.21-09.46.47:329][  0]LogMeshReduction: No distributed automatic mesh merging module available
[2019.10.21-09.46.47:329][  0]LogMeshMerging: No distributed automatic mesh merging module available
[2019.10.21-09.46.47:702][  0]LogNetVersion: ScreamJam2019 1.0.0, NetCL: 8386587, EngineNetVer: 11, GameNetVer: 0 (Checksum: 1232775713)
[2019.10.21-09.46.49:347][  0]LogClass: Warning: In asset 'None', there is an enum property of type 'EDepthOfFieldMethod' with an invalid value of '('
[2019.10.21-09.46.50:844][  0]LogPackageLocalizationCache: Processed 13 localized package path(s) for 1 prioritized culture(s) in 0.062414 seconds
[2019.10.21-09.46.50:850][  0]LogUObjectArray: 43478 objects as part of root set at end of initial load.
[2019.10.21-09.46.50:850][  0]LogUObjectAllocator: 7564504 out of 0 bytes used by permanent object pool.
[2019.10.21-09.46.50:850][  0]LogUObjectArray: CloseDisregardForGC: 0/0 objects in disregard for GC pool
[2019.10.21-09.47.08:922][  0]LogTcpMessaging: Initializing TcpMessaging bridge
[2019.10.21-09.47.08:938][  0]LogUdpMessaging: Initializing bridge on interface 0.0.0.0:0 to multicast group 230.0.0.1:6666.
[2019.10.21-09.47.09:341][  0]SourceControl: Source control is disabled
[2019.10.21-09.47.09:341][  0]SourceControl: Source control is disabled
[2019.10.21-09.47.09:403][  0]SourceControl: Source control is disabled
[2019.10.21-09.47.09:417][  0]SourceControl: Source control is disabled
[2019.10.21-09.47.10:382][  0]LogAndroidPermission: UAndroidPermissionCallbackProxy::GetInstance
[2019.10.21-09.47.10:921][  0]LogOcInput: OculusInput pre-init called
[2019.10.21-09.47.10:944][  0]LogWindows: Failed to load 'OVRPlugin.dll' (GetLastError=126)
[2019.10.21-09.47.10:944][  0]LogWindows: File 'OVRPlugin.dll' does not exist
[2019.10.21-09.47.11:568][  0]LogEngine: Initializing Engine...
[2019.10.21-09.47.11:573][  0]LogHMD: Failed to initialize OpenVR with code 110
[2019.10.21-09.47.11:576][  0]LogStats: UGameplayTagsManager::InitializeManager -  0.001 s
[2019.10.21-09.47.12:477][  0]LogInit: Initializing FReadOnlyCVARCache
[2019.10.21-09.47.12:559][  0]LogAIModule: Creating AISystem for world Untitled
[2019.10.21-09.47.12:608][  0]LogInit: XAudio2 using 'Speakers (2- High Definition Audio Device)' : 2 channels at 48 kHz using 16 bits per sample (channel mask 0x3)
[2019.10.21-09.47.12:646][  0]LogInit: FAudioDevice initialized.
[2019.10.21-09.47.12:646][  0]LogNetVersion: Set ProjectVersion to 1.0.0.0. Version Checksum will be recalculated on next use.
[2019.10.21-09.47.12:747][  0]LogDerivedDataCache: Saved boot cache 0.10s 74MB C:/Users/Connor Minns/AppData/Local/UnrealEngine/4.23/DerivedDataCache/Boot.ddc.
[2019.10.21-09.47.12:748][  0]LogInit: Texture streaming: Enabled
[2019.10.21-09.47.13:118][  0]LogEngineSessionManager: EngineSessionManager initialized
[2019.10.21-09.47.13:664][  0]LogInit: Transaction tracking system initialized
[2019.10.21-09.47.14:698][  0]BlueprintLog: New page: Editor Load
[2019.10.21-09.47.18:676][  0]LocalizationService: Localization service is disabled
[2019.10.21-09.47.21:443][  0]LogCook: Display: Max memory allowance for cook 16384mb min free memory 0mb
[2019.10.21-09.47.21:443][  0]LogCook: Display: Mobile HDR setting 1
[2019.10.21-09.47.22:120][  0]LogFileCache: Scanning file cache for directory 'C:/Users/Connor Minns/Documents/GitHub/ScreamJam/ScreamJam2019/Content/' took 0.07s
[2019.10.21-09.47.24:952][  0]SourceControl: Source control is disabled
[2019.10.21-09.47.24:956][  0]Cmd: MAP LOAD FILE="../../../../../../Users/Connor Minns/Documents/GitHub/ScreamJam/ScreamJam2019/Content/Framework/Multiplayer/Maps/MP_mainMenu.umap" TEMPLATE=0 SHOWPROGRESS=1 FEATURELEVEL=3
[2019.10.21-09.47.24:983][  0]LightingResults: New page: Lighting Build
[2019.10.21-09.47.25:047][  0]LogWorld: UWorld::CleanupWorld for Untitled, bSessionEnded=true, bCleanupResources=true
[2019.10.21-09.47.25:048][  0]MapCheck: New page: Map Check
[2019.10.21-09.47.25:048][  0]LightingResults: New page: Lighting Build
[2019.10.21-09.47.25:073][  0]LogUObjectHash: Compacting FUObjectHashTables data took   1.73ms
[2019.10.21-09.47.54:688][  0]LogAIModule: Creating AISystem for world MP_mainMenu
[2019.10.21-09.47.54:707][  0]LogEditorServer: Finished looking for orphan Actors (0.000 secs)
[2019.10.21-09.47.54:748][  0]LogUObjectHash: Compacting FUObjectHashTables data took   3.11ms
[2019.10.21-09.47.54:748][  0]Cmd: MAP CHECKDEP NOCLEARLOG
[2019.10.21-09.47.54:749][  0]MapCheck: Map check complete: 0 Error(s), 0 Warning(s), took 0.195ms to complete.
[2019.10.21-09.47.54:749][  0]LogFileHelpers: Loading map 'MP_mainMenu' took 29.793
[2019.10.21-09.47.55:432][  0]LogSlate: Updating window title bar state: overlay mode, drag disabled, window buttons hidden, title bar hidden
[2019.10.21-09.47.55:441][  0]LogSlate: Updating window title bar state: overlay mode, drag disabled, window buttons hidden, title bar hidden
[2019.10.21-09.47.55:449][  0]LogSlate: Updating window title bar state: overlay mode, drag disabled, window buttons hidden, title bar hidden
[2019.10.21-09.47.55:458][  0]LogSlate: Updating window title bar state: overlay mode, drag disabled, window buttons hidden, title bar hidden
[2019.10.21-09.47.55:525][  0]LogCollectionManager: Loaded 0 collections in 0.002424 seconds
[2019.10.21-09.47.55:797][  0]LogFileCache: Scanning file cache for directory 'C:/Users/Connor Minns/Documents/GitHub/ScreamJam/ScreamJam2019/Saved/Collections/' took 0.00s
[2019.10.21-09.47.55:797][  0]LogFileCache: Scanning file cache for directory 'C:/Users/Connor Minns/Documents/GitHub/ScreamJam/ScreamJam2019/Content/Developers/ConnorMinns/Collections/' took 0.00s
[2019.10.21-09.47.55:797][  0]LogFileCache: Scanning file cache for directory 'C:/Users/Connor Minns/Documents/GitHub/ScreamJam/ScreamJam2019/Content/Collections/' took 0.00s
[2019.10.21-09.47.55:797][  0]LogCollectionManager: Rebuilt the GUID cache for 0 collections in 0.000015 seconds
[2019.10.21-09.47.55:809][  0]LogContentBrowser: Native class hierarchy populated in 0.0106 seconds. Added 3004 classes and 705 folders.
[2019.10.21-09.47.55:884][  0]LogContentBrowser: Native class hierarchy updated for 'WidgetCarousel' in 0.0003 seconds. Added 0 classes and 0 folders.
[2019.10.21-09.47.57:568][  0]LogContentBrowser: Native class hierarchy updated for 'AddContentDialog' in 0.0002 seconds. Added 0 classes and 0 folders.
[2019.10.21-09.47.57:647][  0]LogContentBrowser: Native class hierarchy updated for 'SceneOutliner' in 0.0002 seconds. Added 1 classes and 2 folders.
[2019.10.21-09.47.58:046][  0]LogSlate: Took 0.036067 seconds to synchronously load lazily loaded font '../../../Engine/Content/Slate/Fonts/Roboto-Regular.ttf' (155K)
[2019.10.21-09.47.58:048][  0]LogSlate: Took 0.000728 seconds to synchronously load lazily loaded font '../../../Engine/Content/Slate/Fonts/Roboto-Bold.ttf' (160K)
[2019.10.21-09.47.58:063][  0]LogSlate: Took 0.010460 seconds to synchronously load lazily loaded font '../../../Engine/Content/Editor/Slate/Fonts/FontAwesome.ttf' (139K)
[2019.10.21-09.47.58:584][  0]LogRenderer: Reallocating scene render targets to support 1188x656 Format 10 NumSamples 1 (Frame:1).
[2019.10.21-09.47.58:998][  0]LogContentBrowser: Native class hierarchy updated for 'HierarchicalLODOutliner' in 0.0002 seconds. Added 0 classes and 0 folders.
[2019.10.21-09.47.58:998][  0]LogLoad: (Engine Initialization) Total time: 99.36 seconds
[2019.10.21-09.47.58:998][  0]LogLoad: (Engine Initialization) Total Blueprint compile time: 0.00 seconds
[2019.10.21-09.47.59:175][  0]LogContentStreaming: Texture pool size now 3000 MB
[2019.10.21-09.47.59:358][  0]LogSlate: Took 0.125258 seconds to synchronously load lazily loaded font '../../../Engine/Content/Slate/Fonts/Roboto-Light.ttf' (167K)
[2019.10.21-09.48.02:971][ 52]LogAssetRegistry: Asset discovery search completed in 79.2191 seconds
[2019.10.21-09.48.02:977][ 52]LogCollectionManager: Rebuilt the object cache for 0 collections in 0.000006 seconds (found 0 objects)
[2019.10.21-09.48.02:977][ 52]LogCollectionManager: Fixed up redirectors for 0 collections in 0.000093 seconds (updated 0 objects)
[2019.10.21-09.49.52:237][  8]LogSlate: FSceneViewport::OnFocusLost() reason 0
[2019.10.21-09.49.53:808][188]LogSlate: Took 0.000146 seconds to synchronously load lazily loaded font '../../../Engine/Content/Slate/Fonts/Roboto-Light.ttf' (167K)
[2019.10.21-09.50.23:927][188]LogStaticMesh: Building static mesh RoofLight...
[2019.10.21-09.50.23:933][188]LogStaticMesh: Built static mesh [0.03s] /Game/Enviroment/Architecture/RoofLight.RoofLight
[2019.10.21-09.50.37:424][188]LogTexture: Display: Building textures: SurfaceImperfections08_var1 (AutoDXT, 2048X2048)
[2019.10.21-09.50.37:424][188]LogTexture: Display: Building textures: SurfaceImperfections08_nrm (BC5, 2048X2048)
[2019.10.21-09.50.37:425][188]LogMaterial: Display: Missing cached shader map for material M_Master, compiling. 
[2019.10.21-09.50.41:398][188]LogShaderCompilers: Display: Worker (1/3): shaders left to compile 69
[2019.10.21-09.50.41:398][188]LogShaderCompilers: Display: Worker (2/3): shaders left to compile 59
[2019.10.21-09.50.41:398][188]LogShaderCompilers: Display: Worker (3/3): shaders left to compile 49
[2019.10.21-09.50.41:398][188]LogShaderCompilers: Display: Worker (1/3): shaders left to compile 39
[2019.10.21-09.50.41:398][188]LogShaderCompilers: Display: Worker (3/3): shaders left to compile 29
[2019.10.21-09.50.41:398][188]LogAIModule: Creating AISystem for world BlockOut
[2019.10.21-09.50.41:534][188]LogAssetEditorManager: Opening Asset editor for World /Game/Framework/Maps/BlockOut.BlockOut
[2019.10.21-09.50.41:609][188]LogUObjectHash: Compacting FUObjectHashTables data took   3.38ms
[2019.10.21-09.50.41:610][188]Cmd: MAP LOAD FILE="../../../../../../Users/Connor Minns/Documents/GitHub/ScreamJam/ScreamJam2019/Content/Framework/Maps/BlockOut.umap" TEMPLATE=0 SHOWPROGRESS=1 FEATURELEVEL=3
[2019.10.21-09.50.41:610][188]LightingResults: New page: Lighting Build
[2019.10.21-09.50.41:611][188]LoadErrors: New page: Loading map: BlockOut.umap
[2019.10.21-09.50.41:611][188]LogWorld: UWorld::CleanupWorld for MP_mainMenu, bSessionEnded=true, bCleanupResources=true
[2019.10.21-09.50.41:611][188]MapCheck: New page: Map Check
[2019.10.21-09.50.41:611][188]LightingResults: New page: Lighting Build
[2019.10.21-09.50.41:759][188]LogShaderCompilers: Display: Worker (2/3): shaders left to compile 19
[2019.10.21-09.50.41:759][188]LogUObjectHash: Compacting FUObjectHashTables data took   2.95ms
[2019.10.21-09.50.42:144][188]LogEditorServer: Finished looking for orphan Actors (0.000 secs)
[2019.10.21-09.50.42:639][188]LogShaderCompilers: Display: Worker (1/3): shaders left to compile 12
[2019.10.21-09.50.42:642][188]LogUObjectHash: Compacting FUObjectHashTables data took   2.19ms
[2019.10.21-09.50.42:665][188]Cmd: MAP CHECKDEP NOCLEARLOG
[2019.10.21-09.50.42:665][188]MapCheck: Map check complete: 0 Error(s), 0 Warning(s), took 0.209ms to complete.
[2019.10.21-09.50.42:665][188]LogFileHelpers: Loading map 'BlockOut' took 1.056
[2019.10.21-09.50.44:660][375]LogShaderCompilers: Display: Worker (2/3): shaders left to compile 7
[2019.10.21-09.50.46:694][609]LogShaderCompilers: Display: Worker (1/3): shaders left to compile 4
[2019.10.21-09.50.47:356][686]LogShaderCompilers: Display: Worker (2/3): shaders left to compile 2
[2019.10.21-09.50.47:595][714]LogShaderCompilers: Display: Worker (3/3): shaders left to compile 1
[2019.10.21-09.52.13:069][865]LogSlate: FSceneViewport::OnFocusLost() reason 0
[2019.10.21-09.52.18:030][882]LogStaticMesh: Building static mesh SurgicalTable...
[2019.10.21-09.52.18:057][882]LogStaticMesh: Built static mesh [0.05s] /Game/Enviroment/Architecture/SurgicalTable.SurgicalTable
[2019.10.21-09.52.19:896][882]LogAIModule: Creating AISystem for world BlockOutPREV
[2019.10.21-09.52.20:089][882]LogAssetEditorManager: Opening Asset editor for World /Game/Framework/Maps/BlockOutPREV.BlockOutPREV
[2019.10.21-09.52.20:207][882]LogUObjectHash: Compacting FUObjectHashTables data took   3.07ms
[2019.10.21-09.52.20:208][882]Cmd: MAP LOAD FILE="../../../../../../Users/Connor Minns/Documents/GitHub/ScreamJam/ScreamJam2019/Content/Framework/Maps/BlockOutPREV.umap" TEMPLATE=0 SHOWPROGRESS=1 FEATURELEVEL=3
[2019.10.21-09.52.20:208][882]LightingResults: New page: Lighting Build
[2019.10.21-09.52.20:208][882]LoadErrors: New page: Loading map: BlockOutPREV.umap
[2019.10.21-09.52.20:213][882]LogWorld: UWorld::CleanupWorld for BlockOut, bSessionEnded=true, bCleanupResources=true
[2019.10.21-09.52.20:216][882]MapCheck: New page: Map Check
[2019.10.21-09.52.20:216][882]LightingResults: New page: Lighting Build
[2019.10.21-09.52.20:253][882]LogUObjectHash: Compacting FUObjectHashTables data took   3.03ms
[2019.10.21-09.52.20:813][882]LogEditorServer: Finished looking for orphan Actors (0.001 secs)
[2019.10.21-09.52.20:966][882]LogUObjectHash: Compacting FUObjectHashTables data took   2.18ms
[2019.10.21-09.52.20:983][882]Cmd: MAP CHECKDEP NOCLEARLOG
[2019.10.21-09.52.20:984][882]MapCheck: Map check complete: 0 Error(s), 0 Warning(s), took 0.319ms to complete.
[2019.10.21-09.52.20:984][882]LogFileHelpers: Loading map 'BlockOutPREV' took 0.777
[2019.10.21-09.52.42:855][263]LogSlate: FSceneViewport::OnFocusLost() reason 0
[2019.10.21-09.52.55:301][739]LogSlate: FSceneViewport::OnFocusLost() reason 0
[2019.10.21-09.52.55:833][798]LogUObjectHash: Compacting FUObjectHashTables data took   0.96ms
[2019.10.21-09.53.01:548][475]LogUObjectHash: Compacting FUObjectHashTables data took   0.91ms
[2019.10.21-09.53.09:486][407]LogSlate: FSceneViewport::OnFocusLost() reason 0
[2019.10.21-09.53.09:562][413]LogUObjectHash: Compacting FUObjectHashTables data took   0.85ms
[2019.10.21-09.53.09:678][413]LogSlate: Window 'ScreamJam2019 - Unreal Editor' being destroyed
[2019.10.21-09.53.09:679][413]LogWindowsTextInputMethodSystem: Display: IME system now deactivated.
[2019.10.21-09.53.09:880][414]Cmd: QUIT_EDITOR
[2019.10.21-09.53.09:985][414]LogExit: Preparing to exit.
[2019.10.21-09.53.10:376][414]LogDemo: Cleaned up 0 splitscreen connections with owner deletion
[2019.10.21-09.53.10:451][414]LogWorld: UWorld::CleanupWorld for None, bSessionEnded=true, bCleanupResources=true
[2019.10.21-09.53.10:451][414]LogExit: Editor shut down
[2019.10.21-09.53.10:452][414]LogExit: Transaction tracking system shut down
[2019.10.21-09.53.11:708][414]LogExit: Object subsystem successfully closed.
[2019.10.21-09.53.11:904][414]LogShaderCompilers: Display: Shaders left to compile 0
[2019.10.21-09.53.12:810][414]LogModuleManager: Shutting down and abandoning module MeshBuilder (690)
[2019.10.21-09.53.12:810][414]LogModuleManager: Shutting down and abandoning module HierarchicalLODOutliner (688)
[2019.10.21-09.53.12:810][414]LogModuleManager: Shutting down and abandoning module SceneOutliner (686)
[2019.10.21-09.53.12:810][414]LogModuleManager: Shutting down and abandoning module AddContentDialog (684)
[2019.10.21-09.53.12:810][414]LogModuleManager: Shutting down and abandoning module WidgetCarousel (683)
[2019.10.21-09.53.12:810][414]LogModuleManager: Shutting down and abandoning module EditorWidgets (680)
[2019.10.21-09.53.12:810][414]LogModuleManager: Shutting down and abandoning module CollectionManager (678)
[2019.10.21-09.53.12:810][414]LogModuleManager: Shutting down and abandoning module WorldBrowser (676)
[2019.10.21-09.53.12:810][414]LogModuleManager: Shutting down and abandoning module StatsViewer (674)
[2019.10.21-09.53.12:816][414]LogModuleManager: Shutting down and abandoning module VirtualTexturingEditor (672)
[2019.10.21-09.53.12:816][414]LogModuleManager: Shutting down and abandoning module FoliageEdit (670)
[2019.10.21-09.53.12:842][414]LogModuleManager: Shutting down and abandoning module LandscapeEditor (668)
[2019.10.21-09.53.13:016][414]LogModuleManager: Shutting down and abandoning module MeshPaintMode (666)
[2019.10.21-09.53.13:016][414]LogModuleManager: Shutting down and abandoning module SceneDepthPickerMode (664)
[2019.10.21-09.53.13:016][414]LogModuleManager: Shutting down and abandoning module ActorPickerMode (662)
[2019.10.21-09.53.13:016][414]LogModuleManager: Shutting down and abandoning module GeometryMode (660)
[2019.10.21-09.53.13:016][414]LogModuleManager: Shutting down and abandoning module TextureAlignMode (658)
[2019.10.21-09.53.13:016][414]LogModuleManager: Shutting down and abandoning module BspMode (656)
[2019.10.21-09.53.13:016][414]LogModuleManager: Shutting down and abandoning module PIEPreviewDeviceProfileSelector (654)
[2019.10.21-09.53.13:016][414]LogModuleManager: Shutting down and abandoning module SequenceRecorderSections (652)
[2019.10.21-09.53.13:016][414]LogModuleManager: Shutting down and abandoning module AutomationWorker (650)
[2019.10.21-09.53.13:016][414]LogModuleManager: Shutting down and abandoning module OculusMR (648)
[2019.10.21-09.53.13:016][414]LogModuleManager: Shutting down and abandoning module AudioCaptureEditor (646)
[2019.10.21-09.53.13:016][414]LogModuleManager: Shutting down and abandoning module MatineeToLevelSequence (644)
[2019.10.21-09.53.13:024][414]LogModuleManager: Shutting down and abandoning module LevelSequenceEditor (642)
[2019.10.21-09.53.13:044][414]LogModuleManager: Shutting down and abandoning module PlacementMode (641)
[2019.10.21-09.53.13:044][414]LogModuleManager: Shutting down and abandoning module MaterialEditor (640)
[2019.10.21-09.53.13:044][414]LogModuleManager: Shutting down and abandoning module ActorSequenceEditor (636)
[2019.10.21-09.53.13:044][414]LogModuleManager: Shutting down and abandoning module WmfMediaFactory (634)
[2019.10.21-09.53.13:044][414]LogModuleManager: Shutting down and abandoning module WmfMediaEditor (632)
[2019.10.21-09.53.13:044][414]LogModuleManager: Shutting down and abandoning module WebMMediaFactory (630)
[2019.10.21-09.53.13:044][414]LogModuleManager: Shutting down and abandoning module WebMMediaEditor (628)
[2019.10.21-09.53.13:044][414]LogModuleManager: Shutting down and abandoning module WebMMedia (626)
[2019.10.21-09.53.13:044][414]LogModuleManager: Shutting down and abandoning module MediaPlayerEditor (624)
[2019.10.21-09.53.13:069][414]LogModuleManager: Shutting down and abandoning module MediaCompositingEditor (622)
[2019.10.21-09.53.13:102][414]LogModuleManager: Shutting down and abandoning module SequenceRecorder (621)
[2019.10.21-09.53.13:103][414]LogModuleManager: Shutting down and abandoning module OpenExrWrapper (618)
[2019.10.21-09.53.13:103][414]LogModuleManager: Shutting down and abandoning module ImgMediaFactory (616)
[2019.10.21-09.53.13:104][414]LogModuleManager: Shutting down and abandoning module ImgMediaEditor (614)
[2019.10.21-09.53.13:104][414]LogModuleManager: Shutting down and abandoning module AvfMediaFactory (612)
[2019.10.21-09.53.13:104][414]LogModuleManager: Shutting down and abandoning module AvfMediaEditor (610)
[2019.10.21-09.53.13:104][414]LogModuleManager: Shutting down and abandoning module AndroidMediaFactory (608)
[2019.10.21-09.53.13:104][414]LogModuleManager: Shutting down and abandoning module AndroidMediaEditor (606)
[2019.10.21-09.53.13:104][414]LogModuleManager: Shutting down and abandoning module MagicLeapCameraPreviewFactory (604)
[2019.10.21-09.53.13:104][414]LogModuleManager: Shutting down and abandoning module MagicLeapMediaCodecFactory (602)
[2019.10.21-09.53.13:104][414]LogModuleManager: Shutting down and abandoning module MagicLeapMediaFactory (600)
[2019.10.21-09.53.13:104][414]LogModuleManager: Shutting down and abandoning module MagicLeapMediaEditor (598)
[2019.10.21-09.53.13:105][414]LogModuleManager: Shutting down and abandoning module CharacterAI (596)
[2019.10.21-09.53.13:105][414]LogModuleManager: Shutting down and abandoning module SmartSnapping (594)
[2019.10.21-09.53.13:105][414]LogModuleManager: Shutting down and abandoning module SessionServices (592)
[2019.10.21-09.53.13:105][414]LogModuleManager: Shutting down and abandoning module MeshPaint (590)
[2019.10.21-09.53.13:106][414]LogModuleManager: Shutting down and abandoning module ViewportSnapping (588)
[2019.10.21-09.53.13:106][414]LogModuleManager: Shutting down and abandoning module ViewportInteraction (586)
[2019.10.21-09.53.13:106][414]LogModuleManager: Shutting down and abandoning module ClothPainter (584)
[2019.10.21-09.53.13:114][414]LogModuleManager: Shutting down and abandoning module SkeletalMeshEditor (583)
[2019.10.21-09.53.13:126][414]LogModuleManager: Shutting down and abandoning module LogVisualizer (580)
[2019.10.21-09.53.13:135][414]LogModuleManager: Shutting down and abandoning module IntroTutorials (578)
[2019.10.21-09.53.13:141][414]LogModuleManager: Shutting down and abandoning module GameProjectGeneration (577)
[2019.10.21-09.53.13:170][414]LogModuleManager: Shutting down and abandoning module LuminPlatformEditor (574)
[2019.10.21-09.53.13:170][414]LogModuleManager: Shutting down and abandoning module IOSPlatformEditor (572)
[2019.10.21-09.53.13:177][414]LogModuleManager: Shutting down and abandoning module HTML5PlatformEditor (570)
[2019.10.21-09.53.13:177][414]LogModuleManager: Shutting down and abandoning module AndroidPlatformEditor (568)
[2019.10.21-09.53.13:177][414]LogModuleManager: Shutting down and abandoning module AndroidDeviceDetection (567)
[2019.10.21-09.53.14:142][414]LogModuleManager: Shutting down and abandoning module WindowsPlatformEditor (564)
[2019.10.21-09.53.14:142][414]LogModuleManager: Shutting down and abandoning module LuminRuntimeSettings (562)
[2019.10.21-09.53.14:143][414]LogModuleManager: Shutting down and abandoning module IOSRuntimeSettings (560)
[2019.10.21-09.53.14:143][414]LogModuleManager: Shutting down and abandoning module AndroidRuntimeSettings (558)
[2019.10.21-09.53.14:143][414]LogModuleManager: Shutting down and abandoning module TimeManagementEditor (556)
[2019.10.21-09.53.14:143][414]LogModuleManager: Shutting down and abandoning module InputBindingEditor (554)
[2019.10.21-09.53.14:143][414]LogModuleManager: Shutting down and abandoning module MergeActors (552)
[2019.10.21-09.53.14:159][414]LogModuleManager: Shutting down and abandoning module LocalizationDashboard (550)
[2019.10.21-09.53.14:168][414]LogModuleManager: Shutting down and abandoning module LocalizationService (549)
[2019.10.21-09.53.14:179][414]LogModuleManager: Shutting down and abandoning module HardwareTargeting (546)
[2019.10.21-09.53.14:179][414]LogModuleManager: Shutting down and abandoning module DeviceProfileEditor (544)
[2019.10.21-09.53.14:179][414]LogModuleManager: Shutting down and abandoning module UndoHistory (542)
[2019.10.21-09.53.14:185][414]LogModuleManager: Shutting down and abandoning module XmlParser (540)
[2019.10.21-09.53.14:185][414]LogModuleManager: Shutting down and abandoning module Blutility (538)
[2019.10.21-09.53.14:185][414]LogModuleManager: Shutting down and abandoning module ProjectSettingsViewer (536)
[2019.10.21-09.53.14:185][414]LogModuleManager: Shutting down and abandoning module ProjectTargetPlatformEditor (535)
[2019.10.21-09.53.14:185][414]LogModuleManager: Shutting down and abandoning module EditorSettingsViewer (532)
[2019.10.21-09.53.14:185][414]LogModuleManager: Shutting down and abandoning module SettingsEditor (530)
[2019.10.21-09.53.14:194][414]LogModuleManager: Shutting down and abandoning module ProjectLauncher (528)
[2019.10.21-09.53.14:201][414]LogModuleManager: Shutting down and abandoning module SessionFrontend (526)
[2019.10.21-09.53.14:201][414]LogModuleManager: Shutting down and abandoning module ProfilerClient (524)
[2019.10.21-09.53.14:204][414]LogModuleManager: Shutting down and abandoning module DeviceManager (522)
[2019.10.21-09.53.14:204][414]LogModuleManager: Shutting down and abandoning module TargetDeviceServices (521)
[2019.10.21-09.53.14:253][414]LogModuleManager: Shutting down and abandoning module AutomationController (518)
[2019.10.21-09.53.14:288][414]LogModuleManager: Shutting down and abandoning module AutomationWindow (516)
[2019.10.21-09.53.14:295][414]LogModuleManager: Shutting down and abandoning module Layers (514)
[2019.10.21-09.53.14:300][414]LogModuleManager: Shutting down and abandoning module ComponentVisualizers (512)
[2019.10.21-09.53.14:300][414]LogModuleManager: Shutting down and abandoning module DetailCustomizations (510)
[2019.10.21-09.53.14:300][414]LogModuleManager: Shutting down and abandoning module PackagesDialog (508)
[2019.10.21-09.53.14:300][414]LogModuleManager: Shutting down and abandoning module AnimationBlueprintEditor (506)
[2019.10.21-09.53.14:311][414]LogModuleManager: Shutting down and abandoning module Persona (504)
[2019.10.21-09.53.14:321][414]LogModuleManager: Shutting down and abandoning module AdvancedPreviewScene (503)
[2019.10.21-09.53.14:321][414]LogModuleManager: Shutting down and abandoning module AnimGraph (501)
[2019.10.21-09.53.14:321][414]LogModuleManager: Shutting down and abandoning module Kismet (498)
[2019.10.21-09.53.14:323][414]LogModuleManager: Shutting down and abandoning module KismetWidgets (497)
[2019.10.21-09.53.14:325][414]LogModuleManager: Shutting down and abandoning module GraphEditor (494)
[2019.10.21-09.53.14:325][414]LogModuleManager: Shutting down and abandoning module StructViewer (492)
[2019.10.21-09.53.14:325][414]LogModuleManager: Shutting down and abandoning module ClassViewer (490)
[2019.10.21-09.53.14:325][414]LogModuleManager: Shutting down and abandoning module Toolbox (488)
[2019.10.21-09.53.14:325][414]LogModuleManager: Shutting down and abandoning module ModuleUI (486)
[2019.10.21-09.53.14:329][414]LogModuleManager: Shutting down and abandoning module MovieSceneTools (484)
[2019.10.21-09.53.14:332][414]LogModuleManager: Shutting down and abandoning module OutputLog (482)
[2019.10.21-09.53.14:332][414]LogModuleManager: Shutting down and abandoning module GammaUI (480)
[2019.10.21-09.53.14:338][414]LogModuleManager: Shutting down and abandoning module Documentation (478)
[2019.10.21-09.53.14:339][414]LogModuleManager: Shutting down and abandoning module LiveCoding (476)
[2019.10.21-09.53.14:339][414]LogModuleManager: Shutting down and abandoning module LevelSequence (474)
[2019.10.21-09.53.14:339][414]LogModuleManager: Shutting down and abandoning module MovieSceneTracks (472)
[2019.10.21-09.53.14:339][414]LogModuleManager: Shutting down and abandoning module MovieScene (470)
[2019.10.21-09.53.14:339][414]LogModuleManager: Shutting down and abandoning module StreamingPauseRendering (468)
[2019.10.21-09.53.14:339][414]LogModuleManager: Shutting down and abandoning module LauncherPlatform (466)
[2019.10.21-09.53.14:339][414]LogModuleManager: Shutting down and abandoning module AnalyticsET (464)
[2019.10.21-09.53.14:339][414]LogModuleManager: Shutting down and abandoning module PortalServices (462)
[2019.10.21-09.53.14:339][414]LogModuleManager: Shutting down and abandoning module PortalRpc (460)
[2019.10.21-09.53.14:339][414]LogModuleManager: Shutting down and abandoning module MessagingRpc (458)
[2019.10.21-09.53.14:339][414]LogModuleManager: Shutting down and abandoning module AIModule (456)
[2019.10.21-09.53.14:339][414]LogModuleManager: Shutting down and abandoning module GameplayDebugger (455)
[2019.10.21-09.53.14:339][414]LogModuleManager: Shutting down and abandoning module AITestSuite (453)
[2019.10.21-09.53.14:339][414]LogModuleManager: Shutting down and abandoning module NavigationSystem (451)
[2019.10.21-09.53.14:339][414]LogModuleManager: Shutting down and abandoning module DesktopPlatform (448)
[2019.10.21-09.53.14:339][414]LogModuleManager: Shutting down and abandoning module ImageWriteQueue (446)
[2019.10.21-09.53.14:343][414]LogModuleManager: Shutting down and abandoning module ProfilerService (444)
[2019.10.21-09.53.14:496][414]LogModuleManager: Shutting down and abandoning module TaskGraph (442)
[2019.10.21-09.53.14:518][414]LogModuleManager: Shutting down and abandoning module ScreenshotTools (440)
[2019.10.21-09.53.14:518][414]LogModuleManager: Shutting down and abandoning module SteamVRController (438)
[2019.10.21-09.53.14:518][414]LogModuleManager: Shutting down and abandoning module ProceduralMeshComponentEditor (436)
[2019.10.21-09.53.14:518][414]LogModuleManager: Shutting down and abandoning module ProceduralMeshComponent (434)
[2019.10.21-09.53.14:525][414]LogModuleManager: Shutting down and abandoning module OculusEditor (432)
[2019.10.21-09.53.14:525][414]LogModuleManager: Shutting down and abandoning module OculusInput (430)
[2019.10.21-09.53.14:525][414]LogModuleManager: Shutting down and abandoning module MobilePatchingUtils (428)
[2019.10.21-09.53.14:525][414]LogModuleManager: Shutting down and abandoning module EditableMesh (426)
[2019.10.21-09.53.14:529][414]LogModuleManager: Shutting down and abandoning module CustomMeshComponent (424)
[2019.10.21-09.53.14:529][414]LogModuleManager: Shutting down and abandoning module CableComponent (422)
[2019.10.21-09.53.14:529][414]LogModuleManager: Shutting down and abandoning module AudioCapture (420)
[2019.10.21-09.53.14:529][414]LogModuleManager: Shutting down and abandoning module ArchVisCharacter (418)
[2019.10.21-09.53.14:529][414]LogModuleManager: Shutting down and abandoning module AppleImageUtilsBlueprintSupport (416)
[2019.10.21-09.53.14:529][414]LogModuleManager: Shutting down and abandoning module AppleImageUtils (414)
[2019.10.21-09.53.14:529][414]LogModuleManager: Shutting down and abandoning module AndroidPermission (412)
[2019.10.21-09.53.14:529][414]LogModuleManager: Shutting down and abandoning module VivoxVoiceChat (410)
[2019.10.21-09.53.14:530][414]LogModuleManager: Shutting down and abandoning module NUTUnrealEngine4 (408)
[2019.10.21-09.53.14:533][414]LogModuleManager: Shutting down and abandoning module NetcodeUnitTest (406)
[2019.10.21-09.53.14:533][414]LogModuleManager: Shutting down and abandoning module MediaCompositing (404)
[2019.10.21-09.53.14:533][414]LogModuleManager: Shutting down and abandoning module ImgMedia (402)
[2019.10.21-09.53.14:533][414]LogModuleManager: Shutting down and abandoning module MagicLeapHelperVulkan (400)
[2019.10.21-09.53.14:533][414]LogModuleManager: Shutting down and abandoning module MagicLeapHelperOpenGL (398)
[2019.10.21-09.53.14:533][414]LogModuleManager: Shutting down and abandoning module MagicLeapAudio (396)
[2019.10.21-09.53.14:533][414]LogModuleManager: Shutting down and abandoning module NiagaraEditorWidgets (394)
[2019.10.21-09.53.14:544][414]LogModuleManager: Shutting down and abandoning module HTML5Networking (392)
[2019.10.21-09.53.14:544][414]LogModuleManager: Shutting down and abandoning module GeometryCacheTracks (390)
[2019.10.21-09.53.14:544][414]LogModuleManager: Shutting down and abandoning module GeometryCacheSequencer (388)
[2019.10.21-09.53.14:544][414]LogModuleManager: Shutting down and abandoning module BackChannel (386)
[2019.10.21-09.53.14:544][414]LogModuleManager: Shutting down and abandoning module AutomationUtilsEditor (384)
[2019.10.21-09.53.14:544][414]LogModuleManager: Shutting down and abandoning module AutomationUtils (382)
[2019.10.21-09.53.14:551][414]LogModuleManager: Shutting down and abandoning module AlembicImporter (380)
[2019.10.21-09.53.14:556][414]LogModuleManager: Shutting down and abandoning module AlembicLibrary (379)
[2019.10.21-09.53.14:556][414]LogModuleManager: Shutting down and abandoning module GeometryCache (378)
[2019.10.21-09.53.14:556][414]LogModuleManager: Shutting down and abandoning module GeometryCacheEd (377)
[2019.10.21-09.53.14:556][414]LogModuleManager: Shutting down and abandoning module VariantManagerContent (372)
[2019.10.21-09.53.14:556][414]LogModuleManager: Shutting down and abandoning module DatasmithContentEditor (370)
[2019.10.21-09.53.14:556][414]LogModuleManager: Shutting down and abandoning module SpeedTreeImporter (368)
[2019.10.21-09.53.14:556][414]LogModuleManager: Shutting down and abandoning module PluginBrowser (366)
[2019.10.21-09.53.14:556][414]LogModuleManager: Shutting down and abandoning module MobileLauncherProfileWizard (364)
[2019.10.21-09.53.14:566][414]LogModuleManager: Shutting down and abandoning module MaterialAnalyzer (362)
[2019.10.21-09.53.14:566][414]LogModuleManager: Shutting down and abandoning module CurveEditorTools (360)
[2019.10.21-09.53.14:573][414]LogModuleManager: Shutting down and abandoning module CurveEditor (359)
[2019.10.21-09.53.14:595][414]LogModuleManager: Shutting down and abandoning module CryptoKeysOpenSSL (356)
[2019.10.21-09.53.14:595][414]LogModuleManager: Shutting down and abandoning module CryptoKeys (354)
[2019.10.21-09.53.14:595][414]LogModuleManager: Shutting down and abandoning module VisualStudioSourceCodeAccess (352)
[2019.10.21-09.53.14:595][414]LogModuleManager: Shutting down and abandoning module VisualStudioCodeSourceCodeAccess (350)
[2019.10.21-09.53.14:595][414]LogModuleManager: Shutting down and abandoning module UObjectPlugin (348)
[2019.10.21-09.53.14:595][414]LogModuleManager: Shutting down and abandoning module SubversionSourceControl (346)
[2019.10.21-09.53.14:608][414]LogModuleManager: Shutting down and abandoning module PerforceSourceControl (344)
[2019.10.21-09.53.14:613][414]LogModuleManager: Shutting down and abandoning module GitSourceControl (342)
[2019.10.21-09.53.14:621][414]LogModuleManager: Shutting down and abandoning module SourceControl (341)
[2019.10.21-09.53.14:621][414]LogModuleManager: Shutting down and abandoning module CLionSourceCodeAccess (338)
[2019.10.21-09.53.14:621][414]LogModuleManager: Shutting down and abandoning module AnimationSharingEd (336)
[2019.10.21-09.53.14:621][414]LogModuleManager: Shutting down and abandoning module ActorLayerUtilitiesEditor (334)
[2019.10.21-09.53.14:621][414]LogModuleManager: Shutting down and abandoning module ActorLayerUtilities (332)
[2019.10.21-09.53.14:621][414]LogModuleManager: Shutting down and abandoning module LightPropagationVolumeEditor (330)
[2019.10.21-09.53.14:621][414]LogModuleManager: Shutting down and abandoning module PaperTiledImporter (328)
[2019.10.21-09.53.14:621][414]LogModuleManager: Shutting down and abandoning module PaperSpriteSheetImporter (326)
[2019.10.21-09.53.14:621][414]LogModuleManager: Shutting down and abandoning module Paper2DEditor (324)
[2019.10.21-09.53.14:625][414]LogModuleManager: Shutting down and abandoning module SignificanceManager (322)
[2019.10.21-09.53.14:625][414]LogModuleManager: Shutting down and abandoning module RuntimePhysXCooking (320)
[2019.10.21-09.53.14:625][414]LogModuleManager: Shutting down and abandoning module PhysXVehiclesEditor (318)
[2019.10.21-09.53.14:625][414]LogModuleManager: Shutting down and abandoning module LocationServicesBPLibrary (314)
[2019.10.21-09.53.14:625][414]LogModuleManager: Shutting down and abandoning module ActorSequence (312)
[2019.10.21-09.53.14:625][414]LogModuleManager: Shutting down and abandoning module UdpMessaging (310)
[2019.10.21-09.53.14:726][414]LogModuleManager: Shutting down and abandoning module TcpMessaging (308)
[2019.10.21-09.53.14:827][414]LogModuleManager: Shutting down and abandoning module MagicLeapIdentity (306)
[2019.10.21-09.53.14:827][414]LogModuleManager: Shutting down and abandoning module MagicLeapSecureStorage (304)
[2019.10.21-09.53.14:827][414]LogModuleManager: Shutting down and abandoning module MagicLeapHandTracking (302)
[2019.10.21-09.53.14:827][414]LogModuleManager: Shutting down and abandoning module MagicLeapEyeTracker (300)
[2019.10.21-09.53.14:827][414]LogModuleManager: Shutting down and abandoning module MagicLeapController (298)
[2019.10.21-09.53.14:827][414]LogSlate: Slate User Destroyed.  User Index 0, Is Virtual User: 0
[2019.10.21-09.53.14:827][414]LogModuleManager: Shutting down and abandoning module MagicLeapAR (296)
[2019.10.21-09.53.14:827][414]LogModuleManager: Shutting down and abandoning module AugmentedReality (295)
[2019.10.21-09.53.14:827][414]LogModuleManager: Shutting down and abandoning module NiagaraEditor (292)
[2019.10.21-09.53.14:842][414]LogModuleManager: Shutting down and abandoning module NiagaraAnimNotifies (290)
[2019.10.21-09.53.14:842][414]LogModuleManager: Shutting down and abandoning module Niagara (288)
[2019.10.21-09.53.14:852][414]LogModuleManager: Shutting down and abandoning module NiagaraCore (286)
[2019.10.21-09.53.14:852][414]LogModuleManager: Shutting down and abandoning module GameplayTagsEditor (284)
[2019.10.21-09.53.14:862][414]LogModuleManager: Shutting down and abandoning module FacialAnimationEditor (282)
[2019.10.21-09.53.14:862][414]LogModuleManager: Shutting down and abandoning module FacialAnimation (280)
[2019.10.21-09.53.14:862][414]LogModuleManager: Shutting down and abandoning module DataValidation (278)
[2019.10.21-09.53.14:862][414]LogModuleManager: Shutting down and abandoning module AssetManagerEditor (276)
[2019.10.21-09.53.14:869][414]LogModuleManager: Shutting down and abandoning module LevelEditor (275)
[2019.10.21-09.53.14:870][414]LogModuleManager: Shutting down and abandoning module PixelInspectorModule (274)
[2019.10.21-09.53.14:870][414]LogModuleManager: Shutting down and abandoning module CommonMenuExtensions (272)
[2019.10.21-09.53.14:870][414]LogModuleManager: Shutting down and abandoning module MainFrame (270)
[2019.10.21-09.53.14:870][414]LogModuleManager: Shutting down and abandoning module HotReload (269)
[2019.10.21-09.53.14:870][414]LogModuleManager: Shutting down and abandoning module ContentBrowser (265)
[2019.10.21-09.53.14:871][414]LogModuleManager: Shutting down and abandoning module TreeMap (263)
[2019.10.21-09.53.14:871][414]LogModuleManager: Shutting down and abandoning module AnimationSharing (260)
[2019.10.21-09.53.14:871][414]LogModuleManager: Shutting down and abandoning module LightPropagationVolumeRuntime (258)
[2019.10.21-09.53.14:871][414]LogModuleManager: Shutting down and abandoning module Paper2D (256)
[2019.10.21-09.53.14:871][414]LogModuleManager: Shutting down and abandoning module WindowsMoviePlayer (254)
[2019.10.21-09.53.14:876][414]LogModuleManager: Shutting down and abandoning module WebMMoviePlayer (252)
[2019.10.21-09.53.14:876][414]LogModuleManager: Shutting down and abandoning module NetworkReplayStreaming (250)
[2019.10.21-09.53.14:876][414]LogModuleManager: Shutting down and abandoning module PacketHandler (248)
[2019.10.21-09.53.14:876][414]LogModuleManager: Shutting down and abandoning module ClothingSystemEditor (246)
[2019.10.21-09.53.14:876][414]LogModuleManager: Shutting down and abandoning module ClothingSystemRuntime (244)
[2019.10.21-09.53.14:882][414]LogModuleManager: Shutting down and abandoning module MediaAssets (242)
[2019.10.21-09.53.14:882][414]LogModuleManager: Shutting down and abandoning module Overlay (240)
[2019.10.21-09.53.14:882][414]LogModuleManager: Shutting down and abandoning module OverlayEditor (239)
[2019.10.21-09.53.14:883][414]LogModuleManager: Shutting down and abandoning module VREditor (236)
[2019.10.21-09.53.14:894][414]LogModuleManager: Shutting down and abandoning module StringTableEditor (234)
[2019.10.21-09.53.14:900][414]LogModuleManager: Shutting down and abandoning module GameplayTasksEditor (232)
[2019.10.21-09.53.14:900][414]LogModuleManager: Shutting down and abandoning module BehaviorTreeEditor (230)
[2019.10.21-09.53.14:909][414]LogModuleManager: Shutting down and abandoning module FunctionalTesting (228)
[2019.10.21-09.53.14:909][414]LogModuleManager: Shutting down and abandoning module CollisionAnalyzer (226)
[2019.10.21-09.53.14:909][414]LogModuleManager: Shutting down and abandoning module WorkspaceMenuStructure (225)
[2019.10.21-09.53.14:909][414]LogModuleManager: Shutting down and abandoning module UMG (222)
[2019.10.21-09.53.14:909][414]LogModuleManager: Shutting down and abandoning module UMGEditor (221)
[2019.10.21-09.53.14:909][414]LogModuleManager: Shutting down and abandoning module Sequencer (220)
[2019.10.21-09.53.14:926][414]LogModuleManager: Shutting down and abandoning module MessageLog (217)
[2019.10.21-09.53.14:926][414]LogModuleManager: Shutting down and abandoning module SlateReflector (212)
[2019.10.21-09.53.14:935][414]LogModuleManager: Shutting down and abandoning module Slate (210)
[2019.10.21-09.53.14:936][414]LogModuleManager: Shutting down and abandoning module LandscapeEditorUtilities (208)
[2019.10.21-09.53.14:936][414]LogModuleManager: Shutting down and abandoning module EditorStyle (206)
[2019.10.21-09.53.14:936][414]LogModuleManager: Shutting down and abandoning module UnrealEd (204)
[2019.10.21-09.53.14:936][414]LogModuleManager: Shutting down and abandoning module MRMesh (202)
[2019.10.21-09.53.14:936][414]LogModuleManager: Shutting down and abandoning module SourceCodeAccess (200)
[2019.10.21-09.53.14:936][414]LogModuleManager: Shutting down and abandoning module HeadMountedDisplay (198)
[2019.10.21-09.53.14:936][414]LogModuleManager: Shutting down and abandoning module XAudio2 (196)
[2019.10.21-09.53.14:937][414]LogModuleManager: Shutting down and abandoning module Networking (194)
[2019.10.21-09.53.14:937][414]LogModuleManager: Shutting down and abandoning module Core (192)
[2019.10.21-09.53.14:937][414]LogModuleManager: Shutting down and abandoning module KismetCompiler (190)
[2019.10.21-09.53.14:937][414]LogModuleManager: Shutting down and abandoning module MeshUtilities (188)
[2019.10.21-09.53.14:937][414]LogModuleManager: Shutting down and abandoning module MeshMergeUtilities (187)
[2019.10.21-09.53.14:940][414]LogModuleManager: Shutting down and abandoning module MeshReductionInterface (186)
[2019.10.21-09.53.14:940][414]LogModuleManager: Shutting down and abandoning module SkeletalMeshReduction (185)
[2019.10.21-09.53.14:945][414]LogModuleManager: Shutting down and abandoning module ProxyLODMeshReduction (183)
[2019.10.21-09.53.14:979][414]LogModuleManager: Shutting down and abandoning module QuadricMeshReduction (181)
[2019.10.21-09.53.14:979][414]LogModuleManager: Shutting down and abandoning module MaterialBaking (177)
[2019.10.21-09.53.15:006][414]LogModuleManager: Shutting down and abandoning module NullInstallBundleManager (172)
[2019.10.21-09.53.15:006][414]LogModuleManager: Shutting down and abandoning module DerivedDataCache (170)
[2019.10.21-09.53.15:044][414]LogDerivedDataCache: Shutdown
[2019.10.21-09.53.15:044][414]LogModuleManager: Shutting down and abandoning module XGEController (168)
[2019.10.21-09.53.15:044][414]LogXGEController: Cleaning working directory: C:/Users/Connor Minns/AppData/Local/Temp/UnrealXGEWorkingDir/
[2019.10.21-09.53.15:045][414]LogModuleManager: Shutting down and abandoning module TargetPlatform (166)
[2019.10.21-09.53.15:045][414]LogModuleManager: Shutting down and abandoning module VulkanShaderFormat (165)
[2019.10.21-09.53.15:053][414]LogModuleManager: Shutting down and abandoning module ShaderFormatVectorVM (163)
[2019.10.21-09.53.15:053][414]LogModuleManager: Shutting down and abandoning module ShaderFormatOpenGL (161)
[2019.10.21-09.53.15:061][414]LogModuleManager: Shutting down and abandoning module ShaderFormatD3D (159)
[2019.10.21-09.53.15:061][414]LogModuleManager: Shutting down and abandoning module MetalShaderFormat (157)
[2019.10.21-09.53.15:070][414]LogModuleManager: Shutting down and abandoning module TextureFormatUncompressed (155)
[2019.10.21-09.53.15:070][414]LogModuleManager: Shutting down and abandoning module TextureFormatPVR (153)
[2019.10.21-09.53.15:070][414]LogModuleManager: Shutting down and abandoning module TextureFormatDXT (151)
[2019.10.21-09.53.15:070][414]LogModuleManager: Shutting down and abandoning module TextureFormatIntelISPCTexComp (149)
[2019.10.21-09.53.15:070][414]LogModuleManager: Shutting down and abandoning module TextureFormatASTC (147)
[2019.10.21-09.53.15:070][414]LogModuleManager: Shutting down and abandoning module ImageWrapper (146)
[2019.10.21-09.53.15:070][414]LogModuleManager: Shutting down and abandoning module TextureFormatAndroid (143)
[2019.10.21-09.53.15:070][414]LogModuleManager: Shutting down and abandoning module AudioFormatOpus (141)
[2019.10.21-09.53.15:070][414]LogModuleManager: Shutting down and abandoning module AudioFormatOgg (139)
[2019.10.21-09.53.15:070][414]LogModuleManager: Shutting down and abandoning module AudioFormatADPCM (137)
[2019.10.21-09.53.15:070][414]LogModuleManager: Shutting down and abandoning module LuminTargetPlatform (135)
[2019.10.21-09.53.15:071][414]LogModuleManager: Shutting down and abandoning module LinuxTargetPlatform (133)
[2019.10.21-09.53.15:071][414]LogModuleManager: Shutting down and abandoning module LinuxServerTargetPlatform (131)
[2019.10.21-09.53.15:071][414]LogModuleManager: Shutting down and abandoning module LinuxNoEditorTargetPlatform (129)
[2019.10.21-09.53.15:071][414]LogModuleManager: Shutting down and abandoning module LinuxClientTargetPlatform (127)
[2019.10.21-09.53.15:071][414]LogModuleManager: Shutting down and abandoning module TVOSTargetPlatform (125)
[2019.10.21-09.53.15:073][414]LogModuleManager: Shutting down and abandoning module Messaging (123)
[2019.10.21-09.53.15:073][414]LogModuleManager: Shutting down and abandoning module IOSTargetPlatform (121)
[2019.10.21-09.53.15:073][414]LogModuleManager: Shutting down and abandoning module HTML5TargetPlatform (119)
[2019.10.21-09.53.15:073][414]LogModuleManager: Shutting down and abandoning module AndroidTargetPlatform (117)
[2019.10.21-09.53.15:079][414]LogModuleManager: Shutting down and abandoning module WindowsTargetPlatform (115)
[2019.10.21-09.53.15:079][414]LogModuleManager: Shutting down and abandoning module WindowsServerTargetPlatform (113)
[2019.10.21-09.53.15:079][414]LogModuleManager: Shutting down and abandoning module WindowsNoEditorTargetPlatform (111)
[2019.10.21-09.53.15:079][414]LogModuleManager: Shutting down and abandoning module WindowsClientTargetPlatform (109)
[2019.10.21-09.53.15:079][414]LogModuleManager: Shutting down and abandoning module MacTargetPlatform (107)
[2019.10.21-09.53.15:079][414]LogModuleManager: Shutting down and abandoning module MacServerTargetPlatform (105)
[2019.10.21-09.53.15:079][414]LogModuleManager: Shutting down and abandoning module MacNoEditorTargetPlatform (103)
[2019.10.21-09.53.15:079][414]LogModuleManager: Shutting down and abandoning module MacClientTargetPlatform (101)
[2019.10.21-09.53.15:079][414]LogModuleManager: Shutting down and abandoning module AllDesktopTargetPlatform (99)
[2019.10.21-09.53.15:079][414]LogModuleManager: Shutting down and abandoning module InputCore (96)
[2019.10.21-09.53.15:079][414]LogModuleManager: Shutting down and abandoning module Settings (94)
[2019.10.21-09.53.15:079][414]LogModuleManager: Shutting down and abandoning module DirectoryWatcher (92)
[2019.10.21-09.53.15:079][414]LogModuleManager: Shutting down and abandoning module PhysXCooking (90)
[2019.10.21-09.53.15:079][414]LogModuleManager: Shutting down and abandoning module WindowsPlatformFeatures (88)
[2019.10.21-09.53.15:079][414]LogModuleManager: Shutting down and abandoning module GameplayMediaEncoder (87)
[2019.10.21-09.53.15:079][414]LogModuleManager: Shutting down and abandoning module SteamVR (84)
[2019.10.21-09.53.15:079][414]LogHMD: Freeing OpenVRDLLHandle.
[2019.10.21-09.53.15:079][414]LogModuleManager: Shutting down and abandoning module OculusHMD (82)
[2019.10.21-09.53.15:079][414]LogModuleManager: Shutting down and abandoning module ExampleDeviceProfileSelector (80)
[2019.10.21-09.53.15:079][414]LogModuleManager: Shutting down and abandoning module LauncherChunkInstaller (78)
[2019.10.21-09.53.15:079][414]LogModuleManager: Shutting down and abandoning module OnlineBlueprintSupport (76)
[2019.10.21-09.53.15:079][414]LogModuleManager: Shutting down and abandoning module OnlineSubsystem (72)
[2019.10.21-09.53.15:080][414]LogModuleManager: Shutting down and abandoning module XMPP (65)
[2019.10.21-09.53.15:089][414]LogModuleManager: Shutting down and abandoning module WebSockets (64)
[2019.10.21-09.53.15:133][414]LogModuleManager: Shutting down and abandoning module HTTP (61)
[2019.10.21-09.53.15:133][414]LogHttp: Display: Http module shutting down, but needs to wait on 1 outstanding Http requests:
[2019.10.21-09.53.15:133][414]LogHttp: Display: 	verb=[POST] url=[https://datarouter.ol.epicgames.com/datarouter/api/v1/public/data?SessionID=%7B000D330A-431D-93CD-87E8-A6975BE58695%7D&AppID=UEEditor.Rocket.Release&AppVersion=4.23.0-8386587%2B%2B%2BUE4%2BRelease-4.23&UserID=2ed1816043f3db6229a1c2bc582bff7b%7C05b6f62ef8de4ce6b62667813776a395%7Ce06b2d3a-3da5-49be-9d6f-56abb870beaf&AppEnvironment=datacollector-binary&UploadType=eteventstream] status=Processing
[2019.10.21-09.53.15:133][414]LogModuleManager: Shutting down and abandoning module SSL (60)
[2019.10.21-09.53.15:135][414]LogModuleManager: Shutting down and abandoning module WmfMedia (56)
[2019.10.21-09.53.15:148][414]LogModuleManager: Shutting down and abandoning module Media (55)
[2019.10.21-09.53.15:149][414]LogModuleManager: Shutting down and abandoning module MagicLeap (52)
[2019.10.21-09.53.15:149][414]LogModuleManager: Shutting down and abandoning module NiagaraVertexFactories (50)
[2019.10.21-09.53.15:149][414]LogModuleManager: Shutting down and abandoning module NiagaraShader (48)
[2019.10.21-09.53.15:149][414]LogModuleManager: Shutting down and abandoning module DatasmithContent (46)
[2019.10.21-09.53.15:149][414]LogModuleManager: Shutting down and abandoning module AISupportModule (44)
[2019.10.21-09.53.15:149][414]LogModuleManager: Shutting down and abandoning module PlatformCryptoOpenSSL (42)
[2019.10.21-09.53.15:149][414]LogModuleManager: Shutting down and abandoning module PlatformCrypto (40)
[2019.10.21-09.53.15:149][414]LogModuleManager: Shutting down and abandoning module AnimationModifiers (38)
[2019.10.21-09.53.15:155][414]LogModuleManager: Shutting down and abandoning module PropertyEditor (37)
[2019.10.21-09.53.15:155][414]LogModuleManager: Shutting down and abandoning module AudioEditor (34)
[2019.10.21-09.53.15:162][414]LogModuleManager: Shutting down and abandoning module TextureCompressor (32)
[2019.10.21-09.53.15:162][414]LogModuleManager: Shutting down and abandoning module RenderCore (30)
[2019.10.21-09.53.15:162][414]LogModuleManager: Shutting down and abandoning module Landscape (28)
[2019.10.21-09.53.15:162][414]LogModuleManager: Shutting down and abandoning module SlateRHIRenderer (26)
[2019.10.21-09.53.15:169][414]LogModuleManager: Shutting down and abandoning module OpenGLDrv (24)
[2019.10.21-09.53.15:174][414]LogModuleManager: Shutting down and abandoning module D3D11RHI (22)
[2019.10.21-09.53.15:174][414]LogModuleManager: Shutting down and abandoning module AnimGraphRuntime (20)
[2019.10.21-09.53.15:174][414]LogModuleManager: Shutting down and abandoning module Renderer (18)
[2019.10.21-09.53.15:174][414]LogModuleManager: Shutting down and abandoning module Engine (16)
[2019.10.21-09.53.15:174][414]LogModuleManager: Shutting down and abandoning module CoreUObject (14)
[2019.10.21-09.53.15:174][414]LogModuleManager: Shutting down and abandoning module NetworkFile (12)
[2019.10.21-09.53.15:182][414]LogModuleManager: Shutting down and abandoning module CookedIterativeFile (10)
[2019.10.21-09.53.15:182][414]LogModuleManager: Shutting down and abandoning module StreamingFile (8)
[2019.10.21-09.53.15:184][414]LogModuleManager: Shutting down and abandoning module SandboxFile (6)
[2019.10.21-09.53.15:184][414]LogModuleManager: Shutting down and abandoning module PakFile (4)
[2019.10.21-09.53.15:184][414]LogModuleManager: Shutting down and abandoning module RSA (3)
[2019.10.21-09.53.15:189][414]LogD3D11RHI: Shutdown
[2019.10.21-09.53.15:228][414]LogD3D11RHI: CleanupD3DDevice
[2019.10.21-09.53.15:238][414]LogRendererCore: FGlobalDynamicReadBuffer::Cleanup()
[2019.10.21-09.53.15:239][414]LogRendererCore: FGlobalDynamicReadBuffer::Cleanup()
[2019.10.21-09.53.15:239][414]LogRendererCore: FGlobalDynamicReadBuffer::Cleanup()
[2019.10.21-09.53.15:243][414]LogD3D11RHI: ~FD3D11DynamicRHI
[2019.10.21-09.53.15:254][414]LogExit: Exiting.
[2019.10.21-09.53.15:266][414]Log file closed, 10/21/19 10:53:15
